Log file open, 10/05/17 13:05:17
LogWindows: LoadLibraryWithSearchPaths failed for file aqProf.dll. GetLastError=0
LogWindows: LoadLibraryWithSearchPaths failed for file VtuneApi.dll. GetLastError=0
LogWindows: LoadLibraryWithSearchPaths failed for file VtuneApi32e.dll. GetLastError=0
LogInit: Display: Running engine for game: Matter
LogPlatformFile: Not using cached read wrapper
LogInit: Display: RandInit(1149840285) SRandInit(1149840285).
LogTaskGraph: Started task graph with 5 named threads and 8 total threads with 3 sets of task threads.
LogStats: Stats thread started at 0.181078
LogD3D11RHI: Aftermath initialized
LogPluginManager: Mounting plugin Paper2D
LogPluginManager: Mounting plugin LightPropagationVolume
LogPluginManager: Mounting plugin CodeLiteSourceCodeAccess
LogPluginManager: Mounting plugin GitSourceControl
LogPluginManager: Mounting plugin KDevelopSourceCodeAccess
LogPluginManager: Mounting plugin NullSourceCodeAccess
LogPluginManager: Mounting plugin PerforceSourceControl
LogPluginManager: Mounting plugin SubversionSourceControl
LogPluginManager: Mounting plugin UObjectPlugin
LogPluginManager: Mounting plugin VisualStudioSourceCodeAccess
LogPluginManager: Mounting plugin XCodeSourceCodeAccess
LogPluginManager: Mounting plugin AssetManagerEditor
LogPluginManager: Mounting plugin AudioCapture
LogPluginManager: Mounting plugin FacialAnimation
LogPluginManager: Mounting plugin GameplayTagsEditor
LogPluginManager: Mounting plugin MobileLauncherProfileWizard
LogPluginManager: Mounting plugin PluginBrowser
LogPluginManager: Mounting plugin SpeedTreeImporter
LogPluginManager: Mounting plugin AlembicImporter
LogPluginManager: Mounting plugin CharacterAI
LogPluginManager: Mounting plugin HTML5Networking
LogPluginManager: Mounting plugin AndroidMedia
LogPluginManager: Mounting plugin AvfMedia
LogPluginManager: Mounting plugin MediaPlayerEditor
LogPluginManager: Mounting plugin WmfMedia
LogPluginManager: Mounting plugin TcpMessaging
LogPluginManager: Mounting plugin UdpMessaging
LogPluginManager: Mounting plugin LevelSequenceEditor
LogPluginManager: Mounting plugin MatineeToLevelSequence
LogPluginManager: Mounting plugin OnlineSubsystemGooglePlay
LogPluginManager: Mounting plugin OnlineSubsystemIOS
LogPluginManager: Mounting plugin OnlineSubsystem
LogPluginManager: Mounting plugin OnlineSubsystemNull
LogPluginManager: Mounting plugin OnlineSubsystemUtils
LogPluginManager: Mounting plugin AndroidDeviceProfileSelector
LogPluginManager: Mounting plugin AndroidMoviePlayer
LogPluginManager: Mounting plugin AndroidPermission
LogPluginManager: Mounting plugin AppleMoviePlayer
LogPluginManager: Mounting plugin ArchVisCharacter
LogPluginManager: Mounting plugin CableComponent
LogPluginManager: Mounting plugin CustomMeshComponent
LogPluginManager: Mounting plugin ExampleDeviceProfileSelector
LogPluginManager: Mounting plugin GoogleCloudMessaging
LogPluginManager: Mounting plugin ImmediatePhysics
LogPluginManager: Mounting plugin IOSDeviceProfileSelector
LogPluginManager: Mounting plugin LinuxDeviceProfileSelector
LogPluginManager: Mounting plugin LocationServicesBPLibrary
LogPluginManager: Mounting plugin MobilePatchingUtils
LogPluginManager: Mounting plugin OculusVR
LogPluginManager: Mounting plugin PhysXVehicles
LogPluginManager: Mounting plugin ProceduralMeshComponent
LogPluginManager: Mounting plugin RuntimePhysXCooking
LogPluginManager: Mounting plugin SteamVR
LogPluginManager: Mounting plugin WindowsMoviePlayer
LogInit: Using libcurl 7.47.1
LogInit:  - built for x86_64-pc-win32
LogInit:  - supports SSL with OpenSSL/1.0.2g
LogInit:  - supports HTTP deflate (compression) using libz 1.2.8
LogInit:  - other features:
LogInit:      CURL_VERSION_SSL
LogInit:      CURL_VERSION_LIBZ
LogInit:      CURL_VERSION_IPV6
LogInit:      CURL_VERSION_ASYNCHDNS
LogInit:      CURL_VERSION_LARGEFILE
LogInit:      CURL_VERSION_IDN
LogInit:  CurlRequestOptions (configurable via config and command line):
LogInit:  - bVerifyPeer = false  - Libcurl will NOT verify peer certificate
LogInit:  - bUseHttpProxy = false  - Libcurl will NOT use HTTP proxy
LogInit:  - bDontReuseConnections = false  - Libcurl will reuse connections
LogInit:  - CertBundlePath = nullptr  - Libcurl will use whatever was configured at build time.
LogInit: Build: ++UE4+Release-4.17-CL-3586342
LogInit: Engine Version: 4.17.1-3586342+++UE4+Release-4.17
LogInit: Compatible Engine Version: 4.17.0-3573198+++UE4+Release-4.17
LogInit: Net CL: 3573198
LogDevObjectVersion: Number of dev versions registered: 16
LogDevObjectVersion:   Dev-Blueprints (B0D832E4-1F89-4F0D-ACCF-7EB736FD4AA2): 10
LogDevObjectVersion:   Dev-Build (E1C64328-A22C-4D53-A36C-8E866417BD8C): 0
LogDevObjectVersion:   Dev-Core (375EC13C-06E4-48FB-B500-84F0262A717E): 2
LogDevObjectVersion:   Dev-Editor (E4B068ED-F494-42E9-A231-DA0B2E46BB41): 20
LogDevObjectVersion:   Dev-Framework (CFFC743F-43B0-4480-9391-14DF171D2073): 28
LogDevObjectVersion:   Dev-Mobile (B02B49B5-BB20-44E9-A304-32B752E40360): 0
LogDevObjectVersion:   Dev-Networking (A4E4105C-59A1-49B5-A7C5-40C4547EDFEE): 0
LogDevObjectVersion:   Dev-Online (39C831C9-5AE6-47DC-9A44-9C173E1C8E7C): 0
LogDevObjectVersion:   Dev-Physics (78F01B33-EBEA-4F98-B9B4-84EACCB95AA2): 0
LogDevObjectVersion:   Dev-Platform (6631380F-2D4D-43E0-8009-CF276956A95A): 0
LogDevObjectVersion:   Dev-Rendering (12F88B9F-8875-4AFC-A67C-D90C383ABD29): 19
LogDevObjectVersion:   Dev-Sequencer (7B5AE74C-D270-4C10-A958-57980B212A5A): 4
LogDevObjectVersion:   Dev-VR (D7296918-1DD6-4BDD-9DE2-64A83CC13884): 0
LogDevObjectVersion:   Dev-LoadTimes (C2A15278-BFE7-4AFE-6C17-90FF531DF755): 1
LogDevObjectVersion:   Private-Geometry (6EACA3D4-40EC-4CC1-B786-8BED09428FC5): 1
LogDevObjectVersion:   Dev-AnimPhys (29E575DD-E0A3-4627-9D10-D276232CDCEA): 7
LogInit: Compiled (64-bit): Aug 15 2017 02:05:26
LogInit: Compiled with Visual C++: 19.00.24215.01
LogInit: Build Configuration: Development
LogInit: Branch Name: ++UE4+Release-4.17
LogInit: Command line: -EpicPortal 
LogInit: Base directory: D:/UnrealEngine/UE_4.17/Engine/Binaries/Win64/
LogInit: Installed Engine Build: 1
LogInit: Presizing for max 8388607 objects, including 0 objects not considered by GC, pre-allocating 0 bytes for permanent pool.
LogInit: Object subsystem initialized
[2017.10.05-17.05.20:007][  0]LogInit: Selected Device Profile: [Windows]
[2017.10.05-17.05.20:007][  0]LogInit: Applying CVar settings loaded from the selected device profile: [Windows]
[2017.10.05-17.05.20:074][  0]LogInit: Computer: DESKTOP-E54LDI7
[2017.10.05-17.05.20:074][  0]LogInit: User: mack2
[2017.10.05-17.05.20:074][  0]LogInit: CPU Page size=4096, Cores=2
[2017.10.05-17.05.20:074][  0]LogInit: High frequency timer resolution =2.825502 MHz
[2017.10.05-17.05.20:075][  0]LogMemory: Memory total: Physical=7.9GB (8GB approx)
[2017.10.05-17.05.20:075][  0]LogMemory: Platform Memory Stats for Windows
[2017.10.05-17.05.20:075][  0]LogMemory: Process Physical Memory: 277.39 MB used, 277.39 MB peak
[2017.10.05-17.05.20:075][  0]LogMemory: Process Virtual Memory: 275.73 MB used, 275.73 MB peak
[2017.10.05-17.05.20:075][  0]LogMemory: Physical Memory: 5658.56 MB used,  2450.80 MB free, 8109.36 MB total
[2017.10.05-17.05.20:075][  0]LogMemory: Virtual Memory: 666.99 MB used,  2450.80 MB free, 134217728.00 MB total
[2017.10.05-17.05.20:446][  0]LogInit: Using OS detected language (en-US).
[2017.10.05-17.05.20:446][  0]LogInit: Using OS detected locale (en-US).
[2017.10.05-17.05.20:583][  0]LogTextLocalizationManager: No specific localization for 'en-US' exists, so the 'en' localization will be used.
[2017.10.05-17.05.22:924][  0]LogD3D11RHI: D3D11 adapters:
[2017.10.05-17.05.24:040][  0]LogD3D11RHI:    0. 'NVIDIA GeForce GTX 950M' (Feature Level 11_0)
[2017.10.05-17.05.24:040][  0]LogD3D11RHI:       2019/0/4054 MB DedicatedVideo/DedicatedSystem/SharedSystem, Outputs:1, VendorId:0x10de
[2017.10.05-17.05.24:047][  0]LogD3D11RHI:    1. 'Intel(R) HD Graphics 4600' (Feature Level 11_0)
[2017.10.05-17.05.24:047][  0]LogD3D11RHI:       112/0/2048 MB DedicatedVideo/DedicatedSystem/SharedSystem, Outputs:0, VendorId:0x8086
[2017.10.05-17.05.24:049][  0]LogD3D11RHI:    2. 'Microsoft Basic Render Driver' (Feature Level 11_0)
[2017.10.05-17.05.24:049][  0]LogD3D11RHI:       0/0/4054 MB DedicatedVideo/DedicatedSystem/SharedSystem, Outputs:0, VendorId:0x1414
[2017.10.05-17.05.24:049][  0]LogD3D11RHI: Chosen D3D11 Adapter: 0
[2017.10.05-17.05.24:057][  0]LogD3D11RHI: Creating new Direct3DDevice
[2017.10.05-17.05.24:057][  0]LogD3D11RHI:     GPU DeviceId: 0x139a (for the marketing name, search the web for "GPU Device Id")
[2017.10.05-17.05.24:057][  0]LogWindows: EnumDisplayDevices:
[2017.10.05-17.05.24:058][  0]LogWindows:    0. 'Intel(R) HD Graphics 4600' (P:1 D:1)
[2017.10.05-17.05.24:058][  0]LogWindows:    1. 'Intel(R) HD Graphics 4600' (P:0 D:0)
[2017.10.05-17.05.24:058][  0]LogWindows:    2. 'Intel(R) HD Graphics 4600' (P:0 D:0)
[2017.10.05-17.05.24:058][  0]LogWindows: DebugString: PrimaryIsNotTheChoosenAdapter PrimaryIsNotTheChoosenAdapter PrimaryIsNotTheChoosenAdapter FoundDriverCount:0 
[2017.10.05-17.05.24:058][  0]LogD3D11RHI:     Adapter Name: NVIDIA GeForce GTX 950M
[2017.10.05-17.05.24:058][  0]LogD3D11RHI:   Driver Version: Unknown (internal:Unknown, unified:Unknown)
[2017.10.05-17.05.24:058][  0]LogD3D11RHI:      Driver Date: Unknown
[2017.10.05-17.05.24:058][  0]LogRHI: Texture pool is 1361 MB (70% of 1945 MB)
[2017.10.05-17.05.25:012][  0]LogD3D11RHI: Async texture creation enabled
[2017.10.05-17.05.25:397][  0]LogD3D11RHI: GPU Timing Frequency: 1000.000000 (Debug: 2 1)
[2017.10.05-17.05.25:398][  0]LogShaderCompilers: Guid format shader working directory is -11 characters bigger than the processId version (C:/Users/mack2/OneDrive/UMBC/GameDev/ProjectMatter/Matter/Intermediate/Shaders/WorkingDirectory/5272/).
[2017.10.05-17.05.25:398][  0]LogShaderCompilers: Cleaned the shader compiler working directory 'C:/Users/mack2/AppData/Local/Temp/UnrealShaderWorkingDir/974B81AF4BCB885C9B02D8851E91B491/'.
[2017.10.05-17.05.25:398][  0]LogShaderCompilers: Display: Using Local Shader Compiler.
[2017.10.05-17.05.27:579][  0]LogTemp: Display: Loaded TP AllDesktopTargetPlatform
[2017.10.05-17.05.27:632][  0]LogTemp: Display: Loaded TP MacClientTargetPlatform
[2017.10.05-17.05.27:683][  0]LogTemp: Display: Loaded TP MacNoEditorTargetPlatform
[2017.10.05-17.05.27:736][  0]LogTemp: Display: Loaded TP MacServerTargetPlatform
[2017.10.05-17.05.27:820][  0]LogTemp: Display: Loaded TP MacTargetPlatform
[2017.10.05-17.05.27:886][  0]LogTemp: Display: Loaded TP WindowsClientTargetPlatform
[2017.10.05-17.05.27:949][  0]LogTemp: Display: Loaded TP WindowsNoEditorTargetPlatform
[2017.10.05-17.05.28:025][  0]LogTemp: Display: Loaded TP WindowsServerTargetPlatform
[2017.10.05-17.05.28:088][  0]LogTemp: Display: Loaded TP WindowsTargetPlatform
[2017.10.05-17.05.28:139][  0]LogTemp: Display: Loaded TP AndroidTargetPlatform
[2017.10.05-17.05.28:190][  0]LogTemp: Display: Loaded TP Android_ASTCTargetPlatform
[2017.10.05-17.05.28:244][  0]LogTemp: Display: Loaded TP Android_ATCTargetPlatform
[2017.10.05-17.05.28:293][  0]LogTemp: Display: Loaded TP Android_DXTTargetPlatform
[2017.10.05-17.05.28:347][  0]LogTemp: Display: Loaded TP Android_ETC1TargetPlatform
[2017.10.05-17.05.28:412][  0]LogTemp: Display: Loaded TP Android_ETC2TargetPlatform
[2017.10.05-17.05.28:533][  0]LogTemp: Display: Loaded TP Android_MultiTargetPlatform
[2017.10.05-17.05.28:534][  0]LogTemp: Display: Loaded TP Android_PVRTCTargetPlatform
[2017.10.05-17.05.28:582][  0]LogTemp: Display: Loaded TP HTML5TargetPlatform
[2017.10.05-17.05.28:693][  0]LogTemp: Display: Loaded TP IOSTargetPlatform
[2017.10.05-17.05.28:727][  0]LogTemp: Display: Loaded TP TVOSTargetPlatform
[2017.10.05-17.05.28:787][  0]LogTemp: Display: Loaded TP LinuxClientTargetPlatform
[2017.10.05-17.05.28:855][  0]LogTemp: Display: Loaded TP LinuxNoEditorTargetPlatform
[2017.10.05-17.05.28:920][  0]LogTemp: Display: Loaded TP LinuxServerTargetPlatform
[2017.10.05-17.05.29:001][  0]LogTemp: Display: Loaded TP LinuxTargetPlatform
[2017.10.05-17.05.29:001][  0]LogTargetPlatformManager: Display: Building Assets For Windows
[2017.10.05-17.05.29:501][  0]LogDerivedDataCache: Display: Max Cache Size: 512 MB
[2017.10.05-17.05.29:652][  0]LogDerivedDataCache: Loaded boot cache 0.15s 93MB C:/Users/mack2/AppData/Local/UnrealEngine/4.17/DerivedDataCache/Boot.ddc.
[2017.10.05-17.05.29:653][  0]LogDerivedDataCache: Display: Loaded Boot cache: C:/Users/mack2/AppData/Local/UnrealEngine/4.17/DerivedDataCache/Boot.ddc
[2017.10.05-17.05.29:653][  0]LogDerivedDataCache: FDerivedDataBackendGraph:  Pak pak cache file C:/Users/mack2/OneDrive/UMBC/GameDev/ProjectMatter/Matter/DerivedDataCache/DDC.ddp not found, will not use a pak cache.
[2017.10.05-17.05.29:653][  0]LogDerivedDataCache: Unable to find inner node Pak for hierarchical cache Hierarchy.
[2017.10.05-17.05.29:653][  0]LogDerivedDataCache: FDerivedDataBackendGraph:  CompressedPak pak cache file C:/Users/mack2/OneDrive/UMBC/GameDev/ProjectMatter/Matter/DerivedDataCache/Compressed.ddp not found, will not use a pak cache.
[2017.10.05-17.05.29:653][  0]LogDerivedDataCache: Unable to find inner node CompressedPak for hierarchical cache Hierarchy.
[2017.10.05-17.05.29:679][  0]LogDerivedDataCache: Display: Pak cache opened for reading ../../../Engine/DerivedDataCache/Compressed.ddp.
[2017.10.05-17.05.29:692][  0]LogDerivedDataCache: Using Local data cache path C:/Users/mack2/AppData/Local/UnrealEngine/Common/DerivedDataCache: Writable
[2017.10.05-17.05.29:709][  0]LogMaterial: Verifying Global Shaders for PCD3D_SM5
[2017.10.05-17.05.29:709][  0]LogSlate: Using Freetype 2.6.0
[2017.10.05-17.05.29:710][  0]LogSlate: SlateFontCache - WITH_FREETYPE: 1, WITH_HARFBUZZ: 1
[2017.10.05-17.05.29:710][  0]LogSlate: SlateFontCache - WITH_FREETYPE: 1, WITH_HARFBUZZ: 1
[2017.10.05-17.05.30:226][  0]LogAssetRegistry: FAssetRegistry took 0.0283 seconds to start up
[2017.10.05-17.05.30:362][  0]LogInit: Selected Device Profile: [Windows]
[2017.10.05-17.05.30:728][  0]LogContentStreaming: Texture pool size is 0.00 MB
[2017.10.05-17.05.31:375][  0]LogSimplygon: Simplygon DLL not present - disabling.
[2017.10.05-17.05.31:413][  0]LogMeshReduction: Using SimplygonSwarm for distributed automatic mesh merging
[2017.10.05-17.05.31:413][  0]LogMeshReduction: Using QuadricMeshReduction for automatic static mesh reduction
[2017.10.05-17.05.31:413][  0]LogMeshReduction: No automatic skeletal mesh reduction module available
[2017.10.05-17.05.31:413][  0]LogMeshReduction: No automatic mesh merging module available
[2017.10.05-17.05.31:413][  0]LogMeshMerging: No automatic mesh merging module available
[2017.10.05-17.05.31:894][  0]LogNetVersion: Matter , NetCL: 3573198, EngineNetVer: 2, GameNetVer: 0 (Checksum: 980240421)
[2017.10.05-17.05.32:207][  0]LogPackageLocalizationCache: Processed 5 localized package path(s) for 2 prioritized culture(s) in 0.096479 seconds
[2017.10.05-17.05.32:214][  0]LogUObjectArray: 35825 objects as part of root set at end of initial load.
[2017.10.05-17.05.32:214][  0]LogUObjectAllocator: 7529104 out of 0 bytes used by permanent object pool.
[2017.10.05-17.05.32:214][  0]LogUObjectArray: CloseDisregardForGC: 0/0 objects in disregard for GC pool
[2017.10.05-17.05.32:275][  0]LogInit: WinSock: version 1.1 (2.2), MaxSocks=32767, MaxUdp=65467
[2017.10.05-17.05.35:288][  0]LogTcpMessaging: Initializing TcpMessaging bridge
[2017.10.05-17.05.35:354][  0]LogUdpMessaging: Initializing bridge on interface 0.0.0.0:0 to multicast group 230.0.0.1:6666.
[2017.10.05-17.05.36:172][  0]LogMaterial: Uniform references updated for custom material expression Custom.
[2017.10.05-17.05.36:723][  0]SourceControl: Source control is disabled
[2017.10.05-17.05.36:723][  0]SourceControl: Source control is disabled
[2017.10.05-17.05.36:772][  0]SourceControl: Source control is disabled
[2017.10.05-17.05.36:823][  0]SourceControl: Source control is disabled
[2017.10.05-17.05.37:470][  0]LogAndroidPermission: UAndroidPermissionCallbackProxy::GetInstance
[2017.10.05-17.05.37:718][  0]LogOcInput: OculusInput pre-init called
[2017.10.05-17.05.38:019][  0]LogEngine: Initializing Engine...
[2017.10.05-17.05.38:021][  0]LogHMD: Failed to initialize OpenVR with code 110
[2017.10.05-17.05.38:347][  0]LogStats: UGameplayTagsManager::ConstructGameplayTagTree: Construct from data asset -  0.000 s
[2017.10.05-17.05.38:347][  0]LogStats: UGameplayTagsManager::ConstructGameplayTagTree: GameplayTagTreeChangedEvent.Broadcast -  0.000 s
[2017.10.05-17.05.38:474][  0]LogAIModule: Creating AISystem for world Untitled
[2017.10.05-17.05.38:488][  0]LogInit: XAudio2 using 'Speakers (High Definition Audio Device)' : 2 channels at 44.1 kHz using 16 bits per sample (channel mask 0x3)
[2017.10.05-17.05.38:512][  0]LogInit: FAudioDevice initialized.
[2017.10.05-17.05.38:814][  0]LogDerivedDataCache: Saved boot cache 0.30s 93MB C:/Users/mack2/AppData/Local/UnrealEngine/4.17/DerivedDataCache/Boot.ddc.
[2017.10.05-17.05.38:881][  0]LogInit: Texture streaming: Enabled
[2017.10.05-17.05.39:034][  0]LogEngineSessionManager: EngineSessionManager initialized
[2017.10.05-17.05.39:404][  0]LogInit: Transaction tracking system initialized
[2017.10.05-17.05.39:818][  0]BlueprintLog: New page: Editor Load
[2017.10.05-17.05.40:717][  0]LocalizationService: Localization service is disabled
[2017.10.05-17.05.41:453][  0]LogConsoleResponse: Display: 
[2017.10.05-17.05.41:873][  0]LogCook: Display: Max memory allowance for cook 16384mb min free memory 0mb
[2017.10.05-17.05.41:873][  0]LogCook: Display: Mobile HDR setting 1
[2017.10.05-17.05.41:873][  0]LogGameplayTags: Display: UGameplayTagsManager::DoneAddingNativeTags. DelegateIsBound: 0
[2017.10.05-17.05.42:686][  0]LogFileCache: Scanning file cache for directory 'C:/Users/mack2/OneDrive/UMBC/GameDev/ProjectMatter/Matter/Content/' took 0.04s
[2017.10.05-17.05.43:051][  0]SourceControl: Source control is disabled
[2017.10.05-17.05.43:051][  0]Cmd: MAP LOAD FILE="C:/Users/mack2/OneDrive/UMBC/GameDev/ProjectMatter/Matter/Content/ThirdPersonBP/Maps/ThirdPersonExampleMap.umap" TEMPLATE=0 SHOWPROGRESS=1 FEATURELEVEL=3
[2017.10.05-17.05.43:052][  0]LightingResults: New page: Lighting Build
[2017.10.05-17.05.43:100][  0]MapCheck: New page: Map Check
[2017.10.05-17.05.43:100][  0]LightingResults: New page: Lighting Build
[2017.10.05-17.05.51:919][  0]LogAIModule: Creating AISystem for world ThirdPersonExampleMap
[2017.10.05-17.05.52:507][  0]LogEditorServer: Finished looking for orphan Actors (0.000 secs)
[2017.10.05-17.05.52:627][  0]Cmd: MAP CHECKDEP NOCLEARLOG
[2017.10.05-17.05.52:712][  0]MapCheck: Map check complete: 0 Error(s), 0 Warning(s), took 84.651ms to complete.
[2017.10.05-17.05.52:712][  0]LogFileHelpers: Loading map 'ThirdPersonExampleMap' took 9.660
[2017.10.05-17.05.54:325][  0]LogCollectionManager: Loaded 0 collections in 0.007865 seconds
[2017.10.05-17.05.55:281][  0]LogFileCache: Scanning file cache for directory 'C:/Users/mack2/OneDrive/UMBC/GameDev/ProjectMatter/Matter/Saved/Collections/' took 0.01s
[2017.10.05-17.05.55:281][  0]LogFileCache: Scanning file cache for directory 'C:/Users/mack2/OneDrive/UMBC/GameDev/ProjectMatter/Matter/Content/Developers/mack2/Collections/' took 0.01s
[2017.10.05-17.05.55:281][  0]LogFileCache: Scanning file cache for directory 'C:/Users/mack2/OneDrive/UMBC/GameDev/ProjectMatter/Matter/Content/Collections/' took 0.01s
[2017.10.05-17.05.55:281][  0]LogCollectionManager: Rebuilt the GUID cache for 0 collections in 0.000000 seconds
[2017.10.05-17.05.55:417][  0]LogContentBrowser: Native class hierarchy populated in 0.0816 seconds. Added 2386 classes and 500 folders.
[2017.10.05-17.05.55:827][  0]LogContentBrowser: Native class hierarchy updated for 'WidgetCarousel' in 0.0059 seconds. Added 0 classes and 0 folders.
[2017.10.05-17.06.06:495][  0]LogContentBrowser: Native class hierarchy updated for 'AddContentDialog' in 0.0035 seconds. Added 0 classes and 0 folders.
[2017.10.05-17.06.07:858][  0]LogContentBrowser: Native class hierarchy updated for 'SceneOutliner' in 0.0027 seconds. Added 1 classes and 2 folders.
[2017.10.05-17.06.15:010][  0]LogSlate: Took 0.000469 seconds to synchronously load lazily loaded font '../../../Engine/Content/Slate/Fonts/Roboto-Regular.ttf' (155K)
[2017.10.05-17.06.15:015][  0]LogSlate: Took 0.000486 seconds to synchronously load lazily loaded font '../../../Engine/Content/Slate/Fonts/Roboto-Bold.ttf' (160K)
[2017.10.05-17.06.15:231][  0]LogSlate: Took 0.053683 seconds to synchronously load lazily loaded font '../../../Engine/Content/Editor/Slate/Fonts/FontAwesome.ttf' (139K)
[2017.10.05-17.06.17:553][  0]LogRenderer: Reallocating scene render targets to support 972x436 Format 10 NumSamples 1 (Frame:1).
[2017.10.05-17.06.21:974][  0]LogSlate: Took 0.027156 seconds to synchronously load lazily loaded font '../../../Engine/Content/Slate/Fonts/Roboto-Light.ttf' (159K)
[2017.10.05-17.06.22:523][  0]LogContentBrowser: Native class hierarchy updated for 'HierarchicalLODOutliner' in 0.0014 seconds. Added 1 classes and 2 folders.
[2017.10.05-17.06.22:523][  0]LogLoad: (Engine Initialization) Total time: 70.69 seconds
[2017.10.05-17.06.22:524][  0]LogLoad: (Engine Initialization) Total Blueprint compile time: 0.00 seconds
[2017.10.05-17.06.22:524][  0]LogExternalProfiler: Found external profiler: VSPerf
[2017.10.05-17.06.22:524][  0]LogExternalProfiler: Using external profiler: VSPerf
[2017.10.05-17.06.22:560][  0]LogWindowsTextInputMethodSystem: Display: IME system now deactivated.
[2017.10.05-17.06.22:624][  0]LogContentStreaming: Texture pool size now 1000 MB
[2017.10.05-17.06.23:313][  5]LogAssetRegistry: Asset discovery search completed in 53.1087 seconds
[2017.10.05-17.06.23:317][  5]LogCollectionManager: Rebuilt the object cache for 0 collections in 0.000002 seconds (found 0 objects)
[2017.10.05-17.06.23:317][  5]LogCollectionManager: Fixed up redirectors for 0 collections in 0.000104 seconds (updated 0 objects)
[2017.10.05-17.06.51:983][825]LogEditorViewport: Clicking on Actor (context menu): StaticMeshActor (Cube8)
[2017.10.05-17.06.57:508][825]LogEditorViewport: Clicking on Actor (context menu): StaticMeshActor (Cube8)
[2017.10.05-17.06.57:634][825]LogEditorViewport: Clicking on Actor (context menu): StaticMeshActor (Cube8)
[2017.10.05-17.06.57:738][825]LogEditorViewport: Clicking on Actor (LMB): StaticMeshActor (Cube8)
[2017.10.05-17.06.58:741][833]LogEditorViewport: Clicking on Actor (LMB): StaticMeshActor (Cube8)
[2017.10.05-17.06.59:487][855]LogEditorViewport: Clicking on Actor (LMB): StaticMeshActor (Cube7)
[2017.10.05-17.07.03:312][969]LogEditorViewport: Clicking on Actor (LMB): StaticMeshActor (Cube7)
[2017.10.05-17.07.03:596][975]LogEditorViewport: Clicking on Component (LMB): StaticMeshComponent (StaticMeshComponent0)
[2017.10.05-17.07.04:680][  5]LogEditorViewport: Clicking on Component (LMB): StaticMeshComponent (StaticMeshComponent0)
[2017.10.05-17.07.52:754][359]LogTemp: Repeating last play command: Selected Viewport
[2017.10.05-17.07.53:152][359]LogBlueprintUserMessages: Early PlayInEditor Detection: Level '/Game/ThirdPersonBP/Maps/ThirdPersonExampleMap.ThirdPersonExampleMap:PersistentLevel' has LevelScriptBlueprint '/Game/ThirdPersonBP/Maps/ThirdPersonExampleMap.ThirdPersonExampleMap:PersistentLevel.ThirdPersonExampleMap' with GeneratedClass '/Game/ThirdPersonBP/Maps/ThirdPersonExampleMap.ThirdPersonExampleMap_C' with ClassGeneratedBy '/Game/ThirdPersonBP/Maps/ThirdPersonExampleMap.ThirdPersonExampleMap:PersistentLevel.ThirdPersonExampleMap'
[2017.10.05-17.07.53:152][359]LogPlayLevel: PlayLevel: No blueprints needed recompiling
[2017.10.05-17.07.53:709][359]PIE: New page: PIE session: ThirdPersonExampleMap (Oct 5, 2017, 9:07:53 AM)
[2017.10.05-17.07.53:710][359]LogPlayLevel: Creating play world package: /Game/ThirdPersonBP/Maps/UEDPIE_0_ThirdPersonExampleMap
[2017.10.05-17.07.53:930][359]LogPlayLevel: PIE: StaticDuplicateObject took: (0.219825s)
[2017.10.05-17.07.53:932][359]LogAIModule: Creating AISystem for world ThirdPersonExampleMap
[2017.10.05-17.07.53:932][359]LogPlayLevel: PIE: World Init took: (0.002305s)
[2017.10.05-17.07.53:933][359]LogPlayLevel: PIE: Created PIE world by copying editor world from /Game/ThirdPersonBP/Maps/ThirdPersonExampleMap.ThirdPersonExampleMap to /Game/ThirdPersonBP/Maps/UEDPIE_0_ThirdPersonExampleMap.ThirdPersonExampleMap (0.223026s)
[2017.10.05-17.07.53:971][359]LogInit: XAudio2 using 'Speakers (High Definition Audio Device)' : 2 channels at 44.1 kHz using 16 bits per sample (channel mask 0x3)
[2017.10.05-17.07.53:984][359]LogInit: FAudioDevice initialized.
[2017.10.05-17.07.54:187][359]LogLoad: Game class is 'ThirdPersonGameMode_C'
[2017.10.05-17.07.54:343][359]LogWorld: Bringing World /Game/ThirdPersonBP/Maps/UEDPIE_0_ThirdPersonExampleMap.ThirdPersonExampleMap up for play (max tick rate 0) at 2017.10.05-13.07.54
[2017.10.05-17.07.54:374][359]LogWorld: Bringing up level for play took: 0.095692
[2017.10.05-17.07.54:625][359]LogContentBrowser: Native class hierarchy updated for 'MovieSceneCapture' in 0.0026 seconds. Added 11 classes and 0 folders.
[2017.10.05-17.07.54:666][359]PIE: Play in editor start time for /Game/ThirdPersonBP/Maps/UEDPIE_0_ThirdPersonExampleMap 2.401
[2017.10.05-17.07.54:667][359]LogBlueprintUserMessages: Late PlayInEditor Detection: Level '/Game/ThirdPersonBP/Maps/ThirdPersonExampleMap.ThirdPersonExampleMap:PersistentLevel' has LevelScriptBlueprint '/Game/ThirdPersonBP/Maps/ThirdPersonExampleMap.ThirdPersonExampleMap:PersistentLevel.ThirdPersonExampleMap' with GeneratedClass '/Game/ThirdPersonBP/Maps/ThirdPersonExampleMap.ThirdPersonExampleMap_C' with ClassGeneratedBy '/Game/ThirdPersonBP/Maps/ThirdPersonExampleMap.ThirdPersonExampleMap:PersistentLevel.ThirdPersonExampleMap'
[2017.10.05-17.08.17:773][ 45]LogScriptCore: Warning: Script Msg: Attempted to access index 0 from array 'CallFunc_GetOverlappingActors_OverlappingActors' of length 0 in '/Game/ThirdPersonBP/Blueprints/ThirdPersonCharacter.ThirdPersonCharacter_C:ExecuteUbergraph_ThirdPersonCharacter'!
[2017.10.05-17.08.17:796][ 45]LogBlueprintUserMessages: [ThirdPersonCharacter_167] 0
[2017.10.05-17.08.57:765][261]LogBlueprintUserMessages: Early EndPlayMap Detection: Level '/Game/ThirdPersonBP/Maps/ThirdPersonExampleMap.ThirdPersonExampleMap:PersistentLevel' has LevelScriptBlueprint '/Game/ThirdPersonBP/Maps/ThirdPersonExampleMap.ThirdPersonExampleMap:PersistentLevel.ThirdPersonExampleMap' with GeneratedClass '/Game/ThirdPersonBP/Maps/ThirdPersonExampleMap.ThirdPersonExampleMap_C' with ClassGeneratedBy '/Game/ThirdPersonBP/Maps/ThirdPersonExampleMap.ThirdPersonExampleMap:PersistentLevel.ThirdPersonExampleMap'
[2017.10.05-17.08.57:871][261]LogBlueprintUserMessages: Late EndPlayMap Detection: Level '/Game/ThirdPersonBP/Maps/ThirdPersonExampleMap.ThirdPersonExampleMap:PersistentLevel' has LevelScriptBlueprint '/Game/ThirdPersonBP/Maps/ThirdPersonExampleMap.ThirdPersonExampleMap:PersistentLevel.ThirdPersonExampleMap' with GeneratedClass '/Game/ThirdPersonBP/Maps/ThirdPersonExampleMap.ThirdPersonExampleMap_C' with ClassGeneratedBy '/Game/ThirdPersonBP/Maps/ThirdPersonExampleMap.ThirdPersonExampleMap:PersistentLevel.ThirdPersonExampleMap'
[2017.10.05-17.09.00:232][331]LogEditorViewport: Clicking on Actor (context menu): StaticMeshActor (Cube18)
[2017.10.05-17.09.01:621][350]LogEditorViewport: Clicking on Actor (context menu): StaticMeshActor (Cube18)
[2017.10.05-17.09.46:305][693]LogEditorViewport: Clicking on Actor (LMB): StaticMeshActor (Cube2)
[2017.10.05-17.10.00:569][ 56]LogEditorViewport: Clicking on Actor (context menu): StaticMeshActor (Cube5)
[2017.10.05-17.10.13:382][421]LogEditorViewport: Clicking on Actor (LMB): StaticMeshActor (Wall9)
[2017.10.05-17.10.14:177][442]LogEditorViewport: Clicking on Actor (LMB): triggerCube_C (triggerCube)
[2017.10.05-17.10.15:055][469]LogEditorViewport: Clicking on Actor (context menu): triggerCube_C (triggerCube)
[2017.10.05-17.10.16:779][489]LogSlate: Took 0.014091 seconds to synchronously load lazily loaded font '../../../Engine/Content/Slate/Fonts/Roboto-Light.ttf' (159K)
[2017.10.05-17.10.25:128][489]LogContentBrowser: Native class hierarchy updated for 'BlueprintGraph' in 0.0041 seconds. Added 113 classes and 0 folders.
[2017.10.05-17.10.26:776][489]LogSlate: Took 0.021852 seconds to synchronously load lazily loaded font '../../../Engine/Content/Editor/Slate/Fonts/Roboto-BoldCondensed.ttf' (158K)
[2017.10.05-17.10.29:488][529]LogSlate: Took 0.020351 seconds to synchronously load lazily loaded font '../../../Engine/Content/Editor/Slate/Fonts/Roboto-Italic.ttf' (157K)
[2017.10.05-17.10.31:839][553]LogRenderer: Reallocating scene render targets to support 972x540 Format 10 NumSamples 1 (Frame:1).
[2017.10.05-17.13.00:041][746]Cmd: OBJ SAVEPACKAGE PACKAGE="/Game/triggerCube" FILE="C:/Users/mack2/OneDrive/UMBC/GameDev/ProjectMatter/Matter/Content/triggerCube.uasset" SILENT=true
[2017.10.05-17.13.00:131][746]LogSavePackage: Save=57.27ms
[2017.10.05-17.13.00:132][746]LogSavePackage: Moving 'C:/Users/mack2/OneDrive/UMBC/GameDev/ProjectMatter/Matter/Saved/triggerCubeC1610AF242397545070416BCCF4A05F0.tmp' to 'C:/Users/mack2/OneDrive/UMBC/GameDev/ProjectMatter/Matter/Content/triggerCube.uasset'
[2017.10.05-17.13.00:141][746]LogSavePackage: Display: Finished SavePackage C:/Users/mack2/OneDrive/UMBC/GameDev/ProjectMatter/Matter/Content/triggerCube.uasset
[2017.10.05-17.13.17:781][216]LogTemp: Repeating last play command: Selected Viewport
[2017.10.05-17.13.17:872][216]LogBlueprintUserMessages: Early PlayInEditor Detection: Level '/Game/ThirdPersonBP/Maps/ThirdPersonExampleMap.ThirdPersonExampleMap:PersistentLevel' has LevelScriptBlueprint '/Game/ThirdPersonBP/Maps/ThirdPersonExampleMap.ThirdPersonExampleMap:PersistentLevel.ThirdPersonExampleMap' with GeneratedClass '/Game/ThirdPersonBP/Maps/ThirdPersonExampleMap.ThirdPersonExampleMap_C' with ClassGeneratedBy '/Game/ThirdPersonBP/Maps/ThirdPersonExampleMap.ThirdPersonExampleMap:PersistentLevel.ThirdPersonExampleMap'
[2017.10.05-17.13.17:872][216]BlueprintLog: New page: Pre-Play auto-recompile
[2017.10.05-17.13.17:877][216]LogPlayLevel: [PlayLevel] Compiling triggerCube before play...
[2017.10.05-17.13.18:242][216]LogPlayLevel: PlayLevel: Blueprint regeneration took 369 ms (1 blueprints)
[2017.10.05-17.13.18:242][216]PIE: New page: PIE session: ThirdPersonExampleMap (Oct 5, 2017, 9:13:18 AM)
[2017.10.05-17.13.18:242][216]LogPlayLevel: Creating play world package: /Game/ThirdPersonBP/Maps/UEDPIE_0_ThirdPersonExampleMap
[2017.10.05-17.13.18:297][216]LogPlayLevel: PIE: StaticDuplicateObject took: (0.054734s)
[2017.10.05-17.13.18:299][216]LogAIModule: Creating AISystem for world ThirdPersonExampleMap
[2017.10.05-17.13.18:299][216]LogPlayLevel: PIE: World Init took: (0.001945s)
[2017.10.05-17.13.18:300][216]LogPlayLevel: PIE: Created PIE world by copying editor world from /Game/ThirdPersonBP/Maps/ThirdPersonExampleMap.ThirdPersonExampleMap to /Game/ThirdPersonBP/Maps/UEDPIE_0_ThirdPersonExampleMap.ThirdPersonExampleMap (0.057274s)
[2017.10.05-17.13.18:344][216]LogInit: XAudio2 using 'Speakers (High Definition Audio Device)' : 2 channels at 44.1 kHz using 16 bits per sample (channel mask 0x3)
[2017.10.05-17.13.18:353][216]LogInit: FAudioDevice initialized.
[2017.10.05-17.13.18:385][216]LogLoad: Game class is 'ThirdPersonGameMode_C'
[2017.10.05-17.13.18:401][216]LogWorld: Bringing World /Game/ThirdPersonBP/Maps/UEDPIE_0_ThirdPersonExampleMap.ThirdPersonExampleMap up for play (max tick rate 0) at 2017.10.05-13.13.18
[2017.10.05-17.13.18:409][216]LogWorld: Bringing up level for play took: 0.023125
[2017.10.05-17.13.18:413][216]PIE: Play in editor start time for /Game/ThirdPersonBP/Maps/UEDPIE_0_ThirdPersonExampleMap 0.147
[2017.10.05-17.13.18:414][216]LogBlueprintUserMessages: Late PlayInEditor Detection: Level '/Game/ThirdPersonBP/Maps/ThirdPersonExampleMap.ThirdPersonExampleMap:PersistentLevel' has LevelScriptBlueprint '/Game/ThirdPersonBP/Maps/ThirdPersonExampleMap.ThirdPersonExampleMap:PersistentLevel.ThirdPersonExampleMap' with GeneratedClass '/Game/ThirdPersonBP/Maps/ThirdPersonExampleMap.ThirdPersonExampleMap_C' with ClassGeneratedBy '/Game/ThirdPersonBP/Maps/ThirdPersonExampleMap.ThirdPersonExampleMap:PersistentLevel.ThirdPersonExampleMap'
[2017.10.05-17.13.32:559][641]LogScriptCore: Warning: Script Msg: Attempted to access index 0 from array 'CallFunc_GetOverlappingActors_OverlappingActors' of length 0 in '/Game/ThirdPersonBP/Blueprints/ThirdPersonCharacter.ThirdPersonCharacter_C:ExecuteUbergraph_ThirdPersonCharacter'!
[2017.10.05-17.13.32:560][641]LogBlueprintUserMessages: [ThirdPersonCharacter_167] 0
[2017.10.05-17.13.38:326][816]LogBlueprintUserMessages: Early EndPlayMap Detection: Level '/Game/ThirdPersonBP/Maps/ThirdPersonExampleMap.ThirdPersonExampleMap:PersistentLevel' has LevelScriptBlueprint '/Game/ThirdPersonBP/Maps/ThirdPersonExampleMap.ThirdPersonExampleMap:PersistentLevel.ThirdPersonExampleMap' with GeneratedClass '/Game/ThirdPersonBP/Maps/ThirdPersonExampleMap.ThirdPersonExampleMap_C' with ClassGeneratedBy '/Game/ThirdPersonBP/Maps/ThirdPersonExampleMap.ThirdPersonExampleMap:PersistentLevel.ThirdPersonExampleMap'
[2017.10.05-17.13.38:415][816]LogBlueprintUserMessages: Late EndPlayMap Detection: Level '/Game/ThirdPersonBP/Maps/ThirdPersonExampleMap.ThirdPersonExampleMap:PersistentLevel' has LevelScriptBlueprint '/Game/ThirdPersonBP/Maps/ThirdPersonExampleMap.ThirdPersonExampleMap:PersistentLevel.ThirdPersonExampleMap' with GeneratedClass '/Game/ThirdPersonBP/Maps/ThirdPersonExampleMap.ThirdPersonExampleMap_C' with ClassGeneratedBy '/Game/ThirdPersonBP/Maps/ThirdPersonExampleMap.ThirdPersonExampleMap:PersistentLevel.ThirdPersonExampleMap'
[2017.10.05-17.14.20:578][805]LogEditorViewport: Clicking on Actor (LMB): triggerCube_C (triggerCube)
[2017.10.05-17.14.46:886][380]LogEditorViewport: Clicking on Actor (LMB): StaticMeshActor (Wall9)
[2017.10.05-17.14.48:015][412]LogEditorViewport: Clicking on Actor (LMB): StaticMeshActor (Cube23)
[2017.10.05-17.14.59:885][769]LogEditorViewport: Clicking on Actor (LMB): triggerCube_C (triggerCube)
[2017.10.05-17.15.17:193][286]LogEditorViewport: Clicking on Actor (LMB): triggerCube_C (triggerCube)
[2017.10.05-17.16.17:544][897]LogEditorViewport: Clicking on Actor (LMB): ThirdPersonCharacter_C (ThirdPersonCharacter)
[2017.10.05-17.16.18:208][913]LogEditorViewport: Clicking on Actor (context menu): ThirdPersonCharacter_C (ThirdPersonCharacter)
[2017.10.05-17.18.03:739][ 85]LogTemp: Repeating last play command: Selected Viewport
[2017.10.05-17.18.03:800][ 85]LogBlueprintUserMessages: Early PlayInEditor Detection: Level '/Game/ThirdPersonBP/Maps/ThirdPersonExampleMap.ThirdPersonExampleMap:PersistentLevel' has LevelScriptBlueprint '/Game/ThirdPersonBP/Maps/ThirdPersonExampleMap.ThirdPersonExampleMap:PersistentLevel.ThirdPersonExampleMap' with GeneratedClass '/Game/ThirdPersonBP/Maps/ThirdPersonExampleMap.ThirdPersonExampleMap_C' with ClassGeneratedBy '/Game/ThirdPersonBP/Maps/ThirdPersonExampleMap.ThirdPersonExampleMap:PersistentLevel.ThirdPersonExampleMap'
[2017.10.05-17.18.03:800][ 85]BlueprintLog: New page: Pre-Play auto-recompile
[2017.10.05-17.18.03:831][ 85]LogPlayLevel: [PlayLevel] Compiling ThirdPersonCharacter before play...
[2017.10.05-17.18.04:392][ 85]LogPlayLevel: PlayLevel: Blueprint regeneration took 592 ms (1 blueprints)
[2017.10.05-17.18.04:393][ 85]PIE: New page: PIE session: ThirdPersonExampleMap (Oct 5, 2017, 9:18:04 AM)
[2017.10.05-17.18.04:393][ 85]LogPlayLevel: Creating play world package: /Game/ThirdPersonBP/Maps/UEDPIE_0_ThirdPersonExampleMap
[2017.10.05-17.18.04:427][ 85]LogPlayLevel: PIE: StaticDuplicateObject took: (0.033986s)
[2017.10.05-17.18.04:428][ 85]LogAIModule: Creating AISystem for world ThirdPersonExampleMap
[2017.10.05-17.18.04:429][ 85]LogPlayLevel: PIE: World Init took: (0.002223s)
[2017.10.05-17.18.04:429][ 85]LogPlayLevel: PIE: Created PIE world by copying editor world from /Game/ThirdPersonBP/Maps/ThirdPersonExampleMap.ThirdPersonExampleMap to /Game/ThirdPersonBP/Maps/UEDPIE_0_ThirdPersonExampleMap.ThirdPersonExampleMap (0.036875s)
[2017.10.05-17.18.04:512][ 85]LogInit: XAudio2 using 'Speakers (High Definition Audio Device)' : 2 channels at 44.1 kHz using 16 bits per sample (channel mask 0x3)
[2017.10.05-17.18.04:522][ 85]LogInit: FAudioDevice initialized.
[2017.10.05-17.18.04:571][ 85]LogLoad: Game class is 'ThirdPersonGameMode_C'
[2017.10.05-17.18.04:592][ 85]LogWorld: Bringing World /Game/ThirdPersonBP/Maps/UEDPIE_0_ThirdPersonExampleMap.ThirdPersonExampleMap up for play (max tick rate 0) at 2017.10.05-13.18.04
[2017.10.05-17.18.04:600][ 85]LogWorld: Bringing up level for play took: 0.027284
[2017.10.05-17.18.04:604][ 85]PIE: Play in editor start time for /Game/ThirdPersonBP/Maps/UEDPIE_0_ThirdPersonExampleMap 0.339
[2017.10.05-17.18.04:605][ 85]LogBlueprintUserMessages: Late PlayInEditor Detection: Level '/Game/ThirdPersonBP/Maps/ThirdPersonExampleMap.ThirdPersonExampleMap:PersistentLevel' has LevelScriptBlueprint '/Game/ThirdPersonBP/Maps/ThirdPersonExampleMap.ThirdPersonExampleMap:PersistentLevel.ThirdPersonExampleMap' with GeneratedClass '/Game/ThirdPersonBP/Maps/ThirdPersonExampleMap.ThirdPersonExampleMap_C' with ClassGeneratedBy '/Game/ThirdPersonBP/Maps/ThirdPersonExampleMap.ThirdPersonExampleMap:PersistentLevel.ThirdPersonExampleMap'
[2017.10.05-17.18.30:366][741]LogScriptCore: Warning: Script Msg: Attempted to access index 0 from array 'CallFunc_GetOverlappingActors_OverlappingActors' of length 0 in '/Game/ThirdPersonBP/Blueprints/ThirdPersonCharacter.ThirdPersonCharacter_C:ExecuteUbergraph_ThirdPersonCharacter'!
[2017.10.05-17.18.30:366][741]LogScriptCore: Warning: Script Msg: Attempted to access index 0 from array 'CallFunc_GetOverlappingActors_OverlappingActors' of length 0 in '/Game/ThirdPersonBP/Blueprints/ThirdPersonCharacter.ThirdPersonCharacter_C:ExecuteUbergraph_ThirdPersonCharacter'!
[2017.10.05-17.18.30:411][741]LogBlueprintUserMessages: [ThirdPersonCharacter_167] 
[2017.10.05-17.18.39:462][ 17]LogBlueprintUserMessages: Early EndPlayMap Detection: Level '/Game/ThirdPersonBP/Maps/ThirdPersonExampleMap.ThirdPersonExampleMap:PersistentLevel' has LevelScriptBlueprint '/Game/ThirdPersonBP/Maps/ThirdPersonExampleMap.ThirdPersonExampleMap:PersistentLevel.ThirdPersonExampleMap' with GeneratedClass '/Game/ThirdPersonBP/Maps/ThirdPersonExampleMap.ThirdPersonExampleMap_C' with ClassGeneratedBy '/Game/ThirdPersonBP/Maps/ThirdPersonExampleMap.ThirdPersonExampleMap:PersistentLevel.ThirdPersonExampleMap'
[2017.10.05-17.18.39:661][ 17]LogBlueprintUserMessages: Late EndPlayMap Detection: Level '/Game/ThirdPersonBP/Maps/ThirdPersonExampleMap.ThirdPersonExampleMap:PersistentLevel' has LevelScriptBlueprint '/Game/ThirdPersonBP/Maps/ThirdPersonExampleMap.ThirdPersonExampleMap:PersistentLevel.ThirdPersonExampleMap' with GeneratedClass '/Game/ThirdPersonBP/Maps/ThirdPersonExampleMap.ThirdPersonExampleMap_C' with ClassGeneratedBy '/Game/ThirdPersonBP/Maps/ThirdPersonExampleMap.ThirdPersonExampleMap:PersistentLevel.ThirdPersonExampleMap'
[2017.10.05-17.18.51:717][367]LogEditorViewport: Clicking on Actor (LMB): triggerCube_C (triggerCube)
[2017.10.05-17.18.52:738][397]LogEditorViewport: Clicking on Actor (context menu): triggerCube_C (triggerCube)
[2017.10.05-17.20.45:284][931]MapCheck: New page: Map Check
[2017.10.05-17.20.45:416][931]Cmd: MAP REBUILD ALLVISIBLE
[2017.10.05-17.20.45:417][931]LogEditorServer: Rebuildmap Clear paths rebuilt
[2017.10.05-17.20.45:918][931]LogMaterial: Missing cached shader map for material FDebugViewModeMaterialProxy WorldGridMaterial, compiling. Is special engine material.
[2017.10.05-17.20.45:929][931]LogMaterial: Missing cached shader map for material FDebugViewModeMaterialProxy MaterialInstanceDynamic_1, compiling. 
[2017.10.05-17.20.45:936][931]LogMaterial: Missing cached shader map for material FDebugViewModeMaterialProxy RampMaterial, compiling. 
[2017.10.05-17.20.45:944][931]LogMaterial: Missing cached shader map for material FDebugViewModeMaterialProxy CubeMaterial, compiling. 
[2017.10.05-17.20.45:951][931]LogMaterial: Missing cached shader map for material FDebugViewModeMaterialProxy BasicShapeMaterial, compiling. 
[2017.10.05-17.20.45:959][931]LogMaterial: Missing cached shader map for material FDebugViewModeMaterialProxy M_Water_Ocean, compiling. 
[2017.10.05-17.20.45:967][931]LogMaterial: Missing cached shader map for material FDebugViewModeMaterialProxy M_Glass, compiling. 
[2017.10.05-17.20.45:974][931]LogMaterial: Missing cached shader map for material FDebugViewModeMaterialProxy T_Tech_Panel_M_Mat, compiling. 
[2017.10.05-17.20.45:981][931]LogMaterial: Missing cached shader map for material FDebugViewModeMaterialProxy M_UE4Man_Body, compiling. 
[2017.10.05-17.20.45:992][931]LogMaterial: Missing cached shader map for material FDebugViewModeMaterialProxy M_UE4Man_ChestLogo, compiling. 
[2017.10.05-17.20.46:002][931]LogMaterial: Missing cached shader map for material FDebugViewModeMaterialProxy M_Door, compiling. 
[2017.10.05-17.20.46:011][931]LogMaterial: Missing cached shader map for material FDebugViewModeMaterialProxy M_smoke_subUV, compiling. 
[2017.10.05-17.20.46:020][931]LogMaterial: Missing cached shader map for material FDebugViewModeMaterialProxy M_LightStage_Skybox_Black, compiling. 
[2017.10.05-17.20.46:029][931]LogMaterial: Missing cached shader map for material FDebugViewModeMaterialProxy MatineeCam_mat, compiling. 
[2017.10.05-17.20.49:020][931]TextureStreamingBuild: Display: Compiling optional shaders took 3.111 seconds.
[2017.10.05-17.20.49:120][931]LogLevel: Display: Export Material TexCoord Scales took 0.100 seconds.
[2017.10.05-17.20.49:152][931]TextureStreamingBuild: Display: Build Texture Streaming took 0.031 seconds.
[2017.10.05-17.20.49:205][931]LightingResults: New page: Lighting Build - Oct 5, 2017, 9:20:49 AM
[2017.10.05-17.20.49:543][931]LogSwarmInterface: [OpenConnection] Registering TCP channel ...
[2017.10.05-17.20.50:036][931]LogSwarmInterface: [OpenConnection] Connecting to agent ...
[2017.10.05-17.20.50:064][931]LogSwarmInterface: [TryOpenConnection] Testing the Agent
[2017.10.05-17.20.52:506][931]LogSwarmInterface: Error: [TryOpenConnection] Waiting for the agent to start up ...
[2017.10.05-17.20.52:584][931]LogSwarmInterface: Error: System.Net.Sockets.SocketException (0x80004005): No connection could be made because the target machine actively refused it 127.0.0.1:8008

Server stack trace: 
   at System.Net.Sockets.Socket.DoConnect(EndPoint endPointSnapshot, SocketAddress socketAddress)
   at System.Net.Sockets.Socket.Connect(EndPoint remoteEP)
   at System.Runtime.Remoting.Channels.RemoteConnection.CreateNewSocket(EndPoint ipEndPoint)
   at System.Runtime.Remoting.Channels.SocketCache.GetSocket(String machinePortAndSid, Boolean openNew)
   at System.Runtime.Remoting.Channels.Tcp.TcpClientTransportSink.SendRequestWithRetry(IMessage msg, ITransportHeaders requestHeaders, Stream requestStream)
   at System.Runtime.Remoting.Channels.Tcp.TcpClientTransportSink.AsyncProcessRequest(IClientChannelSinkStack sinkStack, IMessage msg, ITransportHeaders headers, Stream stream)
   at System.Runtime.Remoting.Channels.BinaryClientFormatterSink.AsyncProcessMessage(IMessage msg, IMessageSink replySink)

Exception rethrown at [0]: 
   at System.Runtime.Remoting.Proxies.RealProxy.HandleReturnMessage(IMessage reqMsg, IMessage retMsg)
   at System.Runtime.Remoting.Proxies.RealProxy.PrivateInvoke(MessageData& msgData, Int32 type)
   at NSwarm.IAgentInterfaceWrapper.MethodDelegate.EndInvoke(Hashtable& OutParameters, IAsyncResult result)
   at NSwarm.FSwarmInterface.TryOpenConnection(FConnectionCallback CallbackFunc, IntPtr CallbackData, ELogFlags LoggingFlags)
[2017.10.05-17.20.57:719][931]LogSwarmInterface: [TryOpenConnection] Opening Connection to Agent
[2017.10.05-17.20.57:720][931]LogSwarmInterface: [TryOpenConnection] Local Process ID is 5272
[2017.10.05-17.21.12:082][931]LogStaticLightingSystem: Running Lightmass w/ ImmediateImport mode ENABLED
[2017.10.05-17.21.12:082][931]LogStaticLightingSystem: Running Lightmass w/ ImmediateProcess mode ENABLED
[2017.10.05-17.21.12:082][931]LogStaticLightingSystem: Running Lightmass w/ Sorting mode ENABLED
[2017.10.05-17.21.12:082][931]LogStaticLightingSystem: Running Lightmass w/ Mapping paddings ENABLED
[2017.10.05-17.21.12:082][931]LogStaticLightingSystem: Running Lightmass w/ Mapping debug paddings DISABLED
[2017.10.05-17.21.12:560][931]Cmd: MAP CHECK DONTDISPLAYDIALOG
[2017.10.05-17.21.12:560][931]MapCheck: New page: ThirdPersonExampleMap - Oct 5, 2017, 9:21:12 AM
[2017.10.05-17.21.12:562][931]MapCheck: Error: WorldInfo_0 Maps need lighting rebuilt 
[2017.10.05-17.21.16:327][931]MapCheck: Map check complete: 1 Error(s), 0 Warning(s), took 3,767.761ms to complete.
[2017.10.05-17.21.16:351][931]LogEditorBuildUtils: Build time 0:30
[2017.10.05-17.21.17:128][932]LogSavePackage: Save=162.45ms
[2017.10.05-17.21.17:128][932]LogSavePackage: Moving 'C:/Users/mack2/OneDrive/UMBC/GameDev/ProjectMatter/Matter/Saved/ThirdPersonExampleMap_Auto13E42A46342D8CA84AF6AC08F9E47C72D.tmp' to 'C:/Users/mack2/OneDrive/UMBC/GameDev/ProjectMatter/Matter/Saved/Autosaves/Game/ThirdPersonBP/Maps/ThirdPersonExampleMap_Auto1.umap'
[2017.10.05-17.21.17:130][932]LogSavePackage: Display: Finished SavePackage C:/Users/mack2/OneDrive/UMBC/GameDev/ProjectMatter/Matter/Saved/Autosaves/Game/ThirdPersonBP/Maps/ThirdPersonExampleMap_Auto1.umap
[2017.10.05-17.21.17:136][932]LogFileHelpers: Editor autosave (incl. sublevels) for '/Game/ThirdPersonBP/Maps/ThirdPersonExampleMap' took 0.238
[2017.10.05-17.21.17:136][932]LogFileHelpers: Editor autosave (incl. sublevels) for all levels took 0.238
[2017.10.05-17.21.17:168][932]OBJ SavePackage: Generating thumbnails for [1] asset(s) in package [/Game/ThirdPersonBP/Blueprints/ThirdPersonCharacter] ([1] browsable assets)...
[2017.10.05-17.21.17:338][932]OBJ SavePackage:     Rendered thumbnail for [Blueprint /Game/ThirdPersonBP/Blueprints/ThirdPersonCharacter.ThirdPersonCharacter]
[2017.10.05-17.21.17:338][932]OBJ SavePackage: Finished generating thumbnails for package [/Game/ThirdPersonBP/Blueprints/ThirdPersonCharacter]
[2017.10.05-17.21.17:671][932]LogSavePackage: Save=285.95ms
[2017.10.05-17.21.17:671][932]LogSavePackage: Moving 'C:/Users/mack2/OneDrive/UMBC/GameDev/ProjectMatter/Matter/Saved/ThirdPersonCharacter_Auto17F27BE804E2DE74DD9581B9FACACE966.tmp' to 'C:/Users/mack2/OneDrive/UMBC/GameDev/ProjectMatter/Matter/Saved/Autosaves/Game/ThirdPersonBP/Blueprints/ThirdPersonCharacter_Auto1.uasset'
[2017.10.05-17.21.17:674][932]LogSavePackage: Display: Finished SavePackage C:/Users/mack2/OneDrive/UMBC/GameDev/ProjectMatter/Matter/Saved/Autosaves/Game/ThirdPersonBP/Blueprints/ThirdPersonCharacter_Auto1.uasset
[2017.10.05-17.21.17:676][932]OBJ SavePackage: Generating thumbnails for [1] asset(s) in package [/Game/triggerCube] ([1] browsable assets)...
[2017.10.05-17.21.17:729][932]OBJ SavePackage:     Rendered thumbnail for [Blueprint /Game/triggerCube.triggerCube]
[2017.10.05-17.21.17:729][932]OBJ SavePackage: Finished generating thumbnails for package [/Game/triggerCube]
[2017.10.05-17.21.17:729][932]Cmd: OBJ SAVEPACKAGE PACKAGE="/Game/triggerCube" FILE="C:/Users/mack2/OneDrive/UMBC/GameDev/ProjectMatter/Matter/Saved/Autosaves/Game/triggerCube_Auto1.uasset" SILENT=false AUTOSAVING=true
[2017.10.05-17.21.17:870][932]LogSavePackage: Save=105.24ms
[2017.10.05-17.21.17:871][932]LogSavePackage: Moving 'C:/Users/mack2/OneDrive/UMBC/GameDev/ProjectMatter/Matter/Saved/triggerCube_Auto13F04B52B440C3C96D4EC99B1CB3CBE53.tmp' to 'C:/Users/mack2/OneDrive/UMBC/GameDev/ProjectMatter/Matter/Saved/Autosaves/Game/triggerCube_Auto1.uasset'
[2017.10.05-17.21.17:873][932]LogSavePackage: Display: Finished SavePackage C:/Users/mack2/OneDrive/UMBC/GameDev/ProjectMatter/Matter/Saved/Autosaves/Game/triggerCube_Auto1.uasset
[2017.10.05-17.21.17:873][932]LogFileHelpers: Auto-saving content packages took 0.705
[2017.10.05-17.21.17:881][932]LogSlate: Took 0.007035 seconds to synchronously load lazily loaded font '../../../Engine/Content/Slate/Fonts/Roboto-Regular.ttf' (155K)
[2017.10.05-17.21.45:617][671]Job is a success!
[2017.10.05-17.21.48:466][672]LogTexture: Display: Building textures: SkyOcclusion0_1 (AutoDXT, 1024X512)
[2017.10.05-17.21.48:466][672]LogTexture: Display: Building textures: HQ_Lightmap0_1 (AutoDXT, 1024X1024)
[2017.10.05-17.21.48:466][672]LogTexture: Display: Building textures: LQ_Lightmap_0_1 (DXT1, 1024X1024)
[2017.10.05-17.21.48:466][672]LogTexture: Display: Building textures: SkyOcclusion0_2 (AutoDXT, 1024X512)
[2017.10.05-17.21.48:466][672]LogTexture: Display: Building textures: HQ_Lightmap0_2 (AutoDXT, 1024X1024)
[2017.10.05-17.21.48:466][672]LogTexture: Display: Building textures: LQ_Lightmap_0_2 (DXT1, 1024X1024)
[2017.10.05-17.21.48:466][672]LogTexture: Display: Building textures: SkyOcclusion0_3 (AutoDXT, 64X32)
[2017.10.05-17.21.48:466][672]LogTexture: Display: Building textures: HQ_Lightmap0_3 (AutoDXT, 64X64)
[2017.10.05-17.21.48:466][672]LogTexture: Display: Building textures: LQ_Lightmap_0_3 (DXT1, 64X64)
[2017.10.05-17.21.48:870][672]LogTexture: Display: Building textures: ShadowMapTexture2D_2 (BGRA8, 1024X1024)
[2017.10.05-17.21.48:870][672]LogTexture: Display: Building textures: ShadowMapTexture2D_3 (G8, 32X32)
[2017.10.05-17.21.48:951][672]Lightmass on DESKTOP-E54LDI7: 28.1 sec total, 656 ms importing, 84 ms setup, 3.17 sec photons, 24.1 sec processing, 0 ms extra exporting [42/42 mappings]. Threads: 1:36 min total, 57.0 sec processing.
[2017.10.05-17.21.49:032][672]LogStaticLightingSystem: Illumination: 59.7 sec (2.39 sec encoding lightmaps, 460 ms encoding shadowmaps)
[2017.10.05-17.21.49:032][672]LogStaticLightingSystem: Lightmap texture memory:  5.3 MB (5.3 MB streaming, 0.0 MB non-streaming), 6 textures
[2017.10.05-17.21.49:033][672]LogStaticLightingSystem: Shadowmap texture memory: 5.3 MB (5.3 MB streaming, 0.0 MB non-streaming), 2 textures
[2017.10.05-17.21.49:114][672]DumpUnbuiltLightIteractions
[2017.10.05-17.21.49:114][672]Lights with unbuilt interactions: 0
[2017.10.05-17.21.49:114][672]
[2017.10.05-17.21.49:114][672]Primitives with unbuilt interactions: 0
[2017.10.05-17.21.49:131][673]Cmd: MAP CHECK NOTIFYRESULTS
[2017.10.05-17.21.49:131][673]MapCheck: New page: ThirdPersonExampleMap - Oct 5, 2017, 9:21:49 AM
[2017.10.05-17.21.49:196][673]MapCheck: Map check complete: 0 Error(s), 0 Warning(s), took 64.998ms to complete.
[2017.10.05-17.21.52:239][756]LogTemp: Repeating last play command: Selected Viewport
[2017.10.05-17.21.52:262][756]LogBlueprintUserMessages: Early PlayInEditor Detection: Level '/Game/ThirdPersonBP/Maps/ThirdPersonExampleMap.ThirdPersonExampleMap:PersistentLevel' has LevelScriptBlueprint '/Game/ThirdPersonBP/Maps/ThirdPersonExampleMap.ThirdPersonExampleMap:PersistentLevel.ThirdPersonExampleMap' with GeneratedClass '/Game/ThirdPersonBP/Maps/ThirdPersonExampleMap.ThirdPersonExampleMap_C' with ClassGeneratedBy '/Game/ThirdPersonBP/Maps/ThirdPersonExampleMap.ThirdPersonExampleMap:PersistentLevel.ThirdPersonExampleMap'
[2017.10.05-17.21.52:264][756]BlueprintLog: New page: Pre-Play auto-recompile
[2017.10.05-17.21.52:267][756]LogPlayLevel: [PlayLevel] Compiling triggerCube before play...
[2017.10.05-17.21.52:664][756]LogPlayLevel: PlayLevel: Blueprint regeneration took 400 ms (1 blueprints)
[2017.10.05-17.21.52:664][756]PIE: New page: PIE session: ThirdPersonExampleMap (Oct 5, 2017, 9:21:52 AM)
[2017.10.05-17.21.52:664][756]LogPlayLevel: Creating play world package: /Game/ThirdPersonBP/Maps/UEDPIE_0_ThirdPersonExampleMap
[2017.10.05-17.21.52:692][756]LogPlayLevel: PIE: StaticDuplicateObject took: (0.027813s)
[2017.10.05-17.21.52:694][756]LogAIModule: Creating AISystem for world ThirdPersonExampleMap
[2017.10.05-17.21.52:694][756]LogPlayLevel: PIE: World Init took: (0.001971s)
[2017.10.05-17.21.52:695][756]LogPlayLevel: PIE: Created PIE world by copying editor world from /Game/ThirdPersonBP/Maps/ThirdPersonExampleMap.ThirdPersonExampleMap to /Game/ThirdPersonBP/Maps/UEDPIE_0_ThirdPersonExampleMap.ThirdPersonExampleMap (0.030435s)
[2017.10.05-17.21.52:729][756]LogInit: XAudio2 using 'Speakers (High Definition Audio Device)' : 2 channels at 44.1 kHz using 16 bits per sample (channel mask 0x3)
[2017.10.05-17.21.52:738][756]LogInit: FAudioDevice initialized.
[2017.10.05-17.21.52:780][756]LogLoad: Game class is 'ThirdPersonGameMode_C'
[2017.10.05-17.21.52:799][756]LogWorld: Bringing World /Game/ThirdPersonBP/Maps/UEDPIE_0_ThirdPersonExampleMap.ThirdPersonExampleMap up for play (max tick rate 0) at 2017.10.05-13.21.52
[2017.10.05-17.21.52:806][756]LogWorld: Bringing up level for play took: 0.024534
[2017.10.05-17.21.52:811][756]PIE: Play in editor start time for /Game/ThirdPersonBP/Maps/UEDPIE_0_ThirdPersonExampleMap 0.546
[2017.10.05-17.21.52:812][756]LogBlueprintUserMessages: Late PlayInEditor Detection: Level '/Game/ThirdPersonBP/Maps/ThirdPersonExampleMap.ThirdPersonExampleMap:PersistentLevel' has LevelScriptBlueprint '/Game/ThirdPersonBP/Maps/ThirdPersonExampleMap.ThirdPersonExampleMap:PersistentLevel.ThirdPersonExampleMap' with GeneratedClass '/Game/ThirdPersonBP/Maps/ThirdPersonExampleMap.ThirdPersonExampleMap_C' with ClassGeneratedBy '/Game/ThirdPersonBP/Maps/ThirdPersonExampleMap.ThirdPersonExampleMap:PersistentLevel.ThirdPersonExampleMap'
[2017.10.05-17.22.03:567][ 71]LogScriptCore: Warning: Script Msg: Attempted to access index 0 from array 'CallFunc_GetOverlappingActors_OverlappingActors' of length 0 in '/Game/ThirdPersonBP/Blueprints/ThirdPersonCharacter.ThirdPersonCharacter_C:ExecuteUbergraph_ThirdPersonCharacter'!
[2017.10.05-17.22.03:568][ 71]LogScriptCore: Warning: Script Msg: Attempted to access index 0 from array 'CallFunc_GetOverlappingActors_OverlappingActors' of length 0 in '/Game/ThirdPersonBP/Blueprints/ThirdPersonCharacter.ThirdPersonCharacter_C:ExecuteUbergraph_ThirdPersonCharacter'!
[2017.10.05-17.22.03:568][ 71]LogBlueprintUserMessages: [ThirdPersonCharacter_167] 
[2017.10.05-17.22.10:815][291]LogBlueprintUserMessages: Early EndPlayMap Detection: Level '/Game/ThirdPersonBP/Maps/ThirdPersonExampleMap.ThirdPersonExampleMap:PersistentLevel' has LevelScriptBlueprint '/Game/ThirdPersonBP/Maps/ThirdPersonExampleMap.ThirdPersonExampleMap:PersistentLevel.ThirdPersonExampleMap' with GeneratedClass '/Game/ThirdPersonBP/Maps/ThirdPersonExampleMap.ThirdPersonExampleMap_C' with ClassGeneratedBy '/Game/ThirdPersonBP/Maps/ThirdPersonExampleMap.ThirdPersonExampleMap:PersistentLevel.ThirdPersonExampleMap'
[2017.10.05-17.22.10:921][291]LogBlueprintUserMessages: Late EndPlayMap Detection: Level '/Game/ThirdPersonBP/Maps/ThirdPersonExampleMap.ThirdPersonExampleMap:PersistentLevel' has LevelScriptBlueprint '/Game/ThirdPersonBP/Maps/ThirdPersonExampleMap.ThirdPersonExampleMap:PersistentLevel.ThirdPersonExampleMap' with GeneratedClass '/Game/ThirdPersonBP/Maps/ThirdPersonExampleMap.ThirdPersonExampleMap_C' with ClassGeneratedBy '/Game/ThirdPersonBP/Maps/ThirdPersonExampleMap.ThirdPersonExampleMap:PersistentLevel.ThirdPersonExampleMap'
[2017.10.05-17.22.15:728][432]LogEditorViewport: Clicking on Actor (context menu): StaticMeshActor (RightArm_StaticMesh)
[2017.10.05-17.22.18:670][513]LogEditorViewport: Clicking on Actor (LMB): ThirdPersonCharacter_C (ThirdPersonCharacter)
[2017.10.05-17.22.19:460][533]LogEditorViewport: Clicking on Actor (context menu): ThirdPersonCharacter_C (ThirdPersonCharacter)
[2017.10.05-17.25.06:190][417]LogProperty: Warning: Illegal TEXT reference to a private object in external package (StaticMeshActor /Game/ThirdPersonBP/Maps/ThirdPersonExampleMap.ThirdPersonExampleMap:PersistentLevel.Cube_2) from referencer (ThirdPersonCharacter_C /Game/ThirdPersonBP/Blueprints/ThirdPersonCharacter.Default__ThirdPersonCharacter_C).  Import failed...
[2017.10.05-17.25.06:191][417]LogProperty: Warning: Illegal TEXT reference to a private object in external package (StaticMeshActor /Game/ThirdPersonBP/Maps/ThirdPersonExampleMap.ThirdPersonExampleMap:PersistentLevel.Cube_2) from referencer (ThirdPersonCharacter_C /Engine/Transient.World_6:PersistentLevel.ThirdPersonCharacter_C_0).  Import failed...
[2017.10.05-17.25.06:192][417]LogProperty: Warning: Illegal TEXT reference to a private object in external package (StaticMeshActor /Game/ThirdPersonBP/Maps/ThirdPersonExampleMap.ThirdPersonExampleMap:PersistentLevel.Cube_2) from referencer (ThirdPersonCharacter_C /Engine/Transient.World_8:PersistentLevel.ThirdPersonCharacter_C_4).  Import failed...
[2017.10.05-17.25.11:387][483]LogProperty: Warning: Illegal TEXT reference to a private object in external package (StaticMeshActor /Game/ThirdPersonBP/Maps/ThirdPersonExampleMap.ThirdPersonExampleMap:PersistentLevel.Cube_2) from referencer (ThirdPersonCharacter_C /Game/ThirdPersonBP/Blueprints/ThirdPersonCharacter.Default__ThirdPersonCharacter_C).  Import failed...
[2017.10.05-17.25.11:388][483]LogProperty: Warning: Illegal TEXT reference to a private object in external package (StaticMeshActor /Game/ThirdPersonBP/Maps/ThirdPersonExampleMap.ThirdPersonExampleMap:PersistentLevel.Cube_2) from referencer (ThirdPersonCharacter_C /Engine/Transient.World_6:PersistentLevel.ThirdPersonCharacter_C_0).  Import failed...
[2017.10.05-17.25.11:388][483]LogProperty: Warning: Illegal TEXT reference to a private object in external package (StaticMeshActor /Game/ThirdPersonBP/Maps/ThirdPersonExampleMap.ThirdPersonExampleMap:PersistentLevel.Cube_2) from referencer (ThirdPersonCharacter_C /Engine/Transient.World_8:PersistentLevel.ThirdPersonCharacter_C_4).  Import failed...
[2017.10.05-17.25.22:830][589]LogTemp: Repeating last play command: Selected Viewport
[2017.10.05-17.25.22:907][589]LogBlueprintUserMessages: Early PlayInEditor Detection: Level '/Game/ThirdPersonBP/Maps/ThirdPersonExampleMap.ThirdPersonExampleMap:PersistentLevel' has LevelScriptBlueprint '/Game/ThirdPersonBP/Maps/ThirdPersonExampleMap.ThirdPersonExampleMap:PersistentLevel.ThirdPersonExampleMap' with GeneratedClass '/Game/ThirdPersonBP/Maps/ThirdPersonExampleMap.ThirdPersonExampleMap_C' with ClassGeneratedBy '/Game/ThirdPersonBP/Maps/ThirdPersonExampleMap.ThirdPersonExampleMap:PersistentLevel.ThirdPersonExampleMap'
[2017.10.05-17.25.22:907][589]BlueprintLog: New page: Pre-Play auto-recompile
[2017.10.05-17.25.22:940][589]LogPlayLevel: [PlayLevel] Compiling ThirdPersonCharacter before play...
[2017.10.05-17.25.23:679][589]LogPlayLevel: PlayLevel: Blueprint regeneration took 772 ms (1 blueprints)
[2017.10.05-17.25.23:680][589]PIE: New page: PIE session: ThirdPersonExampleMap (Oct 5, 2017, 9:25:23 AM)
[2017.10.05-17.25.23:680][589]LogPlayLevel: Creating play world package: /Game/ThirdPersonBP/Maps/UEDPIE_0_ThirdPersonExampleMap
[2017.10.05-17.25.23:734][589]LogPlayLevel: PIE: StaticDuplicateObject took: (0.053861s)
[2017.10.05-17.25.23:738][589]LogAIModule: Creating AISystem for world ThirdPersonExampleMap
[2017.10.05-17.25.23:739][589]LogPlayLevel: PIE: World Init took: (0.004458s)
[2017.10.05-17.25.23:740][589]LogPlayLevel: PIE: Created PIE world by copying editor world from /Game/ThirdPersonBP/Maps/ThirdPersonExampleMap.ThirdPersonExampleMap to /Game/ThirdPersonBP/Maps/UEDPIE_0_ThirdPersonExampleMap.ThirdPersonExampleMap (0.059467s)
[2017.10.05-17.25.23:835][589]LogInit: XAudio2 using 'Speakers (High Definition Audio Device)' : 2 channels at 44.1 kHz using 16 bits per sample (channel mask 0x3)
[2017.10.05-17.25.23:844][589]LogInit: FAudioDevice initialized.
[2017.10.05-17.25.23:877][589]LogLoad: Game class is 'ThirdPersonGameMode_C'
[2017.10.05-17.25.23:891][589]LogWorld: Bringing World /Game/ThirdPersonBP/Maps/UEDPIE_0_ThirdPersonExampleMap.ThirdPersonExampleMap up for play (max tick rate 0) at 2017.10.05-13.25.23
[2017.10.05-17.25.23:898][589]LogWorld: Bringing up level for play took: 0.019659
[2017.10.05-17.25.23:901][589]PIE: Play in editor start time for /Game/ThirdPersonBP/Maps/UEDPIE_0_ThirdPersonExampleMap 1.636
[2017.10.05-17.25.23:902][589]LogBlueprintUserMessages: Late PlayInEditor Detection: Level '/Game/ThirdPersonBP/Maps/ThirdPersonExampleMap.ThirdPersonExampleMap:PersistentLevel' has LevelScriptBlueprint '/Game/ThirdPersonBP/Maps/ThirdPersonExampleMap.ThirdPersonExampleMap:PersistentLevel.ThirdPersonExampleMap' with GeneratedClass '/Game/ThirdPersonBP/Maps/ThirdPersonExampleMap.ThirdPersonExampleMap_C' with ClassGeneratedBy '/Game/ThirdPersonBP/Maps/ThirdPersonExampleMap.ThirdPersonExampleMap:PersistentLevel.ThirdPersonExampleMap'
[2017.10.05-17.25.43:507][880]LogScriptCore: Warning: Script Msg: Attempted to access index 0 from array 'CallFunc_GetOverlappingActors_OverlappingActors' of length 0 in '/Game/ThirdPersonBP/Blueprints/ThirdPersonCharacter.ThirdPersonCharacter_C:ExecuteUbergraph_ThirdPersonCharacter'!
[2017.10.05-17.25.43:507][880]LogScriptCore: Warning: Script Msg: Attempted to access index 0 from array 'CallFunc_GetOverlappingActors_OverlappingActors' of length 0 in '/Game/ThirdPersonBP/Blueprints/ThirdPersonCharacter.ThirdPersonCharacter_C:ExecuteUbergraph_ThirdPersonCharacter'!
[2017.10.05-17.25.43:508][880]LogBlueprintUserMessages: [ThirdPersonCharacter_167] 
[2017.10.05-17.25.51:557][  2]LogBlueprintUserMessages: Early EndPlayMap Detection: Level '/Game/ThirdPersonBP/Maps/ThirdPersonExampleMap.ThirdPersonExampleMap:PersistentLevel' has LevelScriptBlueprint '/Game/ThirdPersonBP/Maps/ThirdPersonExampleMap.ThirdPersonExampleMap:PersistentLevel.ThirdPersonExampleMap' with GeneratedClass '/Game/ThirdPersonBP/Maps/ThirdPersonExampleMap.ThirdPersonExampleMap_C' with ClassGeneratedBy '/Game/ThirdPersonBP/Maps/ThirdPersonExampleMap.ThirdPersonExampleMap:PersistentLevel.ThirdPersonExampleMap'
[2017.10.05-17.25.51:889][  2]LogBlueprintUserMessages: Late EndPlayMap Detection: Level '/Game/ThirdPersonBP/Maps/ThirdPersonExampleMap.ThirdPersonExampleMap:PersistentLevel' has LevelScriptBlueprint '/Game/ThirdPersonBP/Maps/ThirdPersonExampleMap.ThirdPersonExampleMap:PersistentLevel.ThirdPersonExampleMap' with GeneratedClass '/Game/ThirdPersonBP/Maps/ThirdPersonExampleMap.ThirdPersonExampleMap_C' with ClassGeneratedBy '/Game/ThirdPersonBP/Maps/ThirdPersonExampleMap.ThirdPersonExampleMap:PersistentLevel.ThirdPersonExampleMap'
[2017.10.05-17.26.54:688][933]LogSlate: Took 0.000637 seconds to synchronously load lazily loaded font '../../../Engine/Content/Slate/Fonts/Roboto-Light.ttf' (159K)
[2017.10.05-17.27.08:259][ 69]LogActorComponent: UnregisterComponent: (/Engine/Transient.EditorFloorComp) Not registered. Aborting.
[2017.10.05-17.27.12:529][116]LogSavePackage: Save=109.12ms
[2017.10.05-17.27.12:529][116]LogSavePackage: Moving 'C:/Users/mack2/OneDrive/UMBC/GameDev/ProjectMatter/Matter/Saved/ThirdPersonCharacterA1D3CB8740E14E16F39AAE8A99C209C1.tmp' to 'C:/Users/mack2/OneDrive/UMBC/GameDev/ProjectMatter/Matter/Content/ThirdPersonBP/Blueprints/ThirdPersonCharacter.uasset'
[2017.10.05-17.27.12:542][116]LogSavePackage: Display: Finished SavePackage C:/Users/mack2/OneDrive/UMBC/GameDev/ProjectMatter/Matter/Content/ThirdPersonBP/Blueprints/ThirdPersonCharacter.uasset
[2017.10.05-17.27.13:249][116]LogSavePackage: Save=513.52ms
[2017.10.05-17.27.13:249][116]LogSavePackage: Moving 'C:/Users/mack2/OneDrive/UMBC/GameDev/ProjectMatter/Matter/Saved/ThirdPersonExampleMapD178E9C94290B69061948A898D12B7F6.tmp' to 'C:/Users/mack2/OneDrive/UMBC/GameDev/ProjectMatter/Matter/Content/ThirdPersonBP/Maps/ThirdPersonExampleMap.umap'
[2017.10.05-17.27.13:259][116]LogSavePackage: Display: Finished SavePackage C:/Users/mack2/OneDrive/UMBC/GameDev/ProjectMatter/Matter/Content/ThirdPersonBP/Maps/ThirdPersonExampleMap.umap
[2017.10.05-17.27.13:307][116]LogFileHelpers: Saving map 'ThirdPersonExampleMap' took 0.745
[2017.10.05-17.27.14:258][116]LogSavePackage: Save=904.69ms
[2017.10.05-17.27.14:258][116]LogSavePackage: Moving 'C:/Users/mack2/OneDrive/UMBC/GameDev/ProjectMatter/Matter/Saved/ThirdPersonExampleMap_BuiltData592FE0CD467CA8AAD6C3EB9326C4DF22.tmp' to 'C:/Users/mack2/OneDrive/UMBC/GameDev/ProjectMatter/Matter/Content/ThirdPersonBP/Maps/ThirdPersonExampleMap_BuiltData.uasset'
[2017.10.05-17.27.14:262][116]LogSavePackage: Display: Finished SavePackage C:/Users/mack2/OneDrive/UMBC/GameDev/ProjectMatter/Matter/Content/ThirdPersonBP/Maps/ThirdPersonExampleMap_BuiltData.uasset
[2017.10.05-17.27.14:336][116]Cmd: OBJ SAVEPACKAGE PACKAGE="/Game/triggerCube" FILE="C:/Users/mack2/OneDrive/UMBC/GameDev/ProjectMatter/Matter/Content/triggerCube.uasset" SILENT=true
[2017.10.05-17.27.14:376][116]LogSavePackage: Save=30.03ms
[2017.10.05-17.27.14:377][116]LogSavePackage: Moving 'C:/Users/mack2/OneDrive/UMBC/GameDev/ProjectMatter/Matter/Saved/triggerCubeDECABE8C4EA65403466B1DB7F854AB3C.tmp' to 'C:/Users/mack2/OneDrive/UMBC/GameDev/ProjectMatter/Matter/Content/triggerCube.uasset'
[2017.10.05-17.27.14:381][116]LogSavePackage: Display: Finished SavePackage C:/Users/mack2/OneDrive/UMBC/GameDev/ProjectMatter/Matter/Content/triggerCube.uasset
[2017.10.05-17.27.14:485][116]LogWindowsTextInputMethodSystem: Display: IME system now deactivated.
[2017.10.05-17.27.14:800][117]Cmd: QUIT_EDITOR
[2017.10.05-17.27.15:713][117]LogExit: Preparing to exit.
[2017.10.05-17.27.16:563][117]LogExit: Editor shut down
[2017.10.05-17.27.16:580][117]LogExit: Transaction tracking system shut down
[2017.10.05-17.27.16:815][117]LogDirectoryWatcher: A directory notification for '../../../Engine/Content/' was aborted.
[2017.10.05-17.27.16:816][117]LogDirectoryWatcher: A directory notification for 'C:/Users/mack2/OneDrive/UMBC/GameDev/ProjectMatter/Matter/Content/' was aborted.
[2017.10.05-17.27.16:816][117]LogDirectoryWatcher: A directory notification for '../../../Engine/Plugins/2D/Paper2D/Content/' was aborted.
[2017.10.05-17.27.16:816][117]LogDirectoryWatcher: A directory notification for '../../../Engine/Plugins/Runtime/Oculus/OculusVR/Content/' was aborted.
[2017.10.05-17.27.16:816][117]LogDirectoryWatcher: A directory notification for '../../../Engine/Plugins/Runtime/Steam/SteamVR/Content/' was aborted.
[2017.10.05-17.27.17:095][117]LogExit: Object subsystem successfully closed.
[2017.10.05-17.27.17:119][117]LogD3D11RHI: Shutdown
[2017.10.05-17.27.17:119][117]LogD3D11RHI: CleanupD3DDevice
[2017.10.05-17.27.17:125][117]LogD3D11RHI: ~FD3D11DynamicRHI
[2017.10.05-17.27.17:143][117]LogModuleManager: Shutting down and abandoning module HierarchicalLODUtilities (538)
[2017.10.05-17.27.17:143][117]LogModuleManager: Shutting down and abandoning module BlueprintGraph (536)
[2017.10.05-17.27.17:143][117]LogModuleManager: Shutting down and abandoning module BlueprintProfiler (534)
[2017.10.05-17.27.17:143][117]LogModuleManager: Shutting down and abandoning module MovieSceneCapture (532)
[2017.10.05-17.27.17:143][117]LogModuleManager: Shutting down and abandoning module HierarchicalLODOutliner (530)
[2017.10.05-17.27.17:143][117]LogModuleManager: Shutting down and abandoning module SceneOutliner (528)
[2017.10.05-17.27.17:143][117]LogModuleManager: Shutting down and abandoning module AddContentDialog (526)
[2017.10.05-17.27.17:143][117]LogDirectoryWatcher: A directory notification for 'D:/UnrealEngine/UE_4.17/FeaturePacks/' was aborted.
[2017.10.05-17.27.17:145][117]LogModuleManager: Shutting down and abandoning module WidgetCarousel (525)
[2017.10.05-17.27.17:145][117]LogModuleManager: Shutting down and abandoning module EditorWidgets (522)
[2017.10.05-17.27.17:145][117]LogModuleManager: Shutting down and abandoning module CollectionManager (520)
[2017.10.05-17.27.17:145][117]LogDirectoryWatcher: A directory notification for 'C:/Users/mack2/OneDrive/UMBC/GameDev/ProjectMatter/Matter/Content/Collections/' was aborted.
[2017.10.05-17.27.17:145][117]LogDirectoryWatcher: A directory notification for 'C:/Users/mack2/OneDrive/UMBC/GameDev/ProjectMatter/Matter/Content/Developers/mack2/Collections/' was aborted.
[2017.10.05-17.27.17:145][117]LogDirectoryWatcher: A directory notification for 'C:/Users/mack2/OneDrive/UMBC/GameDev/ProjectMatter/Matter/Saved/Collections/' was aborted.
[2017.10.05-17.27.17:146][117]LogModuleManager: Shutting down and abandoning module StatsViewer (518)
[2017.10.05-17.27.17:146][117]LogModuleManager: Shutting down and abandoning module FoliageEdit (516)
[2017.10.05-17.27.17:146][117]LogModuleManager: Shutting down and abandoning module LandscapeEditor (514)
[2017.10.05-17.27.17:146][117]LogModuleManager: Shutting down and abandoning module MeshPaintMode (512)
[2017.10.05-17.27.17:146][117]LogModuleManager: Shutting down and abandoning module SceneDepthPickerMode (510)
[2017.10.05-17.27.17:146][117]LogModuleManager: Shutting down and abandoning module ActorPickerMode (508)
[2017.10.05-17.27.17:146][117]LogModuleManager: Shutting down and abandoning module GeometryMode (506)
[2017.10.05-17.27.17:146][117]LogModuleManager: Shutting down and abandoning module TextureAlignMode (504)
[2017.10.05-17.27.17:146][117]LogModuleManager: Shutting down and abandoning module BspMode (502)
[2017.10.05-17.27.17:146][117]LogModuleManager: Shutting down and abandoning module PIEPreviewDeviceProfileSelector (500)
[2017.10.05-17.27.17:146][117]LogModuleManager: Shutting down and abandoning module HardwareSurvey (498)
[2017.10.05-17.27.17:146][117]LogModuleManager: Shutting down and abandoning module SequenceRecorderSections (496)
[2017.10.05-17.27.17:146][117]LogModuleManager: Shutting down and abandoning module AutomationWorker (494)
[2017.10.05-17.27.17:147][117]LogModuleManager: Shutting down and abandoning module MatineeToLevelSequence (492)
[2017.10.05-17.27.17:147][117]LogModuleManager: Shutting down and abandoning module LevelSequenceEditor (490)
[2017.10.05-17.27.17:147][117]LogModuleManager: Shutting down and abandoning module PlacementMode (489)
[2017.10.05-17.27.17:147][117]LogModuleManager: Shutting down and abandoning module WmfMediaFactory (486)
[2017.10.05-17.27.17:147][117]LogModuleManager: Shutting down and abandoning module WmfMediaEditor (484)
[2017.10.05-17.27.17:147][117]LogModuleManager: Shutting down and abandoning module AvfMediaFactory (482)
[2017.10.05-17.27.17:147][117]LogModuleManager: Shutting down and abandoning module AvfMediaEditor (480)
[2017.10.05-17.27.17:147][117]LogModuleManager: Shutting down and abandoning module AndroidMediaFactory (478)
[2017.10.05-17.27.17:147][117]LogModuleManager: Shutting down and abandoning module Media (477)
[2017.10.05-17.27.17:147][117]LogModuleManager: Shutting down and abandoning module AndroidMediaEditor (474)
[2017.10.05-17.27.17:147][117]LogModuleManager: Shutting down and abandoning module CharacterAI (472)
[2017.10.05-17.27.17:147][117]LogModuleManager: Shutting down and abandoning module AudioCapture (470)
[2017.10.05-17.27.17:147][117]LogModuleManager: Shutting down and abandoning module SequenceRecorder (469)
[2017.10.05-17.27.17:147][117]LogModuleManager: Shutting down and abandoning module SmartSnapping (466)
[2017.10.05-17.27.17:147][117]LogModuleManager: Shutting down and abandoning module SessionServices (464)
[2017.10.05-17.27.17:147][117]LogModuleManager: Shutting down and abandoning module ViewportSnapping (462)
[2017.10.05-17.27.17:147][117]LogModuleManager: Shutting down and abandoning module ViewportInteraction (460)
[2017.10.05-17.27.17:147][117]LogModuleManager: Shutting down and abandoning module ClothPainter (458)
[2017.10.05-17.27.17:148][117]LogModuleManager: Shutting down and abandoning module LogVisualizer (456)
[2017.10.05-17.27.17:148][117]LogModuleManager: Shutting down and abandoning module IntroTutorials (454)
[2017.10.05-17.27.17:148][117]LogModuleManager: Shutting down and abandoning module GameProjectGeneration (453)
[2017.10.05-17.27.17:148][117]LogModuleManager: Shutting down and abandoning module IOSPlatformEditor (450)
[2017.10.05-17.27.17:148][117]LogModuleManager: Shutting down and abandoning module HTML5PlatformEditor (448)
[2017.10.05-17.27.17:148][117]LogModuleManager: Shutting down and abandoning module AndroidPlatformEditor (446)
[2017.10.05-17.27.17:148][117]LogModuleManager: Shutting down and abandoning module AndroidDeviceDetection (445)
[2017.10.05-17.27.17:691][117]LogModuleManager: Shutting down and abandoning module WindowsPlatformEditor (442)
[2017.10.05-17.27.17:691][117]LogModuleManager: Shutting down and abandoning module IOSRuntimeSettings (440)
[2017.10.05-17.27.17:692][117]LogModuleManager: Shutting down and abandoning module AndroidRuntimeSettings (438)
[2017.10.05-17.27.17:692][117]LogModuleManager: Shutting down and abandoning module InputBindingEditor (436)
[2017.10.05-17.27.17:692][117]LogModuleManager: Shutting down and abandoning module MergeActors (434)
[2017.10.05-17.27.17:692][117]LogModuleManager: Shutting down and abandoning module SizeMap (432)
[2017.10.05-17.27.17:692][117]LogModuleManager: Shutting down and abandoning module TreeMap (430)
[2017.10.05-17.27.17:692][117]LogModuleManager: Shutting down and abandoning module ReferenceViewer (428)
[2017.10.05-17.27.17:692][117]LogModuleManager: Shutting down and abandoning module LocalizationDashboard (426)
[2017.10.05-17.27.17:692][117]LogModuleManager: Shutting down and abandoning module LocalizationService (425)
[2017.10.05-17.27.17:693][117]LogModuleManager: Shutting down and abandoning module HardwareTargeting (422)
[2017.10.05-17.27.17:693][117]LogModuleManager: Shutting down and abandoning module DeviceProfileEditor (420)
[2017.10.05-17.27.17:693][117]LogModuleManager: Shutting down and abandoning module UndoHistory (418)
[2017.10.05-17.27.17:693][117]LogModuleManager: Shutting down and abandoning module XmlParser (416)
[2017.10.05-17.27.17:693][117]LogModuleManager: Shutting down and abandoning module Blutility (414)
[2017.10.05-17.27.17:693][117]LogModuleManager: Shutting down and abandoning module ProjectSettingsViewer (412)
[2017.10.05-17.27.17:693][117]LogModuleManager: Shutting down and abandoning module ProjectTargetPlatformEditor (411)
[2017.10.05-17.27.17:694][117]LogModuleManager: Shutting down and abandoning module EditorSettingsViewer (408)
[2017.10.05-17.27.17:694][117]LogModuleManager: Shutting down and abandoning module SettingsEditor (406)
[2017.10.05-17.27.17:694][117]LogModuleManager: Shutting down and abandoning module ProjectLauncher (404)
[2017.10.05-17.27.17:694][117]LogModuleManager: Shutting down and abandoning module SessionFrontend (402)
[2017.10.05-17.27.17:694][117]LogModuleManager: Shutting down and abandoning module ProfilerClient (400)
[2017.10.05-17.27.17:695][117]LogModuleManager: Shutting down and abandoning module DeviceManager (398)
[2017.10.05-17.27.17:695][117]LogModuleManager: Shutting down and abandoning module TargetDeviceServices (397)
[2017.10.05-17.27.17:760][117]LogModuleManager: Shutting down and abandoning module AutomationController (394)
[2017.10.05-17.27.17:760][117]LogModuleManager: Shutting down and abandoning module AutomationWindow (392)
[2017.10.05-17.27.17:760][117]LogModuleManager: Shutting down and abandoning module Layers (390)
[2017.10.05-17.27.17:760][117]LogModuleManager: Shutting down and abandoning module ComponentVisualizers (388)
[2017.10.05-17.27.17:760][117]LogModuleManager: Shutting down and abandoning module DetailCustomizations (386)
[2017.10.05-17.27.17:761][117]LogModuleManager: Shutting down and abandoning module PackagesDialog (384)
[2017.10.05-17.27.17:761][117]LogModuleManager: Shutting down and abandoning module Persona (382)
[2017.10.05-17.27.17:761][117]LogModuleManager: Shutting down and abandoning module AdvancedPreviewScene (381)
[2017.10.05-17.27.17:761][117]LogModuleManager: Shutting down and abandoning module AnimGraph (379)
[2017.10.05-17.27.17:761][117]LogModuleManager: Shutting down and abandoning module Kismet (376)
[2017.10.05-17.27.17:788][117]LogModuleManager: Shutting down and abandoning module ClassViewer (374)
[2017.10.05-17.27.17:789][117]LogModuleManager: Shutting down and abandoning module Toolbox (372)
[2017.10.05-17.27.17:789][117]LogModuleManager: Shutting down and abandoning module ModuleUI (370)
[2017.10.05-17.27.17:789][117]LogModuleManager: Shutting down and abandoning module MovieSceneTools (368)
[2017.10.05-17.27.17:789][117]LogModuleManager: Shutting down and abandoning module OutputLog (366)
[2017.10.05-17.27.17:789][117]LogModuleManager: Shutting down and abandoning module GammaUI (364)
[2017.10.05-17.27.17:790][117]LogModuleManager: Shutting down and abandoning module Documentation (362)
[2017.10.05-17.27.17:790][117]LogModuleManager: Shutting down and abandoning module MovieSceneTracks (360)
[2017.10.05-17.27.17:790][117]LogModuleManager: Shutting down and abandoning module MovieScene (358)
[2017.10.05-17.27.17:790][117]LogModuleManager: Shutting down and abandoning module Niagara (356)
[2017.10.05-17.27.17:790][117]LogModuleManager: Shutting down and abandoning module NiagaraEditor (355)
[2017.10.05-17.27.17:791][117]LogModuleManager: Shutting down and abandoning module StreamingPauseRendering (352)
[2017.10.05-17.27.17:791][117]LogModuleManager: Shutting down and abandoning module LauncherPlatform (350)
[2017.10.05-17.27.17:791][117]LogModuleManager: Shutting down and abandoning module AnalyticsET (348)
[2017.10.05-17.27.17:791][117]LogModuleManager: Shutting down and abandoning module PortalServices (346)
[2017.10.05-17.27.17:791][117]LogModuleManager: Shutting down and abandoning module PortalRpc (344)
[2017.10.05-17.27.17:791][117]LogModuleManager: Shutting down and abandoning module MessagingRpc (342)
[2017.10.05-17.27.17:791][117]LogModuleManager: Shutting down and abandoning module AIModule (340)
[2017.10.05-17.27.17:791][117]LogModuleManager: Shutting down and abandoning module GameplayDebugger (339)
[2017.10.05-17.27.17:792][117]LogModuleManager: Shutting down and abandoning module AITestSuite (337)
[2017.10.05-17.27.17:792][117]LogModuleManager: Shutting down and abandoning module ProfilerService (334)
[2017.10.05-17.27.17:905][117]LogModuleManager: Shutting down and abandoning module TaskGraph (332)
[2017.10.05-17.27.17:905][117]LogModuleManager: Shutting down and abandoning module SteamVRController (330)
[2017.10.05-17.27.17:905][117]LogModuleManager: Shutting down and abandoning module ProceduralMeshComponentEditor (328)
[2017.10.05-17.27.17:905][117]LogModuleManager: Shutting down and abandoning module ProceduralMeshComponent (326)
[2017.10.05-17.27.17:905][117]LogModuleManager: Shutting down and abandoning module OculusInput (324)
[2017.10.05-17.27.17:905][117]LogModuleManager: Shutting down and abandoning module MobilePatchingUtils (322)
[2017.10.05-17.27.17:905][117]LogModuleManager: Shutting down and abandoning module CustomMeshComponent (320)
[2017.10.05-17.27.17:905][117]LogModuleManager: Shutting down and abandoning module CableComponent (318)
[2017.10.05-17.27.17:905][117]LogModuleManager: Shutting down and abandoning module ArchVisCharacter (316)
[2017.10.05-17.27.17:905][117]LogModuleManager: Shutting down and abandoning module AndroidPermission (314)
[2017.10.05-17.27.17:906][117]LogModuleManager: Shutting down and abandoning module MediaPlayerEditor (310)
[2017.10.05-17.27.17:906][117]LogModuleManager: Shutting down and abandoning module HTML5Networking (308)
[2017.10.05-17.27.17:906][117]LogModuleManager: Shutting down and abandoning module AlembicImporter (306)
[2017.10.05-17.27.17:906][117]LogModuleManager: Shutting down and abandoning module AlembicLibrary (305)
[2017.10.05-17.27.17:907][117]LogModuleManager: Shutting down and abandoning module GeometryCache (304)
[2017.10.05-17.27.17:907][117]LogModuleManager: Shutting down and abandoning module GeometryCacheEd (303)
[2017.10.05-17.27.17:907][117]LogModuleManager: Shutting down and abandoning module SpeedTreeImporter (298)
[2017.10.05-17.27.17:907][117]LogModuleManager: Shutting down and abandoning module PluginBrowser (296)
[2017.10.05-17.27.17:908][117]LogModuleManager: Shutting down and abandoning module MobileLauncherProfileWizard (294)
[2017.10.05-17.27.17:908][117]LogModuleManager: Shutting down and abandoning module VisualStudioSourceCodeAccess (292)
[2017.10.05-17.27.17:908][117]LogModuleManager: Shutting down and abandoning module DesktopPlatform (291)
[2017.10.05-17.27.17:908][117]LogModuleManager: Shutting down and abandoning module UObjectPlugin (288)
[2017.10.05-17.27.17:908][117]LogModuleManager: Shutting down and abandoning module SubversionSourceControl (286)
[2017.10.05-17.27.17:909][117]LogModuleManager: Shutting down and abandoning module PerforceSourceControl (284)
[2017.10.05-17.27.17:909][117]LogModuleManager: Shutting down and abandoning module GitSourceControl (282)
[2017.10.05-17.27.17:910][117]LogModuleManager: Shutting down and abandoning module SourceControl (281)
[2017.10.05-17.27.17:911][117]LogModuleManager: Shutting down and abandoning module LightPropagationVolumeEditor (278)
[2017.10.05-17.27.17:911][117]LogModuleManager: Shutting down and abandoning module PaperTiledImporter (276)
[2017.10.05-17.27.17:911][117]LogModuleManager: Shutting down and abandoning module PaperSpriteSheetImporter (274)
[2017.10.05-17.27.17:911][117]LogModuleManager: Shutting down and abandoning module Paper2DEditor (272)
[2017.10.05-17.27.17:911][117]LogModuleManager: Shutting down and abandoning module MeshPaint (271)
[2017.10.05-17.27.17:912][117]LogModuleManager: Shutting down and abandoning module LevelEditor (269)
[2017.10.05-17.27.17:914][117]LogModuleManager: Shutting down and abandoning module PixelInspectorModule (268)
[2017.10.05-17.27.17:914][117]LogModuleManager: Shutting down and abandoning module MainFrame (266)
[2017.10.05-17.27.17:915][117]LogModuleManager: Shutting down and abandoning module HotReload (265)
[2017.10.05-17.27.17:916][117]LogModuleManager: Shutting down and abandoning module RuntimePhysXCooking (260)
[2017.10.05-17.27.17:916][117]LogModuleManager: Shutting down and abandoning module PhysXVehiclesEditor (258)
[2017.10.05-17.27.17:916][117]LogModuleManager: Shutting down and abandoning module PhysXVehicles (256)
[2017.10.05-17.27.17:916][117]LogModuleManager: Shutting down and abandoning module OculusEditor (254)
[2017.10.05-17.27.17:916][117]LogModuleManager: Shutting down and abandoning module LocationServicesBPLibrary (252)
[2017.10.05-17.27.17:916][117]LogModuleManager: Shutting down and abandoning module ImmediatePhysicsEditor (250)
[2017.10.05-17.27.17:916][117]LogModuleManager: Shutting down and abandoning module ImmediatePhysics (248)
[2017.10.05-17.27.17:916][117]LogModuleManager: Shutting down and abandoning module UdpMessaging (246)
[2017.10.05-17.27.18:017][117]LogModuleManager: Shutting down and abandoning module TcpMessaging (244)
[2017.10.05-17.27.18:117][117]LogModuleManager: Shutting down and abandoning module GameplayTagsEditor (242)
[2017.10.05-17.27.18:117][117]LogModuleManager: Shutting down and abandoning module FacialAnimationEditor (240)
[2017.10.05-17.27.18:117][117]LogModuleManager: Shutting down and abandoning module FacialAnimation (238)
[2017.10.05-17.27.18:117][117]LogModuleManager: Shutting down and abandoning module AssetManagerEditor (236)
[2017.10.05-17.27.18:117][117]LogModuleManager: Shutting down and abandoning module GraphEditor (235)
[2017.10.05-17.27.18:118][117]LogModuleManager: Shutting down and abandoning module ContentBrowser (233)
[2017.10.05-17.27.18:119][117]LogModuleManager: Shutting down and abandoning module LightPropagationVolumeRuntime (230)
[2017.10.05-17.27.18:119][117]LogModuleManager: Shutting down and abandoning module Paper2D (228)
[2017.10.05-17.27.18:120][117]LogModuleManager: Shutting down and abandoning module WindowsMoviePlayer (226)
[2017.10.05-17.27.18:120][117]LogModuleManager: Shutting down and abandoning module WmfMedia (224)
[2017.10.05-17.27.18:120][117]LogModuleManager: Shutting down and abandoning module PacketHandler (222)
[2017.10.05-17.27.18:120][117]LogModuleManager: Shutting down and abandoning module ClothingSystemEditor (220)
[2017.10.05-17.27.18:120][117]LogModuleManager: Shutting down and abandoning module ClothingSystemRuntime (218)
[2017.10.05-17.27.18:120][117]LogModuleManager: Shutting down and abandoning module Overlay (216)
[2017.10.05-17.27.18:120][117]LogModuleManager: Shutting down and abandoning module OverlayEditor (215)
[2017.10.05-17.27.18:120][117]LogModuleManager: Shutting down and abandoning module MediaAssets (212)
[2017.10.05-17.27.18:120][117]LogModuleManager: Shutting down and abandoning module VREditor (210)
[2017.10.05-17.27.18:120][117]LogModuleManager: Shutting down and abandoning module StringTableEditor (208)
[2017.10.05-17.27.18:120][117]LogModuleManager: Shutting down and abandoning module GameplayTasksEditor (206)
[2017.10.05-17.27.18:120][117]LogModuleManager: Shutting down and abandoning module BehaviorTreeEditor (204)
[2017.10.05-17.27.18:120][117]LogModuleManager: Shutting down and abandoning module FunctionalTesting (202)
[2017.10.05-17.27.18:120][117]LogModuleManager: Shutting down and abandoning module CollisionAnalyzer (200)
[2017.10.05-17.27.18:120][117]LogModuleManager: Shutting down and abandoning module WorkspaceMenuStructure (199)
[2017.10.05-17.27.18:120][117]LogModuleManager: Shutting down and abandoning module UMG (196)
[2017.10.05-17.27.18:120][117]LogModuleManager: Shutting down and abandoning module UMGEditor (195)
[2017.10.05-17.27.18:121][117]LogModuleManager: Shutting down and abandoning module Sequencer (194)
[2017.10.05-17.27.18:121][117]LogModuleManager: Shutting down and abandoning module MessageLog (191)
[2017.10.05-17.27.18:121][117]LogModuleManager: Shutting down and abandoning module SlateReflector (186)
[2017.10.05-17.27.18:121][117]LogModuleManager: Shutting down and abandoning module Slate (184)
[2017.10.05-17.27.18:121][117]LogModuleManager: Shutting down and abandoning module EditorStyle (182)
[2017.10.05-17.27.18:127][117]LogModuleManager: Shutting down and abandoning module MRMesh (180)
[2017.10.05-17.27.18:127][117]LogModuleManager: Shutting down and abandoning module SourceCodeAccess (178)
[2017.10.05-17.27.18:128][117]LogModuleManager: Shutting down and abandoning module HeadMountedDisplay (176)
[2017.10.05-17.27.18:128][117]LogModuleManager: Shutting down and abandoning module XAudio2 (174)
[2017.10.05-17.27.18:128][117]LogModuleManager: Shutting down and abandoning module Networking (172)
[2017.10.05-17.27.18:128][117]LogModuleManager: Shutting down and abandoning module Core (168)
[2017.10.05-17.27.18:128][117]LogModuleManager: Shutting down and abandoning module KismetCompiler (164)
[2017.10.05-17.27.18:128][117]LogModuleManager: Shutting down and abandoning module LevelSequence (162)
[2017.10.05-17.27.18:128][117]LogModuleManager: Shutting down and abandoning module MeshUtilities (160)
[2017.10.05-17.27.18:128][117]LogModuleManager: Shutting down and abandoning module MeshMergeUtilities (159)
[2017.10.05-17.27.18:128][117]LogModuleManager: Shutting down and abandoning module MeshReductionInterface (158)
[2017.10.05-17.27.18:128][117]LogModuleManager: Shutting down and abandoning module SimplygonSwarm (157)
[2017.10.05-17.27.18:128][117]LogModuleManager: Shutting down and abandoning module SimplygonMeshReduction (155)
[2017.10.05-17.27.18:128][117]LogModuleManager: Shutting down and abandoning module QuadricMeshReduction (153)
[2017.10.05-17.27.18:128][117]LogModuleManager: Shutting down and abandoning module MaterialBaking (149)
[2017.10.05-17.27.18:128][117]LogModuleManager: Shutting down and abandoning module DirectoryWatcher (146)
[2017.10.05-17.27.18:129][117]LogModuleManager: Shutting down and abandoning module DerivedDataCache (144)
[2017.10.05-17.27.18:156][117]LogDerivedDataCache: Shutdown
[2017.10.05-17.27.18:157][117]LogModuleManager: Shutting down and abandoning module TargetPlatform (142)
[2017.10.05-17.27.18:157][117]LogModuleManager: Shutting down and abandoning module VulkanShaderFormat (141)
[2017.10.05-17.27.18:157][117]LogModuleManager: Shutting down and abandoning module ShaderFormatVectorVM (139)
[2017.10.05-17.27.18:157][117]LogModuleManager: Shutting down and abandoning module ShaderFormatOpenGL (137)
[2017.10.05-17.27.18:157][117]LogModuleManager: Shutting down and abandoning module ShaderFormatD3D (135)
[2017.10.05-17.27.18:157][117]LogModuleManager: Shutting down and abandoning module MetalShaderFormat (133)
[2017.10.05-17.27.18:157][117]LogModuleManager: Shutting down and abandoning module TextureFormatUncompressed (131)
[2017.10.05-17.27.18:157][117]LogModuleManager: Shutting down and abandoning module TextureFormatPVR (129)
[2017.10.05-17.27.18:157][117]LogModuleManager: Shutting down and abandoning module TextureFormatDXT (127)
[2017.10.05-17.27.18:157][117]LogModuleManager: Shutting down and abandoning module TextureFormatIntelISPCTexComp (125)
[2017.10.05-17.27.18:157][117]LogModuleManager: Shutting down and abandoning module TextureFormatASTC (123)
[2017.10.05-17.27.18:158][117]LogModuleManager: Shutting down and abandoning module ImageWrapper (122)
[2017.10.05-17.27.18:158][117]LogModuleManager: Shutting down and abandoning module TextureFormatAndroid (119)
[2017.10.05-17.27.18:158][117]LogModuleManager: Shutting down and abandoning module AudioFormatOpus (117)
[2017.10.05-17.27.18:158][117]LogModuleManager: Shutting down and abandoning module AudioFormatOgg (115)
[2017.10.05-17.27.18:158][117]LogModuleManager: Shutting down and abandoning module AudioFormatADPCM (113)
[2017.10.05-17.27.18:158][117]LogModuleManager: Shutting down and abandoning module LinuxTargetPlatform (111)
[2017.10.05-17.27.18:158][117]LogModuleManager: Shutting down and abandoning module LinuxServerTargetPlatform (109)
[2017.10.05-17.27.18:158][117]LogModuleManager: Shutting down and abandoning module LinuxNoEditorTargetPlatform (107)
[2017.10.05-17.27.18:158][117]LogModuleManager: Shutting down and abandoning module LinuxClientTargetPlatform (105)
[2017.10.05-17.27.18:158][117]LogModuleManager: Shutting down and abandoning module TVOSTargetPlatform (103)
[2017.10.05-17.27.18:158][117]LogModuleManager: Shutting down and abandoning module Messaging (101)
[2017.10.05-17.27.18:158][117]LogModuleManager: Shutting down and abandoning module IOSTargetPlatform (99)
[2017.10.05-17.27.18:158][117]LogModuleManager: Shutting down and abandoning module HTML5TargetPlatform (97)
[2017.10.05-17.27.18:158][117]LogModuleManager: Shutting down and abandoning module Android_PVRTCTargetPlatform (95)
[2017.10.05-17.27.18:158][117]LogModuleManager: Shutting down and abandoning module Android_MultiTargetPlatform (93)
[2017.10.05-17.27.18:159][117]LogModuleManager: Shutting down and abandoning module Android_ETC2TargetPlatform (91)
[2017.10.05-17.27.18:159][117]LogModuleManager: Shutting down and abandoning module Android_ETC1TargetPlatform (89)
[2017.10.05-17.27.18:159][117]LogModuleManager: Shutting down and abandoning module Android_DXTTargetPlatform (87)
[2017.10.05-17.27.18:159][117]LogModuleManager: Shutting down and abandoning module Android_ATCTargetPlatform (85)
[2017.10.05-17.27.18:159][117]LogModuleManager: Shutting down and abandoning module Android_ASTCTargetPlatform (83)
[2017.10.05-17.27.18:159][117]LogModuleManager: Shutting down and abandoning module AndroidTargetPlatform (81)
[2017.10.05-17.27.18:159][117]LogModuleManager: Shutting down and abandoning module WindowsTargetPlatform (79)
[2017.10.05-17.27.18:159][117]LogModuleManager: Shutting down and abandoning module WindowsServerTargetPlatform (77)
[2017.10.05-17.27.18:159][117]LogModuleManager: Shutting down and abandoning module WindowsNoEditorTargetPlatform (75)
[2017.10.05-17.27.18:159][117]LogModuleManager: Shutting down and abandoning module WindowsClientTargetPlatform (73)
[2017.10.05-17.27.18:159][117]LogModuleManager: Shutting down and abandoning module MacTargetPlatform (71)
[2017.10.05-17.27.18:159][117]LogModuleManager: Shutting down and abandoning module MacServerTargetPlatform (69)
[2017.10.05-17.27.18:159][117]LogModuleManager: Shutting down and abandoning module MacNoEditorTargetPlatform (67)
[2017.10.05-17.27.18:159][117]LogModuleManager: Shutting down and abandoning module MacClientTargetPlatform (65)
[2017.10.05-17.27.18:159][117]LogModuleManager: Shutting down and abandoning module AllDesktopTargetPlatform (63)
[2017.10.05-17.27.18:159][117]LogModuleManager: Shutting down and abandoning module InputCore (60)
[2017.10.05-17.27.18:160][117]LogModuleManager: Shutting down and abandoning module Settings (58)
[2017.10.05-17.27.18:160][117]LogModuleManager: Shutting down and abandoning module PhysXCooking (56)
[2017.10.05-17.27.18:160][117]LogModuleManager: Shutting down and abandoning module SteamVR (54)
[2017.10.05-17.27.18:160][117]LogModuleManager: Shutting down and abandoning module OculusHMD (52)
[2017.10.05-17.27.18:160][117]LogModuleManager: Shutting down and abandoning module ExampleDeviceProfileSelector (50)
[2017.10.05-17.27.18:160][117]LogModuleManager: Shutting down and abandoning module OnlineBlueprintSupport (48)
[2017.10.05-17.27.18:160][117]LogModuleManager: Shutting down and abandoning module OnlineSubsystem (44)
[2017.10.05-17.27.18:160][117]LogOnline: Display: Unloading online subsystem: NULL
[2017.10.05-17.27.18:160][117]LogModuleManager: Shutting down and abandoning module XMPP (43)
[2017.10.05-17.27.18:160][117]LogModuleManager: Shutting down and abandoning module HTTP (41)
[2017.10.05-17.27.18:160][117]LogHttp: Display: Http module shutting down, but needs to wait on 1 outstanding Http requests:
[2017.10.05-17.27.18:161][117]LogHttp: Display: 	verb=[POST] url=[https://datarouter.ol.epicgames.com/datarouter/api/v1/public/data?SessionID=%7BD671AE3B-4DFB-3915-7815-62B0764DC6B7%7D&AppID=UEEditor.Rocket.Release&AppVersion=4.17.1-3586342%2B%2B%2BUE4%2BRelease-4.17&UserID=9c6edd15469635af902232b31d49d6d1%7C112b9139633d4feeb1a0a2d84be6e82d%7Ca1c907f8-41a3-485b-8e1a-175be3fb7e99&AppEnvironment=datacollector-binary&UploadType=eteventstream] status=Processing
[2017.10.05-17.27.18:182][117]LogModuleManager: Shutting down and abandoning module SSL (40)
[2017.10.05-17.27.18:186][117]LogModuleManager: Shutting down and abandoning module AnimationModifiers (36)
[2017.10.05-17.27.18:187][117]LogModuleManager: Shutting down and abandoning module PropertyEditor (35)
[2017.10.05-17.27.18:187][117]LogModuleManager: Shutting down and abandoning module AudioEditor (32)
[2017.10.05-17.27.18:187][117]LogModuleManager: Shutting down and abandoning module TextureCompressor (30)
[2017.10.05-17.27.18:187][117]LogModuleManager: Shutting down and abandoning module ShaderCore (28)
[2017.10.05-17.27.18:187][117]LogModuleManager: Shutting down and abandoning module Landscape (26)
[2017.10.05-17.27.18:188][117]LogModuleManager: Shutting down and abandoning module SlateRHIRenderer (24)
[2017.10.05-17.27.18:201][117]LogModuleManager: Shutting down and abandoning module OpenGLDrv (22)
[2017.10.05-17.27.18:201][117]LogModuleManager: Shutting down and abandoning module D3D11RHI (20)
[2017.10.05-17.27.18:201][117]LogModuleManager: Shutting down and abandoning module AnimGraphRuntime (18)
[2017.10.05-17.27.18:201][117]LogModuleManager: Shutting down and abandoning module Renderer (16)
[2017.10.05-17.27.18:201][117]LogModuleManager: Shutting down and abandoning module Engine (14)
[2017.10.05-17.27.18:201][117]LogModuleManager: Shutting down and abandoning module CoreUObject (12)
[2017.10.05-17.27.18:202][117]LogModuleManager: Shutting down and abandoning module NetworkFile (10)
[2017.10.05-17.27.18:202][117]LogModuleManager: Shutting down and abandoning module CookedIterativeFile (8)
[2017.10.05-17.27.18:202][117]LogModuleManager: Shutting down and abandoning module StreamingFile (6)
[2017.10.05-17.27.18:202][117]LogModuleManager: Shutting down and abandoning module SandboxFile (4)
[2017.10.05-17.27.18:202][117]LogModuleManager: Shutting down and abandoning module PakFile (2)
[2017.10.05-17.27.18:207][117]LogExit: Exiting.
[2017.10.05-17.27.18:302][117]Log file closed, 10/05/17 13:27:18
