Log file open, 09/29/17 17:39:37
LogWindows: LoadLibraryWithSearchPaths failed for file aqProf.dll. GetLastError=0
LogWindows: LoadLibraryWithSearchPaths failed for file VSPerf140.dll. GetLastError=0
LogWindows: LoadLibraryWithSearchPaths failed for file VtuneApi.dll. GetLastError=0
LogWindows: LoadLibraryWithSearchPaths failed for file VtuneApi32e.dll. GetLastError=0
LogInit: Display: Running engine for game: Matter
LogPlatformFile: Not using cached read wrapper
LogInit: Display: RandInit(149349882) SRandInit(149349882).
LogTaskGraph: Started task graph with 5 named threads and 8 total threads with 3 sets of task threads.
LogStats: Stats thread started at 0.131715
LogD3D11RHI: Aftermath initialized
LogPluginManager: Mounting plugin Paper2D
LogPluginManager: Mounting plugin LightPropagationVolume
LogPluginManager: Mounting plugin CodeLiteSourceCodeAccess
LogPluginManager: Mounting plugin GitSourceControl
LogPluginManager: Mounting plugin KDevelopSourceCodeAccess
LogPluginManager: Mounting plugin NullSourceCodeAccess
LogPluginManager: Mounting plugin PerforceSourceControl
LogPluginManager: Mounting plugin SubversionSourceControl
LogPluginManager: Mounting plugin UObjectPlugin
LogPluginManager: Mounting plugin VisualStudioSourceCodeAccess
LogPluginManager: Mounting plugin XCodeSourceCodeAccess
LogPluginManager: Mounting plugin AssetManagerEditor
LogPluginManager: Mounting plugin AudioCapture
LogPluginManager: Mounting plugin FacialAnimation
LogPluginManager: Mounting plugin GameplayTagsEditor
LogPluginManager: Mounting plugin MobileLauncherProfileWizard
LogPluginManager: Mounting plugin PluginBrowser
LogPluginManager: Mounting plugin SpeedTreeImporter
LogPluginManager: Mounting plugin AlembicImporter
LogPluginManager: Mounting plugin CharacterAI
LogPluginManager: Mounting plugin HTML5Networking
LogPluginManager: Mounting plugin AndroidMedia
LogPluginManager: Mounting plugin AvfMedia
LogPluginManager: Mounting plugin MediaPlayerEditor
LogPluginManager: Mounting plugin WmfMedia
LogPluginManager: Mounting plugin TcpMessaging
LogPluginManager: Mounting plugin UdpMessaging
LogPluginManager: Mounting plugin LevelSequenceEditor
LogPluginManager: Mounting plugin MatineeToLevelSequence
LogPluginManager: Mounting plugin OnlineSubsystemGooglePlay
LogPluginManager: Mounting plugin OnlineSubsystemIOS
LogPluginManager: Mounting plugin OnlineSubsystem
LogPluginManager: Mounting plugin OnlineSubsystemNull
LogPluginManager: Mounting plugin OnlineSubsystemUtils
LogPluginManager: Mounting plugin AndroidDeviceProfileSelector
LogPluginManager: Mounting plugin AndroidMoviePlayer
LogPluginManager: Mounting plugin AndroidPermission
LogPluginManager: Mounting plugin AppleMoviePlayer
LogPluginManager: Mounting plugin ArchVisCharacter
LogPluginManager: Mounting plugin CableComponent
LogPluginManager: Mounting plugin CustomMeshComponent
LogPluginManager: Mounting plugin ExampleDeviceProfileSelector
LogPluginManager: Mounting plugin GoogleCloudMessaging
LogPluginManager: Mounting plugin ImmediatePhysics
LogPluginManager: Mounting plugin IOSDeviceProfileSelector
LogPluginManager: Mounting plugin LinuxDeviceProfileSelector
LogPluginManager: Mounting plugin LocationServicesBPLibrary
LogPluginManager: Mounting plugin MobilePatchingUtils
LogPluginManager: Mounting plugin OculusVR
LogPluginManager: Mounting plugin PhysXVehicles
LogPluginManager: Mounting plugin ProceduralMeshComponent
LogPluginManager: Mounting plugin RuntimePhysXCooking
LogPluginManager: Mounting plugin SteamVR
LogPluginManager: Mounting plugin WindowsMoviePlayer
LogInit: Using libcurl 7.47.1
LogInit:  - built for x86_64-pc-win32
LogInit:  - supports SSL with OpenSSL/1.0.2g
LogInit:  - supports HTTP deflate (compression) using libz 1.2.8
LogInit:  - other features:
LogInit:      CURL_VERSION_SSL
LogInit:      CURL_VERSION_LIBZ
LogInit:      CURL_VERSION_IPV6
LogInit:      CURL_VERSION_ASYNCHDNS
LogInit:      CURL_VERSION_LARGEFILE
LogInit:      CURL_VERSION_IDN
LogInit:  CurlRequestOptions (configurable via config and command line):
LogInit:  - bVerifyPeer = false  - Libcurl will NOT verify peer certificate
LogInit:  - bUseHttpProxy = false  - Libcurl will NOT use HTTP proxy
LogInit:  - bDontReuseConnections = false  - Libcurl will reuse connections
LogInit:  - CertBundlePath = nullptr  - Libcurl will use whatever was configured at build time.
LogInit: Build: ++UE4+Release-4.17-CL-3586342
LogInit: Engine Version: 4.17.1-3586342+++UE4+Release-4.17
LogInit: Compatible Engine Version: 4.17.0-3573198+++UE4+Release-4.17
LogInit: Net CL: 3573198
LogDevObjectVersion: Number of dev versions registered: 16
LogDevObjectVersion:   Dev-Blueprints (B0D832E4-1F89-4F0D-ACCF-7EB736FD4AA2): 10
LogDevObjectVersion:   Dev-Build (E1C64328-A22C-4D53-A36C-8E866417BD8C): 0
LogDevObjectVersion:   Dev-Core (375EC13C-06E4-48FB-B500-84F0262A717E): 2
LogDevObjectVersion:   Dev-Editor (E4B068ED-F494-42E9-A231-DA0B2E46BB41): 20
LogDevObjectVersion:   Dev-Framework (CFFC743F-43B0-4480-9391-14DF171D2073): 28
LogDevObjectVersion:   Dev-Mobile (B02B49B5-BB20-44E9-A304-32B752E40360): 0
LogDevObjectVersion:   Dev-Networking (A4E4105C-59A1-49B5-A7C5-40C4547EDFEE): 0
LogDevObjectVersion:   Dev-Online (39C831C9-5AE6-47DC-9A44-9C173E1C8E7C): 0
LogDevObjectVersion:   Dev-Physics (78F01B33-EBEA-4F98-B9B4-84EACCB95AA2): 0
LogDevObjectVersion:   Dev-Platform (6631380F-2D4D-43E0-8009-CF276956A95A): 0
LogDevObjectVersion:   Dev-Rendering (12F88B9F-8875-4AFC-A67C-D90C383ABD29): 19
LogDevObjectVersion:   Dev-Sequencer (7B5AE74C-D270-4C10-A958-57980B212A5A): 4
LogDevObjectVersion:   Dev-VR (D7296918-1DD6-4BDD-9DE2-64A83CC13884): 0
LogDevObjectVersion:   Dev-LoadTimes (C2A15278-BFE7-4AFE-6C17-90FF531DF755): 1
LogDevObjectVersion:   Private-Geometry (6EACA3D4-40EC-4CC1-B786-8BED09428FC5): 1
LogDevObjectVersion:   Dev-AnimPhys (29E575DD-E0A3-4627-9D10-D276232CDCEA): 7
LogInit: Compiled (64-bit): Aug 15 2017 02:05:26
LogInit: Compiled with Visual C++: 19.00.24215.01
LogInit: Build Configuration: Development
LogInit: Branch Name: ++UE4+Release-4.17
LogInit: Command line: -EpicPortal 
LogInit: Base directory: C:/Program Files/Epic Games/UE_4.17/Engine/Binaries/Win64/
LogInit: Installed Engine Build: 1
LogInit: Presizing for max 8388607 objects, including 0 objects not considered by GC, pre-allocating 0 bytes for permanent pool.
LogInit: Object subsystem initialized
[2017.09.29-21.39.38:205][  0]LogInit: Selected Device Profile: [Windows]
[2017.09.29-21.39.38:205][  0]LogInit: Applying CVar settings loaded from the selected device profile: [Windows]
[2017.09.29-21.39.38:224][  0]LogInit: Computer: DESKTOP-6AKFKMT
[2017.09.29-21.39.38:224][  0]LogInit: User: Alfred
[2017.09.29-21.39.38:224][  0]LogInit: CPU Page size=4096, Cores=2
[2017.09.29-21.39.38:224][  0]LogInit: High frequency timer resolution =2.531249 MHz
[2017.09.29-21.39.38:224][  0]LogMemory: Memory total: Physical=15.9GB (16GB approx)
[2017.09.29-21.39.38:224][  0]LogMemory: Platform Memory Stats for Windows
[2017.09.29-21.39.38:224][  0]LogMemory: Process Physical Memory: 276.41 MB used, 276.41 MB peak
[2017.09.29-21.39.38:224][  0]LogMemory: Process Virtual Memory: 275.70 MB used, 275.70 MB peak
[2017.09.29-21.39.38:224][  0]LogMemory: Physical Memory: 5143.91 MB used,  11093.84 MB free, 16237.76 MB total
[2017.09.29-21.39.38:224][  0]LogMemory: Virtual Memory: 671.52 MB used,  11093.84 MB free, 134217728.00 MB total
[2017.09.29-21.39.38:505][  0]LogInit: Using OS detected language (en-US).
[2017.09.29-21.39.38:505][  0]LogInit: Using OS detected locale (en-US).
[2017.09.29-21.39.38:511][  0]LogTextLocalizationManager: No specific localization for 'en-US' exists, so the 'en' localization will be used.
[2017.09.29-21.39.39:406][  0]LogD3D11RHI: D3D11 adapters:
[2017.09.29-21.39.39:414][  0]LogD3D11RHI:    0. 'Intel(R) HD Graphics 520' (Feature Level 11_0)
[2017.09.29-21.39.39:414][  0]LogD3D11RHI:       128/0/8118 MB DedicatedVideo/DedicatedSystem/SharedSystem, Outputs:1, VendorId:0x8086
[2017.09.29-21.39.39:982][  0]LogD3D11RHI:    1. 'AMD Radeon (TM) R7 M460' (Feature Level 11_0)
[2017.09.29-21.39.39:982][  0]LogD3D11RHI:       2039/0/8118 MB DedicatedVideo/DedicatedSystem/SharedSystem, Outputs:0, VendorId:0x1002
[2017.09.29-21.39.39:984][  0]LogD3D11RHI:    2. 'Microsoft Basic Render Driver' (Feature Level 11_0)
[2017.09.29-21.39.39:984][  0]LogD3D11RHI:       0/0/8118 MB DedicatedVideo/DedicatedSystem/SharedSystem, Outputs:0, VendorId:0x1414
[2017.09.29-21.39.39:984][  0]LogD3D11RHI: Chosen D3D11 Adapter: 1
[2017.09.29-21.39.39:992][  0]LogD3D11RHI: Creating new Direct3DDevice
[2017.09.29-21.39.39:992][  0]LogD3D11RHI:     GPU DeviceId: 0x6900 (for the marketing name, search the web for "GPU Device Id")
[2017.09.29-21.39.39:992][  0]LogWindows: EnumDisplayDevices:
[2017.09.29-21.39.39:992][  0]LogWindows:    0. 'Intel(R) HD Graphics 520' (P:1 D:1)
[2017.09.29-21.39.39:992][  0]LogWindows:    1. 'Intel(R) HD Graphics 520' (P:0 D:0)
[2017.09.29-21.39.39:992][  0]LogWindows:    2. 'Intel(R) HD Graphics 520' (P:0 D:0)
[2017.09.29-21.39.39:993][  0]LogWindows: DebugString: PrimaryIsNotTheChoosenAdapter PrimaryIsNotTheChoosenAdapter PrimaryIsNotTheChoosenAdapter FoundDriverCount:0 
[2017.09.29-21.39.39:993][  0]LogD3D11RHI:     Adapter Name: AMD Radeon (TM) R7 M460
[2017.09.29-21.39.39:993][  0]LogD3D11RHI:   Driver Version: Unknown (internal:Unknown, unified:Unknown)
[2017.09.29-21.39.39:993][  0]LogD3D11RHI:      Driver Date: Unknown
[2017.09.29-21.39.39:993][  0]LogRHI: Texture pool is 1361 MB (70% of 1945 MB)
[2017.09.29-21.39.40:015][  0]LogD3D11RHI: Async texture creation enabled
[2017.09.29-21.39.40:033][  0]LogD3D11RHI: GPU Timing Frequency: 27.000000 (Debug: 2 1)
[2017.09.29-21.39.40:035][  0]LogShaderCompilers: Guid format shader working directory is -21 characters bigger than the processId version (../../../../../../Users/Alfred/Documents/GitHub/ProjectMatter/Matter/Intermediate/Shaders/WorkingDirectory/1256/).
[2017.09.29-21.39.40:035][  0]LogShaderCompilers: Cleaned the shader compiler working directory 'C:/Users/Alfred/AppData/Local/Temp/UnrealShaderWorkingDir/C5C5596F480EF01DC6CFCE9051B55491/'.
[2017.09.29-21.39.40:035][  0]LogShaderCompilers: Display: Using Local Shader Compiler.
[2017.09.29-21.39.41:395][  0]LogTemp: Display: Loaded TP AllDesktopTargetPlatform
[2017.09.29-21.39.41:461][  0]LogTemp: Display: Loaded TP MacClientTargetPlatform
[2017.09.29-21.39.41:527][  0]LogTemp: Display: Loaded TP MacNoEditorTargetPlatform
[2017.09.29-21.39.41:592][  0]LogTemp: Display: Loaded TP MacServerTargetPlatform
[2017.09.29-21.39.41:659][  0]LogTemp: Display: Loaded TP MacTargetPlatform
[2017.09.29-21.39.41:726][  0]LogTemp: Display: Loaded TP WindowsClientTargetPlatform
[2017.09.29-21.39.41:791][  0]LogTemp: Display: Loaded TP WindowsNoEditorTargetPlatform
[2017.09.29-21.39.41:860][  0]LogTemp: Display: Loaded TP WindowsServerTargetPlatform
[2017.09.29-21.39.41:916][  0]LogTemp: Display: Loaded TP WindowsTargetPlatform
[2017.09.29-21.39.41:983][  0]LogTemp: Display: Loaded TP AndroidTargetPlatform
[2017.09.29-21.39.42:048][  0]LogTemp: Display: Loaded TP Android_ASTCTargetPlatform
[2017.09.29-21.39.42:116][  0]LogTemp: Display: Loaded TP Android_ATCTargetPlatform
[2017.09.29-21.39.42:181][  0]LogTemp: Display: Loaded TP Android_DXTTargetPlatform
[2017.09.29-21.39.42:246][  0]LogTemp: Display: Loaded TP Android_ETC1TargetPlatform
[2017.09.29-21.39.42:311][  0]LogTemp: Display: Loaded TP Android_ETC2TargetPlatform
[2017.09.29-21.39.42:443][  0]LogTemp: Display: Loaded TP Android_MultiTargetPlatform
[2017.09.29-21.39.42:443][  0]LogTemp: Display: Loaded TP Android_PVRTCTargetPlatform
[2017.09.29-21.39.42:500][  0]LogTemp: Display: Loaded TP HTML5TargetPlatform
[2017.09.29-21.39.42:616][  0]LogTemp: Display: Loaded TP IOSTargetPlatform
[2017.09.29-21.39.42:657][  0]LogTemp: Display: Loaded TP TVOSTargetPlatform
[2017.09.29-21.39.42:723][  0]LogTemp: Display: Loaded TP LinuxClientTargetPlatform
[2017.09.29-21.39.42:788][  0]LogTemp: Display: Loaded TP LinuxNoEditorTargetPlatform
[2017.09.29-21.39.42:851][  0]LogTemp: Display: Loaded TP LinuxServerTargetPlatform
[2017.09.29-21.39.42:916][  0]LogTemp: Display: Loaded TP LinuxTargetPlatform
[2017.09.29-21.39.42:916][  0]LogTargetPlatformManager: Display: Building Assets For Windows
[2017.09.29-21.39.43:569][  0]LogDerivedDataCache: Display: Max Cache Size: 512 MB
[2017.09.29-21.39.43:697][  0]LogDerivedDataCache: Loaded boot cache 0.13s 93MB C:/Users/Alfred/AppData/Local/UnrealEngine/4.17/DerivedDataCache/Boot.ddc.
[2017.09.29-21.39.43:697][  0]LogDerivedDataCache: Display: Loaded Boot cache: C:/Users/Alfred/AppData/Local/UnrealEngine/4.17/DerivedDataCache/Boot.ddc
[2017.09.29-21.39.43:698][  0]LogDerivedDataCache: FDerivedDataBackendGraph:  Pak pak cache file ../../../../../../Users/Alfred/Documents/GitHub/ProjectMatter/Matter/DerivedDataCache/DDC.ddp not found, will not use a pak cache.
[2017.09.29-21.39.43:698][  0]LogDerivedDataCache: Unable to find inner node Pak for hierarchical cache Hierarchy.
[2017.09.29-21.39.43:698][  0]LogDerivedDataCache: FDerivedDataBackendGraph:  CompressedPak pak cache file ../../../../../../Users/Alfred/Documents/GitHub/ProjectMatter/Matter/DerivedDataCache/Compressed.ddp not found, will not use a pak cache.
[2017.09.29-21.39.43:698][  0]LogDerivedDataCache: Unable to find inner node CompressedPak for hierarchical cache Hierarchy.
[2017.09.29-21.39.43:719][  0]LogDerivedDataCache: Display: Pak cache opened for reading ../../../Engine/DerivedDataCache/Compressed.ddp.
[2017.09.29-21.39.43:731][  0]LogDerivedDataCache: Using Local data cache path C:/Users/Alfred/AppData/Local/UnrealEngine/Common/DerivedDataCache: Writable
[2017.09.29-21.39.43:744][  0]LogMaterial: Verifying Global Shaders for PCD3D_SM5
[2017.09.29-21.39.43:745][  0]LogSlate: Using Freetype 2.6.0
[2017.09.29-21.39.43:746][  0]LogSlate: SlateFontCache - WITH_FREETYPE: 1, WITH_HARFBUZZ: 1
[2017.09.29-21.39.43:746][  0]LogSlate: SlateFontCache - WITH_FREETYPE: 1, WITH_HARFBUZZ: 1
[2017.09.29-21.39.44:073][  0]LogAssetRegistry: FAssetRegistry took 0.0279 seconds to start up
[2017.09.29-21.39.44:249][  0]LogInit: Selected Device Profile: [Windows]
[2017.09.29-21.39.44:463][  0]LogContentStreaming: Texture pool size is 0.00 MB
[2017.09.29-21.39.44:855][  0]LogSimplygon: Simplygon DLL not present - disabling.
[2017.09.29-21.39.44:906][  0]LogMeshReduction: Using SimplygonSwarm for distributed automatic mesh merging
[2017.09.29-21.39.44:906][  0]LogMeshReduction: Using QuadricMeshReduction for automatic static mesh reduction
[2017.09.29-21.39.44:906][  0]LogMeshReduction: No automatic skeletal mesh reduction module available
[2017.09.29-21.39.44:906][  0]LogMeshReduction: No automatic mesh merging module available
[2017.09.29-21.39.44:906][  0]LogMeshMerging: No automatic mesh merging module available
[2017.09.29-21.39.45:390][  0]LogNetVersion: Matter , NetCL: 3573198, EngineNetVer: 2, GameNetVer: 0 (Checksum: 980240421)
[2017.09.29-21.39.45:695][  0]LogPackageLocalizationCache: Processed 5 localized package path(s) for 2 prioritized culture(s) in 0.069535 seconds
[2017.09.29-21.39.45:703][  0]LogUObjectArray: 35825 objects as part of root set at end of initial load.
[2017.09.29-21.39.45:703][  0]LogUObjectAllocator: 7529112 out of 0 bytes used by permanent object pool.
[2017.09.29-21.39.45:703][  0]LogUObjectArray: CloseDisregardForGC: 0/0 objects in disregard for GC pool
[2017.09.29-21.39.45:787][  0]LogInit: WinSock: version 1.1 (2.2), MaxSocks=32767, MaxUdp=65467
[2017.09.29-21.39.49:156][  0]LogTcpMessaging: Initializing TcpMessaging bridge
[2017.09.29-21.39.49:203][  0]LogUdpMessaging: Initializing bridge on interface 0.0.0.0:0 to multicast group 230.0.0.1:6666.
[2017.09.29-21.39.50:009][  0]LogMaterial: Uniform references updated for custom material expression Custom.
[2017.09.29-21.39.50:542][  0]SourceControl: Source control is disabled
[2017.09.29-21.39.50:543][  0]SourceControl: Source control is disabled
[2017.09.29-21.39.50:605][  0]SourceControl: Source control is disabled
[2017.09.29-21.39.50:666][  0]SourceControl: Source control is disabled
[2017.09.29-21.39.51:413][  0]LogAndroidPermission: UAndroidPermissionCallbackProxy::GetInstance
[2017.09.29-21.39.51:722][  0]LogOcInput: OculusInput pre-init called
[2017.09.29-21.39.52:049][  0]LogEngine: Initializing Engine...
[2017.09.29-21.39.52:051][  0]LogHMD: Failed to initialize OpenVR with code 110
[2017.09.29-21.39.52:370][  0]LogStats: UGameplayTagsManager::ConstructGameplayTagTree: Construct from data asset -  0.000 s
[2017.09.29-21.39.52:370][  0]LogStats: UGameplayTagsManager::ConstructGameplayTagTree: GameplayTagTreeChangedEvent.Broadcast -  0.000 s
[2017.09.29-21.39.52:551][  0]LogAIModule: Creating AISystem for world Untitled
[2017.09.29-21.39.52:559][  0]LogInit: XAudio2 using 'Speakers (Realtek High Definition Audio)' : 2 channels at 48 kHz using 32 bits per sample (channel mask 0x3)
[2017.09.29-21.39.53:591][  0]LogInit: FAudioDevice initialized.
[2017.09.29-21.39.53:716][  0]LogDerivedDataCache: Saved boot cache 0.12s 93MB C:/Users/Alfred/AppData/Local/UnrealEngine/4.17/DerivedDataCache/Boot.ddc.
[2017.09.29-21.39.53:735][  0]LogInit: Texture streaming: Enabled
[2017.09.29-21.39.53:888][  0]LogEngineSessionManager: EngineSessionManager initialized
[2017.09.29-21.39.54:170][  0]LogInit: Transaction tracking system initialized
[2017.09.29-21.39.54:575][  0]BlueprintLog: New page: Editor Load
[2017.09.29-21.39.55:751][  0]LocalizationService: Localization service is disabled
[2017.09.29-21.39.56:645][  0]LogConsoleResponse: Display: 
[2017.09.29-21.39.56:901][  0]LogCook: Display: Max memory allowance for cook 16384mb min free memory 0mb
[2017.09.29-21.39.56:901][  0]LogCook: Display: Mobile HDR setting 1
[2017.09.29-21.39.56:901][  0]LogGameplayTags: Display: UGameplayTagsManager::DoneAddingNativeTags. DelegateIsBound: 0
[2017.09.29-21.39.57:589][  0]LogFileCache: Scanning file cache for directory 'C:/Users/Alfred/Documents/GitHub/ProjectMatter/Matter/Content/' took 0.02s
[2017.09.29-21.39.58:320][  0]SourceControl: Source control is disabled
[2017.09.29-21.39.58:320][  0]Cmd: MAP LOAD FILE="../../../../../../Users/Alfred/Documents/GitHub/ProjectMatter/Matter/Content/ThirdPersonBP/Maps/ThirdPersonExampleMap.umap" TEMPLATE=0 SHOWPROGRESS=1 FEATURELEVEL=3
[2017.09.29-21.39.58:320][  0]LightingResults: New page: Lighting Build
[2017.09.29-21.39.58:374][  0]MapCheck: New page: Map Check
[2017.09.29-21.39.58:374][  0]LightingResults: New page: Lighting Build
[2017.09.29-21.39.58:665][  0]LogLinker: Warning: Can't find file '/Game/ThirdPersonBP/Maps/ThirdPersonExampleMap_BuiltData'
[2017.09.29-21.39.58:665][  0]LogLinker: Warning: Can't find file for asset '/Game/ThirdPersonBP/Maps/ThirdPersonExampleMap_BuiltData' while loading ../../../../../../Users/Alfred/Documents/GitHub/ProjectMatter/Matter/Content/ThirdPersonBP/Maps/ThirdPersonExampleMap.umap.
[2017.09.29-21.39.58:665][  0]LoadErrors: Error: /Game/ThirdPersonBP/Maps/ThirdPersonExampleMap : Can't find file for asset. /Game/ThirdPersonBP/Maps/ThirdPersonExampleMap_BuiltData
[2017.09.29-21.39.58:724][  0]LogLinker: Warning: Can't find file '/Game/ThirdPersonBP/Maps/ThirdPersonExampleMap_BuiltData'
[2017.09.29-21.39.58:724][  0]LogLinker: Warning: Can't find file for asset '/Game/ThirdPersonBP/Maps/ThirdPersonExampleMap_BuiltData' while loading ../../../../../../Users/Alfred/Documents/GitHub/ProjectMatter/Matter/Content/ThirdPersonBP/Maps/ThirdPersonExampleMap.umap.
[2017.09.29-21.39.58:724][  0]LoadErrors: Error: /Game/ThirdPersonBP/Maps/ThirdPersonExampleMap : Can't find file for asset. /Game/ThirdPersonBP/Maps/ThirdPersonExampleMap_BuiltData
[2017.09.29-21.39.58:730][  0]LogLinker: Warning: Can't find file '/Game/ThirdPersonBP/Maps/ThirdPersonExampleMap_BuiltData'
[2017.09.29-21.39.58:730][  0]LogLinker: Warning: Can't find file for asset '/Game/ThirdPersonBP/Maps/ThirdPersonExampleMap_BuiltData' while loading NULL.
[2017.09.29-21.39.58:730][  0]LogLinker: Warning: Can't find file '/Game/ThirdPersonBP/Maps/ThirdPersonExampleMap_BuiltData'
[2017.09.29-21.39.58:730][  0]LogLinker: Warning: Can't find file for asset '/Game/ThirdPersonBP/Maps/ThirdPersonExampleMap_BuiltData' while loading NULL.
[2017.09.29-21.39.58:740][  0]LogLinker: Warning: Can't find file '/Game/ThirdPersonBP/Maps/ThirdPersonExampleMap_BuiltData'
[2017.09.29-21.39.58:740][  0]LoadErrors: Failed to load /Game/ThirdPersonBP/Maps/ThirdPersonExampleMap_BuiltData.ThirdPersonExampleMap_BuiltData Referenced by PersistentLevel
[2017.09.29-21.39.58:740][  0]LogLinker: Warning: Can't find file for asset '/Game/ThirdPersonBP/Maps/ThirdPersonExampleMap_BuiltData' while loading NULL.
[2017.09.29-21.39.58:740][  0]LoadErrors: Failed to load /Game/ThirdPersonBP/Maps/ThirdPersonExampleMap_BuiltData.ThirdPersonExampleMap_BuiltData Referenced by PersistentLevel
[2017.09.29-21.39.59:005][  0]LogAIModule: Creating AISystem for world ThirdPersonExampleMap
[2017.09.29-21.39.59:023][  0]LogEditorServer: Finished looking for orphan Actors (0.000 secs)
[2017.09.29-21.39.59:055][  0]Cmd: MAP CHECKDEP NOCLEARLOG
[2017.09.29-21.39.59:128][  0]MapCheck: Map check complete: 0 Error(s), 0 Warning(s), took 72.864ms to complete.
[2017.09.29-21.39.59:128][  0]LogFileHelpers: Loading map 'ThirdPersonExampleMap' took 0.808
[2017.09.29-21.39.59:202][  0]LogWindowsTextInputMethodSystem: Display: IME system now deactivated.
[2017.09.29-21.39.59:202][  0]LogWindowsTextInputMethodSystem: Display: IME system now deactivated.
[2017.09.29-21.39.59:345][  0]LogCollectionManager: Loaded 0 collections in 0.001937 seconds
[2017.09.29-21.39.59:441][  0]LogFileCache: Scanning file cache for directory 'C:/Users/Alfred/Documents/GitHub/ProjectMatter/Matter/Saved/Collections/' took 0.01s
[2017.09.29-21.39.59:441][  0]LogFileCache: Scanning file cache for directory 'C:/Users/Alfred/Documents/GitHub/ProjectMatter/Matter/Content/Developers/Alfred/Collections/' took 0.01s
[2017.09.29-21.39.59:441][  0]LogFileCache: Scanning file cache for directory 'C:/Users/Alfred/Documents/GitHub/ProjectMatter/Matter/Content/Collections/' took 0.01s
[2017.09.29-21.39.59:441][  0]LogCollectionManager: Rebuilt the GUID cache for 0 collections in 0.000001 seconds
[2017.09.29-21.39.59:454][  0]LogContentBrowser: Native class hierarchy populated in 0.0126 seconds. Added 2386 classes and 500 folders.
[2017.09.29-21.39.59:543][  0]LogContentBrowser: Native class hierarchy updated for 'WidgetCarousel' in 0.0007 seconds. Added 0 classes and 0 folders.
[2017.09.29-21.39.59:935][  0]LogContentBrowser: Native class hierarchy updated for 'AddContentDialog' in 0.0007 seconds. Added 0 classes and 0 folders.
[2017.09.29-21.39.59:989][  0]LogContentBrowser: Native class hierarchy updated for 'SceneOutliner' in 0.0008 seconds. Added 1 classes and 2 folders.
[2017.09.29-21.40.00:019][  0]LogSlate: Took 0.000197 seconds to synchronously load lazily loaded font '../../../Engine/Content/Slate/Fonts/Roboto-Regular.ttf' (155K)
[2017.09.29-21.40.00:021][  0]LogSlate: Took 0.000215 seconds to synchronously load lazily loaded font '../../../Engine/Content/Slate/Fonts/Roboto-Bold.ttf' (160K)
[2017.09.29-21.40.00:033][  0]LogSlate: Took 0.006358 seconds to synchronously load lazily loaded font '../../../Engine/Content/Editor/Slate/Fonts/FontAwesome.ttf' (139K)
[2017.09.29-21.40.00:182][  0]LogRenderer: Reallocating scene render targets to support 964x436 Format 10 NumSamples 1 (Frame:1).
[2017.09.29-21.40.00:538][  0]LogContentBrowser: Native class hierarchy updated for 'HierarchicalLODOutliner' in 0.0008 seconds. Added 1 classes and 2 folders.
[2017.09.29-21.40.00:539][  0]LogLoad: (Engine Initialization) Total time: 24.41 seconds
[2017.09.29-21.40.00:539][  0]LogLoad: (Engine Initialization) Total Blueprint compile time: 0.00 seconds
[2017.09.29-21.40.00:539][  0]LogExternalProfiler: No external profilers were discovered.  External profiling features will not be available.
[2017.09.29-21.40.00:570][  0]LogContentStreaming: Texture pool size now 1000 MB
[2017.09.29-21.40.00:688][  1]LogAssetRegistry: Asset discovery search completed in 16.6361 seconds
[2017.09.29-21.40.00:690][  1]LogCollectionManager: Rebuilt the object cache for 0 collections in 0.000001 seconds (found 0 objects)
[2017.09.29-21.40.00:690][  1]LogCollectionManager: Fixed up redirectors for 0 collections in 0.000077 seconds (updated 0 objects)
[2017.09.29-21.41.33:084][710]MapCheck: New page: Map Check
[2017.09.29-21.41.33:100][710]Cmd: MAP REBUILD ALLVISIBLE
[2017.09.29-21.41.33:100][710]LogEditorServer: Rebuildmap Clear paths rebuilt
[2017.09.29-21.41.33:228][710]LogMaterial: Missing cached shader map for material FDebugViewModeMaterialProxy WorldGridMaterial, compiling. Is special engine material.
[2017.09.29-21.41.33:240][710]LogMaterial: Missing cached shader map for material FDebugViewModeMaterialProxy MaterialInstanceDynamic_1, compiling. 
[2017.09.29-21.41.33:251][710]LogMaterial: Missing cached shader map for material FDebugViewModeMaterialProxy RampMaterial, compiling. 
[2017.09.29-21.41.33:258][710]LogMaterial: Missing cached shader map for material FDebugViewModeMaterialProxy CubeMaterial, compiling. 
[2017.09.29-21.41.33:266][710]LogMaterial: Missing cached shader map for material FDebugViewModeMaterialProxy BasicShapeMaterial, compiling. 
[2017.09.29-21.41.33:279][710]LogMaterial: Missing cached shader map for material FDebugViewModeMaterialProxy M_Water_Ocean, compiling. 
[2017.09.29-21.41.33:291][710]LogMaterial: Missing cached shader map for material FDebugViewModeMaterialProxy M_Glass, compiling. 
[2017.09.29-21.41.33:307][710]LogMaterial: Missing cached shader map for material FDebugViewModeMaterialProxy M_UE4Man_Body, compiling. 
[2017.09.29-21.41.33:324][710]LogMaterial: Missing cached shader map for material FDebugViewModeMaterialProxy M_UE4Man_ChestLogo, compiling. 
[2017.09.29-21.41.33:341][710]LogMaterial: Missing cached shader map for material FDebugViewModeMaterialProxy M_Door, compiling. 
[2017.09.29-21.41.33:353][710]LogMaterial: Missing cached shader map for material FDebugViewModeMaterialProxy MatineeCam_mat, compiling. 
[2017.09.29-21.41.35:094][710]TextureStreamingBuild: Display: Compiling optional shaders took 1.873 seconds.
[2017.09.29-21.41.35:113][710]LogLevel: Display: Export Material TexCoord Scales took 0.019 seconds.
[2017.09.29-21.41.35:131][710]TextureStreamingBuild: Display: Build Texture Streaming took 0.018 seconds.
[2017.09.29-21.41.35:146][710]LightingResults: New page: Lighting Build - Sep 29, 2017, 1:41:35 PM
[2017.09.29-21.41.35:190][710]LogSwarmInterface: [OpenConnection] Registering TCP channel ...
[2017.09.29-21.41.35:293][710]LogSwarmInterface: [OpenConnection] Connecting to agent ...
[2017.09.29-21.41.35:305][710]LogSwarmInterface: [TryOpenConnection] Testing the Agent
[2017.09.29-21.41.35:826][710]LogSwarmInterface: [TryOpenConnection] Opening Connection to Agent
[2017.09.29-21.41.35:826][710]LogSwarmInterface: [TryOpenConnection] Local Process ID is 1256
[2017.09.29-21.41.47:311][710]LogStaticLightingSystem: Running Lightmass w/ ImmediateImport mode ENABLED
[2017.09.29-21.41.47:311][710]LogStaticLightingSystem: Running Lightmass w/ ImmediateProcess mode ENABLED
[2017.09.29-21.41.47:312][710]LogStaticLightingSystem: Running Lightmass w/ Sorting mode ENABLED
[2017.09.29-21.41.47:312][710]LogStaticLightingSystem: Running Lightmass w/ Mapping paddings ENABLED
[2017.09.29-21.41.47:312][710]LogStaticLightingSystem: Running Lightmass w/ Mapping debug paddings DISABLED
[2017.09.29-21.41.47:517][710]Cmd: MAP CHECK DONTDISPLAYDIALOG
[2017.09.29-21.41.47:517][710]MapCheck: New page: ThirdPersonExampleMap - Sep 29, 2017, 1:41:47 PM
[2017.09.29-21.41.47:531][710]MapCheck: Error: WorldInfo_0 Maps need lighting rebuilt 
[2017.09.29-21.41.47:611][710]MapCheck: Map check complete: 1 Error(s), 0 Warning(s), took 94.344ms to complete.
[2017.09.29-21.41.47:634][710]LogEditorBuildUtils: Build time 0:14
[2017.09.29-21.42.11:593][942]Job is a success!
[2017.09.29-21.42.11:950][943]LogSlate: Took 0.000454 seconds to synchronously load lazily loaded font '../../../Engine/Content/Slate/Fonts/Roboto-Light.ttf' (159K)
[2017.09.29-21.42.14:647][943]LogTexture: Display: Building textures: SkyOcclusion0_1 (AutoDXT, 1024X512)
[2017.09.29-21.42.14:647][943]LogTexture: Display: Building textures: HQ_Lightmap0_1 (AutoDXT, 1024X1024)
[2017.09.29-21.42.14:647][943]LogTexture: Display: Building textures: LQ_Lightmap_0_1 (DXT1, 1024X1024)
[2017.09.29-21.42.14:647][943]LogTexture: Display: Building textures: SkyOcclusion0_2 (AutoDXT, 1024X512)
[2017.09.29-21.42.14:647][943]LogTexture: Display: Building textures: HQ_Lightmap0_2 (AutoDXT, 1024X1024)
[2017.09.29-21.42.14:647][943]LogTexture: Display: Building textures: LQ_Lightmap_0_2 (DXT1, 1024X1024)
[2017.09.29-21.42.14:647][943]LogTexture: Display: Building textures: SkyOcclusion0_3 (AutoDXT, 64X32)
[2017.09.29-21.42.14:647][943]LogTexture: Display: Building textures: HQ_Lightmap0_3 (AutoDXT, 64X64)
[2017.09.29-21.42.14:647][943]LogTexture: Display: Building textures: LQ_Lightmap_0_3 (DXT1, 64X64)
[2017.09.29-21.42.15:091][943]LogTexture: Display: Building textures: ShadowMapTexture2D_0 (BGRA8, 1024X1024)
[2017.09.29-21.42.15:092][943]LogTexture: Display: Building textures: ShadowMapTexture2D_1 (G8, 32X32)
[2017.09.29-21.42.15:154][943]Lightmass on DESKTOP-6AKFKMT: 26.0 sec total, 226 ms importing, 34 ms setup, 3.48 sec photons, 22.2 sec processing, 0 ms extra exporting [45/45 mappings]. Threads: 1:29 min total, 54.6 sec processing.
[2017.09.29-21.42.15:163][943]LogStaticLightingSystem: Illumination: 39.6 sec (2.50 sec encoding lightmaps, 446 ms encoding shadowmaps)
[2017.09.29-21.42.15:163][943]LogStaticLightingSystem: Lightmap texture memory:  5.3 MB (5.3 MB streaming, 0.0 MB non-streaming), 6 textures
[2017.09.29-21.42.15:163][943]LogStaticLightingSystem: Shadowmap texture memory: 5.3 MB (5.3 MB streaming, 0.0 MB non-streaming), 2 textures
[2017.09.29-21.42.15:324][943]DumpUnbuiltLightIteractions
[2017.09.29-21.42.15:324][943]Lights with unbuilt interactions: 0
[2017.09.29-21.42.15:324][943]
[2017.09.29-21.42.15:324][943]Primitives with unbuilt interactions: 0
[2017.09.29-21.42.15:350][944]Cmd: MAP CHECK NOTIFYRESULTS
[2017.09.29-21.42.15:351][944]MapCheck: New page: ThirdPersonExampleMap - Sep 29, 2017, 1:42:15 PM
[2017.09.29-21.42.15:530][944]MapCheck: Map check complete: 0 Error(s), 0 Warning(s), took 179.442ms to complete.
[2017.09.29-21.42.46:752][366]LogSavePackage: Save=279.23ms
[2017.09.29-21.42.46:753][366]LogSavePackage: Moving '../../../../../../Users/Alfred/Documents/GitHub/ProjectMatter/Matter/Saved/ThirdPersonExampleMap2FB7C3654F7B0EB6DC37B880DF33CE4C.tmp' to '../../../../../../Users/Alfred/Documents/GitHub/ProjectMatter/Matter/Content/ThirdPersonBP/Maps/ThirdPersonExampleMap.umap'
[2017.09.29-21.42.46:762][366]LogSavePackage: Display: Finished SavePackage ../../../../../../Users/Alfred/Documents/GitHub/ProjectMatter/Matter/Content/ThirdPersonBP/Maps/ThirdPersonExampleMap.umap
[2017.09.29-21.42.47:633][366]LogSavePackage: Save=815.34ms
[2017.09.29-21.42.47:633][366]LogSavePackage: Moving '../../../../../../Users/Alfred/Documents/GitHub/ProjectMatter/Matter/Saved/ThirdPersonExampleMap_BuiltDataE4FFA8BD479ACC5F617CBAA1F09727AA.tmp' to '../../../../../../Users/Alfred/Documents/GitHub/ProjectMatter/Matter/Content/ThirdPersonBP/Maps/ThirdPersonExampleMap_BuiltData.uasset'
[2017.09.29-21.42.47:637][366]LogSavePackage: Display: Finished SavePackage ../../../../../../Users/Alfred/Documents/GitHub/ProjectMatter/Matter/Content/ThirdPersonBP/Maps/ThirdPersonExampleMap_BuiltData.uasset
[2017.09.29-21.42.47:638][366]LogSlate: Took 0.000180 seconds to synchronously load lazily loaded font '../../../Engine/Content/Slate/Fonts/Roboto-Regular.ttf' (155K)
[2017.09.29-21.42.58:795][787]LogActorFactory: Actor Factory created Cube
[2017.09.29-21.43.01:412][897]LogActorFactory: Actor Factory created Cube
[2017.09.29-21.43.37:762][715]LogEditorViewport: Clicking on Actor (LMB): StaticMeshActor (Cube27)
[2017.09.29-21.43.38:238][731]LogEditorViewport: Clicking on Actor (LMB): StaticMeshActor (Cube27)
[2017.09.29-21.43.44:907][  4]LogEditorViewport: Clicking on Actor (LMB): StaticMeshActor (Cube27)
[2017.09.29-21.44.01:201][621]LogEditorViewport: Clicking on Actor (LMB): TriggerBox (TriggerBox)
[2017.09.29-21.44.04:785][764]LogEditorViewport: Clicking on Actor (LMB): StaticMeshActor (Wall7)
[2017.09.29-21.44.05:492][788]LogEditorViewport: Clicking on Actor (LMB): StaticMeshActor (Floor)
[2017.09.29-21.44.06:299][817]LogEditorViewport: Clicking on Actor (LMB): StaticMeshActor (Wall7)
[2017.09.29-21.44.44:144][347]LogEditorViewport: Clicking on Actor (LMB): StaticMeshActor (SM_Door)
[2017.09.29-21.44.44:769][367]LogEditorViewport: Clicking on Actor (LMB): StaticMeshActor (SM_Door)
[2017.09.29-21.44.45:116][379]LogEditorViewport: Clicking on Actor (context menu): StaticMeshActor (SM_Door)
[2017.09.29-21.44.57:380][182]LogEditorViewport: Clicking on Actor (context menu): StaticMeshActor (SM_Door)
[2017.09.29-21.45.02:858][690]LogSlate: Took 0.000223 seconds to synchronously load lazily loaded font '../../../Engine/Content/Slate/Fonts/Roboto-Light.ttf' (159K)
[2017.09.29-21.45.06:562][966]LogContentBrowser: Native class hierarchy updated for 'BlueprintGraph' in 0.0014 seconds. Added 113 classes and 0 folders.
[2017.09.29-21.45.07:417][966]LogSlate: Took 0.000280 seconds to synchronously load lazily loaded font '../../../Engine/Content/Editor/Slate/Fonts/Roboto-BoldCondensed.ttf' (158K)
[2017.09.29-21.46.48:041][644]LogSavePackage: Save=257.92ms
[2017.09.29-21.46.48:041][644]LogSavePackage: Moving '../../../../../../Users/Alfred/Documents/GitHub/ProjectMatter/Matter/Saved/ThirdPersonExampleMap097BFFDE4C6F2050AE6EA893F57B667E.tmp' to '../../../../../../Users/Alfred/Documents/GitHub/ProjectMatter/Matter/Content/ThirdPersonBP/Maps/ThirdPersonExampleMap.umap'
[2017.09.29-21.46.48:050][644]LogSavePackage: Display: Finished SavePackage ../../../../../../Users/Alfred/Documents/GitHub/ProjectMatter/Matter/Content/ThirdPersonBP/Maps/ThirdPersonExampleMap.umap
[2017.09.29-21.46.48:120][644]LogFileHelpers: Saving map 'ThirdPersonExampleMap' took 0.447
[2017.09.29-21.46.48:306][644]LogWindowsTextInputMethodSystem: Display: IME system now deactivated.
[2017.09.29-21.46.48:306][644]LogWindowsTextInputMethodSystem: Display: IME system now deactivated.
[2017.09.29-21.46.48:607][645]Cmd: QUIT_EDITOR
[2017.09.29-21.46.49:200][645]LogExit: Preparing to exit.
[2017.09.29-21.46.49:601][645]LogDirectoryWatcher: A directory notification for 'C:/Users/Alfred/Documents/GitHub/ProjectMatter/Matter/Content/' was aborted.
[2017.09.29-21.46.49:716][645]LogExit: Editor shut down
[2017.09.29-21.46.49:732][645]LogExit: Transaction tracking system shut down
[2017.09.29-21.46.49:940][645]LogDirectoryWatcher: A directory notification for '../../../Engine/Content/' was aborted.
[2017.09.29-21.46.49:940][645]LogDirectoryWatcher: A directory notification for '../../../../../../Users/Alfred/Documents/GitHub/ProjectMatter/Matter/Content/' was aborted.
[2017.09.29-21.46.49:940][645]LogDirectoryWatcher: A directory notification for '../../../Engine/Plugins/2D/Paper2D/Content/' was aborted.
[2017.09.29-21.46.49:940][645]LogDirectoryWatcher: A directory notification for '../../../Engine/Plugins/Runtime/Oculus/OculusVR/Content/' was aborted.
[2017.09.29-21.46.49:941][645]LogDirectoryWatcher: A directory notification for '../../../Engine/Plugins/Runtime/Steam/SteamVR/Content/' was aborted.
[2017.09.29-21.46.50:119][645]LogExit: Object subsystem successfully closed.
[2017.09.29-21.46.50:143][645]LogD3D11RHI: Shutdown
[2017.09.29-21.46.50:144][645]LogD3D11RHI: CleanupD3DDevice
[2017.09.29-21.46.50:149][645]LogD3D11RHI: ~FD3D11DynamicRHI
[2017.09.29-21.46.50:194][645]LogModuleManager: Shutting down and abandoning module BlueprintGraph (536)
[2017.09.29-21.46.50:194][645]LogModuleManager: Shutting down and abandoning module BlueprintProfiler (534)
[2017.09.29-21.46.50:194][645]LogModuleManager: Shutting down and abandoning module HierarchicalLODUtilities (532)
[2017.09.29-21.46.50:194][645]LogModuleManager: Shutting down and abandoning module HierarchicalLODOutliner (530)
[2017.09.29-21.46.50:194][645]LogModuleManager: Shutting down and abandoning module SceneOutliner (528)
[2017.09.29-21.46.50:194][645]LogModuleManager: Shutting down and abandoning module AddContentDialog (526)
[2017.09.29-21.46.50:194][645]LogDirectoryWatcher: A directory notification for 'C:/Program Files/Epic Games/UE_4.17/FeaturePacks/' was aborted.
[2017.09.29-21.46.50:201][645]LogModuleManager: Shutting down and abandoning module WidgetCarousel (525)
[2017.09.29-21.46.50:201][645]LogModuleManager: Shutting down and abandoning module EditorWidgets (522)
[2017.09.29-21.46.50:201][645]LogModuleManager: Shutting down and abandoning module CollectionManager (520)
[2017.09.29-21.46.50:201][645]LogDirectoryWatcher: A directory notification for 'C:/Users/Alfred/Documents/GitHub/ProjectMatter/Matter/Content/Collections/' was aborted.
[2017.09.29-21.46.50:201][645]LogDirectoryWatcher: A directory notification for 'C:/Users/Alfred/Documents/GitHub/ProjectMatter/Matter/Content/Developers/Alfred/Collections/' was aborted.
[2017.09.29-21.46.50:201][645]LogDirectoryWatcher: A directory notification for 'C:/Users/Alfred/Documents/GitHub/ProjectMatter/Matter/Saved/Collections/' was aborted.
[2017.09.29-21.46.50:202][645]LogModuleManager: Shutting down and abandoning module StatsViewer (518)
[2017.09.29-21.46.50:202][645]LogModuleManager: Shutting down and abandoning module FoliageEdit (516)
[2017.09.29-21.46.50:202][645]LogModuleManager: Shutting down and abandoning module LandscapeEditor (514)
[2017.09.29-21.46.50:202][645]LogModuleManager: Shutting down and abandoning module MeshPaintMode (512)
[2017.09.29-21.46.50:202][645]LogModuleManager: Shutting down and abandoning module SceneDepthPickerMode (510)
[2017.09.29-21.46.50:202][645]LogModuleManager: Shutting down and abandoning module ActorPickerMode (508)
[2017.09.29-21.46.50:202][645]LogModuleManager: Shutting down and abandoning module GeometryMode (506)
[2017.09.29-21.46.50:202][645]LogModuleManager: Shutting down and abandoning module TextureAlignMode (504)
[2017.09.29-21.46.50:202][645]LogModuleManager: Shutting down and abandoning module BspMode (502)
[2017.09.29-21.46.50:202][645]LogModuleManager: Shutting down and abandoning module PIEPreviewDeviceProfileSelector (500)
[2017.09.29-21.46.50:202][645]LogModuleManager: Shutting down and abandoning module HardwareSurvey (498)
[2017.09.29-21.46.50:203][645]LogModuleManager: Shutting down and abandoning module SequenceRecorderSections (496)
[2017.09.29-21.46.50:203][645]LogModuleManager: Shutting down and abandoning module AutomationWorker (494)
[2017.09.29-21.46.50:203][645]LogModuleManager: Shutting down and abandoning module MatineeToLevelSequence (492)
[2017.09.29-21.46.50:203][645]LogModuleManager: Shutting down and abandoning module LevelSequenceEditor (490)
[2017.09.29-21.46.50:203][645]LogModuleManager: Shutting down and abandoning module PlacementMode (489)
[2017.09.29-21.46.50:203][645]LogModuleManager: Shutting down and abandoning module WmfMediaFactory (486)
[2017.09.29-21.46.50:203][645]LogModuleManager: Shutting down and abandoning module WmfMediaEditor (484)
[2017.09.29-21.46.50:203][645]LogModuleManager: Shutting down and abandoning module AvfMediaFactory (482)
[2017.09.29-21.46.50:204][645]LogModuleManager: Shutting down and abandoning module AvfMediaEditor (480)
[2017.09.29-21.46.50:204][645]LogModuleManager: Shutting down and abandoning module AndroidMediaFactory (478)
[2017.09.29-21.46.50:204][645]LogModuleManager: Shutting down and abandoning module Media (477)
[2017.09.29-21.46.50:204][645]LogModuleManager: Shutting down and abandoning module AndroidMediaEditor (474)
[2017.09.29-21.46.50:204][645]LogModuleManager: Shutting down and abandoning module CharacterAI (472)
[2017.09.29-21.46.50:204][645]LogModuleManager: Shutting down and abandoning module AudioCapture (470)
[2017.09.29-21.46.50:204][645]LogModuleManager: Shutting down and abandoning module SequenceRecorder (469)
[2017.09.29-21.46.50:204][645]LogModuleManager: Shutting down and abandoning module SmartSnapping (466)
[2017.09.29-21.46.50:204][645]LogModuleManager: Shutting down and abandoning module SessionServices (464)
[2017.09.29-21.46.50:204][645]LogModuleManager: Shutting down and abandoning module ViewportSnapping (462)
[2017.09.29-21.46.50:204][645]LogModuleManager: Shutting down and abandoning module ViewportInteraction (460)
[2017.09.29-21.46.50:204][645]LogModuleManager: Shutting down and abandoning module ClothPainter (458)
[2017.09.29-21.46.50:204][645]LogModuleManager: Shutting down and abandoning module LogVisualizer (456)
[2017.09.29-21.46.50:204][645]LogModuleManager: Shutting down and abandoning module IntroTutorials (454)
[2017.09.29-21.46.50:204][645]LogModuleManager: Shutting down and abandoning module GameProjectGeneration (453)
[2017.09.29-21.46.50:204][645]LogModuleManager: Shutting down and abandoning module IOSPlatformEditor (450)
[2017.09.29-21.46.50:204][645]LogModuleManager: Shutting down and abandoning module HTML5PlatformEditor (448)
[2017.09.29-21.46.50:205][645]LogModuleManager: Shutting down and abandoning module AndroidPlatformEditor (446)
[2017.09.29-21.46.50:205][645]LogModuleManager: Shutting down and abandoning module AndroidDeviceDetection (445)
[2017.09.29-21.46.50:392][645]LogModuleManager: Shutting down and abandoning module WindowsPlatformEditor (442)
[2017.09.29-21.46.50:392][645]LogModuleManager: Shutting down and abandoning module IOSRuntimeSettings (440)
[2017.09.29-21.46.50:392][645]LogModuleManager: Shutting down and abandoning module AndroidRuntimeSettings (438)
[2017.09.29-21.46.50:392][645]LogModuleManager: Shutting down and abandoning module InputBindingEditor (436)
[2017.09.29-21.46.50:392][645]LogModuleManager: Shutting down and abandoning module MergeActors (434)
[2017.09.29-21.46.50:392][645]LogModuleManager: Shutting down and abandoning module SizeMap (432)
[2017.09.29-21.46.50:393][645]LogModuleManager: Shutting down and abandoning module TreeMap (430)
[2017.09.29-21.46.50:393][645]LogModuleManager: Shutting down and abandoning module ReferenceViewer (428)
[2017.09.29-21.46.50:393][645]LogModuleManager: Shutting down and abandoning module LocalizationDashboard (426)
[2017.09.29-21.46.50:393][645]LogModuleManager: Shutting down and abandoning module LocalizationService (425)
[2017.09.29-21.46.50:393][645]LogModuleManager: Shutting down and abandoning module HardwareTargeting (422)
[2017.09.29-21.46.50:393][645]LogModuleManager: Shutting down and abandoning module DeviceProfileEditor (420)
[2017.09.29-21.46.50:393][645]LogModuleManager: Shutting down and abandoning module UndoHistory (418)
[2017.09.29-21.46.50:393][645]LogModuleManager: Shutting down and abandoning module XmlParser (416)
[2017.09.29-21.46.50:393][645]LogModuleManager: Shutting down and abandoning module Blutility (414)
[2017.09.29-21.46.50:393][645]LogModuleManager: Shutting down and abandoning module ProjectSettingsViewer (412)
[2017.09.29-21.46.50:393][645]LogModuleManager: Shutting down and abandoning module ProjectTargetPlatformEditor (411)
[2017.09.29-21.46.50:394][645]LogModuleManager: Shutting down and abandoning module EditorSettingsViewer (408)
[2017.09.29-21.46.50:394][645]LogModuleManager: Shutting down and abandoning module SettingsEditor (406)
[2017.09.29-21.46.50:394][645]LogModuleManager: Shutting down and abandoning module ProjectLauncher (404)
[2017.09.29-21.46.50:394][645]LogModuleManager: Shutting down and abandoning module SessionFrontend (402)
[2017.09.29-21.46.50:394][645]LogModuleManager: Shutting down and abandoning module ProfilerClient (400)
[2017.09.29-21.46.50:394][645]LogModuleManager: Shutting down and abandoning module DeviceManager (398)
[2017.09.29-21.46.50:394][645]LogModuleManager: Shutting down and abandoning module TargetDeviceServices (397)
[2017.09.29-21.46.50:448][645]LogModuleManager: Shutting down and abandoning module AutomationController (394)
[2017.09.29-21.46.50:448][645]LogModuleManager: Shutting down and abandoning module AutomationWindow (392)
[2017.09.29-21.46.50:448][645]LogModuleManager: Shutting down and abandoning module Layers (390)
[2017.09.29-21.46.50:448][645]LogModuleManager: Shutting down and abandoning module ComponentVisualizers (388)
[2017.09.29-21.46.50:448][645]LogModuleManager: Shutting down and abandoning module DetailCustomizations (386)
[2017.09.29-21.46.50:448][645]LogModuleManager: Shutting down and abandoning module PackagesDialog (384)
[2017.09.29-21.46.50:449][645]LogModuleManager: Shutting down and abandoning module Persona (382)
[2017.09.29-21.46.50:449][645]LogModuleManager: Shutting down and abandoning module AdvancedPreviewScene (381)
[2017.09.29-21.46.50:449][645]LogModuleManager: Shutting down and abandoning module AnimGraph (379)
[2017.09.29-21.46.50:449][645]LogModuleManager: Shutting down and abandoning module Kismet (376)
[2017.09.29-21.46.50:468][645]LogModuleManager: Shutting down and abandoning module ClassViewer (374)
[2017.09.29-21.46.50:472][645]LogModuleManager: Shutting down and abandoning module Toolbox (372)
[2017.09.29-21.46.50:472][645]LogModuleManager: Shutting down and abandoning module ModuleUI (370)
[2017.09.29-21.46.50:472][645]LogModuleManager: Shutting down and abandoning module MovieSceneTools (368)
[2017.09.29-21.46.50:472][645]LogModuleManager: Shutting down and abandoning module OutputLog (366)
[2017.09.29-21.46.50:472][645]LogModuleManager: Shutting down and abandoning module GammaUI (364)
[2017.09.29-21.46.50:472][645]LogModuleManager: Shutting down and abandoning module Documentation (362)
[2017.09.29-21.46.50:473][645]LogModuleManager: Shutting down and abandoning module MovieSceneTracks (360)
[2017.09.29-21.46.50:473][645]LogModuleManager: Shutting down and abandoning module MovieScene (358)
[2017.09.29-21.46.50:473][645]LogModuleManager: Shutting down and abandoning module Niagara (356)
[2017.09.29-21.46.50:473][645]LogModuleManager: Shutting down and abandoning module NiagaraEditor (355)
[2017.09.29-21.46.50:473][645]LogModuleManager: Shutting down and abandoning module StreamingPauseRendering (352)
[2017.09.29-21.46.50:473][645]LogModuleManager: Shutting down and abandoning module LauncherPlatform (350)
[2017.09.29-21.46.50:473][645]LogModuleManager: Shutting down and abandoning module AnalyticsET (348)
[2017.09.29-21.46.50:473][645]LogModuleManager: Shutting down and abandoning module PortalServices (346)
[2017.09.29-21.46.50:473][645]LogModuleManager: Shutting down and abandoning module PortalRpc (344)
[2017.09.29-21.46.50:474][645]LogModuleManager: Shutting down and abandoning module MessagingRpc (342)
[2017.09.29-21.46.50:474][645]LogModuleManager: Shutting down and abandoning module AIModule (340)
[2017.09.29-21.46.50:474][645]LogModuleManager: Shutting down and abandoning module GameplayDebugger (339)
[2017.09.29-21.46.50:474][645]LogModuleManager: Shutting down and abandoning module AITestSuite (337)
[2017.09.29-21.46.50:474][645]LogModuleManager: Shutting down and abandoning module ProfilerService (334)
[2017.09.29-21.46.50:646][645]LogModuleManager: Shutting down and abandoning module TaskGraph (332)
[2017.09.29-21.46.50:646][645]LogModuleManager: Shutting down and abandoning module SteamVRController (330)
[2017.09.29-21.46.50:647][645]LogModuleManager: Shutting down and abandoning module ProceduralMeshComponentEditor (328)
[2017.09.29-21.46.50:647][645]LogModuleManager: Shutting down and abandoning module ProceduralMeshComponent (326)
[2017.09.29-21.46.50:647][645]LogModuleManager: Shutting down and abandoning module OculusInput (324)
[2017.09.29-21.46.50:647][645]LogModuleManager: Shutting down and abandoning module MobilePatchingUtils (322)
[2017.09.29-21.46.50:647][645]LogModuleManager: Shutting down and abandoning module CustomMeshComponent (320)
[2017.09.29-21.46.50:647][645]LogModuleManager: Shutting down and abandoning module CableComponent (318)
[2017.09.29-21.46.50:647][645]LogModuleManager: Shutting down and abandoning module ArchVisCharacter (316)
[2017.09.29-21.46.50:647][645]LogModuleManager: Shutting down and abandoning module AndroidPermission (314)
[2017.09.29-21.46.50:647][645]LogModuleManager: Shutting down and abandoning module MediaPlayerEditor (310)
[2017.09.29-21.46.50:647][645]LogModuleManager: Shutting down and abandoning module HTML5Networking (308)
[2017.09.29-21.46.50:647][645]LogModuleManager: Shutting down and abandoning module AlembicImporter (306)
[2017.09.29-21.46.50:647][645]LogModuleManager: Shutting down and abandoning module AlembicLibrary (305)
[2017.09.29-21.46.50:647][645]LogModuleManager: Shutting down and abandoning module GeometryCache (304)
[2017.09.29-21.46.50:647][645]LogModuleManager: Shutting down and abandoning module GeometryCacheEd (303)
[2017.09.29-21.46.50:648][645]LogModuleManager: Shutting down and abandoning module SpeedTreeImporter (298)
[2017.09.29-21.46.50:648][645]LogModuleManager: Shutting down and abandoning module PluginBrowser (296)
[2017.09.29-21.46.50:648][645]LogModuleManager: Shutting down and abandoning module MobileLauncherProfileWizard (294)
[2017.09.29-21.46.50:648][645]LogModuleManager: Shutting down and abandoning module VisualStudioSourceCodeAccess (292)
[2017.09.29-21.46.50:648][645]LogModuleManager: Shutting down and abandoning module DesktopPlatform (291)
[2017.09.29-21.46.50:648][645]LogModuleManager: Shutting down and abandoning module UObjectPlugin (288)
[2017.09.29-21.46.50:648][645]LogModuleManager: Shutting down and abandoning module SubversionSourceControl (286)
[2017.09.29-21.46.50:648][645]LogModuleManager: Shutting down and abandoning module PerforceSourceControl (284)
[2017.09.29-21.46.50:648][645]LogModuleManager: Shutting down and abandoning module GitSourceControl (282)
[2017.09.29-21.46.50:648][645]LogModuleManager: Shutting down and abandoning module SourceControl (281)
[2017.09.29-21.46.50:649][645]LogModuleManager: Shutting down and abandoning module LightPropagationVolumeEditor (278)
[2017.09.29-21.46.50:649][645]LogModuleManager: Shutting down and abandoning module PaperTiledImporter (276)
[2017.09.29-21.46.50:649][645]LogModuleManager: Shutting down and abandoning module PaperSpriteSheetImporter (274)
[2017.09.29-21.46.50:649][645]LogModuleManager: Shutting down and abandoning module Paper2DEditor (272)
[2017.09.29-21.46.50:649][645]LogModuleManager: Shutting down and abandoning module MeshPaint (271)
[2017.09.29-21.46.50:649][645]LogModuleManager: Shutting down and abandoning module LevelEditor (269)
[2017.09.29-21.46.50:651][645]LogModuleManager: Shutting down and abandoning module PixelInspectorModule (268)
[2017.09.29-21.46.50:652][645]LogModuleManager: Shutting down and abandoning module MainFrame (266)
[2017.09.29-21.46.50:652][645]LogModuleManager: Shutting down and abandoning module HotReload (265)
[2017.09.29-21.46.50:653][645]LogModuleManager: Shutting down and abandoning module RuntimePhysXCooking (260)
[2017.09.29-21.46.50:653][645]LogModuleManager: Shutting down and abandoning module PhysXVehiclesEditor (258)
[2017.09.29-21.46.50:654][645]LogModuleManager: Shutting down and abandoning module PhysXVehicles (256)
[2017.09.29-21.46.50:654][645]LogModuleManager: Shutting down and abandoning module OculusEditor (254)
[2017.09.29-21.46.50:654][645]LogModuleManager: Shutting down and abandoning module LocationServicesBPLibrary (252)
[2017.09.29-21.46.50:654][645]LogModuleManager: Shutting down and abandoning module ImmediatePhysicsEditor (250)
[2017.09.29-21.46.50:654][645]LogModuleManager: Shutting down and abandoning module ImmediatePhysics (248)
[2017.09.29-21.46.50:654][645]LogModuleManager: Shutting down and abandoning module UdpMessaging (246)
[2017.09.29-21.46.50:755][645]LogModuleManager: Shutting down and abandoning module TcpMessaging (244)
[2017.09.29-21.46.50:856][645]LogModuleManager: Shutting down and abandoning module GameplayTagsEditor (242)
[2017.09.29-21.46.50:856][645]LogModuleManager: Shutting down and abandoning module FacialAnimationEditor (240)
[2017.09.29-21.46.50:856][645]LogModuleManager: Shutting down and abandoning module FacialAnimation (238)
[2017.09.29-21.46.50:856][645]LogModuleManager: Shutting down and abandoning module AssetManagerEditor (236)
[2017.09.29-21.46.50:856][645]LogModuleManager: Shutting down and abandoning module GraphEditor (235)
[2017.09.29-21.46.50:856][645]LogModuleManager: Shutting down and abandoning module ContentBrowser (233)
[2017.09.29-21.46.50:858][645]LogModuleManager: Shutting down and abandoning module LightPropagationVolumeRuntime (230)
[2017.09.29-21.46.50:858][645]LogModuleManager: Shutting down and abandoning module Paper2D (228)
[2017.09.29-21.46.50:858][645]LogModuleManager: Shutting down and abandoning module WindowsMoviePlayer (226)
[2017.09.29-21.46.50:859][645]LogModuleManager: Shutting down and abandoning module WmfMedia (224)
[2017.09.29-21.46.50:859][645]LogModuleManager: Shutting down and abandoning module PacketHandler (222)
[2017.09.29-21.46.50:859][645]LogModuleManager: Shutting down and abandoning module ClothingSystemEditor (220)
[2017.09.29-21.46.50:859][645]LogModuleManager: Shutting down and abandoning module ClothingSystemRuntime (218)
[2017.09.29-21.46.50:859][645]LogModuleManager: Shutting down and abandoning module Overlay (216)
[2017.09.29-21.46.50:859][645]LogModuleManager: Shutting down and abandoning module OverlayEditor (215)
[2017.09.29-21.46.50:859][645]LogModuleManager: Shutting down and abandoning module MediaAssets (212)
[2017.09.29-21.46.50:859][645]LogModuleManager: Shutting down and abandoning module VREditor (210)
[2017.09.29-21.46.50:859][645]LogModuleManager: Shutting down and abandoning module StringTableEditor (208)
[2017.09.29-21.46.50:859][645]LogModuleManager: Shutting down and abandoning module GameplayTasksEditor (206)
[2017.09.29-21.46.50:859][645]LogModuleManager: Shutting down and abandoning module BehaviorTreeEditor (204)
[2017.09.29-21.46.50:860][645]LogModuleManager: Shutting down and abandoning module FunctionalTesting (202)
[2017.09.29-21.46.50:860][645]LogModuleManager: Shutting down and abandoning module CollisionAnalyzer (200)
[2017.09.29-21.46.50:860][645]LogModuleManager: Shutting down and abandoning module WorkspaceMenuStructure (199)
[2017.09.29-21.46.50:860][645]LogModuleManager: Shutting down and abandoning module UMG (196)
[2017.09.29-21.46.50:860][645]LogModuleManager: Shutting down and abandoning module UMGEditor (195)
[2017.09.29-21.46.50:860][645]LogModuleManager: Shutting down and abandoning module Sequencer (194)
[2017.09.29-21.46.50:860][645]LogModuleManager: Shutting down and abandoning module MessageLog (191)
[2017.09.29-21.46.50:860][645]LogModuleManager: Shutting down and abandoning module SlateReflector (186)
[2017.09.29-21.46.50:860][645]LogModuleManager: Shutting down and abandoning module Slate (184)
[2017.09.29-21.46.50:860][645]LogModuleManager: Shutting down and abandoning module EditorStyle (182)
[2017.09.29-21.46.50:869][645]LogModuleManager: Shutting down and abandoning module MRMesh (180)
[2017.09.29-21.46.50:869][645]LogModuleManager: Shutting down and abandoning module SourceCodeAccess (178)
[2017.09.29-21.46.50:869][645]LogModuleManager: Shutting down and abandoning module HeadMountedDisplay (176)
[2017.09.29-21.46.50:869][645]LogModuleManager: Shutting down and abandoning module XAudio2 (174)
[2017.09.29-21.46.50:869][645]LogModuleManager: Shutting down and abandoning module Networking (172)
[2017.09.29-21.46.50:869][645]LogModuleManager: Shutting down and abandoning module Core (168)
[2017.09.29-21.46.50:869][645]LogModuleManager: Shutting down and abandoning module KismetCompiler (164)
[2017.09.29-21.46.50:869][645]LogModuleManager: Shutting down and abandoning module LevelSequence (162)
[2017.09.29-21.46.50:870][645]LogModuleManager: Shutting down and abandoning module MeshUtilities (160)
[2017.09.29-21.46.50:870][645]LogModuleManager: Shutting down and abandoning module MeshMergeUtilities (159)
[2017.09.29-21.46.50:870][645]LogModuleManager: Shutting down and abandoning module MeshReductionInterface (158)
[2017.09.29-21.46.50:870][645]LogModuleManager: Shutting down and abandoning module SimplygonSwarm (157)
[2017.09.29-21.46.50:870][645]LogModuleManager: Shutting down and abandoning module SimplygonMeshReduction (155)
[2017.09.29-21.46.50:870][645]LogModuleManager: Shutting down and abandoning module QuadricMeshReduction (153)
[2017.09.29-21.46.50:870][645]LogModuleManager: Shutting down and abandoning module MaterialBaking (149)
[2017.09.29-21.46.50:870][645]LogModuleManager: Shutting down and abandoning module DirectoryWatcher (146)
[2017.09.29-21.46.50:872][645]LogModuleManager: Shutting down and abandoning module DerivedDataCache (144)
[2017.09.29-21.46.50:921][645]LogDerivedDataCache: Shutdown
[2017.09.29-21.46.50:921][645]LogModuleManager: Shutting down and abandoning module TargetPlatform (142)
[2017.09.29-21.46.50:921][645]LogModuleManager: Shutting down and abandoning module VulkanShaderFormat (141)
[2017.09.29-21.46.50:921][645]LogModuleManager: Shutting down and abandoning module ShaderFormatVectorVM (139)
[2017.09.29-21.46.50:921][645]LogModuleManager: Shutting down and abandoning module ShaderFormatOpenGL (137)
[2017.09.29-21.46.50:921][645]LogModuleManager: Shutting down and abandoning module ShaderFormatD3D (135)
[2017.09.29-21.46.50:922][645]LogModuleManager: Shutting down and abandoning module MetalShaderFormat (133)
[2017.09.29-21.46.50:922][645]LogModuleManager: Shutting down and abandoning module TextureFormatUncompressed (131)
[2017.09.29-21.46.50:922][645]LogModuleManager: Shutting down and abandoning module TextureFormatPVR (129)
[2017.09.29-21.46.50:922][645]LogModuleManager: Shutting down and abandoning module TextureFormatDXT (127)
[2017.09.29-21.46.50:922][645]LogModuleManager: Shutting down and abandoning module TextureFormatIntelISPCTexComp (125)
[2017.09.29-21.46.50:922][645]LogModuleManager: Shutting down and abandoning module TextureFormatASTC (123)
[2017.09.29-21.46.50:922][645]LogModuleManager: Shutting down and abandoning module ImageWrapper (122)
[2017.09.29-21.46.50:922][645]LogModuleManager: Shutting down and abandoning module TextureFormatAndroid (119)
[2017.09.29-21.46.50:922][645]LogModuleManager: Shutting down and abandoning module AudioFormatOpus (117)
[2017.09.29-21.46.50:922][645]LogModuleManager: Shutting down and abandoning module AudioFormatOgg (115)
[2017.09.29-21.46.50:922][645]LogModuleManager: Shutting down and abandoning module AudioFormatADPCM (113)
[2017.09.29-21.46.50:922][645]LogModuleManager: Shutting down and abandoning module LinuxTargetPlatform (111)
[2017.09.29-21.46.50:922][645]LogModuleManager: Shutting down and abandoning module LinuxServerTargetPlatform (109)
[2017.09.29-21.46.50:922][645]LogModuleManager: Shutting down and abandoning module LinuxNoEditorTargetPlatform (107)
[2017.09.29-21.46.50:923][645]LogModuleManager: Shutting down and abandoning module LinuxClientTargetPlatform (105)
[2017.09.29-21.46.50:923][645]LogModuleManager: Shutting down and abandoning module TVOSTargetPlatform (103)
[2017.09.29-21.46.50:923][645]LogModuleManager: Shutting down and abandoning module Messaging (101)
[2017.09.29-21.46.50:923][645]LogModuleManager: Shutting down and abandoning module IOSTargetPlatform (99)
[2017.09.29-21.46.50:923][645]LogModuleManager: Shutting down and abandoning module HTML5TargetPlatform (97)
[2017.09.29-21.46.50:923][645]LogModuleManager: Shutting down and abandoning module Android_PVRTCTargetPlatform (95)
[2017.09.29-21.46.50:923][645]LogModuleManager: Shutting down and abandoning module Android_MultiTargetPlatform (93)
[2017.09.29-21.46.50:923][645]LogModuleManager: Shutting down and abandoning module Android_ETC2TargetPlatform (91)
[2017.09.29-21.46.50:923][645]LogModuleManager: Shutting down and abandoning module Android_ETC1TargetPlatform (89)
[2017.09.29-21.46.50:923][645]LogModuleManager: Shutting down and abandoning module Android_DXTTargetPlatform (87)
[2017.09.29-21.46.50:923][645]LogModuleManager: Shutting down and abandoning module Android_ATCTargetPlatform (85)
[2017.09.29-21.46.50:924][645]LogModuleManager: Shutting down and abandoning module Android_ASTCTargetPlatform (83)
[2017.09.29-21.46.50:924][645]LogModuleManager: Shutting down and abandoning module AndroidTargetPlatform (81)
[2017.09.29-21.46.50:924][645]LogModuleManager: Shutting down and abandoning module WindowsTargetPlatform (79)
[2017.09.29-21.46.50:924][645]LogModuleManager: Shutting down and abandoning module WindowsServerTargetPlatform (77)
[2017.09.29-21.46.50:924][645]LogModuleManager: Shutting down and abandoning module WindowsNoEditorTargetPlatform (75)
[2017.09.29-21.46.50:924][645]LogModuleManager: Shutting down and abandoning module WindowsClientTargetPlatform (73)
[2017.09.29-21.46.50:924][645]LogModuleManager: Shutting down and abandoning module MacTargetPlatform (71)
[2017.09.29-21.46.50:924][645]LogModuleManager: Shutting down and abandoning module MacServerTargetPlatform (69)
[2017.09.29-21.46.50:924][645]LogModuleManager: Shutting down and abandoning module MacNoEditorTargetPlatform (67)
[2017.09.29-21.46.50:924][645]LogModuleManager: Shutting down and abandoning module MacClientTargetPlatform (65)
[2017.09.29-21.46.50:925][645]LogModuleManager: Shutting down and abandoning module AllDesktopTargetPlatform (63)
[2017.09.29-21.46.50:925][645]LogModuleManager: Shutting down and abandoning module InputCore (60)
[2017.09.29-21.46.50:925][645]LogModuleManager: Shutting down and abandoning module Settings (58)
[2017.09.29-21.46.50:925][645]LogModuleManager: Shutting down and abandoning module PhysXCooking (56)
[2017.09.29-21.46.50:925][645]LogModuleManager: Shutting down and abandoning module SteamVR (54)
[2017.09.29-21.46.50:925][645]LogModuleManager: Shutting down and abandoning module OculusHMD (52)
[2017.09.29-21.46.50:925][645]LogModuleManager: Shutting down and abandoning module ExampleDeviceProfileSelector (50)
[2017.09.29-21.46.50:925][645]LogModuleManager: Shutting down and abandoning module OnlineBlueprintSupport (48)
[2017.09.29-21.46.50:925][645]LogModuleManager: Shutting down and abandoning module OnlineSubsystem (44)
[2017.09.29-21.46.50:925][645]LogOnline: Display: Unloading online subsystem: NULL
[2017.09.29-21.46.50:925][645]LogModuleManager: Shutting down and abandoning module XMPP (43)
[2017.09.29-21.46.50:925][645]LogModuleManager: Shutting down and abandoning module HTTP (41)
[2017.09.29-21.46.50:925][645]LogHttp: Display: Http module shutting down, but needs to wait on 1 outstanding Http requests:
[2017.09.29-21.46.50:926][645]LogHttp: Display: 	verb=[POST] url=[https://datarouter.ol.epicgames.com/datarouter/api/v1/public/data?SessionID=%7BC7E088F1-4666-3AB2-8DEC-0EAF814C4538%7D&AppID=UEEditor.Rocket.Release&AppVersion=4.17.1-3586342%2B%2B%2BUE4%2BRelease-4.17&UserID=575670f6434e2f76adb3bab422fb8ecd%7C60e881ca71ff4d579c906a3ab5c0a7fd%7C9ce41d6e-d72c-4ba8-8803-d78e4cc470c5&AppEnvironment=datacollector-binary&UploadType=eteventstream] status=Processing
[2017.09.29-21.46.50:932][645]LogModuleManager: Shutting down and abandoning module SSL (40)
[2017.09.29-21.46.50:936][645]LogModuleManager: Shutting down and abandoning module AnimationModifiers (36)
[2017.09.29-21.46.50:936][645]LogModuleManager: Shutting down and abandoning module PropertyEditor (35)
[2017.09.29-21.46.50:936][645]LogModuleManager: Shutting down and abandoning module AudioEditor (32)
[2017.09.29-21.46.50:937][645]LogModuleManager: Shutting down and abandoning module TextureCompressor (30)
[2017.09.29-21.46.50:937][645]LogModuleManager: Shutting down and abandoning module ShaderCore (28)
[2017.09.29-21.46.50:937][645]LogModuleManager: Shutting down and abandoning module Landscape (26)
[2017.09.29-21.46.50:937][645]LogModuleManager: Shutting down and abandoning module SlateRHIRenderer (24)
[2017.09.29-21.46.50:939][645]LogModuleManager: Shutting down and abandoning module OpenGLDrv (22)
[2017.09.29-21.46.50:939][645]LogModuleManager: Shutting down and abandoning module D3D11RHI (20)
[2017.09.29-21.46.50:939][645]LogModuleManager: Shutting down and abandoning module AnimGraphRuntime (18)
[2017.09.29-21.46.50:939][645]LogModuleManager: Shutting down and abandoning module Renderer (16)
[2017.09.29-21.46.50:939][645]LogModuleManager: Shutting down and abandoning module Engine (14)
[2017.09.29-21.46.50:939][645]LogModuleManager: Shutting down and abandoning module CoreUObject (12)
[2017.09.29-21.46.50:939][645]LogModuleManager: Shutting down and abandoning module NetworkFile (10)
[2017.09.29-21.46.50:940][645]LogModuleManager: Shutting down and abandoning module CookedIterativeFile (8)
[2017.09.29-21.46.50:940][645]LogModuleManager: Shutting down and abandoning module StreamingFile (6)
[2017.09.29-21.46.50:940][645]LogModuleManager: Shutting down and abandoning module SandboxFile (4)
[2017.09.29-21.46.50:940][645]LogModuleManager: Shutting down and abandoning module PakFile (2)
[2017.09.29-21.46.50:945][645]LogExit: Exiting.
[2017.09.29-21.46.50:991][645]Log file closed, 09/29/17 17:46:50
