Log file open, 10/04/17 18:20:51
LogWindows: LoadLibraryWithSearchPaths failed for file aqProf.dll. GetLastError=0
LogWindows: LoadLibraryWithSearchPaths failed for file VtuneApi.dll. GetLastError=0
LogWindows: LoadLibraryWithSearchPaths failed for file VtuneApi32e.dll. GetLastError=0
LogInit: Display: Running engine for game: Matter
LogPlatformFile: Not using cached read wrapper
LogInit: Display: RandInit(-508363062) SRandInit(-508363062).
LogTaskGraph: Started task graph with 5 named threads and 8 total threads with 3 sets of task threads.
LogStats: Stats thread started at 0.157070
LogD3D11RHI: Aftermath initialized
LogPluginManager: Mounting plugin Paper2D
LogPluginManager: Mounting plugin LightPropagationVolume
LogPluginManager: Mounting plugin CodeLiteSourceCodeAccess
LogPluginManager: Mounting plugin GitSourceControl
LogPluginManager: Mounting plugin KDevelopSourceCodeAccess
LogPluginManager: Mounting plugin NullSourceCodeAccess
LogPluginManager: Mounting plugin PerforceSourceControl
LogPluginManager: Mounting plugin SubversionSourceControl
LogPluginManager: Mounting plugin UObjectPlugin
LogPluginManager: Mounting plugin VisualStudioSourceCodeAccess
LogPluginManager: Mounting plugin XCodeSourceCodeAccess
LogPluginManager: Mounting plugin AssetManagerEditor
LogPluginManager: Mounting plugin AudioCapture
LogPluginManager: Mounting plugin FacialAnimation
LogPluginManager: Mounting plugin GameplayTagsEditor
LogPluginManager: Mounting plugin MobileLauncherProfileWizard
LogPluginManager: Mounting plugin PluginBrowser
LogPluginManager: Mounting plugin SpeedTreeImporter
LogPluginManager: Mounting plugin AlembicImporter
LogPluginManager: Mounting plugin CharacterAI
LogPluginManager: Mounting plugin HTML5Networking
LogPluginManager: Mounting plugin AndroidMedia
LogPluginManager: Mounting plugin AvfMedia
LogPluginManager: Mounting plugin MediaPlayerEditor
LogPluginManager: Mounting plugin WmfMedia
LogPluginManager: Mounting plugin TcpMessaging
LogPluginManager: Mounting plugin UdpMessaging
LogPluginManager: Mounting plugin LevelSequenceEditor
LogPluginManager: Mounting plugin MatineeToLevelSequence
LogPluginManager: Mounting plugin OnlineSubsystemGooglePlay
LogPluginManager: Mounting plugin OnlineSubsystemIOS
LogPluginManager: Mounting plugin OnlineSubsystem
LogPluginManager: Mounting plugin OnlineSubsystemNull
LogPluginManager: Mounting plugin OnlineSubsystemUtils
LogPluginManager: Mounting plugin AndroidDeviceProfileSelector
LogPluginManager: Mounting plugin AndroidMoviePlayer
LogPluginManager: Mounting plugin AndroidPermission
LogPluginManager: Mounting plugin AppleMoviePlayer
LogPluginManager: Mounting plugin ArchVisCharacter
LogPluginManager: Mounting plugin CableComponent
LogPluginManager: Mounting plugin CustomMeshComponent
LogPluginManager: Mounting plugin ExampleDeviceProfileSelector
LogPluginManager: Mounting plugin GoogleCloudMessaging
LogPluginManager: Mounting plugin ImmediatePhysics
LogPluginManager: Mounting plugin IOSDeviceProfileSelector
LogPluginManager: Mounting plugin LinuxDeviceProfileSelector
LogPluginManager: Mounting plugin LocationServicesBPLibrary
LogPluginManager: Mounting plugin MobilePatchingUtils
LogPluginManager: Mounting plugin OculusVR
LogPluginManager: Mounting plugin PhysXVehicles
LogPluginManager: Mounting plugin ProceduralMeshComponent
LogPluginManager: Mounting plugin RuntimePhysXCooking
LogPluginManager: Mounting plugin SteamVR
LogPluginManager: Mounting plugin WindowsMoviePlayer
LogInit: Using libcurl 7.47.1
LogInit:  - built for x86_64-pc-win32
LogInit:  - supports SSL with OpenSSL/1.0.2g
LogInit:  - supports HTTP deflate (compression) using libz 1.2.8
LogInit:  - other features:
LogInit:      CURL_VERSION_SSL
LogInit:      CURL_VERSION_LIBZ
LogInit:      CURL_VERSION_IPV6
LogInit:      CURL_VERSION_ASYNCHDNS
LogInit:      CURL_VERSION_LARGEFILE
LogInit:      CURL_VERSION_IDN
LogInit:  CurlRequestOptions (configurable via config and command line):
LogInit:  - bVerifyPeer = false  - Libcurl will NOT verify peer certificate
LogInit:  - bUseHttpProxy = false  - Libcurl will NOT use HTTP proxy
LogInit:  - bDontReuseConnections = false  - Libcurl will reuse connections
LogInit:  - CertBundlePath = nullptr  - Libcurl will use whatever was configured at build time.
LogInit: Build: ++UE4+Release-4.17-CL-3586342
LogInit: Engine Version: 4.17.1-3586342+++UE4+Release-4.17
LogInit: Compatible Engine Version: 4.17.0-3573198+++UE4+Release-4.17
LogInit: Net CL: 3573198
LogDevObjectVersion: Number of dev versions registered: 16
LogDevObjectVersion:   Dev-Blueprints (B0D832E4-1F89-4F0D-ACCF-7EB736FD4AA2): 10
LogDevObjectVersion:   Dev-Build (E1C64328-A22C-4D53-A36C-8E866417BD8C): 0
LogDevObjectVersion:   Dev-Core (375EC13C-06E4-48FB-B500-84F0262A717E): 2
LogDevObjectVersion:   Dev-Editor (E4B068ED-F494-42E9-A231-DA0B2E46BB41): 20
LogDevObjectVersion:   Dev-Framework (CFFC743F-43B0-4480-9391-14DF171D2073): 28
LogDevObjectVersion:   Dev-Mobile (B02B49B5-BB20-44E9-A304-32B752E40360): 0
LogDevObjectVersion:   Dev-Networking (A4E4105C-59A1-49B5-A7C5-40C4547EDFEE): 0
LogDevObjectVersion:   Dev-Online (39C831C9-5AE6-47DC-9A44-9C173E1C8E7C): 0
LogDevObjectVersion:   Dev-Physics (78F01B33-EBEA-4F98-B9B4-84EACCB95AA2): 0
LogDevObjectVersion:   Dev-Platform (6631380F-2D4D-43E0-8009-CF276956A95A): 0
LogDevObjectVersion:   Dev-Rendering (12F88B9F-8875-4AFC-A67C-D90C383ABD29): 19
LogDevObjectVersion:   Dev-Sequencer (7B5AE74C-D270-4C10-A958-57980B212A5A): 4
LogDevObjectVersion:   Dev-VR (D7296918-1DD6-4BDD-9DE2-64A83CC13884): 0
LogDevObjectVersion:   Dev-LoadTimes (C2A15278-BFE7-4AFE-6C17-90FF531DF755): 1
LogDevObjectVersion:   Private-Geometry (6EACA3D4-40EC-4CC1-B786-8BED09428FC5): 1
LogDevObjectVersion:   Dev-AnimPhys (29E575DD-E0A3-4627-9D10-D276232CDCEA): 7
LogInit: Compiled (64-bit): Aug 15 2017 02:05:26
LogInit: Compiled with Visual C++: 19.00.24215.01
LogInit: Build Configuration: Development
LogInit: Branch Name: ++UE4+Release-4.17
LogInit: Command line: -EpicPortal 
LogInit: Base directory: D:/UnrealEngine/UE_4.17/Engine/Binaries/Win64/
LogInit: Installed Engine Build: 1
LogInit: Presizing for max 8388607 objects, including 0 objects not considered by GC, pre-allocating 0 bytes for permanent pool.
LogInit: Object subsystem initialized
[2017.10.04-22.20.52:355][  0]LogInit: Selected Device Profile: [Windows]
[2017.10.04-22.20.52:355][  0]LogInit: Applying CVar settings loaded from the selected device profile: [Windows]
[2017.10.04-22.20.52:366][  0]LogInit: Computer: DESKTOP-E54LDI7
[2017.10.04-22.20.52:366][  0]LogInit: User: mack2
[2017.10.04-22.20.52:366][  0]LogInit: CPU Page size=4096, Cores=2
[2017.10.04-22.20.52:366][  0]LogInit: High frequency timer resolution =2.825502 MHz
[2017.10.04-22.20.52:366][  0]LogMemory: Memory total: Physical=7.9GB (8GB approx)
[2017.10.04-22.20.52:366][  0]LogMemory: Platform Memory Stats for Windows
[2017.10.04-22.20.52:366][  0]LogMemory: Process Physical Memory: 276.80 MB used, 276.80 MB peak
[2017.10.04-22.20.52:366][  0]LogMemory: Process Virtual Memory: 275.71 MB used, 275.71 MB peak
[2017.10.04-22.20.52:367][  0]LogMemory: Physical Memory: 4680.00 MB used,  3429.36 MB free, 8109.36 MB total
[2017.10.04-22.20.52:367][  0]LogMemory: Virtual Memory: 666.99 MB used,  3429.36 MB free, 134217728.00 MB total
[2017.10.04-22.20.52:507][  0]LogInit: Using OS detected language (en-US).
[2017.10.04-22.20.52:507][  0]LogInit: Using OS detected locale (en-US).
[2017.10.04-22.20.52:510][  0]LogTextLocalizationManager: No specific localization for 'en-US' exists, so the 'en' localization will be used.
[2017.10.04-22.20.53:293][  0]LogD3D11RHI: D3D11 adapters:
[2017.10.04-22.20.54:289][  0]LogD3D11RHI:    0. 'NVIDIA GeForce GTX 950M' (Feature Level 11_0)
[2017.10.04-22.20.54:289][  0]LogD3D11RHI:       2019/0/4054 MB DedicatedVideo/DedicatedSystem/SharedSystem, Outputs:1, VendorId:0x10de
[2017.10.04-22.20.54:294][  0]LogD3D11RHI:    1. 'Intel(R) HD Graphics 4600' (Feature Level 11_0)
[2017.10.04-22.20.54:294][  0]LogD3D11RHI:       112/0/2048 MB DedicatedVideo/DedicatedSystem/SharedSystem, Outputs:0, VendorId:0x8086
[2017.10.04-22.20.54:295][  0]LogD3D11RHI:    2. 'Microsoft Basic Render Driver' (Feature Level 11_0)
[2017.10.04-22.20.54:295][  0]LogD3D11RHI:       0/0/4054 MB DedicatedVideo/DedicatedSystem/SharedSystem, Outputs:0, VendorId:0x1414
[2017.10.04-22.20.54:295][  0]LogD3D11RHI: Chosen D3D11 Adapter: 0
[2017.10.04-22.20.54:301][  0]LogD3D11RHI: Creating new Direct3DDevice
[2017.10.04-22.20.54:301][  0]LogD3D11RHI:     GPU DeviceId: 0x139a (for the marketing name, search the web for "GPU Device Id")
[2017.10.04-22.20.54:301][  0]LogWindows: EnumDisplayDevices:
[2017.10.04-22.20.54:301][  0]LogWindows:    0. 'Intel(R) HD Graphics 4600' (P:1 D:1)
[2017.10.04-22.20.54:302][  0]LogWindows:    1. 'Intel(R) HD Graphics 4600' (P:0 D:0)
[2017.10.04-22.20.54:302][  0]LogWindows:    2. 'Intel(R) HD Graphics 4600' (P:0 D:0)
[2017.10.04-22.20.54:302][  0]LogWindows: DebugString: PrimaryIsNotTheChoosenAdapter PrimaryIsNotTheChoosenAdapter PrimaryIsNotTheChoosenAdapter FoundDriverCount:0 
[2017.10.04-22.20.54:302][  0]LogD3D11RHI:     Adapter Name: NVIDIA GeForce GTX 950M
[2017.10.04-22.20.54:302][  0]LogD3D11RHI:   Driver Version: Unknown (internal:Unknown, unified:Unknown)
[2017.10.04-22.20.54:302][  0]LogD3D11RHI:      Driver Date: Unknown
[2017.10.04-22.20.54:302][  0]LogRHI: Texture pool is 1361 MB (70% of 1945 MB)
[2017.10.04-22.20.55:030][  0]LogD3D11RHI: Async texture creation enabled
[2017.10.04-22.20.55:164][  0]LogD3D11RHI: GPU Timing Frequency: 1000.000000 (Debug: 2 1)
[2017.10.04-22.20.55:165][  0]LogShaderCompilers: Guid format shader working directory is -12 characters bigger than the processId version (C:/Users/mack2/OneDrive/UMBC/GameDev/ProjectMatter/Matter/Intermediate/Shaders/WorkingDirectory/11304/).
[2017.10.04-22.20.55:165][  0]LogShaderCompilers: Cleaned the shader compiler working directory 'C:/Users/mack2/AppData/Local/Temp/UnrealShaderWorkingDir/F87327DB445A2E8100BB0B899F279902/'.
[2017.10.04-22.20.55:165][  0]LogShaderCompilers: Display: Using Local Shader Compiler.
[2017.10.04-22.20.56:184][  0]LogTemp: Display: Loaded TP AllDesktopTargetPlatform
[2017.10.04-22.20.56:233][  0]LogTemp: Display: Loaded TP MacClientTargetPlatform
[2017.10.04-22.20.56:279][  0]LogTemp: Display: Loaded TP MacNoEditorTargetPlatform
[2017.10.04-22.20.56:327][  0]LogTemp: Display: Loaded TP MacServerTargetPlatform
[2017.10.04-22.20.56:375][  0]LogTemp: Display: Loaded TP MacTargetPlatform
[2017.10.04-22.20.56:421][  0]LogTemp: Display: Loaded TP WindowsClientTargetPlatform
[2017.10.04-22.20.56:465][  0]LogTemp: Display: Loaded TP WindowsNoEditorTargetPlatform
[2017.10.04-22.20.56:509][  0]LogTemp: Display: Loaded TP WindowsServerTargetPlatform
[2017.10.04-22.20.56:552][  0]LogTemp: Display: Loaded TP WindowsTargetPlatform
[2017.10.04-22.20.56:604][  0]LogTemp: Display: Loaded TP AndroidTargetPlatform
[2017.10.04-22.20.56:655][  0]LogTemp: Display: Loaded TP Android_ASTCTargetPlatform
[2017.10.04-22.20.56:706][  0]LogTemp: Display: Loaded TP Android_ATCTargetPlatform
[2017.10.04-22.20.56:757][  0]LogTemp: Display: Loaded TP Android_DXTTargetPlatform
[2017.10.04-22.20.56:804][  0]LogTemp: Display: Loaded TP Android_ETC1TargetPlatform
[2017.10.04-22.20.56:847][  0]LogTemp: Display: Loaded TP Android_ETC2TargetPlatform
[2017.10.04-22.20.56:934][  0]LogTemp: Display: Loaded TP Android_MultiTargetPlatform
[2017.10.04-22.20.56:934][  0]LogTemp: Display: Loaded TP Android_PVRTCTargetPlatform
[2017.10.04-22.20.56:965][  0]LogTemp: Display: Loaded TP HTML5TargetPlatform
[2017.10.04-22.20.57:051][  0]LogTemp: Display: Loaded TP IOSTargetPlatform
[2017.10.04-22.20.57:077][  0]LogTemp: Display: Loaded TP TVOSTargetPlatform
[2017.10.04-22.20.57:124][  0]LogTemp: Display: Loaded TP LinuxClientTargetPlatform
[2017.10.04-22.20.57:174][  0]LogTemp: Display: Loaded TP LinuxNoEditorTargetPlatform
[2017.10.04-22.20.57:222][  0]LogTemp: Display: Loaded TP LinuxServerTargetPlatform
[2017.10.04-22.20.57:266][  0]LogTemp: Display: Loaded TP LinuxTargetPlatform
[2017.10.04-22.20.57:267][  0]LogTargetPlatformManager: Display: Building Assets For Windows
[2017.10.04-22.20.57:693][  0]LogDerivedDataCache: Display: Max Cache Size: 512 MB
[2017.10.04-22.20.57:839][  0]LogDerivedDataCache: Loaded boot cache 0.15s 93MB C:/Users/mack2/AppData/Local/UnrealEngine/4.17/DerivedDataCache/Boot.ddc.
[2017.10.04-22.20.57:839][  0]LogDerivedDataCache: Display: Loaded Boot cache: C:/Users/mack2/AppData/Local/UnrealEngine/4.17/DerivedDataCache/Boot.ddc
[2017.10.04-22.20.57:839][  0]LogDerivedDataCache: FDerivedDataBackendGraph:  Pak pak cache file C:/Users/mack2/OneDrive/UMBC/GameDev/ProjectMatter/Matter/DerivedDataCache/DDC.ddp not found, will not use a pak cache.
[2017.10.04-22.20.57:839][  0]LogDerivedDataCache: Unable to find inner node Pak for hierarchical cache Hierarchy.
[2017.10.04-22.20.57:839][  0]LogDerivedDataCache: FDerivedDataBackendGraph:  CompressedPak pak cache file C:/Users/mack2/OneDrive/UMBC/GameDev/ProjectMatter/Matter/DerivedDataCache/Compressed.ddp not found, will not use a pak cache.
[2017.10.04-22.20.57:839][  0]LogDerivedDataCache: Unable to find inner node CompressedPak for hierarchical cache Hierarchy.
[2017.10.04-22.20.57:857][  0]LogDerivedDataCache: Display: Pak cache opened for reading ../../../Engine/DerivedDataCache/Compressed.ddp.
[2017.10.04-22.20.57:869][  0]LogDerivedDataCache: Using Local data cache path C:/Users/mack2/AppData/Local/UnrealEngine/Common/DerivedDataCache: Writable
[2017.10.04-22.20.57:881][  0]LogMaterial: Verifying Global Shaders for PCD3D_SM5
[2017.10.04-22.20.57:882][  0]LogSlate: Using Freetype 2.6.0
[2017.10.04-22.20.57:882][  0]LogSlate: SlateFontCache - WITH_FREETYPE: 1, WITH_HARFBUZZ: 1
[2017.10.04-22.20.57:882][  0]LogSlate: SlateFontCache - WITH_FREETYPE: 1, WITH_HARFBUZZ: 1
[2017.10.04-22.20.58:166][  0]LogAssetRegistry: FAssetRegistry took 0.0255 seconds to start up
[2017.10.04-22.20.58:306][  0]LogInit: Selected Device Profile: [Windows]
[2017.10.04-22.20.58:477][  0]LogContentStreaming: Texture pool size is 0.00 MB
[2017.10.04-22.20.58:765][  0]LogSimplygon: Simplygon DLL not present - disabling.
[2017.10.04-22.20.58:804][  0]LogMeshReduction: Using SimplygonSwarm for distributed automatic mesh merging
[2017.10.04-22.20.58:804][  0]LogMeshReduction: Using QuadricMeshReduction for automatic static mesh reduction
[2017.10.04-22.20.58:804][  0]LogMeshReduction: No automatic skeletal mesh reduction module available
[2017.10.04-22.20.58:804][  0]LogMeshReduction: No automatic mesh merging module available
[2017.10.04-22.20.58:804][  0]LogMeshMerging: No automatic mesh merging module available
[2017.10.04-22.20.59:215][  0]LogNetVersion: Matter , NetCL: 3573198, EngineNetVer: 2, GameNetVer: 0 (Checksum: 980240421)
[2017.10.04-22.20.59:470][  0]LogPackageLocalizationCache: Processed 5 localized package path(s) for 2 prioritized culture(s) in 0.058658 seconds
[2017.10.04-22.20.59:476][  0]LogUObjectArray: 35825 objects as part of root set at end of initial load.
[2017.10.04-22.20.59:476][  0]LogUObjectAllocator: 7529104 out of 0 bytes used by permanent object pool.
[2017.10.04-22.20.59:476][  0]LogUObjectArray: CloseDisregardForGC: 0/0 objects in disregard for GC pool
[2017.10.04-22.20.59:527][  0]LogInit: WinSock: version 1.1 (2.2), MaxSocks=32767, MaxUdp=65467
[2017.10.04-22.21.02:089][  0]LogTcpMessaging: Initializing TcpMessaging bridge
[2017.10.04-22.21.02:125][  0]LogUdpMessaging: Initializing bridge on interface 0.0.0.0:0 to multicast group 230.0.0.1:6666.
[2017.10.04-22.21.02:720][  0]LogMaterial: Uniform references updated for custom material expression Custom.
[2017.10.04-22.21.03:093][  0]SourceControl: Source control is disabled
[2017.10.04-22.21.03:094][  0]SourceControl: Source control is disabled
[2017.10.04-22.21.03:135][  0]SourceControl: Source control is disabled
[2017.10.04-22.21.03:178][  0]SourceControl: Source control is disabled
[2017.10.04-22.21.03:678][  0]LogAndroidPermission: UAndroidPermissionCallbackProxy::GetInstance
[2017.10.04-22.21.03:892][  0]LogOcInput: OculusInput pre-init called
[2017.10.04-22.21.04:110][  0]LogEngine: Initializing Engine...
[2017.10.04-22.21.04:112][  0]LogHMD: Failed to initialize OpenVR with code 110
[2017.10.04-22.21.04:411][  0]LogStats: UGameplayTagsManager::ConstructGameplayTagTree: Construct from data asset -  0.000 s
[2017.10.04-22.21.04:411][  0]LogStats: UGameplayTagsManager::ConstructGameplayTagTree: GameplayTagTreeChangedEvent.Broadcast -  0.000 s
[2017.10.04-22.21.04:534][  0]LogAIModule: Creating AISystem for world Untitled
[2017.10.04-22.21.04:543][  0]LogInit: XAudio2 using 'Speakers (High Definition Audio Device)' : 2 channels at 44.1 kHz using 16 bits per sample (channel mask 0x3)
[2017.10.04-22.21.04:558][  0]LogInit: FAudioDevice initialized.
[2017.10.04-22.21.04:862][  0]LogDerivedDataCache: Saved boot cache 0.30s 93MB C:/Users/mack2/AppData/Local/UnrealEngine/4.17/DerivedDataCache/Boot.ddc.
[2017.10.04-22.21.04:888][  0]LogInit: Texture streaming: Enabled
[2017.10.04-22.21.04:984][  0]LogEngineSessionManager: EngineSessionManager initialized
[2017.10.04-22.21.05:172][  0]LogInit: Transaction tracking system initialized
[2017.10.04-22.21.05:431][  0]BlueprintLog: New page: Editor Load
[2017.10.04-22.21.06:176][  0]LocalizationService: Localization service is disabled
[2017.10.04-22.21.06:779][  0]LogConsoleResponse: Display: 
[2017.10.04-22.21.06:991][  0]LogCook: Display: Max memory allowance for cook 16384mb min free memory 0mb
[2017.10.04-22.21.06:991][  0]LogCook: Display: Mobile HDR setting 1
[2017.10.04-22.21.06:991][  0]LogGameplayTags: Display: UGameplayTagsManager::DoneAddingNativeTags. DelegateIsBound: 0
[2017.10.04-22.21.07:438][  0]LogFileCache: Scanning file cache for directory 'C:/Users/mack2/OneDrive/UMBC/GameDev/ProjectMatter/Matter/Content/' took 0.02s
[2017.10.04-22.21.07:900][  0]SourceControl: Source control is disabled
[2017.10.04-22.21.07:901][  0]Cmd: MAP LOAD FILE="C:/Users/mack2/OneDrive/UMBC/GameDev/ProjectMatter/Matter/Content/ThirdPersonBP/Maps/ThirdPersonExampleMap.umap" TEMPLATE=0 SHOWPROGRESS=1 FEATURELEVEL=3
[2017.10.04-22.21.07:901][  0]LightingResults: New page: Lighting Build
[2017.10.04-22.21.07:936][  0]MapCheck: New page: Map Check
[2017.10.04-22.21.07:936][  0]LightingResults: New page: Lighting Build
[2017.10.04-22.21.08:497][  0]LogAIModule: Creating AISystem for world ThirdPersonExampleMap
[2017.10.04-22.21.08:526][  0]LogEditorServer: Finished looking for orphan Actors (0.000 secs)
[2017.10.04-22.21.08:561][  0]Cmd: MAP CHECKDEP NOCLEARLOG
[2017.10.04-22.21.08:611][  0]MapCheck: Map check complete: 0 Error(s), 0 Warning(s), took 49.617ms to complete.
[2017.10.04-22.21.08:611][  0]LogFileHelpers: Loading map 'ThirdPersonExampleMap' took 0.711
[2017.10.04-22.21.08:785][  0]LogCollectionManager: Loaded 0 collections in 0.001559 seconds
[2017.10.04-22.21.08:862][  0]LogFileCache: Scanning file cache for directory 'C:/Users/mack2/OneDrive/UMBC/GameDev/ProjectMatter/Matter/Saved/Collections/' took 0.01s
[2017.10.04-22.21.08:862][  0]LogFileCache: Scanning file cache for directory 'C:/Users/mack2/OneDrive/UMBC/GameDev/ProjectMatter/Matter/Content/Developers/mack2/Collections/' took 0.01s
[2017.10.04-22.21.08:862][  0]LogFileCache: Scanning file cache for directory 'C:/Users/mack2/OneDrive/UMBC/GameDev/ProjectMatter/Matter/Content/Collections/' took 0.01s
[2017.10.04-22.21.08:862][  0]LogCollectionManager: Rebuilt the GUID cache for 0 collections in 0.000001 seconds
[2017.10.04-22.21.08:873][  0]LogContentBrowser: Native class hierarchy populated in 0.0114 seconds. Added 2386 classes and 500 folders.
[2017.10.04-22.21.08:939][  0]LogContentBrowser: Native class hierarchy updated for 'WidgetCarousel' in 0.0011 seconds. Added 0 classes and 0 folders.
[2017.10.04-22.21.08:980][  0]LogContentBrowser: Native class hierarchy updated for 'AddContentDialog' in 0.0008 seconds. Added 0 classes and 0 folders.
[2017.10.04-22.21.09:023][  0]LogContentBrowser: Native class hierarchy updated for 'SceneOutliner' in 0.0007 seconds. Added 1 classes and 2 folders.
[2017.10.04-22.21.09:055][  0]LogSlate: Took 0.000241 seconds to synchronously load lazily loaded font '../../../Engine/Content/Slate/Fonts/Roboto-Regular.ttf' (155K)
[2017.10.04-22.21.09:057][  0]LogSlate: Took 0.000280 seconds to synchronously load lazily loaded font '../../../Engine/Content/Slate/Fonts/Roboto-Bold.ttf' (160K)
[2017.10.04-22.21.09:064][  0]LogSlate: Took 0.000310 seconds to synchronously load lazily loaded font '../../../Engine/Content/Editor/Slate/Fonts/FontAwesome.ttf' (139K)
[2017.10.04-22.21.09:182][  0]LogRenderer: Reallocating scene render targets to support 972x436 Format 10 NumSamples 1 (Frame:1).
[2017.10.04-22.21.09:254][  0]LogSlate: Took 0.000265 seconds to synchronously load lazily loaded font '../../../Engine/Content/Slate/Fonts/Roboto-Light.ttf' (159K)
[2017.10.04-22.21.09:410][  0]LogContentBrowser: Native class hierarchy updated for 'HierarchicalLODOutliner' in 0.0007 seconds. Added 1 classes and 2 folders.
[2017.10.04-22.21.09:411][  0]LogLoad: (Engine Initialization) Total time: 18.85 seconds
[2017.10.04-22.21.09:411][  0]LogLoad: (Engine Initialization) Total Blueprint compile time: 0.00 seconds
[2017.10.04-22.21.09:411][  0]LogExternalProfiler: Found external profiler: VSPerf
[2017.10.04-22.21.09:411][  0]LogExternalProfiler: Using external profiler: VSPerf
[2017.10.04-22.21.09:422][  0]LogWindowsTextInputMethodSystem: Display: IME system now deactivated.
[2017.10.04-22.21.09:446][  0]LogContentStreaming: Texture pool size now 1000 MB
[2017.10.04-22.21.09:504][  1]LogAssetRegistry: Asset discovery search completed in 11.3589 seconds
[2017.10.04-22.21.09:506][  1]LogCollectionManager: Rebuilt the object cache for 0 collections in 0.000000 seconds (found 0 objects)
[2017.10.04-22.21.09:506][  1]LogCollectionManager: Fixed up redirectors for 0 collections in 0.000060 seconds (updated 0 objects)
[2017.10.04-22.22.49:069][487]LogMaterial: Missing cached shader map for material T_Perlin_Noise_M_Mat, compiling. 
[2017.10.04-22.22.49:074][487]LogMaterial: Warning: Failed to compile Material /Game/StarterContent/Textures/T_Perlin_Noise_M_Mat.T_Perlin_Noise_M_Mat for platform PCD3D_SM5, Default Material will be used in game.
[2017.10.04-22.22.49:074][487]LogMaterial: Warning: 	(Node TextureSample) TextureSample> Sampler type is Color, should be Masks for /Game/StarterContent/Textures/T_Perlin_Noise_M.T_Perlin_Noise_M
[2017.10.04-22.22.49:098][487]LogMaterial: Warning: Material /Game/StarterContent/Textures/T_Perlin_Noise_M_Mat.T_Perlin_Noise_M_Mat needed to have new flag set bUsedWithStaticLighting !
[2017.10.04-22.22.49:100][487]LogMaterial: Missing cached shader map for material T_Perlin_Noise_M_Mat, compiling. 
[2017.10.04-22.22.49:100][487]LogMaterial: Warning: Failed to compile Material /Game/StarterContent/Textures/T_Perlin_Noise_M_Mat.T_Perlin_Noise_M_Mat for platform PCD3D_SM5, Default Material will be used in game.
[2017.10.04-22.22.49:101][487]LogMaterial: Warning: 	(Node TextureSample) TextureSample> Sampler type is Color, should be Masks for /Game/StarterContent/Textures/T_Perlin_Noise_M.T_Perlin_Noise_M
[2017.10.04-22.22.54:988][911]LogMaterial: Missing cached shader map for material T_Rock_Basalt_Mat, compiling. 
[2017.10.04-22.22.55:023][911]LogMaterial: Warning: Material /Game/StarterContent/Textures/T_Rock_Basalt_Mat.T_Rock_Basalt_Mat needed to have new flag set bUsedWithStaticLighting !
[2017.10.04-22.22.55:025][911]LogMaterial: Missing cached shader map for material T_Rock_Basalt_Mat, compiling. 
[2017.10.04-22.23.00:145][201]LogEditorViewport: Clicking on Actor (LMB): StaticMeshActor (Cylinder)
[2017.10.04-22.23.23:700][497]LogSlate: Took 0.000357 seconds to synchronously load lazily loaded font '../../../Engine/Content/Slate/Fonts/Roboto-Light.ttf' (159K)
[2017.10.04-22.23.41:368][355]LogEditorViewport: Clicking on Actor (LMB): StaticMeshActor (Sphere)
[2017.10.04-22.23.43:833][507]LogMaterial: Missing cached shader map for material T_Tech_Panel_M_Mat, compiling. 
[2017.10.04-22.23.43:853][507]LogMaterial: Warning: Material /Game/StarterContent/Textures/T_Tech_Panel_M_Mat.T_Tech_Panel_M_Mat needed to have new flag set bUsedWithStaticLighting !
[2017.10.04-22.23.43:859][507]LogMaterial: Missing cached shader map for material T_Tech_Panel_M_Mat, compiling. 
[2017.10.04-22.24.03:430][522]LogEditorViewport: Clicking on Actor (LMB): StaticMeshActor (Cube5)
[2017.10.04-22.24.59:345][833]LogTemp: Repeating last play command: Selected Viewport
[2017.10.04-22.24.59:517][833]LogBlueprintUserMessages: Early PlayInEditor Detection: Level '/Game/ThirdPersonBP/Maps/ThirdPersonExampleMap.ThirdPersonExampleMap:PersistentLevel' has LevelScriptBlueprint '/Game/ThirdPersonBP/Maps/ThirdPersonExampleMap.ThirdPersonExampleMap:PersistentLevel.ThirdPersonExampleMap' with GeneratedClass '/Game/ThirdPersonBP/Maps/ThirdPersonExampleMap.ThirdPersonExampleMap_C' with ClassGeneratedBy '/Game/ThirdPersonBP/Maps/ThirdPersonExampleMap.ThirdPersonExampleMap:PersistentLevel.ThirdPersonExampleMap'
[2017.10.04-22.24.59:517][833]LogPlayLevel: PlayLevel: No blueprints needed recompiling
[2017.10.04-22.24.59:568][833]PIE: New page: PIE session: ThirdPersonExampleMap (Oct 4, 2017, 2:24:59 PM)
[2017.10.04-22.24.59:568][833]LogPlayLevel: Creating play world package: /Game/ThirdPersonBP/Maps/UEDPIE_0_ThirdPersonExampleMap
[2017.10.04-22.24.59:608][833]LogPlayLevel: PIE: StaticDuplicateObject took: (0.040119s)
[2017.10.04-22.24.59:610][833]LogAIModule: Creating AISystem for world ThirdPersonExampleMap
[2017.10.04-22.24.59:611][833]LogPlayLevel: PIE: World Init took: (0.002402s)
[2017.10.04-22.24.59:618][833]LogPlayLevel: PIE: Created PIE world by copying editor world from /Game/ThirdPersonBP/Maps/ThirdPersonExampleMap.ThirdPersonExampleMap to /Game/ThirdPersonBP/Maps/UEDPIE_0_ThirdPersonExampleMap.ThirdPersonExampleMap (0.049908s)
[2017.10.04-22.24.59:680][833]LogInit: XAudio2 using 'Speakers (High Definition Audio Device)' : 2 channels at 44.1 kHz using 16 bits per sample (channel mask 0x3)
[2017.10.04-22.24.59:697][833]LogInit: FAudioDevice initialized.
[2017.10.04-22.24.59:799][833]LogLoad: Game class is 'ThirdPersonGameMode_C'
[2017.10.04-22.24.59:842][833]LogWorld: Bringing World /Game/ThirdPersonBP/Maps/UEDPIE_0_ThirdPersonExampleMap.ThirdPersonExampleMap up for play (max tick rate 0) at 2017.10.04-18.24.59
[2017.10.04-22.24.59:843][833]LogWorld: Bringing up level for play took: 0.013097
[2017.10.04-22.24.59:897][833]LogContentBrowser: Native class hierarchy updated for 'MovieSceneCapture' in 0.0010 seconds. Added 11 classes and 0 folders.
[2017.10.04-22.24.59:898][833]PIE: Play in editor start time for /Game/ThirdPersonBP/Maps/UEDPIE_0_ThirdPersonExampleMap 0.848
[2017.10.04-22.24.59:898][833]LogBlueprintUserMessages: Late PlayInEditor Detection: Level '/Game/ThirdPersonBP/Maps/ThirdPersonExampleMap.ThirdPersonExampleMap:PersistentLevel' has LevelScriptBlueprint '/Game/ThirdPersonBP/Maps/ThirdPersonExampleMap.ThirdPersonExampleMap:PersistentLevel.ThirdPersonExampleMap' with GeneratedClass '/Game/ThirdPersonBP/Maps/ThirdPersonExampleMap.ThirdPersonExampleMap_C' with ClassGeneratedBy '/Game/ThirdPersonBP/Maps/ThirdPersonExampleMap.ThirdPersonExampleMap:PersistentLevel.ThirdPersonExampleMap'
[2017.10.04-22.25.17:268][149]LogBlueprintUserMessages: Early EndPlayMap Detection: Level '/Game/ThirdPersonBP/Maps/ThirdPersonExampleMap.ThirdPersonExampleMap:PersistentLevel' has LevelScriptBlueprint '/Game/ThirdPersonBP/Maps/ThirdPersonExampleMap.ThirdPersonExampleMap:PersistentLevel.ThirdPersonExampleMap' with GeneratedClass '/Game/ThirdPersonBP/Maps/ThirdPersonExampleMap.ThirdPersonExampleMap_C' with ClassGeneratedBy '/Game/ThirdPersonBP/Maps/ThirdPersonExampleMap.ThirdPersonExampleMap:PersistentLevel.ThirdPersonExampleMap'
[2017.10.04-22.25.17:323][149]LogBlueprintUserMessages: Late EndPlayMap Detection: Level '/Game/ThirdPersonBP/Maps/ThirdPersonExampleMap.ThirdPersonExampleMap:PersistentLevel' has LevelScriptBlueprint '/Game/ThirdPersonBP/Maps/ThirdPersonExampleMap.ThirdPersonExampleMap:PersistentLevel.ThirdPersonExampleMap' with GeneratedClass '/Game/ThirdPersonBP/Maps/ThirdPersonExampleMap.ThirdPersonExampleMap_C' with ClassGeneratedBy '/Game/ThirdPersonBP/Maps/ThirdPersonExampleMap.ThirdPersonExampleMap:PersistentLevel.ThirdPersonExampleMap'
[2017.10.04-22.26.26:283][529]LogEditorViewport: Clicking on Actor (context menu): StaticMeshActor (Cube22)
[2017.10.04-22.26.42:936][752]LogEditorViewport: Clicking on Actor (context menu): Blueprint_Effect_Steam_C (Blueprint_Effect_Steam)
[2017.10.04-22.26.44:232][840]LogEditorViewport: Clicking on Actor (context menu): Blueprint_Effect_Steam_C (Blueprint_Effect_Steam2)
[2017.10.04-22.26.47:166][ 37]LogEditorViewport: Clicking on Actor (context menu): StaticMeshActor (Cube18)
[2017.10.04-22.26.47:915][ 80]LogEditorViewport: Clicking on Actor (context menu): StaticMeshActor (Cube18)
[2017.10.04-22.26.49:647][205]LogEditorViewport: Clicking on Actor (LMB): StaticMeshActor (Cube18)
[2017.10.04-22.27.32:578][232]LogActorFactory: Actor Factory created Shape_Cylinder
[2017.10.04-22.27.33:220][275]LogActorFactory: Actor Factory created Shape_Cylinder
[2017.10.04-22.28.10:803][270]LogEditorViewport: Clicking on Actor (context menu): StaticMeshActor (RightArm_StaticMesh)
[2017.10.04-22.28.12:655][392]LogEditorViewport: Clicking on Actor (LMB): StaticMeshActor (Shape_Cylinder)
[2017.10.04-22.28.44:444][810]LogMaterial: Missing cached shader map for material Material_0, compiling. 
[2017.10.04-22.29.20:401][ 99]LogTemp: Repeating last play command: Selected Viewport
[2017.10.04-22.29.20:420][ 99]LogBlueprintUserMessages: Early PlayInEditor Detection: Level '/Game/ThirdPersonBP/Maps/ThirdPersonExampleMap.ThirdPersonExampleMap:PersistentLevel' has LevelScriptBlueprint '/Game/ThirdPersonBP/Maps/ThirdPersonExampleMap.ThirdPersonExampleMap:PersistentLevel.ThirdPersonExampleMap' with GeneratedClass '/Game/ThirdPersonBP/Maps/ThirdPersonExampleMap.ThirdPersonExampleMap_C' with ClassGeneratedBy '/Game/ThirdPersonBP/Maps/ThirdPersonExampleMap.ThirdPersonExampleMap:PersistentLevel.ThirdPersonExampleMap'
[2017.10.04-22.29.20:420][ 99]LogPlayLevel: PlayLevel: No blueprints needed recompiling
[2017.10.04-22.29.20:420][ 99]PIE: New page: PIE session: ThirdPersonExampleMap (Oct 4, 2017, 2:29:20 PM)
[2017.10.04-22.29.20:420][ 99]LogPlayLevel: Creating play world package: /Game/ThirdPersonBP/Maps/UEDPIE_0_ThirdPersonExampleMap
[2017.10.04-22.29.20:451][ 99]LogPlayLevel: PIE: StaticDuplicateObject took: (0.029979s)
[2017.10.04-22.29.20:452][ 99]LogAIModule: Creating AISystem for world ThirdPersonExampleMap
[2017.10.04-22.29.20:453][ 99]LogPlayLevel: PIE: World Init took: (0.001664s)
[2017.10.04-22.29.20:453][ 99]LogPlayLevel: PIE: Created PIE world by copying editor world from /Game/ThirdPersonBP/Maps/ThirdPersonExampleMap.ThirdPersonExampleMap to /Game/ThirdPersonBP/Maps/UEDPIE_0_ThirdPersonExampleMap.ThirdPersonExampleMap (0.032180s)
[2017.10.04-22.29.20:485][ 99]LogInit: XAudio2 using 'Speakers (High Definition Audio Device)' : 2 channels at 44.1 kHz using 16 bits per sample (channel mask 0x3)
[2017.10.04-22.29.20:493][ 99]LogInit: FAudioDevice initialized.
[2017.10.04-22.29.20:526][ 99]LogLoad: Game class is 'ThirdPersonGameMode_C'
[2017.10.04-22.29.20:532][ 99]LogWorld: Bringing World /Game/ThirdPersonBP/Maps/UEDPIE_0_ThirdPersonExampleMap.ThirdPersonExampleMap up for play (max tick rate 0) at 2017.10.04-18.29.20
[2017.10.04-22.29.20:534][ 99]LogWorld: Bringing up level for play took: 0.007545
[2017.10.04-22.29.20:535][ 99]PIE: Play in editor start time for /Game/ThirdPersonBP/Maps/UEDPIE_0_ThirdPersonExampleMap -0.515
[2017.10.04-22.29.20:535][ 99]LogBlueprintUserMessages: Late PlayInEditor Detection: Level '/Game/ThirdPersonBP/Maps/ThirdPersonExampleMap.ThirdPersonExampleMap:PersistentLevel' has LevelScriptBlueprint '/Game/ThirdPersonBP/Maps/ThirdPersonExampleMap.ThirdPersonExampleMap:PersistentLevel.ThirdPersonExampleMap' with GeneratedClass '/Game/ThirdPersonBP/Maps/ThirdPersonExampleMap.ThirdPersonExampleMap_C' with ClassGeneratedBy '/Game/ThirdPersonBP/Maps/ThirdPersonExampleMap.ThirdPersonExampleMap:PersistentLevel.ThirdPersonExampleMap'
[2017.10.04-22.31.32:180][936]LogScriptCore: Warning: Script Msg: Attempted to access index 0 from array 'CallFunc_GetOverlappingActors_OverlappingActors' of length 0 in '/Game/ThirdPersonBP/Blueprints/ThirdPersonCharacter.ThirdPersonCharacter_C:ExecuteUbergraph_ThirdPersonCharacter'!
[2017.10.04-22.31.42:148][852]LogBlueprintUserMessages: Early EndPlayMap Detection: Level '/Game/ThirdPersonBP/Maps/ThirdPersonExampleMap.ThirdPersonExampleMap:PersistentLevel' has LevelScriptBlueprint '/Game/ThirdPersonBP/Maps/ThirdPersonExampleMap.ThirdPersonExampleMap:PersistentLevel.ThirdPersonExampleMap' with GeneratedClass '/Game/ThirdPersonBP/Maps/ThirdPersonExampleMap.ThirdPersonExampleMap_C' with ClassGeneratedBy '/Game/ThirdPersonBP/Maps/ThirdPersonExampleMap.ThirdPersonExampleMap:PersistentLevel.ThirdPersonExampleMap'
[2017.10.04-22.31.42:198][852]LogBlueprintUserMessages: Late EndPlayMap Detection: Level '/Game/ThirdPersonBP/Maps/ThirdPersonExampleMap.ThirdPersonExampleMap:PersistentLevel' has LevelScriptBlueprint '/Game/ThirdPersonBP/Maps/ThirdPersonExampleMap.ThirdPersonExampleMap:PersistentLevel.ThirdPersonExampleMap' with GeneratedClass '/Game/ThirdPersonBP/Maps/ThirdPersonExampleMap.ThirdPersonExampleMap_C' with ClassGeneratedBy '/Game/ThirdPersonBP/Maps/ThirdPersonExampleMap.ThirdPersonExampleMap:PersistentLevel.ThirdPersonExampleMap'
[2017.10.04-22.33.08:545][854]LogEditorViewport: Clicking on Actor (LMB): ThirdPersonCharacter_C (ThirdPersonCharacter)
[2017.10.04-22.33.10:808][973]LogEditorViewport: Clicking on Actor (context menu): ThirdPersonCharacter_C (ThirdPersonCharacter)
[2017.10.04-22.33.13:534][110]LogSlate: Took 0.000163 seconds to synchronously load lazily loaded font '../../../Engine/Content/Slate/Fonts/Roboto-Light.ttf' (159K)
[2017.10.04-22.33.14:815][110]LogContentBrowser: Native class hierarchy updated for 'BlueprintGraph' in 0.0013 seconds. Added 113 classes and 0 folders.
[2017.10.04-22.33.17:322][110]LogSlate: Took 0.013742 seconds to synchronously load lazily loaded font '../../../Engine/Content/Editor/Slate/Fonts/Roboto-BoldCondensed.ttf' (158K)
[2017.10.04-22.33.18:516][111]LogSlate: Took 0.020857 seconds to synchronously load lazily loaded font '../../../Engine/Content/Editor/Slate/Fonts/Roboto-Italic.ttf' (157K)
[2017.10.04-22.34.39:304][390]LogTemp: Repeating last play command: Selected Viewport
[2017.10.04-22.34.39:342][390]LogBlueprintUserMessages: Early PlayInEditor Detection: Level '/Game/ThirdPersonBP/Maps/ThirdPersonExampleMap.ThirdPersonExampleMap:PersistentLevel' has LevelScriptBlueprint '/Game/ThirdPersonBP/Maps/ThirdPersonExampleMap.ThirdPersonExampleMap:PersistentLevel.ThirdPersonExampleMap' with GeneratedClass '/Game/ThirdPersonBP/Maps/ThirdPersonExampleMap.ThirdPersonExampleMap_C' with ClassGeneratedBy '/Game/ThirdPersonBP/Maps/ThirdPersonExampleMap.ThirdPersonExampleMap:PersistentLevel.ThirdPersonExampleMap'
[2017.10.04-22.34.39:342][390]LogPlayLevel: PlayLevel: No blueprints needed recompiling
[2017.10.04-22.34.39:343][390]PIE: New page: PIE session: ThirdPersonExampleMap (Oct 4, 2017, 2:34:39 PM)
[2017.10.04-22.34.39:343][390]LogPlayLevel: Creating play world package: /Game/ThirdPersonBP/Maps/UEDPIE_0_ThirdPersonExampleMap
[2017.10.04-22.34.39:371][390]LogPlayLevel: PIE: StaticDuplicateObject took: (0.028268s)
[2017.10.04-22.34.39:372][390]LogAIModule: Creating AISystem for world ThirdPersonExampleMap
[2017.10.04-22.34.39:373][390]LogPlayLevel: PIE: World Init took: (0.001754s)
[2017.10.04-22.34.39:373][390]LogPlayLevel: PIE: Created PIE world by copying editor world from /Game/ThirdPersonBP/Maps/ThirdPersonExampleMap.ThirdPersonExampleMap to /Game/ThirdPersonBP/Maps/UEDPIE_0_ThirdPersonExampleMap.ThirdPersonExampleMap (0.030764s)
[2017.10.04-22.34.39:478][390]LogInit: XAudio2 using 'Speakers (High Definition Audio Device)' : 2 channels at 44.1 kHz using 16 bits per sample (channel mask 0x3)
[2017.10.04-22.34.39:487][390]LogInit: FAudioDevice initialized.
[2017.10.04-22.34.39:522][390]LogLoad: Game class is 'ThirdPersonGameMode_C'
[2017.10.04-22.34.39:528][390]LogWorld: Bringing World /Game/ThirdPersonBP/Maps/UEDPIE_0_ThirdPersonExampleMap.ThirdPersonExampleMap up for play (max tick rate 0) at 2017.10.04-18.34.39
[2017.10.04-22.34.39:530][390]LogWorld: Bringing up level for play took: 0.007249
[2017.10.04-22.34.39:532][390]PIE: Play in editor start time for /Game/ThirdPersonBP/Maps/UEDPIE_0_ThirdPersonExampleMap 0.482
[2017.10.04-22.34.39:532][390]LogBlueprintUserMessages: Late PlayInEditor Detection: Level '/Game/ThirdPersonBP/Maps/ThirdPersonExampleMap.ThirdPersonExampleMap:PersistentLevel' has LevelScriptBlueprint '/Game/ThirdPersonBP/Maps/ThirdPersonExampleMap.ThirdPersonExampleMap:PersistentLevel.ThirdPersonExampleMap' with GeneratedClass '/Game/ThirdPersonBP/Maps/ThirdPersonExampleMap.ThirdPersonExampleMap_C' with ClassGeneratedBy '/Game/ThirdPersonBP/Maps/ThirdPersonExampleMap.ThirdPersonExampleMap:PersistentLevel.ThirdPersonExampleMap'
[2017.10.04-22.35.14:519][614]LogScriptCore: Warning: Script Msg: Attempted to access index 0 from array 'CallFunc_GetOverlappingActors_OverlappingActors' of length 0 in '/Game/ThirdPersonBP/Blueprints/ThirdPersonCharacter.ThirdPersonCharacter_C:ExecuteUbergraph_ThirdPersonCharacter'!
[2017.10.04-22.35.21:650][291]LogBlueprintUserMessages: Early EndPlayMap Detection: Level '/Game/ThirdPersonBP/Maps/ThirdPersonExampleMap.ThirdPersonExampleMap:PersistentLevel' has LevelScriptBlueprint '/Game/ThirdPersonBP/Maps/ThirdPersonExampleMap.ThirdPersonExampleMap:PersistentLevel.ThirdPersonExampleMap' with GeneratedClass '/Game/ThirdPersonBP/Maps/ThirdPersonExampleMap.ThirdPersonExampleMap_C' with ClassGeneratedBy '/Game/ThirdPersonBP/Maps/ThirdPersonExampleMap.ThirdPersonExampleMap:PersistentLevel.ThirdPersonExampleMap'
[2017.10.04-22.35.21:732][291]LogBlueprintUserMessages: Late EndPlayMap Detection: Level '/Game/ThirdPersonBP/Maps/ThirdPersonExampleMap.ThirdPersonExampleMap:PersistentLevel' has LevelScriptBlueprint '/Game/ThirdPersonBP/Maps/ThirdPersonExampleMap.ThirdPersonExampleMap:PersistentLevel.ThirdPersonExampleMap' with GeneratedClass '/Game/ThirdPersonBP/Maps/ThirdPersonExampleMap.ThirdPersonExampleMap_C' with ClassGeneratedBy '/Game/ThirdPersonBP/Maps/ThirdPersonExampleMap.ThirdPersonExampleMap:PersistentLevel.ThirdPersonExampleMap'
[2017.10.04-22.36.49:383][195]LogSavePackage: Save=166.92ms
[2017.10.04-22.36.49:383][195]LogSavePackage: Moving 'C:/Users/mack2/OneDrive/UMBC/GameDev/ProjectMatter/Matter/Saved/ThirdPersonExampleMap_Auto151D29C464B260C55EAAB4F9149AC14B5.tmp' to 'C:/Users/mack2/OneDrive/UMBC/GameDev/ProjectMatter/Matter/Saved/Autosaves/Game/ThirdPersonBP/Maps/ThirdPersonExampleMap_Auto1.umap'
[2017.10.04-22.36.49:393][195]LogSavePackage: Display: Finished SavePackage C:/Users/mack2/OneDrive/UMBC/GameDev/ProjectMatter/Matter/Saved/Autosaves/Game/ThirdPersonBP/Maps/ThirdPersonExampleMap_Auto1.umap
[2017.10.04-22.36.49:399][195]LogFileHelpers: Editor autosave (incl. sublevels) for '/Game/ThirdPersonBP/Maps/ThirdPersonExampleMap' took 0.255
[2017.10.04-22.36.49:399][195]LogFileHelpers: Editor autosave (incl. sublevels) for all levels took 0.255
[2017.10.04-22.36.49:415][195]OBJ SavePackage: Generating thumbnails for [1] asset(s) in package [/Game/ThirdPersonBP/Blueprints/ThirdPersonCharacter] ([1] browsable assets)...
[2017.10.04-22.36.49:508][195]OBJ SavePackage:     Rendered thumbnail for [Blueprint /Game/ThirdPersonBP/Blueprints/ThirdPersonCharacter.ThirdPersonCharacter]
[2017.10.04-22.36.49:508][195]OBJ SavePackage: Finished generating thumbnails for package [/Game/ThirdPersonBP/Blueprints/ThirdPersonCharacter]
[2017.10.04-22.36.49:641][195]LogSavePackage: Save=118.92ms
[2017.10.04-22.36.49:641][195]LogSavePackage: Moving 'C:/Users/mack2/OneDrive/UMBC/GameDev/ProjectMatter/Matter/Saved/ThirdPersonCharacter_Auto10308787944F092BD7D14F7AB71D2CADE.tmp' to 'C:/Users/mack2/OneDrive/UMBC/GameDev/ProjectMatter/Matter/Saved/Autosaves/Game/ThirdPersonBP/Blueprints/ThirdPersonCharacter_Auto1.uasset'
[2017.10.04-22.36.49:663][195]LogSavePackage: Display: Finished SavePackage C:/Users/mack2/OneDrive/UMBC/GameDev/ProjectMatter/Matter/Saved/Autosaves/Game/ThirdPersonBP/Blueprints/ThirdPersonCharacter_Auto1.uasset
[2017.10.04-22.36.49:664][195]OBJ SavePackage: Generating thumbnails for [1] asset(s) in package [/Game/StarterContent/Textures/T_Perlin_Noise_M_Mat] ([1] browsable assets)...
[2017.10.04-22.36.49:700][195]OBJ SavePackage:     Rendered thumbnail for [Material /Game/StarterContent/Textures/T_Perlin_Noise_M_Mat.T_Perlin_Noise_M_Mat]
[2017.10.04-22.36.49:700][195]OBJ SavePackage: Finished generating thumbnails for package [/Game/StarterContent/Textures/T_Perlin_Noise_M_Mat]
[2017.10.04-22.36.49:741][195]LogSavePackage: Save=36.47ms
[2017.10.04-22.36.49:741][195]LogSavePackage: Moving 'C:/Users/mack2/OneDrive/UMBC/GameDev/ProjectMatter/Matter/Saved/T_Perlin_Noise_M_Mat_Auto1417C3B594AFFEE29643C12B2B13C9C2C.tmp' to 'C:/Users/mack2/OneDrive/UMBC/GameDev/ProjectMatter/Matter/Saved/Autosaves/Game/StarterContent/Textures/T_Perlin_Noise_M_Mat_Auto1.uasset'
[2017.10.04-22.36.49:742][195]LogSavePackage: Display: Finished SavePackage C:/Users/mack2/OneDrive/UMBC/GameDev/ProjectMatter/Matter/Saved/Autosaves/Game/StarterContent/Textures/T_Perlin_Noise_M_Mat_Auto1.uasset
[2017.10.04-22.36.49:743][195]OBJ SavePackage: Generating thumbnails for [1] asset(s) in package [/Game/StarterContent/Textures/T_Rock_Basalt_Mat] ([1] browsable assets)...
[2017.10.04-22.36.49:780][195]OBJ SavePackage:     Rendered thumbnail for [Material /Game/StarterContent/Textures/T_Rock_Basalt_Mat.T_Rock_Basalt_Mat]
[2017.10.04-22.36.49:780][195]OBJ SavePackage: Finished generating thumbnails for package [/Game/StarterContent/Textures/T_Rock_Basalt_Mat]
[2017.10.04-22.36.49:813][195]LogSavePackage: Save=30.75ms
[2017.10.04-22.36.49:813][195]LogSavePackage: Moving 'C:/Users/mack2/OneDrive/UMBC/GameDev/ProjectMatter/Matter/Saved/T_Rock_Basalt_Mat_Auto1164D0BA54B566B9A38078D937E0D759F.tmp' to 'C:/Users/mack2/OneDrive/UMBC/GameDev/ProjectMatter/Matter/Saved/Autosaves/Game/StarterContent/Textures/T_Rock_Basalt_Mat_Auto1.uasset'
[2017.10.04-22.36.49:815][195]LogSavePackage: Display: Finished SavePackage C:/Users/mack2/OneDrive/UMBC/GameDev/ProjectMatter/Matter/Saved/Autosaves/Game/StarterContent/Textures/T_Rock_Basalt_Mat_Auto1.uasset
[2017.10.04-22.36.49:815][195]OBJ SavePackage: Generating thumbnails for [1] asset(s) in package [/Game/StarterContent/Textures/T_Tech_Panel_M_Mat] ([1] browsable assets)...
[2017.10.04-22.36.49:849][195]OBJ SavePackage:     Rendered thumbnail for [Material /Game/StarterContent/Textures/T_Tech_Panel_M_Mat.T_Tech_Panel_M_Mat]
[2017.10.04-22.36.49:850][195]OBJ SavePackage: Finished generating thumbnails for package [/Game/StarterContent/Textures/T_Tech_Panel_M_Mat]
[2017.10.04-22.36.49:874][195]LogSavePackage: Save=22.42ms
[2017.10.04-22.36.49:874][195]LogSavePackage: Moving 'C:/Users/mack2/OneDrive/UMBC/GameDev/ProjectMatter/Matter/Saved/T_Tech_Panel_M_Mat_Auto133CBE95441A1CFDF820B58A58D2947DC.tmp' to 'C:/Users/mack2/OneDrive/UMBC/GameDev/ProjectMatter/Matter/Saved/Autosaves/Game/StarterContent/Textures/T_Tech_Panel_M_Mat_Auto1.uasset'
[2017.10.04-22.36.49:875][195]LogSavePackage: Display: Finished SavePackage C:/Users/mack2/OneDrive/UMBC/GameDev/ProjectMatter/Matter/Saved/Autosaves/Game/StarterContent/Textures/T_Tech_Panel_M_Mat_Auto1.uasset
[2017.10.04-22.36.49:875][195]LogFileHelpers: Auto-saving content packages took 0.463
[2017.10.04-22.38.14:152][667]LogTemp: Executing iPhonePackager certificates Engine -bundlename com.YourCompany.Matter
[2017.10.04-22.38.14:152][667]LogTemp: CWD: D:\UnrealEngine\UE_4.17\Engine\Binaries\DotNET\IOS
[2017.10.04-22.38.14:152][667]LogTemp: Initial Dir: D:\UnrealEngine\UE_4.17
[2017.10.04-22.38.14:153][667]LogTemp: Env CWD: D:\UnrealEngine\UE_4.17\Engine\Binaries\DotNET\IOS
[2017.10.04-22.38.14:207][669]LogTemp: BranchPath = DESKTOP-E54LDI7/D/UnrealEngine/UE_4.17/Engine/Binaries --- GameBranchPath = DESKTOP-E54LDI7/D/UnrealEngine/UE_4.17/Engine/Binaries
[2017.10.04-22.38.14:457][678]LogTemp: IPP ERROR: Could not find provision directory 'C:\Users\mack2\AppData\Local/Apple Computer/MobileDevice/Provisioning Profiles/'.
[2017.10.04-22.39.16:806][902]LogEditorViewport: Clicking on Actor (context menu): ThirdPersonCharacter_C (ThirdPersonCharacter)
[2017.10.04-22.39.30:362][263]LogTemp: Repeating last play command: Selected Viewport
[2017.10.04-22.39.30:391][263]LogBlueprintUserMessages: Early PlayInEditor Detection: Level '/Game/ThirdPersonBP/Maps/ThirdPersonExampleMap.ThirdPersonExampleMap:PersistentLevel' has LevelScriptBlueprint '/Game/ThirdPersonBP/Maps/ThirdPersonExampleMap.ThirdPersonExampleMap:PersistentLevel.ThirdPersonExampleMap' with GeneratedClass '/Game/ThirdPersonBP/Maps/ThirdPersonExampleMap.ThirdPersonExampleMap_C' with ClassGeneratedBy '/Game/ThirdPersonBP/Maps/ThirdPersonExampleMap.ThirdPersonExampleMap:PersistentLevel.ThirdPersonExampleMap'
[2017.10.04-22.39.30:391][263]LogPlayLevel: PlayLevel: No blueprints needed recompiling
[2017.10.04-22.39.30:391][263]PIE: New page: PIE session: ThirdPersonExampleMap (Oct 4, 2017, 2:39:30 PM)
[2017.10.04-22.39.30:391][263]LogPlayLevel: Creating play world package: /Game/ThirdPersonBP/Maps/UEDPIE_0_ThirdPersonExampleMap
[2017.10.04-22.39.30:437][263]LogPlayLevel: PIE: StaticDuplicateObject took: (0.045869s)
[2017.10.04-22.39.30:439][263]LogAIModule: Creating AISystem for world ThirdPersonExampleMap
[2017.10.04-22.39.30:440][263]LogPlayLevel: PIE: World Init took: (0.002046s)
[2017.10.04-22.39.30:441][263]LogPlayLevel: PIE: Created PIE world by copying editor world from /Game/ThirdPersonBP/Maps/ThirdPersonExampleMap.ThirdPersonExampleMap to /Game/ThirdPersonBP/Maps/UEDPIE_0_ThirdPersonExampleMap.ThirdPersonExampleMap (0.049170s)
[2017.10.04-22.39.30:551][263]LogInit: XAudio2 using 'Speakers (High Definition Audio Device)' : 2 channels at 44.1 kHz using 16 bits per sample (channel mask 0x3)
[2017.10.04-22.39.30:559][263]LogInit: FAudioDevice initialized.
[2017.10.04-22.39.30:593][263]LogLoad: Game class is 'ThirdPersonGameMode_C'
[2017.10.04-22.39.30:599][263]LogWorld: Bringing World /Game/ThirdPersonBP/Maps/UEDPIE_0_ThirdPersonExampleMap.ThirdPersonExampleMap up for play (max tick rate 0) at 2017.10.04-18.39.30
[2017.10.04-22.39.30:601][263]LogWorld: Bringing up level for play took: 0.006966
[2017.10.04-22.39.30:602][263]PIE: Play in editor start time for /Game/ThirdPersonBP/Maps/UEDPIE_0_ThirdPersonExampleMap -0.448
[2017.10.04-22.39.30:602][263]LogBlueprintUserMessages: Late PlayInEditor Detection: Level '/Game/ThirdPersonBP/Maps/ThirdPersonExampleMap.ThirdPersonExampleMap:PersistentLevel' has LevelScriptBlueprint '/Game/ThirdPersonBP/Maps/ThirdPersonExampleMap.ThirdPersonExampleMap:PersistentLevel.ThirdPersonExampleMap' with GeneratedClass '/Game/ThirdPersonBP/Maps/ThirdPersonExampleMap.ThirdPersonExampleMap_C' with ClassGeneratedBy '/Game/ThirdPersonBP/Maps/ThirdPersonExampleMap.ThirdPersonExampleMap:PersistentLevel.ThirdPersonExampleMap'
[2017.10.04-22.39.44:782][843]LogScriptCore: Warning: Script Msg: Attempted to access index 0 from array 'CallFunc_GetOverlappingActors_OverlappingActors' of length 0 in '/Game/ThirdPersonBP/Blueprints/ThirdPersonCharacter.ThirdPersonCharacter_C:ExecuteUbergraph_ThirdPersonCharacter'!
[2017.10.04-22.39.47:851][976]LogBlueprintUserMessages: Early EndPlayMap Detection: Level '/Game/ThirdPersonBP/Maps/ThirdPersonExampleMap.ThirdPersonExampleMap:PersistentLevel' has LevelScriptBlueprint '/Game/ThirdPersonBP/Maps/ThirdPersonExampleMap.ThirdPersonExampleMap:PersistentLevel.ThirdPersonExampleMap' with GeneratedClass '/Game/ThirdPersonBP/Maps/ThirdPersonExampleMap.ThirdPersonExampleMap_C' with ClassGeneratedBy '/Game/ThirdPersonBP/Maps/ThirdPersonExampleMap.ThirdPersonExampleMap:PersistentLevel.ThirdPersonExampleMap'
[2017.10.04-22.39.47:965][976]LogBlueprintUserMessages: Late EndPlayMap Detection: Level '/Game/ThirdPersonBP/Maps/ThirdPersonExampleMap.ThirdPersonExampleMap:PersistentLevel' has LevelScriptBlueprint '/Game/ThirdPersonBP/Maps/ThirdPersonExampleMap.ThirdPersonExampleMap:PersistentLevel.ThirdPersonExampleMap' with GeneratedClass '/Game/ThirdPersonBP/Maps/ThirdPersonExampleMap.ThirdPersonExampleMap_C' with ClassGeneratedBy '/Game/ThirdPersonBP/Maps/ThirdPersonExampleMap.ThirdPersonExampleMap:PersistentLevel.ThirdPersonExampleMap'
[2017.10.04-22.40.14:226][712]LogTemp: Repeating last play command: Selected Viewport
[2017.10.04-22.40.14:260][712]LogBlueprintUserMessages: Early PlayInEditor Detection: Level '/Game/ThirdPersonBP/Maps/ThirdPersonExampleMap.ThirdPersonExampleMap:PersistentLevel' has LevelScriptBlueprint '/Game/ThirdPersonBP/Maps/ThirdPersonExampleMap.ThirdPersonExampleMap:PersistentLevel.ThirdPersonExampleMap' with GeneratedClass '/Game/ThirdPersonBP/Maps/ThirdPersonExampleMap.ThirdPersonExampleMap_C' with ClassGeneratedBy '/Game/ThirdPersonBP/Maps/ThirdPersonExampleMap.ThirdPersonExampleMap:PersistentLevel.ThirdPersonExampleMap'
[2017.10.04-22.40.14:260][712]BlueprintLog: New page: Pre-Play auto-recompile
[2017.10.04-22.40.14:284][712]LogPlayLevel: [PlayLevel] Compiling ThirdPersonCharacter before play...
[2017.10.04-22.40.15:139][712]LogPlayLevel: PlayLevel: Blueprint regeneration took 878 ms (1 blueprints)
[2017.10.04-22.40.15:139][712]PIE: New page: PIE session: ThirdPersonExampleMap (Oct 4, 2017, 2:40:15 PM)
[2017.10.04-22.40.15:139][712]LogPlayLevel: Creating play world package: /Game/ThirdPersonBP/Maps/UEDPIE_0_ThirdPersonExampleMap
[2017.10.04-22.40.15:172][712]LogPlayLevel: PIE: StaticDuplicateObject took: (0.032995s)
[2017.10.04-22.40.15:173][712]LogAIModule: Creating AISystem for world ThirdPersonExampleMap
[2017.10.04-22.40.15:174][712]LogPlayLevel: PIE: World Init took: (0.001554s)
[2017.10.04-22.40.15:174][712]LogPlayLevel: PIE: Created PIE world by copying editor world from /Game/ThirdPersonBP/Maps/ThirdPersonExampleMap.ThirdPersonExampleMap to /Game/ThirdPersonBP/Maps/UEDPIE_0_ThirdPersonExampleMap.ThirdPersonExampleMap (0.035286s)
[2017.10.04-22.40.15:254][712]LogInit: XAudio2 using 'Speakers (High Definition Audio Device)' : 2 channels at 44.1 kHz using 16 bits per sample (channel mask 0x3)
[2017.10.04-22.40.15:264][712]LogInit: FAudioDevice initialized.
[2017.10.04-22.40.15:298][712]LogLoad: Game class is 'ThirdPersonGameMode_C'
[2017.10.04-22.40.15:304][712]LogWorld: Bringing World /Game/ThirdPersonBP/Maps/UEDPIE_0_ThirdPersonExampleMap.ThirdPersonExampleMap up for play (max tick rate 0) at 2017.10.04-18.40.15
[2017.10.04-22.40.15:306][712]LogWorld: Bringing up level for play took: 0.006987
[2017.10.04-22.40.15:308][712]PIE: Play in editor start time for /Game/ThirdPersonBP/Maps/UEDPIE_0_ThirdPersonExampleMap 0.258
[2017.10.04-22.40.15:308][712]LogBlueprintUserMessages: Late PlayInEditor Detection: Level '/Game/ThirdPersonBP/Maps/ThirdPersonExampleMap.ThirdPersonExampleMap:PersistentLevel' has LevelScriptBlueprint '/Game/ThirdPersonBP/Maps/ThirdPersonExampleMap.ThirdPersonExampleMap:PersistentLevel.ThirdPersonExampleMap' with GeneratedClass '/Game/ThirdPersonBP/Maps/ThirdPersonExampleMap.ThirdPersonExampleMap_C' with ClassGeneratedBy '/Game/ThirdPersonBP/Maps/ThirdPersonExampleMap.ThirdPersonExampleMap:PersistentLevel.ThirdPersonExampleMap'
[2017.10.04-22.40.41:431][873]LogScriptCore: Warning: Script Msg: Attempted to access index 0 from array 'CallFunc_GetOverlappingActors_OverlappingActors' of length 0 in '/Game/ThirdPersonBP/Blueprints/ThirdPersonCharacter.ThirdPersonCharacter_C:ExecuteUbergraph_ThirdPersonCharacter'!
[2017.10.04-22.40.41:485][873]LogBlueprintUserMessages: [ThirdPersonCharacter_167] 0
[2017.10.04-22.40.57:441][619]LogBlueprintUserMessages: Early EndPlayMap Detection: Level '/Game/ThirdPersonBP/Maps/ThirdPersonExampleMap.ThirdPersonExampleMap:PersistentLevel' has LevelScriptBlueprint '/Game/ThirdPersonBP/Maps/ThirdPersonExampleMap.ThirdPersonExampleMap:PersistentLevel.ThirdPersonExampleMap' with GeneratedClass '/Game/ThirdPersonBP/Maps/ThirdPersonExampleMap.ThirdPersonExampleMap_C' with ClassGeneratedBy '/Game/ThirdPersonBP/Maps/ThirdPersonExampleMap.ThirdPersonExampleMap:PersistentLevel.ThirdPersonExampleMap'
[2017.10.04-22.40.57:552][619]LogBlueprintUserMessages: Late EndPlayMap Detection: Level '/Game/ThirdPersonBP/Maps/ThirdPersonExampleMap.ThirdPersonExampleMap:PersistentLevel' has LevelScriptBlueprint '/Game/ThirdPersonBP/Maps/ThirdPersonExampleMap.ThirdPersonExampleMap:PersistentLevel.ThirdPersonExampleMap' with GeneratedClass '/Game/ThirdPersonBP/Maps/ThirdPersonExampleMap.ThirdPersonExampleMap_C' with ClassGeneratedBy '/Game/ThirdPersonBP/Maps/ThirdPersonExampleMap.ThirdPersonExampleMap:PersistentLevel.ThirdPersonExampleMap'
[2017.10.04-22.42.44:728][227]LogSavePackage: Save=152.82ms
[2017.10.04-22.42.44:728][227]LogSavePackage: Moving 'C:/Users/mack2/OneDrive/UMBC/GameDev/ProjectMatter/Matter/Saved/ThirdPersonCharacter5A30C25548CD81A7E472A296EBC69079.tmp' to 'C:/Users/mack2/OneDrive/UMBC/GameDev/ProjectMatter/Matter/Content/ThirdPersonBP/Blueprints/ThirdPersonCharacter.uasset'
[2017.10.04-22.42.44:740][227]LogSavePackage: Display: Finished SavePackage C:/Users/mack2/OneDrive/UMBC/GameDev/ProjectMatter/Matter/Content/ThirdPersonBP/Blueprints/ThirdPersonCharacter.uasset
[2017.10.04-22.42.53:989][354]MapCheck: New page: Map Check
[2017.10.04-22.42.54:163][354]Cmd: MAP REBUILD ALLVISIBLE
[2017.10.04-22.42.54:169][354]LogEditorServer: Rebuildmap Clear paths rebuilt
[2017.10.04-22.42.54:383][354]LogMaterial: Missing cached shader map for material FDebugViewModeMaterialProxy WorldGridMaterial, compiling. Is special engine material.
[2017.10.04-22.42.54:411][354]LogMaterial: Missing cached shader map for material FDebugViewModeMaterialProxy MaterialInstanceDynamic_1, compiling. 
[2017.10.04-22.42.54:420][354]LogMaterial: Missing cached shader map for material FDebugViewModeMaterialProxy RampMaterial, compiling. 
[2017.10.04-22.42.54:429][354]LogMaterial: Missing cached shader map for material FDebugViewModeMaterialProxy CubeMaterial, compiling. 
[2017.10.04-22.42.54:441][354]LogMaterial: Missing cached shader map for material FDebugViewModeMaterialProxy BasicShapeMaterial, compiling. 
[2017.10.04-22.42.54:452][354]LogMaterial: Missing cached shader map for material FDebugViewModeMaterialProxy M_Water_Ocean, compiling. 
[2017.10.04-22.42.54:463][354]LogMaterial: Missing cached shader map for material FDebugViewModeMaterialProxy M_Glass, compiling. 
[2017.10.04-22.42.54:478][354]LogMaterial: Missing cached shader map for material FDebugViewModeMaterialProxy T_Tech_Panel_M_Mat, compiling. 
[2017.10.04-22.42.54:491][354]LogMaterial: Missing cached shader map for material FDebugViewModeMaterialProxy M_UE4Man_Body, compiling. 
[2017.10.04-22.42.54:507][354]LogMaterial: Missing cached shader map for material FDebugViewModeMaterialProxy M_UE4Man_ChestLogo, compiling. 
[2017.10.04-22.42.54:520][354]LogMaterial: Missing cached shader map for material FDebugViewModeMaterialProxy M_Door, compiling. 
[2017.10.04-22.42.54:530][354]LogMaterial: Missing cached shader map for material FDebugViewModeMaterialProxy M_smoke_subUV, compiling. 
[2017.10.04-22.42.54:538][354]LogMaterial: Missing cached shader map for material FDebugViewModeMaterialProxy M_LightStage_Skybox_Black, compiling. 
[2017.10.04-22.42.54:546][354]LogMaterial: Missing cached shader map for material FDebugViewModeMaterialProxy MatineeCam_mat, compiling. 
[2017.10.04-22.42.56:632][354]TextureStreamingBuild: Display: Compiling optional shaders took 2.260 seconds.
[2017.10.04-22.42.56:773][354]LogLevel: Display: Export Material TexCoord Scales took 0.141 seconds.
[2017.10.04-22.42.56:885][354]TextureStreamingBuild: Display: Build Texture Streaming took 0.111 seconds.
[2017.10.04-22.42.56:966][354]LightingResults: New page: Lighting Build - Oct 4, 2017, 2:42:56 PM
[2017.10.04-22.42.57:971][354]LogSwarmInterface: [OpenConnection] Registering TCP channel ...
[2017.10.04-22.42.58:647][354]LogSwarmInterface: [OpenConnection] Connecting to agent ...
[2017.10.04-22.42.59:701][354]LogSwarmInterface: [TryOpenConnection] Testing the Agent
[2017.10.04-22.43.01:976][354]LogSwarmInterface: [TryOpenConnection] Opening Connection to Agent
[2017.10.04-22.43.01:976][354]LogSwarmInterface: [TryOpenConnection] Local Process ID is 11304
[2017.10.04-22.43.28:029][354]LogStaticLightingSystem: Running Lightmass w/ ImmediateImport mode ENABLED
[2017.10.04-22.43.28:029][354]LogStaticLightingSystem: Running Lightmass w/ ImmediateProcess mode ENABLED
[2017.10.04-22.43.28:029][354]LogStaticLightingSystem: Running Lightmass w/ Sorting mode ENABLED
[2017.10.04-22.43.28:030][354]LogStaticLightingSystem: Running Lightmass w/ Mapping paddings ENABLED
[2017.10.04-22.43.28:030][354]LogStaticLightingSystem: Running Lightmass w/ Mapping debug paddings DISABLED
[2017.10.04-22.43.29:433][354]Cmd: MAP CHECK DONTDISPLAYDIALOG
[2017.10.04-22.43.29:434][354]MapCheck: New page: ThirdPersonExampleMap - Oct 4, 2017, 2:43:29 PM
[2017.10.04-22.43.29:524][354]MapCheck: Error: WorldInfo_0 Maps need lighting rebuilt 
[2017.10.04-22.43.29:656][354]MapCheck: Map check complete: 1 Error(s), 0 Warning(s), took 222.354ms to complete.
[2017.10.04-22.43.29:679][354]LogEditorBuildUtils: Build time 0:35
[2017.10.04-22.43.30:237][356]LogMaterial: Missing cached shader map for material FLightmassMaterialRenderer T_Tech_Panel_M_Mat, compiling. 
[2017.10.04-22.43.30:276][356]LogMaterial: Missing cached shader map for material FLightmassMaterialRenderer T_Tech_Panel_M_Mat, compiling. 
[2017.10.04-22.43.30:361][358]LogMaterial: Missing cached shader map for material FLightmassMaterialRenderer M_LightStage_Skybox_Black, compiling. 
[2017.10.04-22.43.30:373][358]LogMaterial: Missing cached shader map for material FLightmassMaterialRenderer M_LightStage_Skybox_Black, compiling. 
[2017.10.04-22.44.02:067][956]Job is a success!
[2017.10.04-22.44.05:046][957]LogTexture: Display: Building textures: SkyOcclusion1_1 (AutoDXT, 1024X512)
[2017.10.04-22.44.05:046][957]LogTexture: Display: Building textures: HQ_Lightmap1_1 (AutoDXT, 1024X1024)
[2017.10.04-22.44.05:046][957]LogTexture: Display: Building textures: LQ_Lightmap_1_1 (DXT1, 1024X1024)
[2017.10.04-22.44.05:046][957]LogTexture: Display: Building textures: SkyOcclusion1_2 (AutoDXT, 1024X512)
[2017.10.04-22.44.05:046][957]LogTexture: Display: Building textures: HQ_Lightmap1_2 (AutoDXT, 1024X1024)
[2017.10.04-22.44.05:046][957]LogTexture: Display: Building textures: LQ_Lightmap_1_2 (DXT1, 1024X1024)
[2017.10.04-22.44.05:046][957]LogTexture: Display: Building textures: SkyOcclusion1_3 (AutoDXT, 64X32)
[2017.10.04-22.44.05:046][957]LogTexture: Display: Building textures: HQ_Lightmap1_3 (AutoDXT, 64X64)
[2017.10.04-22.44.05:046][957]LogTexture: Display: Building textures: LQ_Lightmap_1_3 (DXT1, 64X64)
[2017.10.04-22.44.05:496][957]LogTexture: Display: Building textures: ShadowMapTexture2D_0 (BGRA8, 1024X1024)
[2017.10.04-22.44.05:496][957]LogTexture: Display: Building textures: ShadowMapTexture2D_1 (G8, 32X32)
[2017.10.04-22.44.05:713][957]Lightmass on DESKTOP-E54LDI7: 30.2 sec total, 697 ms importing, 41 ms setup, 3.62 sec photons, 25.5 sec processing, 0 ms extra exporting [42/42 mappings]. Threads: 1:42 min total, 1:00 min processing.
[2017.10.04-22.44.05:845][957]LogStaticLightingSystem: Illumination: 1:08 min (2.43 sec encoding lightmaps, 448 ms encoding shadowmaps)
[2017.10.04-22.44.05:845][957]LogStaticLightingSystem: Lightmap texture memory:  5.3 MB (5.3 MB streaming, 0.0 MB non-streaming), 6 textures
[2017.10.04-22.44.05:845][957]LogStaticLightingSystem: Shadowmap texture memory: 5.3 MB (5.3 MB streaming, 0.0 MB non-streaming), 2 textures
[2017.10.04-22.44.05:874][957]DumpUnbuiltLightIteractions
[2017.10.04-22.44.05:874][957]Lights with unbuilt interactions: 0
[2017.10.04-22.44.05:874][957]
[2017.10.04-22.44.05:874][957]Primitives with unbuilt interactions: 0
[2017.10.04-22.44.05:894][958]Cmd: MAP CHECK NOTIFYRESULTS
[2017.10.04-22.44.05:894][958]MapCheck: New page: ThirdPersonExampleMap - Oct 4, 2017, 2:44:05 PM
[2017.10.04-22.44.05:972][958]MapCheck: Map check complete: 0 Error(s), 0 Warning(s), took 77.866ms to complete.
[2017.10.04-22.44.08:873][ 41]LogTemp: Repeating last play command: Selected Viewport
[2017.10.04-22.44.08:898][ 41]LogBlueprintUserMessages: Early PlayInEditor Detection: Level '/Game/ThirdPersonBP/Maps/ThirdPersonExampleMap.ThirdPersonExampleMap:PersistentLevel' has LevelScriptBlueprint '/Game/ThirdPersonBP/Maps/ThirdPersonExampleMap.ThirdPersonExampleMap:PersistentLevel.ThirdPersonExampleMap' with GeneratedClass '/Game/ThirdPersonBP/Maps/ThirdPersonExampleMap.ThirdPersonExampleMap_C' with ClassGeneratedBy '/Game/ThirdPersonBP/Maps/ThirdPersonExampleMap.ThirdPersonExampleMap:PersistentLevel.ThirdPersonExampleMap'
[2017.10.04-22.44.08:898][ 41]BlueprintLog: New page: Pre-Play auto-recompile
[2017.10.04-22.44.08:918][ 41]LogPlayLevel: [PlayLevel] Compiling ThirdPersonCharacter before play...
[2017.10.04-22.44.09:472][ 41]LogPlayLevel: PlayLevel: Blueprint regeneration took 573 ms (1 blueprints)
[2017.10.04-22.44.09:472][ 41]PIE: New page: PIE session: ThirdPersonExampleMap (Oct 4, 2017, 2:44:09 PM)
[2017.10.04-22.44.09:472][ 41]LogPlayLevel: Creating play world package: /Game/ThirdPersonBP/Maps/UEDPIE_0_ThirdPersonExampleMap
[2017.10.04-22.44.09:506][ 41]LogPlayLevel: PIE: StaticDuplicateObject took: (0.033996s)
[2017.10.04-22.44.09:508][ 41]LogAIModule: Creating AISystem for world ThirdPersonExampleMap
[2017.10.04-22.44.09:508][ 41]LogPlayLevel: PIE: World Init took: (0.002126s)
[2017.10.04-22.44.09:509][ 41]LogPlayLevel: PIE: Created PIE world by copying editor world from /Game/ThirdPersonBP/Maps/ThirdPersonExampleMap.ThirdPersonExampleMap to /Game/ThirdPersonBP/Maps/UEDPIE_0_ThirdPersonExampleMap.ThirdPersonExampleMap (0.036661s)
[2017.10.04-22.44.09:573][ 41]LogInit: XAudio2 using 'Speakers (High Definition Audio Device)' : 2 channels at 44.1 kHz using 16 bits per sample (channel mask 0x3)
[2017.10.04-22.44.09:597][ 41]LogInit: FAudioDevice initialized.
[2017.10.04-22.44.09:650][ 41]LogLoad: Game class is 'ThirdPersonGameMode_C'
[2017.10.04-22.44.09:667][ 41]LogWorld: Bringing World /Game/ThirdPersonBP/Maps/UEDPIE_0_ThirdPersonExampleMap.ThirdPersonExampleMap up for play (max tick rate 60) at 2017.10.04-18.44.09
[2017.10.04-22.44.09:674][ 41]LogWorld: Bringing up level for play took: 0.022631
[2017.10.04-22.44.09:678][ 41]PIE: Play in editor start time for /Game/ThirdPersonBP/Maps/UEDPIE_0_ThirdPersonExampleMap 0.628
[2017.10.04-22.44.09:678][ 41]LogBlueprintUserMessages: Late PlayInEditor Detection: Level '/Game/ThirdPersonBP/Maps/ThirdPersonExampleMap.ThirdPersonExampleMap:PersistentLevel' has LevelScriptBlueprint '/Game/ThirdPersonBP/Maps/ThirdPersonExampleMap.ThirdPersonExampleMap:PersistentLevel.ThirdPersonExampleMap' with GeneratedClass '/Game/ThirdPersonBP/Maps/ThirdPersonExampleMap.ThirdPersonExampleMap_C' with ClassGeneratedBy '/Game/ThirdPersonBP/Maps/ThirdPersonExampleMap.ThirdPersonExampleMap:PersistentLevel.ThirdPersonExampleMap'
[2017.10.04-22.44.36:598][856]LogScriptCore: Warning: Script Msg: Attempted to access index 0 from array 'CallFunc_GetOverlappingActors_OverlappingActors' of length 0 in '/Game/ThirdPersonBP/Blueprints/ThirdPersonCharacter.ThirdPersonCharacter_C:ExecuteUbergraph_ThirdPersonCharacter'!
[2017.10.04-22.44.36:598][856]LogBlueprintUserMessages: [ThirdPersonCharacter_167] 0
[2017.10.04-22.44.58:786][528]LogCharacterMovement: ThirdPersonCharacter_167 is stuck and failed to move! Velocity: X=-63.71 Y=21.47 Z=0.00 Location: X=1008.01 Y=993.32 Z=247.07 Normal: X=1.00 Y=0.00 Z=0.00 PenetrationDepth:11.292 Actor:Cube26_37 Component:StaticMeshComponent0 BoneName:None (0 other events since notify)
[2017.10.04-22.45.07:187][785]LogBlueprintUserMessages: Early EndPlayMap Detection: Level '/Game/ThirdPersonBP/Maps/ThirdPersonExampleMap.ThirdPersonExampleMap:PersistentLevel' has LevelScriptBlueprint '/Game/ThirdPersonBP/Maps/ThirdPersonExampleMap.ThirdPersonExampleMap:PersistentLevel.ThirdPersonExampleMap' with GeneratedClass '/Game/ThirdPersonBP/Maps/ThirdPersonExampleMap.ThirdPersonExampleMap_C' with ClassGeneratedBy '/Game/ThirdPersonBP/Maps/ThirdPersonExampleMap.ThirdPersonExampleMap:PersistentLevel.ThirdPersonExampleMap'
[2017.10.04-22.45.07:358][785]LogBlueprintUserMessages: Late EndPlayMap Detection: Level '/Game/ThirdPersonBP/Maps/ThirdPersonExampleMap.ThirdPersonExampleMap:PersistentLevel' has LevelScriptBlueprint '/Game/ThirdPersonBP/Maps/ThirdPersonExampleMap.ThirdPersonExampleMap:PersistentLevel.ThirdPersonExampleMap' with GeneratedClass '/Game/ThirdPersonBP/Maps/ThirdPersonExampleMap.ThirdPersonExampleMap_C' with ClassGeneratedBy '/Game/ThirdPersonBP/Maps/ThirdPersonExampleMap.ThirdPersonExampleMap:PersistentLevel.ThirdPersonExampleMap'
[2017.10.04-22.45.09:338][837]LogEditorViewport: Clicking on Actor (context menu): ThirdPersonCharacter_C (ThirdPersonCharacter)
[2017.10.04-22.46.49:835][126]Cmd: SELECT NONE
[2017.10.04-22.46.50:759][149]Cmd: SELECT NONE
[2017.10.04-22.46.54:161][198]LogSavePackage: Save=22.73ms
[2017.10.04-22.46.54:162][198]LogSavePackage: Moving 'C:/Users/mack2/OneDrive/UMBC/GameDev/ProjectMatter/Matter/Saved/T_Perlin_Noise_M_Mat4F4654B3482CA34F1196FAB54DFF4B80.tmp' to 'C:/Users/mack2/OneDrive/UMBC/GameDev/ProjectMatter/Matter/Content/StarterContent/Textures/T_Perlin_Noise_M_Mat.uasset'
[2017.10.04-22.46.54:238][198]LogSavePackage: Display: Finished SavePackage C:/Users/mack2/OneDrive/UMBC/GameDev/ProjectMatter/Matter/Content/StarterContent/Textures/T_Perlin_Noise_M_Mat.uasset
[2017.10.04-22.46.54:330][198]LogSavePackage: Save=20.69ms
[2017.10.04-22.46.54:331][198]LogSavePackage: Moving 'C:/Users/mack2/OneDrive/UMBC/GameDev/ProjectMatter/Matter/Saved/T_Rock_Basalt_Mat3873B6B84EB6C401D052C3A0068F0E15.tmp' to 'C:/Users/mack2/OneDrive/UMBC/GameDev/ProjectMatter/Matter/Content/StarterContent/Textures/T_Rock_Basalt_Mat.uasset'
[2017.10.04-22.46.54:342][198]LogSavePackage: Display: Finished SavePackage C:/Users/mack2/OneDrive/UMBC/GameDev/ProjectMatter/Matter/Content/StarterContent/Textures/T_Rock_Basalt_Mat.uasset
[2017.10.04-22.46.54:466][198]LogSavePackage: Save=37.18ms
[2017.10.04-22.46.54:467][198]LogSavePackage: Moving 'C:/Users/mack2/OneDrive/UMBC/GameDev/ProjectMatter/Matter/Saved/T_Tech_Panel_M_Mat71F57B1449562DFF85C24AABAC5FF9F4.tmp' to 'C:/Users/mack2/OneDrive/UMBC/GameDev/ProjectMatter/Matter/Content/StarterContent/Textures/T_Tech_Panel_M_Mat.uasset'
[2017.10.04-22.46.54:477][198]LogSavePackage: Display: Finished SavePackage C:/Users/mack2/OneDrive/UMBC/GameDev/ProjectMatter/Matter/Content/StarterContent/Textures/T_Tech_Panel_M_Mat.uasset
[2017.10.04-22.46.55:119][198]LogSavePackage: Save=354.69ms
[2017.10.04-22.46.55:119][198]LogSavePackage: Moving 'C:/Users/mack2/OneDrive/UMBC/GameDev/ProjectMatter/Matter/Saved/ThirdPersonExampleMapB873E56B452D75929DDDFDA9EDC8EAB1.tmp' to 'C:/Users/mack2/OneDrive/UMBC/GameDev/ProjectMatter/Matter/Content/ThirdPersonBP/Maps/ThirdPersonExampleMap.umap'
[2017.10.04-22.46.55:129][198]LogSavePackage: Display: Finished SavePackage C:/Users/mack2/OneDrive/UMBC/GameDev/ProjectMatter/Matter/Content/ThirdPersonBP/Maps/ThirdPersonExampleMap.umap
[2017.10.04-22.46.55:188][198]LogFileHelpers: Saving map 'ThirdPersonExampleMap' took 0.691
[2017.10.04-22.46.56:371][198]LogSavePackage: Save=922.50ms
[2017.10.04-22.46.56:371][198]LogSavePackage: Moving 'C:/Users/mack2/OneDrive/UMBC/GameDev/ProjectMatter/Matter/Saved/ThirdPersonExampleMap_BuiltData2082C25047144BC6EE7DFEA1A9AE931B.tmp' to 'C:/Users/mack2/OneDrive/UMBC/GameDev/ProjectMatter/Matter/Content/ThirdPersonBP/Maps/ThirdPersonExampleMap_BuiltData.uasset'
[2017.10.04-22.46.56:377][198]LogSavePackage: Display: Finished SavePackage C:/Users/mack2/OneDrive/UMBC/GameDev/ProjectMatter/Matter/Content/ThirdPersonBP/Maps/ThirdPersonExampleMap_BuiltData.uasset
[2017.10.04-22.46.56:378][198]LogSlate: Took 0.000242 seconds to synchronously load lazily loaded font '../../../Engine/Content/Slate/Fonts/Roboto-Regular.ttf' (155K)
[2017.10.04-22.46.56:505][198]LogWindowsTextInputMethodSystem: Display: IME system now deactivated.
[2017.10.04-22.46.56:874][199]Cmd: QUIT_EDITOR
[2017.10.04-22.46.57:882][199]LogExit: Preparing to exit.
[2017.10.04-22.46.59:963][199]LogExit: Editor shut down
[2017.10.04-22.46.59:991][199]LogExit: Transaction tracking system shut down
[2017.10.04-22.47.00:249][199]LogDirectoryWatcher: A directory notification for '../../../Engine/Content/' was aborted.
[2017.10.04-22.47.00:250][199]LogDirectoryWatcher: A directory notification for 'C:/Users/mack2/OneDrive/UMBC/GameDev/ProjectMatter/Matter/Content/' was aborted.
[2017.10.04-22.47.00:250][199]LogDirectoryWatcher: A directory notification for '../../../Engine/Plugins/2D/Paper2D/Content/' was aborted.
[2017.10.04-22.47.00:250][199]LogDirectoryWatcher: A directory notification for '../../../Engine/Plugins/Runtime/Oculus/OculusVR/Content/' was aborted.
[2017.10.04-22.47.00:250][199]LogDirectoryWatcher: A directory notification for '../../../Engine/Plugins/Runtime/Steam/SteamVR/Content/' was aborted.
[2017.10.04-22.47.00:595][199]LogExit: Object subsystem successfully closed.
[2017.10.04-22.47.00:624][199]LogD3D11RHI: Shutdown
[2017.10.04-22.47.00:624][199]LogD3D11RHI: CleanupD3DDevice
[2017.10.04-22.47.00:628][199]LogD3D11RHI: ~FD3D11DynamicRHI
[2017.10.04-22.47.00:687][199]LogModuleManager: Shutting down and abandoning module ExternalImagePicker (540)
[2017.10.04-22.47.00:688][199]LogModuleManager: Shutting down and abandoning module BlueprintGraph (538)
[2017.10.04-22.47.00:688][199]LogModuleManager: Shutting down and abandoning module BlueprintProfiler (536)
[2017.10.04-22.47.00:784][199]LogModuleManager: Shutting down and abandoning module MovieSceneCapture (534)
[2017.10.04-22.47.00:784][199]LogModuleManager: Shutting down and abandoning module HierarchicalLODUtilities (532)
[2017.10.04-22.47.00:785][199]LogModuleManager: Shutting down and abandoning module HierarchicalLODOutliner (530)
[2017.10.04-22.47.00:785][199]LogModuleManager: Shutting down and abandoning module SceneOutliner (528)
[2017.10.04-22.47.00:785][199]LogModuleManager: Shutting down and abandoning module AddContentDialog (526)
[2017.10.04-22.47.00:785][199]LogDirectoryWatcher: A directory notification for 'D:/UnrealEngine/UE_4.17/FeaturePacks/' was aborted.
[2017.10.04-22.47.00:806][199]LogModuleManager: Shutting down and abandoning module WidgetCarousel (525)
[2017.10.04-22.47.00:806][199]LogModuleManager: Shutting down and abandoning module EditorWidgets (522)
[2017.10.04-22.47.00:806][199]LogModuleManager: Shutting down and abandoning module CollectionManager (520)
[2017.10.04-22.47.00:806][199]LogDirectoryWatcher: A directory notification for 'C:/Users/mack2/OneDrive/UMBC/GameDev/ProjectMatter/Matter/Content/Collections/' was aborted.
[2017.10.04-22.47.00:806][199]LogDirectoryWatcher: A directory notification for 'C:/Users/mack2/OneDrive/UMBC/GameDev/ProjectMatter/Matter/Content/Developers/mack2/Collections/' was aborted.
[2017.10.04-22.47.00:807][199]LogDirectoryWatcher: A directory notification for 'C:/Users/mack2/OneDrive/UMBC/GameDev/ProjectMatter/Matter/Saved/Collections/' was aborted.
[2017.10.04-22.47.00:807][199]LogModuleManager: Shutting down and abandoning module StatsViewer (518)
[2017.10.04-22.47.00:807][199]LogModuleManager: Shutting down and abandoning module FoliageEdit (516)
[2017.10.04-22.47.00:807][199]LogModuleManager: Shutting down and abandoning module LandscapeEditor (514)
[2017.10.04-22.47.00:808][199]LogModuleManager: Shutting down and abandoning module MeshPaintMode (512)
[2017.10.04-22.47.00:809][199]LogModuleManager: Shutting down and abandoning module SceneDepthPickerMode (510)
[2017.10.04-22.47.00:809][199]LogModuleManager: Shutting down and abandoning module ActorPickerMode (508)
[2017.10.04-22.47.00:809][199]LogModuleManager: Shutting down and abandoning module GeometryMode (506)
[2017.10.04-22.47.00:809][199]LogModuleManager: Shutting down and abandoning module TextureAlignMode (504)
[2017.10.04-22.47.00:809][199]LogModuleManager: Shutting down and abandoning module BspMode (502)
[2017.10.04-22.47.00:809][199]LogModuleManager: Shutting down and abandoning module PIEPreviewDeviceProfileSelector (500)
[2017.10.04-22.47.00:810][199]LogModuleManager: Shutting down and abandoning module HardwareSurvey (498)
[2017.10.04-22.47.00:810][199]LogModuleManager: Shutting down and abandoning module SequenceRecorderSections (496)
[2017.10.04-22.47.00:810][199]LogModuleManager: Shutting down and abandoning module AutomationWorker (494)
[2017.10.04-22.47.00:810][199]LogModuleManager: Shutting down and abandoning module MatineeToLevelSequence (492)
[2017.10.04-22.47.00:810][199]LogModuleManager: Shutting down and abandoning module LevelSequenceEditor (490)
[2017.10.04-22.47.00:811][199]LogModuleManager: Shutting down and abandoning module PlacementMode (489)
[2017.10.04-22.47.00:811][199]LogModuleManager: Shutting down and abandoning module WmfMediaFactory (486)
[2017.10.04-22.47.00:811][199]LogModuleManager: Shutting down and abandoning module WmfMediaEditor (484)
[2017.10.04-22.47.00:811][199]LogModuleManager: Shutting down and abandoning module AvfMediaFactory (482)
[2017.10.04-22.47.00:811][199]LogModuleManager: Shutting down and abandoning module AvfMediaEditor (480)
[2017.10.04-22.47.00:811][199]LogModuleManager: Shutting down and abandoning module AndroidMediaFactory (478)
[2017.10.04-22.47.00:811][199]LogModuleManager: Shutting down and abandoning module Media (477)
[2017.10.04-22.47.00:811][199]LogModuleManager: Shutting down and abandoning module AndroidMediaEditor (474)
[2017.10.04-22.47.00:811][199]LogModuleManager: Shutting down and abandoning module CharacterAI (472)
[2017.10.04-22.47.00:811][199]LogModuleManager: Shutting down and abandoning module AudioCapture (470)
[2017.10.04-22.47.00:811][199]LogModuleManager: Shutting down and abandoning module SequenceRecorder (469)
[2017.10.04-22.47.00:811][199]LogModuleManager: Shutting down and abandoning module SmartSnapping (466)
[2017.10.04-22.47.00:811][199]LogModuleManager: Shutting down and abandoning module SessionServices (464)
[2017.10.04-22.47.00:812][199]LogModuleManager: Shutting down and abandoning module ViewportSnapping (462)
[2017.10.04-22.47.00:812][199]LogModuleManager: Shutting down and abandoning module ViewportInteraction (460)
[2017.10.04-22.47.00:812][199]LogModuleManager: Shutting down and abandoning module ClothPainter (458)
[2017.10.04-22.47.00:812][199]LogModuleManager: Shutting down and abandoning module LogVisualizer (456)
[2017.10.04-22.47.00:812][199]LogModuleManager: Shutting down and abandoning module IntroTutorials (454)
[2017.10.04-22.47.00:813][199]LogModuleManager: Shutting down and abandoning module GameProjectGeneration (453)
[2017.10.04-22.47.00:813][199]LogModuleManager: Shutting down and abandoning module IOSPlatformEditor (450)
[2017.10.04-22.47.00:813][199]LogModuleManager: Shutting down and abandoning module HTML5PlatformEditor (448)
[2017.10.04-22.47.00:813][199]LogModuleManager: Shutting down and abandoning module AndroidPlatformEditor (446)
[2017.10.04-22.47.00:813][199]LogModuleManager: Shutting down and abandoning module AndroidDeviceDetection (445)
[2017.10.04-22.47.01:199][199]LogModuleManager: Shutting down and abandoning module WindowsPlatformEditor (442)
[2017.10.04-22.47.01:199][199]LogModuleManager: Shutting down and abandoning module IOSRuntimeSettings (440)
[2017.10.04-22.47.01:199][199]LogModuleManager: Shutting down and abandoning module AndroidRuntimeSettings (438)
[2017.10.04-22.47.01:199][199]LogModuleManager: Shutting down and abandoning module InputBindingEditor (436)
[2017.10.04-22.47.01:199][199]LogModuleManager: Shutting down and abandoning module MergeActors (434)
[2017.10.04-22.47.01:200][199]LogModuleManager: Shutting down and abandoning module SizeMap (432)
[2017.10.04-22.47.01:200][199]LogModuleManager: Shutting down and abandoning module TreeMap (430)
[2017.10.04-22.47.01:200][199]LogModuleManager: Shutting down and abandoning module ReferenceViewer (428)
[2017.10.04-22.47.01:200][199]LogModuleManager: Shutting down and abandoning module LocalizationDashboard (426)
[2017.10.04-22.47.01:200][199]LogModuleManager: Shutting down and abandoning module LocalizationService (425)
[2017.10.04-22.47.01:200][199]LogModuleManager: Shutting down and abandoning module HardwareTargeting (422)
[2017.10.04-22.47.01:200][199]LogModuleManager: Shutting down and abandoning module DeviceProfileEditor (420)
[2017.10.04-22.47.01:200][199]LogModuleManager: Shutting down and abandoning module UndoHistory (418)
[2017.10.04-22.47.01:201][199]LogModuleManager: Shutting down and abandoning module XmlParser (416)
[2017.10.04-22.47.01:201][199]LogModuleManager: Shutting down and abandoning module Blutility (414)
[2017.10.04-22.47.01:201][199]LogModuleManager: Shutting down and abandoning module ProjectSettingsViewer (412)
[2017.10.04-22.47.01:201][199]LogModuleManager: Shutting down and abandoning module ProjectTargetPlatformEditor (411)
[2017.10.04-22.47.01:202][199]LogModuleManager: Shutting down and abandoning module EditorSettingsViewer (408)
[2017.10.04-22.47.01:202][199]LogModuleManager: Shutting down and abandoning module SettingsEditor (406)
[2017.10.04-22.47.01:202][199]LogModuleManager: Shutting down and abandoning module ProjectLauncher (404)
[2017.10.04-22.47.01:202][199]LogModuleManager: Shutting down and abandoning module SessionFrontend (402)
[2017.10.04-22.47.01:202][199]LogModuleManager: Shutting down and abandoning module ProfilerClient (400)
[2017.10.04-22.47.01:202][199]LogModuleManager: Shutting down and abandoning module DeviceManager (398)
[2017.10.04-22.47.01:203][199]LogModuleManager: Shutting down and abandoning module TargetDeviceServices (397)
[2017.10.04-22.47.01:283][199]LogModuleManager: Shutting down and abandoning module AutomationController (394)
[2017.10.04-22.47.01:284][199]LogModuleManager: Shutting down and abandoning module AutomationWindow (392)
[2017.10.04-22.47.01:284][199]LogModuleManager: Shutting down and abandoning module Layers (390)
[2017.10.04-22.47.01:284][199]LogModuleManager: Shutting down and abandoning module ComponentVisualizers (388)
[2017.10.04-22.47.01:284][199]LogModuleManager: Shutting down and abandoning module DetailCustomizations (386)
[2017.10.04-22.47.01:285][199]LogModuleManager: Shutting down and abandoning module PackagesDialog (384)
[2017.10.04-22.47.01:286][199]LogModuleManager: Shutting down and abandoning module Persona (382)
[2017.10.04-22.47.01:286][199]LogModuleManager: Shutting down and abandoning module AdvancedPreviewScene (381)
[2017.10.04-22.47.01:286][199]LogModuleManager: Shutting down and abandoning module AnimGraph (379)
[2017.10.04-22.47.01:286][199]LogModuleManager: Shutting down and abandoning module Kismet (376)
[2017.10.04-22.47.01:319][199]LogModuleManager: Shutting down and abandoning module ClassViewer (374)
[2017.10.04-22.47.01:319][199]LogModuleManager: Shutting down and abandoning module Toolbox (372)
[2017.10.04-22.47.01:319][199]LogModuleManager: Shutting down and abandoning module ModuleUI (370)
[2017.10.04-22.47.01:319][199]LogModuleManager: Shutting down and abandoning module MovieSceneTools (368)
[2017.10.04-22.47.01:319][199]LogModuleManager: Shutting down and abandoning module OutputLog (366)
[2017.10.04-22.47.01:319][199]LogModuleManager: Shutting down and abandoning module GammaUI (364)
[2017.10.04-22.47.01:320][199]LogModuleManager: Shutting down and abandoning module Documentation (362)
[2017.10.04-22.47.01:320][199]LogModuleManager: Shutting down and abandoning module MovieSceneTracks (360)
[2017.10.04-22.47.01:320][199]LogModuleManager: Shutting down and abandoning module MovieScene (358)
[2017.10.04-22.47.01:320][199]LogModuleManager: Shutting down and abandoning module Niagara (356)
[2017.10.04-22.47.01:320][199]LogModuleManager: Shutting down and abandoning module NiagaraEditor (355)
[2017.10.04-22.47.01:320][199]LogModuleManager: Shutting down and abandoning module StreamingPauseRendering (352)
[2017.10.04-22.47.01:320][199]LogModuleManager: Shutting down and abandoning module LauncherPlatform (350)
[2017.10.04-22.47.01:320][199]LogModuleManager: Shutting down and abandoning module AnalyticsET (348)
[2017.10.04-22.47.01:320][199]LogModuleManager: Shutting down and abandoning module PortalServices (346)
[2017.10.04-22.47.01:320][199]LogModuleManager: Shutting down and abandoning module PortalRpc (344)
[2017.10.04-22.47.01:320][199]LogModuleManager: Shutting down and abandoning module MessagingRpc (342)
[2017.10.04-22.47.01:320][199]LogModuleManager: Shutting down and abandoning module AIModule (340)
[2017.10.04-22.47.01:321][199]LogModuleManager: Shutting down and abandoning module GameplayDebugger (339)
[2017.10.04-22.47.01:321][199]LogModuleManager: Shutting down and abandoning module AITestSuite (337)
[2017.10.04-22.47.01:321][199]LogModuleManager: Shutting down and abandoning module ProfilerService (334)
[2017.10.04-22.47.01:453][199]LogModuleManager: Shutting down and abandoning module TaskGraph (332)
[2017.10.04-22.47.01:454][199]LogModuleManager: Shutting down and abandoning module SteamVRController (330)
[2017.10.04-22.47.01:454][199]LogModuleManager: Shutting down and abandoning module ProceduralMeshComponentEditor (328)
[2017.10.04-22.47.01:454][199]LogModuleManager: Shutting down and abandoning module ProceduralMeshComponent (326)
[2017.10.04-22.47.01:454][199]LogModuleManager: Shutting down and abandoning module OculusInput (324)
[2017.10.04-22.47.01:454][199]LogModuleManager: Shutting down and abandoning module MobilePatchingUtils (322)
[2017.10.04-22.47.01:454][199]LogModuleManager: Shutting down and abandoning module CustomMeshComponent (320)
[2017.10.04-22.47.01:454][199]LogModuleManager: Shutting down and abandoning module CableComponent (318)
[2017.10.04-22.47.01:454][199]LogModuleManager: Shutting down and abandoning module ArchVisCharacter (316)
[2017.10.04-22.47.01:454][199]LogModuleManager: Shutting down and abandoning module AndroidPermission (314)
[2017.10.04-22.47.01:454][199]LogModuleManager: Shutting down and abandoning module MediaPlayerEditor (310)
[2017.10.04-22.47.01:454][199]LogModuleManager: Shutting down and abandoning module HTML5Networking (308)
[2017.10.04-22.47.01:454][199]LogModuleManager: Shutting down and abandoning module AlembicImporter (306)
[2017.10.04-22.47.01:454][199]LogModuleManager: Shutting down and abandoning module AlembicLibrary (305)
[2017.10.04-22.47.01:454][199]LogModuleManager: Shutting down and abandoning module GeometryCache (304)
[2017.10.04-22.47.01:454][199]LogModuleManager: Shutting down and abandoning module GeometryCacheEd (303)
[2017.10.04-22.47.01:454][199]LogModuleManager: Shutting down and abandoning module SpeedTreeImporter (298)
[2017.10.04-22.47.01:454][199]LogModuleManager: Shutting down and abandoning module PluginBrowser (296)
[2017.10.04-22.47.01:454][199]LogModuleManager: Shutting down and abandoning module MobileLauncherProfileWizard (294)
[2017.10.04-22.47.01:454][199]LogModuleManager: Shutting down and abandoning module VisualStudioSourceCodeAccess (292)
[2017.10.04-22.47.01:454][199]LogModuleManager: Shutting down and abandoning module DesktopPlatform (291)
[2017.10.04-22.47.01:454][199]LogModuleManager: Shutting down and abandoning module UObjectPlugin (288)
[2017.10.04-22.47.01:454][199]LogModuleManager: Shutting down and abandoning module SubversionSourceControl (286)
[2017.10.04-22.47.01:454][199]LogModuleManager: Shutting down and abandoning module PerforceSourceControl (284)
[2017.10.04-22.47.01:454][199]LogModuleManager: Shutting down and abandoning module GitSourceControl (282)
[2017.10.04-22.47.01:454][199]LogModuleManager: Shutting down and abandoning module SourceControl (281)
[2017.10.04-22.47.01:455][199]LogModuleManager: Shutting down and abandoning module LightPropagationVolumeEditor (278)
[2017.10.04-22.47.01:455][199]LogModuleManager: Shutting down and abandoning module PaperTiledImporter (276)
[2017.10.04-22.47.01:455][199]LogModuleManager: Shutting down and abandoning module PaperSpriteSheetImporter (274)
[2017.10.04-22.47.01:455][199]LogModuleManager: Shutting down and abandoning module Paper2DEditor (272)
[2017.10.04-22.47.01:455][199]LogModuleManager: Shutting down and abandoning module MeshPaint (271)
[2017.10.04-22.47.01:455][199]LogModuleManager: Shutting down and abandoning module LevelEditor (269)
[2017.10.04-22.47.01:459][199]LogModuleManager: Shutting down and abandoning module PixelInspectorModule (268)
[2017.10.04-22.47.01:459][199]LogModuleManager: Shutting down and abandoning module MainFrame (266)
[2017.10.04-22.47.01:459][199]LogModuleManager: Shutting down and abandoning module HotReload (265)
[2017.10.04-22.47.01:459][199]LogModuleManager: Shutting down and abandoning module RuntimePhysXCooking (260)
[2017.10.04-22.47.01:459][199]LogModuleManager: Shutting down and abandoning module PhysXVehiclesEditor (258)
[2017.10.04-22.47.01:459][199]LogModuleManager: Shutting down and abandoning module PhysXVehicles (256)
[2017.10.04-22.47.01:459][199]LogModuleManager: Shutting down and abandoning module OculusEditor (254)
[2017.10.04-22.47.01:459][199]LogModuleManager: Shutting down and abandoning module LocationServicesBPLibrary (252)
[2017.10.04-22.47.01:459][199]LogModuleManager: Shutting down and abandoning module ImmediatePhysicsEditor (250)
[2017.10.04-22.47.01:459][199]LogModuleManager: Shutting down and abandoning module ImmediatePhysics (248)
[2017.10.04-22.47.01:459][199]LogModuleManager: Shutting down and abandoning module UdpMessaging (246)
[2017.10.04-22.47.01:560][199]LogModuleManager: Shutting down and abandoning module TcpMessaging (244)
[2017.10.04-22.47.01:704][199]LogModuleManager: Shutting down and abandoning module GameplayTagsEditor (242)
[2017.10.04-22.47.01:704][199]LogModuleManager: Shutting down and abandoning module FacialAnimationEditor (240)
[2017.10.04-22.47.01:704][199]LogModuleManager: Shutting down and abandoning module FacialAnimation (238)
[2017.10.04-22.47.01:704][199]LogModuleManager: Shutting down and abandoning module AssetManagerEditor (236)
[2017.10.04-22.47.01:704][199]LogModuleManager: Shutting down and abandoning module GraphEditor (235)
[2017.10.04-22.47.01:707][199]LogModuleManager: Shutting down and abandoning module ContentBrowser (233)
[2017.10.04-22.47.01:709][199]LogModuleManager: Shutting down and abandoning module LightPropagationVolumeRuntime (230)
[2017.10.04-22.47.01:709][199]LogModuleManager: Shutting down and abandoning module Paper2D (228)
[2017.10.04-22.47.01:709][199]LogModuleManager: Shutting down and abandoning module WindowsMoviePlayer (226)
[2017.10.04-22.47.01:709][199]LogModuleManager: Shutting down and abandoning module WmfMedia (224)
[2017.10.04-22.47.01:709][199]LogModuleManager: Shutting down and abandoning module PacketHandler (222)
[2017.10.04-22.47.01:709][199]LogModuleManager: Shutting down and abandoning module ClothingSystemEditor (220)
[2017.10.04-22.47.01:709][199]LogModuleManager: Shutting down and abandoning module ClothingSystemRuntime (218)
[2017.10.04-22.47.01:709][199]LogModuleManager: Shutting down and abandoning module Overlay (216)
[2017.10.04-22.47.01:709][199]LogModuleManager: Shutting down and abandoning module OverlayEditor (215)
[2017.10.04-22.47.01:709][199]LogModuleManager: Shutting down and abandoning module MediaAssets (212)
[2017.10.04-22.47.01:709][199]LogModuleManager: Shutting down and abandoning module VREditor (210)
[2017.10.04-22.47.01:709][199]LogModuleManager: Shutting down and abandoning module StringTableEditor (208)
[2017.10.04-22.47.01:709][199]LogModuleManager: Shutting down and abandoning module GameplayTasksEditor (206)
[2017.10.04-22.47.01:709][199]LogModuleManager: Shutting down and abandoning module BehaviorTreeEditor (204)
[2017.10.04-22.47.01:709][199]LogModuleManager: Shutting down and abandoning module FunctionalTesting (202)
[2017.10.04-22.47.01:709][199]LogModuleManager: Shutting down and abandoning module CollisionAnalyzer (200)
[2017.10.04-22.47.01:709][199]LogModuleManager: Shutting down and abandoning module WorkspaceMenuStructure (199)
[2017.10.04-22.47.01:709][199]LogModuleManager: Shutting down and abandoning module UMG (196)
[2017.10.04-22.47.01:709][199]LogModuleManager: Shutting down and abandoning module UMGEditor (195)
[2017.10.04-22.47.01:709][199]LogModuleManager: Shutting down and abandoning module Sequencer (194)
[2017.10.04-22.47.01:709][199]LogModuleManager: Shutting down and abandoning module MessageLog (191)
[2017.10.04-22.47.01:709][199]LogModuleManager: Shutting down and abandoning module SlateReflector (186)
[2017.10.04-22.47.01:709][199]LogModuleManager: Shutting down and abandoning module Slate (184)
[2017.10.04-22.47.01:709][199]LogModuleManager: Shutting down and abandoning module EditorStyle (182)
[2017.10.04-22.47.01:712][199]LogModuleManager: Shutting down and abandoning module MRMesh (180)
[2017.10.04-22.47.01:712][199]LogModuleManager: Shutting down and abandoning module SourceCodeAccess (178)
[2017.10.04-22.47.01:712][199]LogModuleManager: Shutting down and abandoning module HeadMountedDisplay (176)
[2017.10.04-22.47.01:712][199]LogModuleManager: Shutting down and abandoning module XAudio2 (174)
[2017.10.04-22.47.01:712][199]LogModuleManager: Shutting down and abandoning module Networking (172)
[2017.10.04-22.47.01:712][199]LogModuleManager: Shutting down and abandoning module Core (168)
[2017.10.04-22.47.01:712][199]LogModuleManager: Shutting down and abandoning module KismetCompiler (164)
[2017.10.04-22.47.01:712][199]LogModuleManager: Shutting down and abandoning module LevelSequence (162)
[2017.10.04-22.47.01:712][199]LogModuleManager: Shutting down and abandoning module MeshUtilities (160)
[2017.10.04-22.47.01:712][199]LogModuleManager: Shutting down and abandoning module MeshMergeUtilities (159)
[2017.10.04-22.47.01:712][199]LogModuleManager: Shutting down and abandoning module MeshReductionInterface (158)
[2017.10.04-22.47.01:712][199]LogModuleManager: Shutting down and abandoning module SimplygonSwarm (157)
[2017.10.04-22.47.01:712][199]LogModuleManager: Shutting down and abandoning module SimplygonMeshReduction (155)
[2017.10.04-22.47.01:712][199]LogModuleManager: Shutting down and abandoning module QuadricMeshReduction (153)
[2017.10.04-22.47.01:712][199]LogModuleManager: Shutting down and abandoning module MaterialBaking (149)
[2017.10.04-22.47.01:712][199]LogModuleManager: Shutting down and abandoning module DirectoryWatcher (146)
[2017.10.04-22.47.01:718][199]LogModuleManager: Shutting down and abandoning module DerivedDataCache (144)
[2017.10.04-22.47.01:806][199]LogDerivedDataCache: Shutdown
[2017.10.04-22.47.01:806][199]LogModuleManager: Shutting down and abandoning module TargetPlatform (142)
[2017.10.04-22.47.01:806][199]LogModuleManager: Shutting down and abandoning module VulkanShaderFormat (141)
[2017.10.04-22.47.01:806][199]LogModuleManager: Shutting down and abandoning module ShaderFormatVectorVM (139)
[2017.10.04-22.47.01:806][199]LogModuleManager: Shutting down and abandoning module ShaderFormatOpenGL (137)
[2017.10.04-22.47.01:806][199]LogModuleManager: Shutting down and abandoning module ShaderFormatD3D (135)
[2017.10.04-22.47.01:806][199]LogModuleManager: Shutting down and abandoning module MetalShaderFormat (133)
[2017.10.04-22.47.01:806][199]LogModuleManager: Shutting down and abandoning module TextureFormatUncompressed (131)
[2017.10.04-22.47.01:807][199]LogModuleManager: Shutting down and abandoning module TextureFormatPVR (129)
[2017.10.04-22.47.01:807][199]LogModuleManager: Shutting down and abandoning module TextureFormatDXT (127)
[2017.10.04-22.47.01:807][199]LogModuleManager: Shutting down and abandoning module TextureFormatIntelISPCTexComp (125)
[2017.10.04-22.47.01:807][199]LogModuleManager: Shutting down and abandoning module TextureFormatASTC (123)
[2017.10.04-22.47.01:807][199]LogModuleManager: Shutting down and abandoning module ImageWrapper (122)
[2017.10.04-22.47.01:807][199]LogModuleManager: Shutting down and abandoning module TextureFormatAndroid (119)
[2017.10.04-22.47.01:807][199]LogModuleManager: Shutting down and abandoning module AudioFormatOpus (117)
[2017.10.04-22.47.01:807][199]LogModuleManager: Shutting down and abandoning module AudioFormatOgg (115)
[2017.10.04-22.47.01:807][199]LogModuleManager: Shutting down and abandoning module AudioFormatADPCM (113)
[2017.10.04-22.47.01:807][199]LogModuleManager: Shutting down and abandoning module LinuxTargetPlatform (111)
[2017.10.04-22.47.01:808][199]LogModuleManager: Shutting down and abandoning module LinuxServerTargetPlatform (109)
[2017.10.04-22.47.01:808][199]LogModuleManager: Shutting down and abandoning module LinuxNoEditorTargetPlatform (107)
[2017.10.04-22.47.01:808][199]LogModuleManager: Shutting down and abandoning module LinuxClientTargetPlatform (105)
[2017.10.04-22.47.01:808][199]LogModuleManager: Shutting down and abandoning module TVOSTargetPlatform (103)
[2017.10.04-22.47.01:808][199]LogModuleManager: Shutting down and abandoning module Messaging (101)
[2017.10.04-22.47.01:808][199]LogModuleManager: Shutting down and abandoning module IOSTargetPlatform (99)
[2017.10.04-22.47.01:808][199]LogModuleManager: Shutting down and abandoning module HTML5TargetPlatform (97)
[2017.10.04-22.47.01:808][199]LogModuleManager: Shutting down and abandoning module Android_PVRTCTargetPlatform (95)
[2017.10.04-22.47.01:808][199]LogModuleManager: Shutting down and abandoning module Android_MultiTargetPlatform (93)
[2017.10.04-22.47.01:808][199]LogModuleManager: Shutting down and abandoning module Android_ETC2TargetPlatform (91)
[2017.10.04-22.47.01:808][199]LogModuleManager: Shutting down and abandoning module Android_ETC1TargetPlatform (89)
[2017.10.04-22.47.01:808][199]LogModuleManager: Shutting down and abandoning module Android_DXTTargetPlatform (87)
[2017.10.04-22.47.01:808][199]LogModuleManager: Shutting down and abandoning module Android_ATCTargetPlatform (85)
[2017.10.04-22.47.01:808][199]LogModuleManager: Shutting down and abandoning module Android_ASTCTargetPlatform (83)
[2017.10.04-22.47.01:808][199]LogModuleManager: Shutting down and abandoning module AndroidTargetPlatform (81)
[2017.10.04-22.47.01:809][199]LogModuleManager: Shutting down and abandoning module WindowsTargetPlatform (79)
[2017.10.04-22.47.01:809][199]LogModuleManager: Shutting down and abandoning module WindowsServerTargetPlatform (77)
[2017.10.04-22.47.01:809][199]LogModuleManager: Shutting down and abandoning module WindowsNoEditorTargetPlatform (75)
[2017.10.04-22.47.01:809][199]LogModuleManager: Shutting down and abandoning module WindowsClientTargetPlatform (73)
[2017.10.04-22.47.01:809][199]LogModuleManager: Shutting down and abandoning module MacTargetPlatform (71)
[2017.10.04-22.47.01:809][199]LogModuleManager: Shutting down and abandoning module MacServerTargetPlatform (69)
[2017.10.04-22.47.01:809][199]LogModuleManager: Shutting down and abandoning module MacNoEditorTargetPlatform (67)
[2017.10.04-22.47.01:809][199]LogModuleManager: Shutting down and abandoning module MacClientTargetPlatform (65)
[2017.10.04-22.47.01:809][199]LogModuleManager: Shutting down and abandoning module AllDesktopTargetPlatform (63)
[2017.10.04-22.47.01:809][199]LogModuleManager: Shutting down and abandoning module InputCore (60)
[2017.10.04-22.47.01:809][199]LogModuleManager: Shutting down and abandoning module Settings (58)
[2017.10.04-22.47.01:809][199]LogModuleManager: Shutting down and abandoning module PhysXCooking (56)
[2017.10.04-22.47.01:809][199]LogModuleManager: Shutting down and abandoning module SteamVR (54)
[2017.10.04-22.47.01:809][199]LogModuleManager: Shutting down and abandoning module OculusHMD (52)
[2017.10.04-22.47.01:810][199]LogModuleManager: Shutting down and abandoning module ExampleDeviceProfileSelector (50)
[2017.10.04-22.47.01:810][199]LogModuleManager: Shutting down and abandoning module OnlineBlueprintSupport (48)
[2017.10.04-22.47.01:810][199]LogModuleManager: Shutting down and abandoning module OnlineSubsystem (44)
[2017.10.04-22.47.01:810][199]LogOnline: Display: Unloading online subsystem: NULL
[2017.10.04-22.47.01:810][199]LogModuleManager: Shutting down and abandoning module XMPP (43)
[2017.10.04-22.47.01:810][199]LogModuleManager: Shutting down and abandoning module HTTP (41)
[2017.10.04-22.47.01:810][199]LogHttp: Display: Http module shutting down, but needs to wait on 1 outstanding Http requests:
[2017.10.04-22.47.01:810][199]LogHttp: Display: 	verb=[POST] url=[https://datarouter.ol.epicgames.com/datarouter/api/v1/public/data?SessionID=%7B6A9DAB65-4044-F57C-BAAA-6399A49CABE7%7D&AppID=UEEditor.Rocket.Release&AppVersion=4.17.1-3586342%2B%2B%2BUE4%2BRelease-4.17&UserID=9c6edd15469635af902232b31d49d6d1%7C112b9139633d4feeb1a0a2d84be6e82d%7Ca1c907f8-41a3-485b-8e1a-175be3fb7e99&AppEnvironment=datacollector-binary&UploadType=eteventstream] status=Processing
