Log file open, 10/07/17 14:21:21
LogWindows: LoadLibraryWithSearchPaths failed for file aqProf.dll. GetLastError=0
LogWindows: LoadLibraryWithSearchPaths failed for file VtuneApi.dll. GetLastError=0
LogWindows: LoadLibraryWithSearchPaths failed for file VtuneApi32e.dll. GetLastError=0
LogInit: Display: Running engine for game: Matter
LogPlatformFile: Not using cached read wrapper
LogInit: Display: RandInit(-278223431) SRandInit(-278223431).
LogTaskGraph: Started task graph with 5 named threads and 8 total threads with 3 sets of task threads.
LogStats: Stats thread started at 0.137234
LogD3D11RHI: Aftermath initialized
LogPluginManager: Mounting plugin Paper2D
LogPluginManager: Mounting plugin LightPropagationVolume
LogPluginManager: Mounting plugin CodeLiteSourceCodeAccess
LogPluginManager: Mounting plugin GitSourceControl
LogPluginManager: Mounting plugin KDevelopSourceCodeAccess
LogPluginManager: Mounting plugin NullSourceCodeAccess
LogPluginManager: Mounting plugin PerforceSourceControl
LogPluginManager: Mounting plugin SubversionSourceControl
LogPluginManager: Mounting plugin UObjectPlugin
LogPluginManager: Mounting plugin VisualStudioSourceCodeAccess
LogPluginManager: Mounting plugin XCodeSourceCodeAccess
LogPluginManager: Mounting plugin AssetManagerEditor
LogPluginManager: Mounting plugin AudioCapture
LogPluginManager: Mounting plugin FacialAnimation
LogPluginManager: Mounting plugin GameplayTagsEditor
LogPluginManager: Mounting plugin MobileLauncherProfileWizard
LogPluginManager: Mounting plugin PluginBrowser
LogPluginManager: Mounting plugin SpeedTreeImporter
LogPluginManager: Mounting plugin AlembicImporter
LogPluginManager: Mounting plugin CharacterAI
LogPluginManager: Mounting plugin HTML5Networking
LogPluginManager: Mounting plugin AndroidMedia
LogPluginManager: Mounting plugin AvfMedia
LogPluginManager: Mounting plugin MediaPlayerEditor
LogPluginManager: Mounting plugin WmfMedia
LogPluginManager: Mounting plugin TcpMessaging
LogPluginManager: Mounting plugin UdpMessaging
LogPluginManager: Mounting plugin LevelSequenceEditor
LogPluginManager: Mounting plugin MatineeToLevelSequence
LogPluginManager: Mounting plugin OnlineSubsystemGooglePlay
LogPluginManager: Mounting plugin OnlineSubsystemIOS
LogPluginManager: Mounting plugin OnlineSubsystem
LogPluginManager: Mounting plugin OnlineSubsystemNull
LogPluginManager: Mounting plugin OnlineSubsystemUtils
LogPluginManager: Mounting plugin AndroidDeviceProfileSelector
LogPluginManager: Mounting plugin AndroidMoviePlayer
LogPluginManager: Mounting plugin AndroidPermission
LogPluginManager: Mounting plugin AppleMoviePlayer
LogPluginManager: Mounting plugin ArchVisCharacter
LogPluginManager: Mounting plugin CableComponent
LogPluginManager: Mounting plugin CustomMeshComponent
LogPluginManager: Mounting plugin ExampleDeviceProfileSelector
LogPluginManager: Mounting plugin GoogleCloudMessaging
LogPluginManager: Mounting plugin ImmediatePhysics
LogPluginManager: Mounting plugin IOSDeviceProfileSelector
LogPluginManager: Mounting plugin LinuxDeviceProfileSelector
LogPluginManager: Mounting plugin LocationServicesBPLibrary
LogPluginManager: Mounting plugin MobilePatchingUtils
LogPluginManager: Mounting plugin OculusVR
LogPluginManager: Mounting plugin PhysXVehicles
LogPluginManager: Mounting plugin ProceduralMeshComponent
LogPluginManager: Mounting plugin RuntimePhysXCooking
LogPluginManager: Mounting plugin SteamVR
LogPluginManager: Mounting plugin WindowsMoviePlayer
LogInit: Using libcurl 7.47.1
LogInit:  - built for x86_64-pc-win32
LogInit:  - supports SSL with OpenSSL/1.0.2g
LogInit:  - supports HTTP deflate (compression) using libz 1.2.8
LogInit:  - other features:
LogInit:      CURL_VERSION_SSL
LogInit:      CURL_VERSION_LIBZ
LogInit:      CURL_VERSION_IPV6
LogInit:      CURL_VERSION_ASYNCHDNS
LogInit:      CURL_VERSION_LARGEFILE
LogInit:      CURL_VERSION_IDN
LogInit:  CurlRequestOptions (configurable via config and command line):
LogInit:  - bVerifyPeer = false  - Libcurl will NOT verify peer certificate
LogInit:  - bUseHttpProxy = false  - Libcurl will NOT use HTTP proxy
LogInit:  - bDontReuseConnections = false  - Libcurl will reuse connections
LogInit:  - CertBundlePath = nullptr  - Libcurl will use whatever was configured at build time.
LogInit: Build: ++UE4+Release-4.17-CL-3586342
LogInit: Engine Version: 4.17.1-3586342+++UE4+Release-4.17
LogInit: Compatible Engine Version: 4.17.0-3573198+++UE4+Release-4.17
LogInit: Net CL: 3573198
LogDevObjectVersion: Number of dev versions registered: 16
LogDevObjectVersion:   Dev-Blueprints (B0D832E4-1F89-4F0D-ACCF-7EB736FD4AA2): 10
LogDevObjectVersion:   Dev-Build (E1C64328-A22C-4D53-A36C-8E866417BD8C): 0
LogDevObjectVersion:   Dev-Core (375EC13C-06E4-48FB-B500-84F0262A717E): 2
LogDevObjectVersion:   Dev-Editor (E4B068ED-F494-42E9-A231-DA0B2E46BB41): 20
LogDevObjectVersion:   Dev-Framework (CFFC743F-43B0-4480-9391-14DF171D2073): 28
LogDevObjectVersion:   Dev-Mobile (B02B49B5-BB20-44E9-A304-32B752E40360): 0
LogDevObjectVersion:   Dev-Networking (A4E4105C-59A1-49B5-A7C5-40C4547EDFEE): 0
LogDevObjectVersion:   Dev-Online (39C831C9-5AE6-47DC-9A44-9C173E1C8E7C): 0
LogDevObjectVersion:   Dev-Physics (78F01B33-EBEA-4F98-B9B4-84EACCB95AA2): 0
LogDevObjectVersion:   Dev-Platform (6631380F-2D4D-43E0-8009-CF276956A95A): 0
LogDevObjectVersion:   Dev-Rendering (12F88B9F-8875-4AFC-A67C-D90C383ABD29): 19
LogDevObjectVersion:   Dev-Sequencer (7B5AE74C-D270-4C10-A958-57980B212A5A): 4
LogDevObjectVersion:   Dev-VR (D7296918-1DD6-4BDD-9DE2-64A83CC13884): 0
LogDevObjectVersion:   Dev-LoadTimes (C2A15278-BFE7-4AFE-6C17-90FF531DF755): 1
LogDevObjectVersion:   Private-Geometry (6EACA3D4-40EC-4CC1-B786-8BED09428FC5): 1
LogDevObjectVersion:   Dev-AnimPhys (29E575DD-E0A3-4627-9D10-D276232CDCEA): 7
LogInit: Compiled (64-bit): Aug 15 2017 02:05:26
LogInit: Compiled with Visual C++: 19.00.24215.01
LogInit: Build Configuration: Development
LogInit: Branch Name: ++UE4+Release-4.17
LogInit: Command line: -EpicPortal 
LogInit: Base directory: D:/UnrealEngine/UE_4.17/Engine/Binaries/Win64/
LogInit: Installed Engine Build: 1
LogInit: Presizing for max 8388607 objects, including 0 objects not considered by GC, pre-allocating 0 bytes for permanent pool.
LogInit: Object subsystem initialized
[2017.10.07-18.21.22:699][  0]LogInit: Selected Device Profile: [Windows]
[2017.10.07-18.21.22:699][  0]LogInit: Applying CVar settings loaded from the selected device profile: [Windows]
[2017.10.07-18.21.22:764][  0]LogInit: Computer: DESKTOP-E54LDI7
[2017.10.07-18.21.22:764][  0]LogInit: User: mack2
[2017.10.07-18.21.22:764][  0]LogInit: CPU Page size=4096, Cores=2
[2017.10.07-18.21.22:764][  0]LogInit: High frequency timer resolution =2.825502 MHz
[2017.10.07-18.21.22:765][  0]LogMemory: Memory total: Physical=7.9GB (8GB approx)
[2017.10.07-18.21.22:765][  0]LogMemory: Platform Memory Stats for Windows
[2017.10.07-18.21.22:765][  0]LogMemory: Process Physical Memory: 278.33 MB used, 278.33 MB peak
[2017.10.07-18.21.22:765][  0]LogMemory: Process Virtual Memory: 275.88 MB used, 275.88 MB peak
[2017.10.07-18.21.22:765][  0]LogMemory: Physical Memory: 5811.66 MB used,  2297.70 MB free, 8109.36 MB total
[2017.10.07-18.21.22:765][  0]LogMemory: Virtual Memory: 666.99 MB used,  2297.70 MB free, 134217728.00 MB total
[2017.10.07-18.21.22:873][  0]LogInit: Using OS detected language (en-US).
[2017.10.07-18.21.22:874][  0]LogInit: Using OS detected locale (en-US).
[2017.10.07-18.21.22:876][  0]LogTextLocalizationManager: No specific localization for 'en-US' exists, so the 'en' localization will be used.
[2017.10.07-18.21.23:622][  0]LogD3D11RHI: D3D11 adapters:
[2017.10.07-18.21.24:346][  0]LogD3D11RHI:    0. 'NVIDIA GeForce GTX 950M' (Feature Level 11_0)
[2017.10.07-18.21.24:346][  0]LogD3D11RHI:       2019/0/4054 MB DedicatedVideo/DedicatedSystem/SharedSystem, Outputs:1, VendorId:0x10de
[2017.10.07-18.21.24:352][  0]LogD3D11RHI:    1. 'Intel(R) HD Graphics 4600' (Feature Level 11_0)
[2017.10.07-18.21.24:352][  0]LogD3D11RHI:       112/0/2048 MB DedicatedVideo/DedicatedSystem/SharedSystem, Outputs:0, VendorId:0x8086
[2017.10.07-18.21.24:353][  0]LogD3D11RHI:    2. 'Microsoft Basic Render Driver' (Feature Level 11_0)
[2017.10.07-18.21.24:353][  0]LogD3D11RHI:       0/0/4054 MB DedicatedVideo/DedicatedSystem/SharedSystem, Outputs:0, VendorId:0x1414
[2017.10.07-18.21.24:353][  0]LogD3D11RHI: Chosen D3D11 Adapter: 0
[2017.10.07-18.21.24:361][  0]LogD3D11RHI: Creating new Direct3DDevice
[2017.10.07-18.21.24:361][  0]LogD3D11RHI:     GPU DeviceId: 0x139a (for the marketing name, search the web for "GPU Device Id")
[2017.10.07-18.21.24:362][  0]LogWindows: EnumDisplayDevices:
[2017.10.07-18.21.24:362][  0]LogWindows:    0. 'Intel(R) HD Graphics 4600' (P:1 D:1)
[2017.10.07-18.21.24:362][  0]LogWindows:    1. 'Intel(R) HD Graphics 4600' (P:0 D:0)
[2017.10.07-18.21.24:363][  0]LogWindows:    2. 'Intel(R) HD Graphics 4600' (P:0 D:0)
[2017.10.07-18.21.24:363][  0]LogWindows: DebugString: PrimaryIsNotTheChoosenAdapter PrimaryIsNotTheChoosenAdapter PrimaryIsNotTheChoosenAdapter FoundDriverCount:0 
[2017.10.07-18.21.24:363][  0]LogD3D11RHI:     Adapter Name: NVIDIA GeForce GTX 950M
[2017.10.07-18.21.24:363][  0]LogD3D11RHI:   Driver Version: Unknown (internal:Unknown, unified:Unknown)
[2017.10.07-18.21.24:363][  0]LogD3D11RHI:      Driver Date: Unknown
[2017.10.07-18.21.24:363][  0]LogRHI: Texture pool is 1361 MB (70% of 1945 MB)
[2017.10.07-18.21.25:086][  0]LogD3D11RHI: Async texture creation enabled
[2017.10.07-18.21.25:258][  0]LogD3D11RHI: GPU Timing Frequency: 1000.000000 (Debug: 2 1)
[2017.10.07-18.21.25:259][  0]LogShaderCompilers: Guid format shader working directory is -11 characters bigger than the processId version (C:/Users/mack2/OneDrive/UMBC/GameDev/ProjectMatter/Matter/Intermediate/Shaders/WorkingDirectory/4284/).
[2017.10.07-18.21.25:259][  0]LogShaderCompilers: Cleaned the shader compiler working directory 'C:/Users/mack2/AppData/Local/Temp/UnrealShaderWorkingDir/CF2D16574BC537C5F072B499C30AF62A/'.
[2017.10.07-18.21.25:260][  0]LogShaderCompilers: Display: Using Local Shader Compiler.
[2017.10.07-18.21.27:102][  0]LogTemp: Display: Loaded TP AllDesktopTargetPlatform
[2017.10.07-18.21.27:143][  0]LogTemp: Display: Loaded TP MacClientTargetPlatform
[2017.10.07-18.21.27:187][  0]LogTemp: Display: Loaded TP MacNoEditorTargetPlatform
[2017.10.07-18.21.27:232][  0]LogTemp: Display: Loaded TP MacServerTargetPlatform
[2017.10.07-18.21.27:294][  0]LogTemp: Display: Loaded TP MacTargetPlatform
[2017.10.07-18.21.27:336][  0]LogTemp: Display: Loaded TP WindowsClientTargetPlatform
[2017.10.07-18.21.27:379][  0]LogTemp: Display: Loaded TP WindowsNoEditorTargetPlatform
[2017.10.07-18.21.27:430][  0]LogTemp: Display: Loaded TP WindowsServerTargetPlatform
[2017.10.07-18.21.27:471][  0]LogTemp: Display: Loaded TP WindowsTargetPlatform
[2017.10.07-18.21.27:523][  0]LogTemp: Display: Loaded TP AndroidTargetPlatform
[2017.10.07-18.21.27:565][  0]LogTemp: Display: Loaded TP Android_ASTCTargetPlatform
[2017.10.07-18.21.27:617][  0]LogTemp: Display: Loaded TP Android_ATCTargetPlatform
[2017.10.07-18.21.27:662][  0]LogTemp: Display: Loaded TP Android_DXTTargetPlatform
[2017.10.07-18.21.27:700][  0]LogTemp: Display: Loaded TP Android_ETC1TargetPlatform
[2017.10.07-18.21.27:743][  0]LogTemp: Display: Loaded TP Android_ETC2TargetPlatform
[2017.10.07-18.21.27:824][  0]LogTemp: Display: Loaded TP Android_MultiTargetPlatform
[2017.10.07-18.21.27:824][  0]LogTemp: Display: Loaded TP Android_PVRTCTargetPlatform
[2017.10.07-18.21.27:854][  0]LogTemp: Display: Loaded TP HTML5TargetPlatform
[2017.10.07-18.21.27:935][  0]LogTemp: Display: Loaded TP IOSTargetPlatform
[2017.10.07-18.21.27:958][  0]LogTemp: Display: Loaded TP TVOSTargetPlatform
[2017.10.07-18.21.28:004][  0]LogTemp: Display: Loaded TP LinuxClientTargetPlatform
[2017.10.07-18.21.28:042][  0]LogTemp: Display: Loaded TP LinuxNoEditorTargetPlatform
[2017.10.07-18.21.28:090][  0]LogTemp: Display: Loaded TP LinuxServerTargetPlatform
[2017.10.07-18.21.28:179][  0]LogTemp: Display: Loaded TP LinuxTargetPlatform
[2017.10.07-18.21.28:179][  0]LogTargetPlatformManager: Display: Building Assets For Windows
[2017.10.07-18.21.28:571][  0]LogDerivedDataCache: Display: Max Cache Size: 512 MB
[2017.10.07-18.21.29:466][  0]LogDerivedDataCache: Loaded boot cache 0.89s 93MB C:/Users/mack2/AppData/Local/UnrealEngine/4.17/DerivedDataCache/Boot.ddc.
[2017.10.07-18.21.29:466][  0]LogDerivedDataCache: Display: Loaded Boot cache: C:/Users/mack2/AppData/Local/UnrealEngine/4.17/DerivedDataCache/Boot.ddc
[2017.10.07-18.21.29:466][  0]LogDerivedDataCache: FDerivedDataBackendGraph:  Pak pak cache file C:/Users/mack2/OneDrive/UMBC/GameDev/ProjectMatter/Matter/DerivedDataCache/DDC.ddp not found, will not use a pak cache.
[2017.10.07-18.21.29:466][  0]LogDerivedDataCache: Unable to find inner node Pak for hierarchical cache Hierarchy.
[2017.10.07-18.21.29:466][  0]LogDerivedDataCache: FDerivedDataBackendGraph:  CompressedPak pak cache file C:/Users/mack2/OneDrive/UMBC/GameDev/ProjectMatter/Matter/DerivedDataCache/Compressed.ddp not found, will not use a pak cache.
[2017.10.07-18.21.29:466][  0]LogDerivedDataCache: Unable to find inner node CompressedPak for hierarchical cache Hierarchy.
[2017.10.07-18.21.29:485][  0]LogDerivedDataCache: Display: Pak cache opened for reading ../../../Engine/DerivedDataCache/Compressed.ddp.
[2017.10.07-18.21.29:500][  0]LogDerivedDataCache: Using Local data cache path C:/Users/mack2/AppData/Local/UnrealEngine/Common/DerivedDataCache: Writable
[2017.10.07-18.21.29:513][  0]LogMaterial: Verifying Global Shaders for PCD3D_SM5
[2017.10.07-18.21.29:513][  0]LogSlate: Using Freetype 2.6.0
[2017.10.07-18.21.29:583][  0]LogSlate: SlateFontCache - WITH_FREETYPE: 1, WITH_HARFBUZZ: 1
[2017.10.07-18.21.29:583][  0]LogSlate: SlateFontCache - WITH_FREETYPE: 1, WITH_HARFBUZZ: 1
[2017.10.07-18.21.31:177][  0]LogAssetRegistry: FAssetRegistry took 0.0266 seconds to start up
[2017.10.07-18.21.31:299][  0]LogInit: Selected Device Profile: [Windows]
[2017.10.07-18.21.33:655][  0]LogContentStreaming: Texture pool size is 0.00 MB
[2017.10.07-18.21.33:956][  0]LogSimplygon: Simplygon DLL not present - disabling.
[2017.10.07-18.21.33:995][  0]LogMeshReduction: Using SimplygonSwarm for distributed automatic mesh merging
[2017.10.07-18.21.33:995][  0]LogMeshReduction: Using QuadricMeshReduction for automatic static mesh reduction
[2017.10.07-18.21.33:995][  0]LogMeshReduction: No automatic skeletal mesh reduction module available
[2017.10.07-18.21.33:995][  0]LogMeshReduction: No automatic mesh merging module available
[2017.10.07-18.21.33:995][  0]LogMeshMerging: No automatic mesh merging module available
[2017.10.07-18.21.37:839][  0]LogNetVersion: Matter , NetCL: 3573198, EngineNetVer: 2, GameNetVer: 0 (Checksum: 980240421)
[2017.10.07-18.21.40:808][  0]LogPackageLocalizationCache: Processed 5 localized package path(s) for 2 prioritized culture(s) in 0.968556 seconds
[2017.10.07-18.21.40:820][  0]LogUObjectArray: 35825 objects as part of root set at end of initial load.
[2017.10.07-18.21.40:820][  0]LogUObjectAllocator: 7529112 out of 0 bytes used by permanent object pool.
[2017.10.07-18.21.40:820][  0]LogUObjectArray: CloseDisregardForGC: 0/0 objects in disregard for GC pool
[2017.10.07-18.21.40:870][  0]LogInit: WinSock: version 1.1 (2.2), MaxSocks=32767, MaxUdp=65467
[2017.10.07-18.21.57:828][  0]LogTcpMessaging: Initializing TcpMessaging bridge
[2017.10.07-18.21.57:863][  0]LogUdpMessaging: Initializing bridge on interface 0.0.0.0:0 to multicast group 230.0.0.1:6666.
[2017.10.07-18.21.58:691][  0]LogMaterial: Uniform references updated for custom material expression Custom.
[2017.10.07-18.21.59:162][  0]SourceControl: Source control is disabled
[2017.10.07-18.21.59:162][  0]SourceControl: Source control is disabled
[2017.10.07-18.21.59:199][  0]SourceControl: Source control is disabled
[2017.10.07-18.21.59:237][  0]SourceControl: Source control is disabled
[2017.10.07-18.21.59:852][  0]LogAndroidPermission: UAndroidPermissionCallbackProxy::GetInstance
[2017.10.07-18.22.00:052][  0]LogOcInput: OculusInput pre-init called
[2017.10.07-18.22.00:397][  0]LogEngine: Initializing Engine...
[2017.10.07-18.22.00:399][  0]LogHMD: Failed to initialize OpenVR with code 110
[2017.10.07-18.22.01:259][  0]LogStats: UGameplayTagsManager::ConstructGameplayTagTree: Construct from data asset -  0.000 s
[2017.10.07-18.22.01:260][  0]LogStats: UGameplayTagsManager::ConstructGameplayTagTree: GameplayTagTreeChangedEvent.Broadcast -  0.000 s
[2017.10.07-18.22.01:393][  0]LogAIModule: Creating AISystem for world Untitled
[2017.10.07-18.22.01:403][  0]LogInit: XAudio2 using 'Speakers (High Definition Audio Device)' : 2 channels at 44.1 kHz using 16 bits per sample (channel mask 0x3)
[2017.10.07-18.22.01:422][  0]LogInit: FAudioDevice initialized.
[2017.10.07-18.22.02:212][  0]LogDerivedDataCache: Saved boot cache 0.79s 93MB C:/Users/mack2/AppData/Local/UnrealEngine/4.17/DerivedDataCache/Boot.ddc.
[2017.10.07-18.22.02:240][  0]LogInit: Texture streaming: Enabled
[2017.10.07-18.22.02:341][  0]LogEngineSessionManager: EngineSessionManager initialized
[2017.10.07-18.22.02:622][  0]LogInit: Transaction tracking system initialized
[2017.10.07-18.22.02:900][  0]BlueprintLog: New page: Editor Load
[2017.10.07-18.22.03:883][  0]LocalizationService: Localization service is disabled
[2017.10.07-18.22.05:153][  0]LogConsoleResponse: Display: 
[2017.10.07-18.22.06:447][  0]LogFileCache: Scanning file cache for directory 'C:/Users/mack2/OneDrive/UMBC/GameDev/ProjectMatter/Matter/Content/' took 0.04s
[2017.10.07-18.22.06:447][  0]LogCook: Display: Max memory allowance for cook 16384mb min free memory 0mb
[2017.10.07-18.22.06:447][  0]LogCook: Display: Mobile HDR setting 1
[2017.10.07-18.22.06:447][  0]LogGameplayTags: Display: UGameplayTagsManager::DoneAddingNativeTags. DelegateIsBound: 0
[2017.10.07-18.22.07:987][  0]SourceControl: Source control is disabled
[2017.10.07-18.22.08:136][  0]LogWindowsTextInputMethodSystem: Display: IME system now deactivated.
[2017.10.07-18.22.08:138][  0]LogSlate: Took 0.000354 seconds to synchronously load lazily loaded font '../../../Engine/Content/Slate/Fonts/Roboto-Regular.ttf' (155K)
[2017.10.07-18.22.12:119][  0]LogWindowsTextInputMethodSystem: Display: IME system now deactivated.
[2017.10.07-18.22.12:121][  0]LogWindowsTextInputMethodSystem: Display: IME system now deactivated.
[2017.10.07-18.22.12:139][  0]Cmd: MAP LOAD FILE="C:/Users/mack2/OneDrive/UMBC/GameDev/ProjectMatter/Matter/Content/ThirdPersonBP/Maps/ThirdPersonExampleMap.umap" TEMPLATE=0 SHOWPROGRESS=1 FEATURELEVEL=3
[2017.10.07-18.22.12:140][  0]LightingResults: New page: Lighting Build
[2017.10.07-18.22.12:277][  0]MapCheck: New page: Map Check
[2017.10.07-18.22.12:277][  0]LightingResults: New page: Lighting Build
[2017.10.07-18.22.17:868][  0]LogTexture: Display: Building textures: HQ_Lightmap0_4 (AutoDXT, 64X64)
[2017.10.07-18.22.17:868][  0]LogTexture: Display: Building textures: HQ_Lightmap1_1 (AutoDXT, 1024X1024)
[2017.10.07-18.22.19:055][  0]LogTexture: Display: Building textures: HQ_Lightmap1_2 (AutoDXT, 1024X1024)
[2017.10.07-18.22.20:102][  0]LogTexture: Display: Building textures: HQ_Lightmap1_3 (AutoDXT, 512X512)
[2017.10.07-18.22.20:102][  0]LogTexture: Display: Building textures: LQ_Lightmap_0_4 (DXT1, 64X64)
[2017.10.07-18.22.20:103][  0]LogTexture: Display: Building textures: LQ_Lightmap_1_1 (DXT1, 1024X1024)
[2017.10.07-18.22.20:103][  0]LogTexture: Display: Building textures: LQ_Lightmap_1_2 (DXT1, 1024X1024)
[2017.10.07-18.22.21:344][  0]LogTexture: Display: Building textures: LQ_Lightmap_1_3 (DXT1, 512X512)
[2017.10.07-18.22.21:344][  0]LogTexture: Display: Building textures: SkyOcclusion0_4 (AutoDXT, 64X32)
[2017.10.07-18.22.21:344][  0]LogTexture: Display: Building textures: SkyOcclusion1_1 (AutoDXT, 1024X512)
[2017.10.07-18.22.21:344][  0]LogTexture: Display: Building textures: SkyOcclusion1_3 (AutoDXT, 512X256)
[2017.10.07-18.22.21:344][  0]LogTexture: Display: Building textures: SkyOcclusion1_2 (AutoDXT, 1024X512)
[2017.10.07-18.22.22:442][  0]LogAIModule: Creating AISystem for world ThirdPersonExampleMap
[2017.10.07-18.22.22:654][  0]LogMaterial: Warning: Material /Game/StarterContent/Materials/M_Water_Ocean.M_Water_Ocean needed to have new flag set bUsedWithSkeletalMesh !
[2017.10.07-18.22.22:710][  0]LogMaterial: Missing cached shader map for material M_Water_Ocean, compiling. 
[2017.10.07-18.22.22:896][  0]MapCheck: Warning: M_Water_Ocean Material /Game/StarterContent/Materials/M_Water_Ocean.M_Water_Ocean was missing the usage flag bUsedWithSkeletalMesh. If the material asset is not re-saved, it may not render correctly when run outside the editor. Fix
[2017.10.07-18.22.22:942][  0]LogEditorServer: Finished looking for orphan Actors (0.000 secs)
[2017.10.07-18.22.23:014][  0]Cmd: MAP CHECKDEP NOCLEARLOG
[2017.10.07-18.22.23:123][  0]MapCheck: Map check complete: 0 Error(s), 1 Warning(s), took 109.372ms to complete.
[2017.10.07-18.22.23:126][  0]LogFileHelpers: Loading map 'ThirdPersonExampleMap' took 10.987
[2017.10.07-18.22.24:762][  0]LogStats: Warning: MetaData mismatch. Did you assign a stat to two groups? New //STATGROUP_Threads//SplashScreenThread///Thread_2768_0///####STATCAT_Advanced#### old //STATGROUP_Threads//SplashScreenThread///Thread_256c_0///####STATCAT_Advanced####
[2017.10.07-18.22.24:762][  0]LogCollectionManager: Loaded 0 collections in 0.015847 seconds
[2017.10.07-18.22.25:404][  0]LogFileCache: Scanning file cache for directory 'C:/Users/mack2/OneDrive/UMBC/GameDev/ProjectMatter/Matter/Saved/Collections/' took 0.01s
[2017.10.07-18.22.25:404][  0]LogFileCache: Scanning file cache for directory 'C:/Users/mack2/OneDrive/UMBC/GameDev/ProjectMatter/Matter/Content/Developers/mack2/Collections/' took 0.01s
[2017.10.07-18.22.25:404][  0]LogFileCache: Scanning file cache for directory 'C:/Users/mack2/OneDrive/UMBC/GameDev/ProjectMatter/Matter/Content/Collections/' took 0.01s
[2017.10.07-18.22.25:404][  0]LogCollectionManager: Rebuilt the GUID cache for 0 collections in 0.000000 seconds
[2017.10.07-18.22.25:433][  0]LogContentBrowser: Native class hierarchy populated in 0.0282 seconds. Added 2386 classes and 500 folders.
[2017.10.07-18.22.25:872][  0]LogContentBrowser: Native class hierarchy updated for 'WidgetCarousel' in 0.0010 seconds. Added 0 classes and 0 folders.
[2017.10.07-18.22.30:991][  0]LogContentBrowser: Native class hierarchy updated for 'AddContentDialog' in 0.0011 seconds. Added 0 classes and 0 folders.
[2017.10.07-18.22.31:117][  0]LogContentBrowser: Native class hierarchy updated for 'SceneOutliner' in 0.0011 seconds. Added 1 classes and 2 folders.
[2017.10.07-18.22.31:256][  0]LogSlate: Took 0.000252 seconds to synchronously load lazily loaded font '../../../Engine/Content/Slate/Fonts/Roboto-Bold.ttf' (160K)
[2017.10.07-18.22.31:443][  0]LogSlate: Took 0.176441 seconds to synchronously load lazily loaded font '../../../Engine/Content/Editor/Slate/Fonts/FontAwesome.ttf' (139K)
[2017.10.07-18.22.32:205][  0]LogRenderer: Reallocating scene render targets to support 972x436 Format 10 NumSamples 1 (Frame:1).
[2017.10.07-18.22.32:948][  0]LogSlate: Took 0.149394 seconds to synchronously load lazily loaded font '../../../Engine/Content/Slate/Fonts/Roboto-Light.ttf' (159K)
[2017.10.07-18.22.33:735][  0]LogContentBrowser: Native class hierarchy updated for 'HierarchicalLODOutliner' in 0.0011 seconds. Added 1 classes and 2 folders.
[2017.10.07-18.22.33:735][  0]LogLoad: (Engine Initialization) Total time: 74.05 seconds
[2017.10.07-18.22.33:735][  0]LogLoad: (Engine Initialization) Total Blueprint compile time: 0.00 seconds
[2017.10.07-18.22.33:736][  0]LogExternalProfiler: Found external profiler: VSPerf
[2017.10.07-18.22.33:736][  0]LogExternalProfiler: Using external profiler: VSPerf
[2017.10.07-18.22.33:798][  0]LogContentStreaming: Texture pool size now 1000 MB
[2017.10.07-18.22.34:085][  2]LogAssetRegistry: Asset discovery search completed in 62.9306 seconds
[2017.10.07-18.22.34:089][  2]LogCollectionManager: Rebuilt the object cache for 0 collections in 0.000001 seconds (found 0 objects)
[2017.10.07-18.22.34:089][  2]LogCollectionManager: Fixed up redirectors for 0 collections in 0.000101 seconds (updated 0 objects)
[2017.10.07-18.22.49:361][919]LogTemp: Repeating last play command: Selected Viewport
[2017.10.07-18.22.49:842][919]LogBlueprintUserMessages: Early PlayInEditor Detection: Level '/Game/ThirdPersonBP/Maps/ThirdPersonExampleMap.ThirdPersonExampleMap:PersistentLevel' has LevelScriptBlueprint '/Game/ThirdPersonBP/Maps/ThirdPersonExampleMap.ThirdPersonExampleMap:PersistentLevel.ThirdPersonExampleMap' with GeneratedClass '/Game/ThirdPersonBP/Maps/ThirdPersonExampleMap.ThirdPersonExampleMap_C' with ClassGeneratedBy '/Game/ThirdPersonBP/Maps/ThirdPersonExampleMap.ThirdPersonExampleMap:PersistentLevel.ThirdPersonExampleMap'
[2017.10.07-18.22.49:843][919]LogPlayLevel: PlayLevel: No blueprints needed recompiling
[2017.10.07-18.22.50:091][919]PIE: New page: PIE session: ThirdPersonExampleMap (Oct 7, 2017, 10:22:49 AM)
[2017.10.07-18.22.50:091][919]LogPlayLevel: Creating play world package: /Game/ThirdPersonBP/Maps/UEDPIE_0_ThirdPersonExampleMap
[2017.10.07-18.22.50:199][919]LogPlayLevel: PIE: StaticDuplicateObject took: (0.108657s)
[2017.10.07-18.22.50:200][919]LogAIModule: Creating AISystem for world ThirdPersonExampleMap
[2017.10.07-18.22.50:201][919]LogPlayLevel: PIE: World Init took: (0.001111s)
[2017.10.07-18.22.50:220][919]LogPlayLevel: PIE: Created PIE world by copying editor world from /Game/ThirdPersonBP/Maps/ThirdPersonExampleMap.ThirdPersonExampleMap to /Game/ThirdPersonBP/Maps/UEDPIE_0_ThirdPersonExampleMap.ThirdPersonExampleMap (0.128974s)
[2017.10.07-18.22.50:242][919]LogInit: XAudio2 using 'Speakers (High Definition Audio Device)' : 2 channels at 44.1 kHz using 16 bits per sample (channel mask 0x3)
[2017.10.07-18.22.50:249][919]LogInit: FAudioDevice initialized.
[2017.10.07-18.22.50:343][919]LogLoad: Game class is 'ThirdPersonGameMode_C'
[2017.10.07-18.22.50:383][919]LogWorld: Bringing World /Game/ThirdPersonBP/Maps/UEDPIE_0_ThirdPersonExampleMap.ThirdPersonExampleMap up for play (max tick rate 0) at 2017.10.07-14.22.50
[2017.10.07-18.22.50:435][919]LogWorld: Bringing up level for play took: 0.059146
[2017.10.07-18.22.50:490][919]LogContentBrowser: Native class hierarchy updated for 'MovieSceneCapture' in 0.0008 seconds. Added 11 classes and 0 folders.
[2017.10.07-18.22.50:490][919]PIE: Play in editor start time for /Game/ThirdPersonBP/Maps/UEDPIE_0_ThirdPersonExampleMap 0.338
[2017.10.07-18.22.50:491][919]LogBlueprintUserMessages: Late PlayInEditor Detection: Level '/Game/ThirdPersonBP/Maps/ThirdPersonExampleMap.ThirdPersonExampleMap:PersistentLevel' has LevelScriptBlueprint '/Game/ThirdPersonBP/Maps/ThirdPersonExampleMap.ThirdPersonExampleMap:PersistentLevel.ThirdPersonExampleMap' with GeneratedClass '/Game/ThirdPersonBP/Maps/ThirdPersonExampleMap.ThirdPersonExampleMap_C' with ClassGeneratedBy '/Game/ThirdPersonBP/Maps/ThirdPersonExampleMap.ThirdPersonExampleMap:PersistentLevel.ThirdPersonExampleMap'
[2017.10.07-18.23.12:923][642]LogBlueprintUserMessages: Early EndPlayMap Detection: Level '/Game/ThirdPersonBP/Maps/ThirdPersonExampleMap.ThirdPersonExampleMap:PersistentLevel' has LevelScriptBlueprint '/Game/ThirdPersonBP/Maps/ThirdPersonExampleMap.ThirdPersonExampleMap:PersistentLevel.ThirdPersonExampleMap' with GeneratedClass '/Game/ThirdPersonBP/Maps/ThirdPersonExampleMap.ThirdPersonExampleMap_C' with ClassGeneratedBy '/Game/ThirdPersonBP/Maps/ThirdPersonExampleMap.ThirdPersonExampleMap:PersistentLevel.ThirdPersonExampleMap'
[2017.10.07-18.23.12:960][642]LogBlueprintUserMessages: Late EndPlayMap Detection: Level '/Game/ThirdPersonBP/Maps/ThirdPersonExampleMap.ThirdPersonExampleMap:PersistentLevel' has LevelScriptBlueprint '/Game/ThirdPersonBP/Maps/ThirdPersonExampleMap.ThirdPersonExampleMap:PersistentLevel.ThirdPersonExampleMap' with GeneratedClass '/Game/ThirdPersonBP/Maps/ThirdPersonExampleMap.ThirdPersonExampleMap_C' with ClassGeneratedBy '/Game/ThirdPersonBP/Maps/ThirdPersonExampleMap.ThirdPersonExampleMap:PersistentLevel.ThirdPersonExampleMap'
[2017.10.07-18.23.21:531][316]LogEditorViewport: Clicking on Actor (LMB): StaticMeshActor (Cube37)
[2017.10.07-18.23.32:871][181]LogEditorViewport: Clicking on Actor (LMB): TriggerBox (TriggerBox)
[2017.10.07-18.23.37:910][540]LogEditorViewport: Clicking on Actor (LMB): StaticMeshActor (Cylinder5)
[2017.10.07-18.23.43:176][964]LogEditorViewport: Clicking on Actor (LMB): MatineeActor (MatineeActor2)
[2017.10.07-18.23.50:523][506]LogEditorViewport: Clicking on Actor (LMB): TriggerBox (TriggerBox)
[2017.10.07-18.23.54:039][797]LogEditorViewport: Clicking on Actor (LMB): StaticMeshActor (Cylinder5)
[2017.10.07-18.24.05:989][759]LogTemp: Repeating last play command: Selected Viewport
[2017.10.07-18.24.06:016][759]LogBlueprintUserMessages: Early PlayInEditor Detection: Level '/Game/ThirdPersonBP/Maps/ThirdPersonExampleMap.ThirdPersonExampleMap:PersistentLevel' has LevelScriptBlueprint '/Game/ThirdPersonBP/Maps/ThirdPersonExampleMap.ThirdPersonExampleMap:PersistentLevel.ThirdPersonExampleMap' with GeneratedClass '/Game/ThirdPersonBP/Maps/ThirdPersonExampleMap.ThirdPersonExampleMap_C' with ClassGeneratedBy '/Game/ThirdPersonBP/Maps/ThirdPersonExampleMap.ThirdPersonExampleMap:PersistentLevel.ThirdPersonExampleMap'
[2017.10.07-18.24.06:016][759]LogPlayLevel: PlayLevel: No blueprints needed recompiling
[2017.10.07-18.24.06:017][759]PIE: New page: PIE session: ThirdPersonExampleMap (Oct 7, 2017, 10:24:06 AM)
[2017.10.07-18.24.06:017][759]LogPlayLevel: Creating play world package: /Game/ThirdPersonBP/Maps/UEDPIE_0_ThirdPersonExampleMap
[2017.10.07-18.24.06:192][759]LogPlayLevel: PIE: StaticDuplicateObject took: (0.175329s)
[2017.10.07-18.24.06:193][759]LogAIModule: Creating AISystem for world ThirdPersonExampleMap
[2017.10.07-18.24.06:193][759]LogPlayLevel: PIE: World Init took: (0.001236s)
[2017.10.07-18.24.06:194][759]LogPlayLevel: PIE: Created PIE world by copying editor world from /Game/ThirdPersonBP/Maps/ThirdPersonExampleMap.ThirdPersonExampleMap to /Game/ThirdPersonBP/Maps/UEDPIE_0_ThirdPersonExampleMap.ThirdPersonExampleMap (0.177041s)
[2017.10.07-18.24.06:251][759]LogInit: XAudio2 using 'Speakers (High Definition Audio Device)' : 2 channels at 44.1 kHz using 16 bits per sample (channel mask 0x3)
[2017.10.07-18.24.06:259][759]LogInit: FAudioDevice initialized.
[2017.10.07-18.24.06:370][759]LogLoad: Game class is 'ThirdPersonGameMode_C'
[2017.10.07-18.24.06:391][759]LogWorld: Bringing World /Game/ThirdPersonBP/Maps/UEDPIE_0_ThirdPersonExampleMap.ThirdPersonExampleMap up for play (max tick rate 0) at 2017.10.07-14.24.06
[2017.10.07-18.24.06:395][759]LogWorld: Bringing up level for play took: 0.023645
[2017.10.07-18.24.06:398][759]PIE: Play in editor start time for /Game/ThirdPersonBP/Maps/UEDPIE_0_ThirdPersonExampleMap 0.245
[2017.10.07-18.24.06:398][759]LogBlueprintUserMessages: Late PlayInEditor Detection: Level '/Game/ThirdPersonBP/Maps/ThirdPersonExampleMap.ThirdPersonExampleMap:PersistentLevel' has LevelScriptBlueprint '/Game/ThirdPersonBP/Maps/ThirdPersonExampleMap.ThirdPersonExampleMap:PersistentLevel.ThirdPersonExampleMap' with GeneratedClass '/Game/ThirdPersonBP/Maps/ThirdPersonExampleMap.ThirdPersonExampleMap_C' with ClassGeneratedBy '/Game/ThirdPersonBP/Maps/ThirdPersonExampleMap.ThirdPersonExampleMap:PersistentLevel.ThirdPersonExampleMap'
[2017.10.07-18.24.15:661][533]LogBlueprintUserMessages: Early EndPlayMap Detection: Level '/Game/ThirdPersonBP/Maps/ThirdPersonExampleMap.ThirdPersonExampleMap:PersistentLevel' has LevelScriptBlueprint '/Game/ThirdPersonBP/Maps/ThirdPersonExampleMap.ThirdPersonExampleMap:PersistentLevel.ThirdPersonExampleMap' with GeneratedClass '/Game/ThirdPersonBP/Maps/ThirdPersonExampleMap.ThirdPersonExampleMap_C' with ClassGeneratedBy '/Game/ThirdPersonBP/Maps/ThirdPersonExampleMap.ThirdPersonExampleMap:PersistentLevel.ThirdPersonExampleMap'
[2017.10.07-18.24.15:701][533]LogBlueprintUserMessages: Late EndPlayMap Detection: Level '/Game/ThirdPersonBP/Maps/ThirdPersonExampleMap.ThirdPersonExampleMap:PersistentLevel' has LevelScriptBlueprint '/Game/ThirdPersonBP/Maps/ThirdPersonExampleMap.ThirdPersonExampleMap:PersistentLevel.ThirdPersonExampleMap' with GeneratedClass '/Game/ThirdPersonBP/Maps/ThirdPersonExampleMap.ThirdPersonExampleMap_C' with ClassGeneratedBy '/Game/ThirdPersonBP/Maps/ThirdPersonExampleMap.ThirdPersonExampleMap:PersistentLevel.ThirdPersonExampleMap'
[2017.10.07-18.24.17:903][697]LogEditorViewport: Clicking on Actor (LMB): TriggerBox (TriggerBox)
[2017.10.07-18.24.19:538][830]LogEditorViewport: Clicking on Actor (LMB): StaticMeshActor (Cylinder5)
[2017.10.07-18.24.22:053][ 43]LogEditorViewport: Clicking on Actor (LMB): StaticMeshActor (Cube37)
[2017.10.07-18.24.25:271][317]LogEditorViewport: Clicking on Actor (LMB): StaticMeshActor (Cube37)
[2017.10.07-18.24.25:792][361]LogEditorViewport: Clicking on Actor (LMB): TriggerBox (TriggerBox)
[2017.10.07-18.24.29:198][640]LogEditorViewport: Clicking on Actor (context menu): StaticMeshActor (Cube37)
[2017.10.07-18.24.34:974][788]LogEditorViewport: Clicking on Actor (LMB): StaticMeshActor (Cube37)
[2017.10.07-18.24.41:260][ 90]LogTemp: Repeating last play command: Selected Viewport
[2017.10.07-18.24.41:285][ 90]LogBlueprintUserMessages: Early PlayInEditor Detection: Level '/Game/ThirdPersonBP/Maps/ThirdPersonExampleMap.ThirdPersonExampleMap:PersistentLevel' has LevelScriptBlueprint '/Game/ThirdPersonBP/Maps/ThirdPersonExampleMap.ThirdPersonExampleMap:PersistentLevel.ThirdPersonExampleMap' with GeneratedClass '/Game/ThirdPersonBP/Maps/ThirdPersonExampleMap.ThirdPersonExampleMap_C' with ClassGeneratedBy '/Game/ThirdPersonBP/Maps/ThirdPersonExampleMap.ThirdPersonExampleMap:PersistentLevel.ThirdPersonExampleMap'
[2017.10.07-18.24.41:285][ 90]LogPlayLevel: PlayLevel: No blueprints needed recompiling
[2017.10.07-18.24.41:285][ 90]PIE: New page: PIE session: ThirdPersonExampleMap (Oct 7, 2017, 10:24:41 AM)
[2017.10.07-18.24.41:285][ 90]LogPlayLevel: Creating play world package: /Game/ThirdPersonBP/Maps/UEDPIE_0_ThirdPersonExampleMap
[2017.10.07-18.24.41:322][ 90]LogPlayLevel: PIE: StaticDuplicateObject took: (0.036451s)
[2017.10.07-18.24.41:323][ 90]LogAIModule: Creating AISystem for world ThirdPersonExampleMap
[2017.10.07-18.24.41:323][ 90]LogPlayLevel: PIE: World Init took: (0.001532s)
[2017.10.07-18.24.41:324][ 90]LogPlayLevel: PIE: Created PIE world by copying editor world from /Game/ThirdPersonBP/Maps/ThirdPersonExampleMap.ThirdPersonExampleMap to /Game/ThirdPersonBP/Maps/UEDPIE_0_ThirdPersonExampleMap.ThirdPersonExampleMap (0.038580s)
[2017.10.07-18.24.41:353][ 90]LogInit: XAudio2 using 'Speakers (High Definition Audio Device)' : 2 channels at 44.1 kHz using 16 bits per sample (channel mask 0x3)
[2017.10.07-18.24.41:362][ 90]LogInit: FAudioDevice initialized.
[2017.10.07-18.24.41:396][ 90]LogLoad: Game class is 'ThirdPersonGameMode_C'
[2017.10.07-18.24.41:405][ 90]LogWorld: Bringing World /Game/ThirdPersonBP/Maps/UEDPIE_0_ThirdPersonExampleMap.ThirdPersonExampleMap up for play (max tick rate 0) at 2017.10.07-14.24.41
[2017.10.07-18.24.41:407][ 90]LogWorld: Bringing up level for play took: 0.010951
[2017.10.07-18.24.41:408][ 90]PIE: Play in editor start time for /Game/ThirdPersonBP/Maps/UEDPIE_0_ThirdPersonExampleMap -0.744
[2017.10.07-18.24.41:409][ 90]LogBlueprintUserMessages: Late PlayInEditor Detection: Level '/Game/ThirdPersonBP/Maps/ThirdPersonExampleMap.ThirdPersonExampleMap:PersistentLevel' has LevelScriptBlueprint '/Game/ThirdPersonBP/Maps/ThirdPersonExampleMap.ThirdPersonExampleMap:PersistentLevel.ThirdPersonExampleMap' with GeneratedClass '/Game/ThirdPersonBP/Maps/ThirdPersonExampleMap.ThirdPersonExampleMap_C' with ClassGeneratedBy '/Game/ThirdPersonBP/Maps/ThirdPersonExampleMap.ThirdPersonExampleMap:PersistentLevel.ThirdPersonExampleMap'
[2017.10.07-18.24.54:093][137]LogBlueprintUserMessages: Early EndPlayMap Detection: Level '/Game/ThirdPersonBP/Maps/ThirdPersonExampleMap.ThirdPersonExampleMap:PersistentLevel' has LevelScriptBlueprint '/Game/ThirdPersonBP/Maps/ThirdPersonExampleMap.ThirdPersonExampleMap:PersistentLevel.ThirdPersonExampleMap' with GeneratedClass '/Game/ThirdPersonBP/Maps/ThirdPersonExampleMap.ThirdPersonExampleMap_C' with ClassGeneratedBy '/Game/ThirdPersonBP/Maps/ThirdPersonExampleMap.ThirdPersonExampleMap:PersistentLevel.ThirdPersonExampleMap'
[2017.10.07-18.24.54:141][137]LogBlueprintUserMessages: Late EndPlayMap Detection: Level '/Game/ThirdPersonBP/Maps/ThirdPersonExampleMap.ThirdPersonExampleMap:PersistentLevel' has LevelScriptBlueprint '/Game/ThirdPersonBP/Maps/ThirdPersonExampleMap.ThirdPersonExampleMap:PersistentLevel.ThirdPersonExampleMap' with GeneratedClass '/Game/ThirdPersonBP/Maps/ThirdPersonExampleMap.ThirdPersonExampleMap_C' with ClassGeneratedBy '/Game/ThirdPersonBP/Maps/ThirdPersonExampleMap.ThirdPersonExampleMap:PersistentLevel.ThirdPersonExampleMap'
[2017.10.07-18.26.33:134][510]LogTemp: Repeating last play command: Selected Viewport
[2017.10.07-18.26.33:157][510]LogBlueprintUserMessages: Early PlayInEditor Detection: Level '/Game/ThirdPersonBP/Maps/ThirdPersonExampleMap.ThirdPersonExampleMap:PersistentLevel' has LevelScriptBlueprint '/Game/ThirdPersonBP/Maps/ThirdPersonExampleMap.ThirdPersonExampleMap:PersistentLevel.ThirdPersonExampleMap' with GeneratedClass '/Game/ThirdPersonBP/Maps/ThirdPersonExampleMap.ThirdPersonExampleMap_C' with ClassGeneratedBy '/Game/ThirdPersonBP/Maps/ThirdPersonExampleMap.ThirdPersonExampleMap:PersistentLevel.ThirdPersonExampleMap'
[2017.10.07-18.26.33:157][510]LogPlayLevel: PlayLevel: No blueprints needed recompiling
[2017.10.07-18.26.33:158][510]PIE: New page: PIE session: ThirdPersonExampleMap (Oct 7, 2017, 10:26:33 AM)
[2017.10.07-18.26.33:158][510]LogPlayLevel: Creating play world package: /Game/ThirdPersonBP/Maps/UEDPIE_0_ThirdPersonExampleMap
[2017.10.07-18.26.33:200][510]LogPlayLevel: PIE: StaticDuplicateObject took: (0.042184s)
[2017.10.07-18.26.33:202][510]LogAIModule: Creating AISystem for world ThirdPersonExampleMap
[2017.10.07-18.26.33:202][510]LogPlayLevel: PIE: World Init took: (0.001920s)
[2017.10.07-18.26.33:202][510]LogPlayLevel: PIE: Created PIE world by copying editor world from /Game/ThirdPersonBP/Maps/ThirdPersonExampleMap.ThirdPersonExampleMap to /Game/ThirdPersonBP/Maps/UEDPIE_0_ThirdPersonExampleMap.ThirdPersonExampleMap (0.044709s)
[2017.10.07-18.26.33:236][510]LogInit: XAudio2 using 'Speakers (High Definition Audio Device)' : 2 channels at 44.1 kHz using 16 bits per sample (channel mask 0x3)
[2017.10.07-18.26.33:243][510]LogInit: FAudioDevice initialized.
[2017.10.07-18.26.33:276][510]LogLoad: Game class is 'ThirdPersonGameMode_C'
[2017.10.07-18.26.33:285][510]LogWorld: Bringing World /Game/ThirdPersonBP/Maps/UEDPIE_0_ThirdPersonExampleMap.ThirdPersonExampleMap up for play (max tick rate 0) at 2017.10.07-14.26.33
[2017.10.07-18.26.33:287][510]LogWorld: Bringing up level for play took: 0.010991
[2017.10.07-18.26.33:289][510]PIE: Play in editor start time for /Game/ThirdPersonBP/Maps/UEDPIE_0_ThirdPersonExampleMap -0.863
[2017.10.07-18.26.33:290][510]LogBlueprintUserMessages: Late PlayInEditor Detection: Level '/Game/ThirdPersonBP/Maps/ThirdPersonExampleMap.ThirdPersonExampleMap:PersistentLevel' has LevelScriptBlueprint '/Game/ThirdPersonBP/Maps/ThirdPersonExampleMap.ThirdPersonExampleMap:PersistentLevel.ThirdPersonExampleMap' with GeneratedClass '/Game/ThirdPersonBP/Maps/ThirdPersonExampleMap.ThirdPersonExampleMap_C' with ClassGeneratedBy '/Game/ThirdPersonBP/Maps/ThirdPersonExampleMap.ThirdPersonExampleMap:PersistentLevel.ThirdPersonExampleMap'
[2017.10.07-18.26.48:871][612]LogCharacterMovement: ThirdPersonCharacter_167 is stuck and failed to move! Velocity: X=-81.88 Y=-380.62 Z=0.00 Location: X=1099.76 Y=1028.67 Z=449.17 Normal: X=0.00 Y=0.71 Z=0.70 PenetrationDepth:0.000 Actor:Cylinder5_5 Component:StaticMeshComponent0 BoneName:None (0 other events since notify)
[2017.10.07-18.26.50:630][756]LogBlueprintUserMessages: Early EndPlayMap Detection: Level '/Game/ThirdPersonBP/Maps/ThirdPersonExampleMap.ThirdPersonExampleMap:PersistentLevel' has LevelScriptBlueprint '/Game/ThirdPersonBP/Maps/ThirdPersonExampleMap.ThirdPersonExampleMap:PersistentLevel.ThirdPersonExampleMap' with GeneratedClass '/Game/ThirdPersonBP/Maps/ThirdPersonExampleMap.ThirdPersonExampleMap_C' with ClassGeneratedBy '/Game/ThirdPersonBP/Maps/ThirdPersonExampleMap.ThirdPersonExampleMap:PersistentLevel.ThirdPersonExampleMap'
[2017.10.07-18.26.50:673][756]LogBlueprintUserMessages: Late EndPlayMap Detection: Level '/Game/ThirdPersonBP/Maps/ThirdPersonExampleMap.ThirdPersonExampleMap:PersistentLevel' has LevelScriptBlueprint '/Game/ThirdPersonBP/Maps/ThirdPersonExampleMap.ThirdPersonExampleMap:PersistentLevel.ThirdPersonExampleMap' with GeneratedClass '/Game/ThirdPersonBP/Maps/ThirdPersonExampleMap.ThirdPersonExampleMap_C' with ClassGeneratedBy '/Game/ThirdPersonBP/Maps/ThirdPersonExampleMap.ThirdPersonExampleMap:PersistentLevel.ThirdPersonExampleMap'
[2017.10.07-18.26.52:441][912]LogEditorViewport: Clicking on Actor (LMB): StaticMeshActor (Cylinder5)
[2017.10.07-18.26.56:006][217]LogEditorViewport: Clicking on Actor (LMB): StaticMeshActor (Cube37)
[2017.10.07-18.26.56:757][281]LogEditorViewport: Clicking on Actor (LMB): TriggerBox (TriggerBox)
[2017.10.07-18.27.03:292][826]LogTemp: Repeating last play command: Selected Viewport
[2017.10.07-18.27.03:315][826]LogBlueprintUserMessages: Early PlayInEditor Detection: Level '/Game/ThirdPersonBP/Maps/ThirdPersonExampleMap.ThirdPersonExampleMap:PersistentLevel' has LevelScriptBlueprint '/Game/ThirdPersonBP/Maps/ThirdPersonExampleMap.ThirdPersonExampleMap:PersistentLevel.ThirdPersonExampleMap' with GeneratedClass '/Game/ThirdPersonBP/Maps/ThirdPersonExampleMap.ThirdPersonExampleMap_C' with ClassGeneratedBy '/Game/ThirdPersonBP/Maps/ThirdPersonExampleMap.ThirdPersonExampleMap:PersistentLevel.ThirdPersonExampleMap'
[2017.10.07-18.27.03:315][826]LogPlayLevel: PlayLevel: No blueprints needed recompiling
[2017.10.07-18.27.03:315][826]PIE: New page: PIE session: ThirdPersonExampleMap (Oct 7, 2017, 10:27:03 AM)
[2017.10.07-18.27.03:315][826]LogPlayLevel: Creating play world package: /Game/ThirdPersonBP/Maps/UEDPIE_0_ThirdPersonExampleMap
[2017.10.07-18.27.03:345][826]LogPlayLevel: PIE: StaticDuplicateObject took: (0.030243s)
[2017.10.07-18.27.03:347][826]LogAIModule: Creating AISystem for world ThirdPersonExampleMap
[2017.10.07-18.27.03:347][826]LogPlayLevel: PIE: World Init took: (0.001761s)
[2017.10.07-18.27.03:347][826]LogPlayLevel: PIE: Created PIE world by copying editor world from /Game/ThirdPersonBP/Maps/ThirdPersonExampleMap.ThirdPersonExampleMap to /Game/ThirdPersonBP/Maps/UEDPIE_0_ThirdPersonExampleMap.ThirdPersonExampleMap (0.032481s)
[2017.10.07-18.27.03:376][826]LogInit: XAudio2 using 'Speakers (High Definition Audio Device)' : 2 channels at 44.1 kHz using 16 bits per sample (channel mask 0x3)
[2017.10.07-18.27.03:385][826]LogInit: FAudioDevice initialized.
[2017.10.07-18.27.03:420][826]LogLoad: Game class is 'ThirdPersonGameMode_C'
[2017.10.07-18.27.03:429][826]LogWorld: Bringing World /Game/ThirdPersonBP/Maps/UEDPIE_0_ThirdPersonExampleMap.ThirdPersonExampleMap up for play (max tick rate 0) at 2017.10.07-14.27.03
[2017.10.07-18.27.03:431][826]LogWorld: Bringing up level for play took: 0.010702
[2017.10.07-18.27.03:433][826]PIE: Play in editor start time for /Game/ThirdPersonBP/Maps/UEDPIE_0_ThirdPersonExampleMap -0.72
[2017.10.07-18.27.03:433][826]LogBlueprintUserMessages: Late PlayInEditor Detection: Level '/Game/ThirdPersonBP/Maps/ThirdPersonExampleMap.ThirdPersonExampleMap:PersistentLevel' has LevelScriptBlueprint '/Game/ThirdPersonBP/Maps/ThirdPersonExampleMap.ThirdPersonExampleMap:PersistentLevel.ThirdPersonExampleMap' with GeneratedClass '/Game/ThirdPersonBP/Maps/ThirdPersonExampleMap.ThirdPersonExampleMap_C' with ClassGeneratedBy '/Game/ThirdPersonBP/Maps/ThirdPersonExampleMap.ThirdPersonExampleMap:PersistentLevel.ThirdPersonExampleMap'
[2017.10.07-18.27.20:031][147]LogBlueprintUserMessages: Early EndPlayMap Detection: Level '/Game/ThirdPersonBP/Maps/ThirdPersonExampleMap.ThirdPersonExampleMap:PersistentLevel' has LevelScriptBlueprint '/Game/ThirdPersonBP/Maps/ThirdPersonExampleMap.ThirdPersonExampleMap:PersistentLevel.ThirdPersonExampleMap' with GeneratedClass '/Game/ThirdPersonBP/Maps/ThirdPersonExampleMap.ThirdPersonExampleMap_C' with ClassGeneratedBy '/Game/ThirdPersonBP/Maps/ThirdPersonExampleMap.ThirdPersonExampleMap:PersistentLevel.ThirdPersonExampleMap'
[2017.10.07-18.27.20:071][147]LogBlueprintUserMessages: Late EndPlayMap Detection: Level '/Game/ThirdPersonBP/Maps/ThirdPersonExampleMap.ThirdPersonExampleMap:PersistentLevel' has LevelScriptBlueprint '/Game/ThirdPersonBP/Maps/ThirdPersonExampleMap.ThirdPersonExampleMap:PersistentLevel.ThirdPersonExampleMap' with GeneratedClass '/Game/ThirdPersonBP/Maps/ThirdPersonExampleMap.ThirdPersonExampleMap_C' with ClassGeneratedBy '/Game/ThirdPersonBP/Maps/ThirdPersonExampleMap.ThirdPersonExampleMap:PersistentLevel.ThirdPersonExampleMap'
[2017.10.07-18.32.50:957][843]MapCheck: New page: Map Check
[2017.10.07-18.32.50:968][843]Cmd: MAP REBUILD ALLVISIBLE
[2017.10.07-18.32.50:969][843]LogEditorServer: Rebuildmap Clear paths rebuilt
[2017.10.07-18.32.51:523][843]LogMaterial: Missing cached shader map for material FDebugViewModeMaterialProxy WorldGridMaterial, compiling. Is special engine material.
[2017.10.07-18.32.51:529][843]LogMaterial: Missing cached shader map for material FDebugViewModeMaterialProxy MaterialInstanceDynamic_1, compiling. 
[2017.10.07-18.32.51:536][843]LogMaterial: Missing cached shader map for material FDebugViewModeMaterialProxy RampMaterial, compiling. 
[2017.10.07-18.32.51:543][843]LogMaterial: Missing cached shader map for material FDebugViewModeMaterialProxy CubeMaterial, compiling. 
[2017.10.07-18.32.51:552][843]LogMaterial: Missing cached shader map for material FDebugViewModeMaterialProxy BasicShapeMaterial, compiling. 
[2017.10.07-18.32.51:560][843]LogMaterial: Missing cached shader map for material FDebugViewModeMaterialProxy M_Water_Ocean, compiling. 
[2017.10.07-18.32.51:571][843]LogMaterial: Missing cached shader map for material FDebugViewModeMaterialProxy M_Glass, compiling. 
[2017.10.07-18.32.51:583][843]LogMaterial: Missing cached shader map for material FDebugViewModeMaterialProxy M_Water_Lake, compiling. 
[2017.10.07-18.32.51:591][843]LogMaterial: Missing cached shader map for material FDebugViewModeMaterialProxy M_UE4Man_Body, compiling. 
[2017.10.07-18.32.51:602][843]LogMaterial: Missing cached shader map for material FDebugViewModeMaterialProxy M_UE4Man_ChestLogo, compiling. 
[2017.10.07-18.32.51:612][843]LogMaterial: Missing cached shader map for material FDebugViewModeMaterialProxy M_Door, compiling. 
[2017.10.07-18.32.51:629][843]LogMaterial: Missing cached shader map for material FDebugViewModeMaterialProxy M_smoke_subUV, compiling. 
[2017.10.07-18.32.51:638][843]LogMaterial: Missing cached shader map for material FDebugViewModeMaterialProxy M_LightStage_Skybox_Black, compiling. 
[2017.10.07-18.32.51:676][843]LogMaterial: Missing cached shader map for material FDebugViewModeMaterialProxy T_Gradinet_01_Mat, compiling. 
[2017.10.07-18.32.51:684][843]LogMaterial: Missing cached shader map for material FDebugViewModeMaterialProxy M_Metal_Burnished_Steel, compiling. 
[2017.10.07-18.32.51:694][843]LogMaterial: Missing cached shader map for material FDebugViewModeMaterialProxy M_TableRound, compiling. 
[2017.10.07-18.32.51:704][843]LogMaterial: Missing cached shader map for material FDebugViewModeMaterialProxy M_Lamp, compiling. 
[2017.10.07-18.32.51:713][843]LogMaterial: Missing cached shader map for material FDebugViewModeMaterialProxy MatineeCam_mat, compiling. 
[2017.10.07-18.32.57:438][843]TextureStreamingBuild: Display: Compiling optional shaders took 5.923 seconds.
[2017.10.07-18.32.57:559][843]LogLevel: Display: Export Material TexCoord Scales took 0.121 seconds.
[2017.10.07-18.32.57:585][843]TextureStreamingBuild: Display: Build Texture Streaming took 0.026 seconds.
[2017.10.07-18.32.57:604][843]LightingResults: New page: Lighting Build - Oct 7, 2017, 10:32:57 AM
[2017.10.07-18.32.58:428][843]LogSwarmInterface: [OpenConnection] Registering TCP channel ...
[2017.10.07-18.32.58:934][843]LogSwarmInterface: [OpenConnection] Connecting to agent ...
[2017.10.07-18.32.58:991][843]LogSwarmInterface: [TryOpenConnection] Testing the Agent
[2017.10.07-18.33.02:137][843]LogSwarmInterface: Error: [TryOpenConnection] Waiting for the agent to start up ...
[2017.10.07-18.33.02:314][843]LogSwarmInterface: Error: System.Net.Sockets.SocketException (0x80004005): No connection could be made because the target machine actively refused it 127.0.0.1:8008

Server stack trace: 
   at System.Net.Sockets.Socket.DoConnect(EndPoint endPointSnapshot, SocketAddress socketAddress)
   at System.Net.Sockets.Socket.Connect(EndPoint remoteEP)
   at System.Runtime.Remoting.Channels.RemoteConnection.CreateNewSocket(EndPoint ipEndPoint)
   at System.Runtime.Remoting.Channels.SocketCache.GetSocket(String machinePortAndSid, Boolean openNew)
   at System.Runtime.Remoting.Channels.Tcp.TcpClientTransportSink.SendRequestWithRetry(IMessage msg, ITransportHeaders requestHeaders, Stream requestStream)
   at System.Runtime.Remoting.Channels.Tcp.TcpClientTransportSink.AsyncProcessRequest(IClientChannelSinkStack sinkStack, IMessage msg, ITransportHeaders headers, Stream stream)
   at System.Runtime.Remoting.Channels.BinaryClientFormatterSink.AsyncProcessMessage(IMessage msg, IMessageSink replySink)

Exception rethrown at [0]: 
   at System.Runtime.Remoting.Proxies.RealProxy.HandleReturnMessage(IMessage reqMsg, IMessage retMsg)
   at System.Runtime.Remoting.Proxies.RealProxy.PrivateInvoke(MessageData& msgData, Int32 type)
   at NSwarm.IAgentInterfaceWrapper.MethodDelegate.EndInvoke(Hashtable& OutParameters, IAsyncResult result)
   at NSwarm.FSwarmInterface.TryOpenConnection(FConnectionCallback CallbackFunc, IntPtr CallbackData, ELogFlags LoggingFlags)
[2017.10.07-18.33.07:790][843]LogSwarmInterface: [TryOpenConnection] Opening Connection to Agent
[2017.10.07-18.33.07:790][843]LogSwarmInterface: [TryOpenConnection] Local Process ID is 4284
[2017.10.07-18.33.53:451][843]LogStaticLightingSystem: Running Lightmass w/ ImmediateImport mode ENABLED
[2017.10.07-18.33.53:451][843]LogStaticLightingSystem: Running Lightmass w/ ImmediateProcess mode ENABLED
[2017.10.07-18.33.53:452][843]LogStaticLightingSystem: Running Lightmass w/ Sorting mode ENABLED
[2017.10.07-18.33.53:452][843]LogStaticLightingSystem: Running Lightmass w/ Mapping paddings ENABLED
[2017.10.07-18.33.53:452][843]LogStaticLightingSystem: Running Lightmass w/ Mapping debug paddings DISABLED
[2017.10.07-18.33.56:444][843]Cmd: MAP CHECK DONTDISPLAYDIALOG
[2017.10.07-18.33.56:444][843]MapCheck: New page: ThirdPersonExampleMap - Oct 7, 2017, 10:33:56 AM
[2017.10.07-18.33.56:446][843]MapCheck: Error: WorldInfo_0 Maps need lighting rebuilt 
[2017.10.07-18.33.56:668][843]MapCheck: Map check complete: 1 Error(s), 0 Warning(s), took 223.649ms to complete.
[2017.10.07-18.33.56:691][843]LogEditorBuildUtils: Build time 1:05
[2017.10.07-18.33.57:358][845]LogMaterial: Missing cached shader map for material FLightmassMaterialRenderer M_Water_Ocean, compiling. 
[2017.10.07-18.33.57:708][845]LogMaterial: Missing cached shader map for material FLightmassMaterialRenderer M_Water_Ocean, compiling. 
[2017.10.07-18.33.58:946][850]LogSlate: Took 0.000195 seconds to synchronously load lazily loaded font '../../../Engine/Content/Slate/Fonts/Roboto-Light.ttf' (159K)
[2017.10.07-18.34.16:369][549]LogSlate: Took 0.000222 seconds to synchronously load lazily loaded font '../../../Engine/Content/Slate/Fonts/Roboto-Light.ttf' (159K)
[2017.10.07-18.34.17:133][549]LogSavePackage: Save=478.24ms
[2017.10.07-18.34.17:133][549]LogSavePackage: Moving 'C:/Users/mack2/OneDrive/UMBC/GameDev/ProjectMatter/Matter/Saved/ThirdPersonExampleMap_Auto1B27525D5453AF76D74CA8A8C22854AF5.tmp' to 'C:/Users/mack2/OneDrive/UMBC/GameDev/ProjectMatter/Matter/Saved/Autosaves/Game/ThirdPersonBP/Maps/ThirdPersonExampleMap_Auto1.umap'
[2017.10.07-18.34.17:138][549]LogSavePackage: Display: Finished SavePackage C:/Users/mack2/OneDrive/UMBC/GameDev/ProjectMatter/Matter/Saved/Autosaves/Game/ThirdPersonBP/Maps/ThirdPersonExampleMap_Auto1.umap
[2017.10.07-18.34.17:143][549]LogFileHelpers: Editor autosave (incl. sublevels) for '/Game/ThirdPersonBP/Maps/ThirdPersonExampleMap' took 0.717
[2017.10.07-18.34.17:143][549]LogFileHelpers: Editor autosave (incl. sublevels) for all levels took 0.717
[2017.10.07-18.34.37:733][837]Job is a success!
[2017.10.07-18.34.38:483][838]LightingResults: Error: SpotLight_1 Severe performance loss: Failed to allocate shadowmap channel for stationary light due to overlap - light will fall back to dynamic shadows!
[2017.10.07-18.34.38:483][838]LightingResults: Error: PointLight2_2 Severe performance loss: Failed to allocate shadowmap channel for stationary light due to overlap - light will fall back to dynamic shadows!
[2017.10.07-18.34.41:237][838]LogTexture: Display: Building textures: HQ_Lightmap0_1 (AutoDXT, 1024X1024)
[2017.10.07-18.34.41:237][838]LogTexture: Display: Building textures: SkyOcclusion0_1 (AutoDXT, 1024X512)
[2017.10.07-18.34.41:237][838]LogTexture: Display: Building textures: LQ_Lightmap_0_1 (DXT1, 1024X1024)
[2017.10.07-18.34.41:237][838]LogTexture: Display: Building textures: SkyOcclusion0_2 (AutoDXT, 1024X512)
[2017.10.07-18.34.41:237][838]LogTexture: Display: Building textures: HQ_Lightmap0_2 (AutoDXT, 1024X1024)
[2017.10.07-18.34.41:237][838]LogTexture: Display: Building textures: LQ_Lightmap_0_2 (DXT1, 1024X1024)
[2017.10.07-18.34.41:237][838]LogTexture: Display: Building textures: SkyOcclusion0_3 (AutoDXT, 512X256)
[2017.10.07-18.34.41:237][838]LogTexture: Display: Building textures: HQ_Lightmap0_3 (AutoDXT, 512X512)
[2017.10.07-18.34.41:237][838]LogTexture: Display: Building textures: LQ_Lightmap_0_3 (DXT1, 512X512)
[2017.10.07-18.34.41:237][838]LogTexture: Display: Building textures: SkyOcclusion1_4 (AutoDXT, 64X32)
[2017.10.07-18.34.41:237][838]LogTexture: Display: Building textures: HQ_Lightmap1_4 (AutoDXT, 64X64)
[2017.10.07-18.34.41:237][838]LogTexture: Display: Building textures: LQ_Lightmap_1_4 (DXT1, 64X64)
[2017.10.07-18.34.41:794][838]LogTexture: Display: Building textures: ShadowMapTexture2D_0 (BGRA8, 1024X1024)
[2017.10.07-18.34.41:794][838]LogTexture: Display: Building textures: ShadowMapTexture2D_1 (BGRA8, 64X256)
[2017.10.07-18.34.41:794][838]LogTexture: Display: Building textures: ShadowMapTexture2D_2 (G8, 32X32)
[2017.10.07-18.34.41:897][838]Lightmass on DESKTOP-E54LDI7: 39.0 sec total, 1.44 sec importing, 87 ms setup, 6.28 sec photons, 31.2 sec processing, 0 ms extra exporting [244/244 mappings]. Threads: 2:04 min total, 1:18 min processing.
[2017.10.07-18.34.42:020][838]LogStaticLightingSystem: Illumination: 1:44 min (2.74 sec encoding lightmaps, 555 ms encoding shadowmaps)
[2017.10.07-18.34.42:021][838]LogStaticLightingSystem: Lightmap texture memory:  6.0 MB (5.3 MB streaming, 0.7 MB non-streaming), 8 textures
[2017.10.07-18.34.42:021][838]LogStaticLightingSystem: Shadowmap texture memory: 5.4 MB (5.3 MB streaming, 0.1 MB non-streaming), 3 textures
[2017.10.07-18.34.42:474][838]DumpUnbuiltLightIteractions
[2017.10.07-18.34.42:474][838]Lights with unbuilt interactions: 0
[2017.10.07-18.34.42:474][838]
[2017.10.07-18.34.42:474][838]Primitives with unbuilt interactions: 0
[2017.10.07-18.34.42:475][839]Cmd: MAP CHECK NOTIFYRESULTS
[2017.10.07-18.34.42:476][839]MapCheck: New page: ThirdPersonExampleMap - Oct 7, 2017, 10:34:42 AM
[2017.10.07-18.34.42:824][839]MapCheck: Map check complete: 0 Error(s), 0 Warning(s), took 348.551ms to complete.
[2017.10.07-18.44.22:858][576]LogSavePackage: Save=333.22ms
[2017.10.07-18.44.22:858][576]LogSavePackage: Moving 'C:/Users/mack2/OneDrive/UMBC/GameDev/ProjectMatter/Matter/Saved/ThirdPersonExampleMap_Auto2FB97001A4327116E49EF3E95D34317EF.tmp' to 'C:/Users/mack2/OneDrive/UMBC/GameDev/ProjectMatter/Matter/Saved/Autosaves/Game/ThirdPersonBP/Maps/ThirdPersonExampleMap_Auto2.umap'
[2017.10.07-18.44.22:868][576]LogSavePackage: Display: Finished SavePackage C:/Users/mack2/OneDrive/UMBC/GameDev/ProjectMatter/Matter/Saved/Autosaves/Game/ThirdPersonBP/Maps/ThirdPersonExampleMap_Auto2.umap
[2017.10.07-18.44.22:875][576]LogFileHelpers: Editor autosave (incl. sublevels) for '/Game/ThirdPersonBP/Maps/ThirdPersonExampleMap' took 0.560
[2017.10.07-18.44.22:875][576]LogFileHelpers: Editor autosave (incl. sublevels) for all levels took 0.560
[2017.10.07-18.44.22:878][576]OBJ SavePackage: Generating thumbnails for [0] asset(s) in package [/Game/ThirdPersonBP/Maps/ThirdPersonExampleMap_BuiltData] ([1] browsable assets)...
[2017.10.07-18.44.22:878][576]OBJ SavePackage: Finished generating thumbnails for package [/Game/ThirdPersonBP/Maps/ThirdPersonExampleMap_BuiltData]
[2017.10.07-18.44.23:150][576]LogSavePackage: Save=59.93ms
[2017.10.07-18.44.23:150][576]LogSavePackage: Moving 'C:/Users/mack2/OneDrive/UMBC/GameDev/ProjectMatter/Matter/Saved/ThirdPersonExampleMap_BuiltData_Auto20C4652674F93C638D706349698840A6F.tmp' to 'C:/Users/mack2/OneDrive/UMBC/GameDev/ProjectMatter/Matter/Saved/Autosaves/Game/ThirdPersonBP/Maps/ThirdPersonExampleMap_BuiltData_Auto2.uasset'
[2017.10.07-18.44.23:171][576]LogSavePackage: Display: Finished SavePackage C:/Users/mack2/OneDrive/UMBC/GameDev/ProjectMatter/Matter/Saved/Autosaves/Game/ThirdPersonBP/Maps/ThirdPersonExampleMap_BuiltData_Auto2.uasset
[2017.10.07-18.44.23:172][576]LogFileHelpers: Auto-saving content packages took 0.294
[2017.10.07-21.21.27:623][951]LogD3D11RHI: Timed out while waiting for GPU to catch up. (500 ms)
[2017.10.07-22.01.32:837][205]Cmd: QUIT_EDITOR
[2017.10.07-22.01.39:555][205]LogWindowsTextInputMethodSystem: Display: IME system now deactivated.
[2017.10.07-22.01.47:330][205]LogExit: Preparing to exit.
[2017.10.07-22.02.17:514][205]LogExit: Editor shut down
[2017.10.07-22.02.19:043][205]LogExit: Transaction tracking system shut down
[2017.10.07-22.02.22:827][205]LogDirectoryWatcher: A directory notification for '../../../Engine/Content/' was aborted.
[2017.10.07-22.02.22:827][205]LogDirectoryWatcher: A directory notification for 'C:/Users/mack2/OneDrive/UMBC/GameDev/ProjectMatter/Matter/Content/' was aborted.
[2017.10.07-22.02.22:828][205]LogDirectoryWatcher: A directory notification for '../../../Engine/Plugins/2D/Paper2D/Content/' was aborted.
[2017.10.07-22.02.22:828][205]LogDirectoryWatcher: A directory notification for '../../../Engine/Plugins/Runtime/Oculus/OculusVR/Content/' was aborted.
[2017.10.07-22.02.22:828][205]LogDirectoryWatcher: A directory notification for '../../../Engine/Plugins/Runtime/Steam/SteamVR/Content/' was aborted.
[2017.10.07-22.02.33:843][205]LogExit: Object subsystem successfully closed.
[2017.10.07-22.02.35:836][205]LogD3D11RHI: Shutdown
[2017.10.07-22.02.35:855][205]LogD3D11RHI: CleanupD3DDevice
[2017.10.07-22.02.36:434][205]LogD3D11RHI: ~FD3D11DynamicRHI
[2017.10.07-22.02.38:931][205]LogModuleManager: Shutting down and abandoning module HierarchicalLODUtilities (534)
[2017.10.07-22.02.38:958][205]LogModuleManager: Shutting down and abandoning module MovieSceneCapture (532)
[2017.10.07-22.02.38:992][205]LogModuleManager: Shutting down and abandoning module HierarchicalLODOutliner (530)
[2017.10.07-22.02.38:994][205]LogModuleManager: Shutting down and abandoning module SceneOutliner (528)
[2017.10.07-22.02.39:062][205]LogModuleManager: Shutting down and abandoning module AddContentDialog (526)
[2017.10.07-22.02.39:128][205]LogDirectoryWatcher: A directory notification for 'D:/UnrealEngine/UE_4.17/FeaturePacks/' was aborted.
[2017.10.07-22.02.39:496][205]LogModuleManager: Shutting down and abandoning module WidgetCarousel (525)
[2017.10.07-22.02.39:497][205]LogModuleManager: Shutting down and abandoning module EditorWidgets (522)
[2017.10.07-22.02.39:497][205]LogModuleManager: Shutting down and abandoning module CollectionManager (520)
[2017.10.07-22.02.39:510][205]LogDirectoryWatcher: A directory notification for 'C:/Users/mack2/OneDrive/UMBC/GameDev/ProjectMatter/Matter/Content/Collections/' was aborted.
[2017.10.07-22.02.39:510][205]LogDirectoryWatcher: A directory notification for 'C:/Users/mack2/OneDrive/UMBC/GameDev/ProjectMatter/Matter/Content/Developers/mack2/Collections/' was aborted.
[2017.10.07-22.02.39:510][205]LogDirectoryWatcher: A directory notification for 'C:/Users/mack2/OneDrive/UMBC/GameDev/ProjectMatter/Matter/Saved/Collections/' was aborted.
[2017.10.07-22.02.39:510][205]LogModuleManager: Shutting down and abandoning module StatsViewer (518)
[2017.10.07-22.02.39:524][205]LogModuleManager: Shutting down and abandoning module FoliageEdit (516)
[2017.10.07-22.02.39:535][205]LogModuleManager: Shutting down and abandoning module LandscapeEditor (514)
[2017.10.07-22.02.39:604][205]LogModuleManager: Shutting down and abandoning module MeshPaintMode (512)
[2017.10.07-22.02.39:610][205]LogModuleManager: Shutting down and abandoning module SceneDepthPickerMode (510)
[2017.10.07-22.02.39:610][205]LogModuleManager: Shutting down and abandoning module ActorPickerMode (508)
[2017.10.07-22.02.39:611][205]LogModuleManager: Shutting down and abandoning module GeometryMode (506)
[2017.10.07-22.02.39:611][205]LogModuleManager: Shutting down and abandoning module TextureAlignMode (504)
[2017.10.07-22.02.39:611][205]LogModuleManager: Shutting down and abandoning module BspMode (502)
[2017.10.07-22.02.39:615][205]LogModuleManager: Shutting down and abandoning module PIEPreviewDeviceProfileSelector (500)
[2017.10.07-22.02.39:616][205]LogModuleManager: Shutting down and abandoning module HardwareSurvey (498)
[2017.10.07-22.02.39:617][205]LogModuleManager: Shutting down and abandoning module SequenceRecorderSections (496)
[2017.10.07-22.02.39:622][205]LogModuleManager: Shutting down and abandoning module AutomationWorker (494)
[2017.10.07-22.02.39:636][205]LogModuleManager: Shutting down and abandoning module MatineeToLevelSequence (492)
[2017.10.07-22.02.39:636][205]LogModuleManager: Shutting down and abandoning module LevelSequenceEditor (490)
[2017.10.07-22.02.39:701][205]LogModuleManager: Shutting down and abandoning module PlacementMode (489)
[2017.10.07-22.02.39:702][205]LogModuleManager: Shutting down and abandoning module WmfMediaFactory (486)
[2017.10.07-22.02.39:702][205]LogModuleManager: Shutting down and abandoning module WmfMediaEditor (484)
[2017.10.07-22.02.39:703][205]LogModuleManager: Shutting down and abandoning module AvfMediaFactory (482)
[2017.10.07-22.02.39:703][205]LogModuleManager: Shutting down and abandoning module AvfMediaEditor (480)
[2017.10.07-22.02.39:703][205]LogModuleManager: Shutting down and abandoning module AndroidMediaFactory (478)
[2017.10.07-22.02.39:703][205]LogModuleManager: Shutting down and abandoning module Media (477)
[2017.10.07-22.02.39:703][205]LogModuleManager: Shutting down and abandoning module AndroidMediaEditor (474)
[2017.10.07-22.02.39:703][205]LogModuleManager: Shutting down and abandoning module CharacterAI (472)
[2017.10.07-22.02.39:727][205]LogModuleManager: Shutting down and abandoning module AudioCapture (470)
[2017.10.07-22.02.39:727][205]LogModuleManager: Shutting down and abandoning module SequenceRecorder (469)
[2017.10.07-22.02.39:774][205]LogModuleManager: Shutting down and abandoning module SmartSnapping (466)
[2017.10.07-22.02.39:792][205]LogModuleManager: Shutting down and abandoning module SessionServices (464)
[2017.10.07-22.02.39:792][205]LogModuleManager: Shutting down and abandoning module ViewportSnapping (462)
[2017.10.07-22.02.39:792][205]LogModuleManager: Shutting down and abandoning module ViewportInteraction (460)
[2017.10.07-22.02.39:792][205]LogModuleManager: Shutting down and abandoning module ClothPainter (458)
[2017.10.07-22.02.39:961][205]LogModuleManager: Shutting down and abandoning module LogVisualizer (456)
[2017.10.07-22.02.40:068][205]LogModuleManager: Shutting down and abandoning module IntroTutorials (454)
[2017.10.07-22.02.40:092][205]LogModuleManager: Shutting down and abandoning module GameProjectGeneration (453)
[2017.10.07-22.02.40:150][205]LogModuleManager: Shutting down and abandoning module IOSPlatformEditor (450)
[2017.10.07-22.02.40:151][205]LogModuleManager: Shutting down and abandoning module HTML5PlatformEditor (448)
[2017.10.07-22.02.40:152][205]LogModuleManager: Shutting down and abandoning module AndroidPlatformEditor (446)
[2017.10.07-22.02.40:152][205]LogModuleManager: Shutting down and abandoning module AndroidDeviceDetection (445)
[2017.10.07-22.02.40:491][205]LogModuleManager: Shutting down and abandoning module WindowsPlatformEditor (442)
[2017.10.07-22.02.40:530][205]LogModuleManager: Shutting down and abandoning module IOSRuntimeSettings (440)
[2017.10.07-22.02.40:530][205]LogModuleManager: Shutting down and abandoning module AndroidRuntimeSettings (438)
[2017.10.07-22.02.40:530][205]LogModuleManager: Shutting down and abandoning module InputBindingEditor (436)
[2017.10.07-22.02.40:547][205]LogModuleManager: Shutting down and abandoning module MergeActors (434)
[2017.10.07-22.02.40:558][205]LogModuleManager: Shutting down and abandoning module SizeMap (432)
[2017.10.07-22.02.40:558][205]LogModuleManager: Shutting down and abandoning module TreeMap (430)
[2017.10.07-22.02.40:627][205]LogModuleManager: Shutting down and abandoning module ReferenceViewer (428)
[2017.10.07-22.02.40:627][205]LogModuleManager: Shutting down and abandoning module LocalizationDashboard (426)
[2017.10.07-22.02.40:701][205]LogModuleManager: Shutting down and abandoning module LocalizationService (425)
[2017.10.07-22.02.40:775][205]LogModuleManager: Shutting down and abandoning module HardwareTargeting (422)
[2017.10.07-22.02.40:775][205]LogModuleManager: Shutting down and abandoning module DeviceProfileEditor (420)
[2017.10.07-22.02.40:825][205]LogModuleManager: Shutting down and abandoning module UndoHistory (418)
[2017.10.07-22.02.40:826][205]LogModuleManager: Shutting down and abandoning module XmlParser (416)
[2017.10.07-22.02.40:951][205]LogModuleManager: Shutting down and abandoning module Blutility (414)
[2017.10.07-22.02.41:006][205]LogModuleManager: Shutting down and abandoning module ProjectSettingsViewer (412)
[2017.10.07-22.02.41:007][205]LogModuleManager: Shutting down and abandoning module ProjectTargetPlatformEditor (411)
[2017.10.07-22.02.41:110][205]LogModuleManager: Shutting down and abandoning module EditorSettingsViewer (408)
[2017.10.07-22.02.41:360][205]LogModuleManager: Shutting down and abandoning module SettingsEditor (406)
[2017.10.07-22.02.41:530][205]LogModuleManager: Shutting down and abandoning module ProjectLauncher (404)
[2017.10.07-22.02.41:623][205]LogModuleManager: Shutting down and abandoning module SessionFrontend (402)
[2017.10.07-22.02.41:653][205]LogModuleManager: Shutting down and abandoning module ProfilerClient (400)
[2017.10.07-22.02.41:681][205]LogModuleManager: Shutting down and abandoning module DeviceManager (398)
[2017.10.07-22.02.41:760][205]LogModuleManager: Shutting down and abandoning module TargetDeviceServices (397)
[2017.10.07-22.02.41:931][205]LogModuleManager: Shutting down and abandoning module AutomationController (394)
[2017.10.07-22.02.41:976][205]LogModuleManager: Shutting down and abandoning module AutomationWindow (392)
[2017.10.07-22.02.41:995][205]LogModuleManager: Shutting down and abandoning module Layers (390)
[2017.10.07-22.02.42:033][205]LogModuleManager: Shutting down and abandoning module ComponentVisualizers (388)
[2017.10.07-22.02.42:033][205]LogModuleManager: Shutting down and abandoning module DetailCustomizations (386)
[2017.10.07-22.02.42:104][205]LogModuleManager: Shutting down and abandoning module PackagesDialog (384)
[2017.10.07-22.02.42:381][205]LogModuleManager: Shutting down and abandoning module Persona (382)
[2017.10.07-22.02.43:183][205]LogModuleManager: Shutting down and abandoning module AdvancedPreviewScene (381)
[2017.10.07-22.02.43:184][205]LogModuleManager: Shutting down and abandoning module AnimGraph (379)
[2017.10.07-22.02.43:385][205]LogModuleManager: Shutting down and abandoning module Kismet (376)
[2017.10.07-22.02.44:776][205]LogModuleManager: Shutting down and abandoning module ClassViewer (374)
[2017.10.07-22.02.45:265][205]LogModuleManager: Shutting down and abandoning module Toolbox (372)
[2017.10.07-22.02.45:265][205]LogModuleManager: Shutting down and abandoning module ModuleUI (370)
[2017.10.07-22.02.45:361][205]LogModuleManager: Shutting down and abandoning module MovieSceneTools (368)
[2017.10.07-22.02.46:366][205]LogModuleManager: Shutting down and abandoning module OutputLog (366)
[2017.10.07-22.02.46:690][205]LogModuleManager: Shutting down and abandoning module GammaUI (364)
[2017.10.07-22.02.46:762][205]LogModuleManager: Shutting down and abandoning module Documentation (362)
[2017.10.07-22.02.46:762][205]LogModuleManager: Shutting down and abandoning module MovieSceneTracks (360)
[2017.10.07-22.02.46:863][205]LogModuleManager: Shutting down and abandoning module MovieScene (358)
[2017.10.07-22.02.47:242][205]LogModuleManager: Shutting down and abandoning module Niagara (356)
[2017.10.07-22.02.47:242][205]LogModuleManager: Shutting down and abandoning module NiagaraEditor (355)
[2017.10.07-22.02.49:665][205]LogModuleManager: Shutting down and abandoning module StreamingPauseRendering (352)
[2017.10.07-22.02.49:665][205]LogModuleManager: Shutting down and abandoning module LauncherPlatform (350)
[2017.10.07-22.02.49:665][205]LogModuleManager: Shutting down and abandoning module AnalyticsET (348)
[2017.10.07-22.02.49:665][205]LogModuleManager: Shutting down and abandoning module PortalServices (346)
[2017.10.07-22.02.49:665][205]LogModuleManager: Shutting down and abandoning module PortalRpc (344)
[2017.10.07-22.02.49:665][205]LogModuleManager: Shutting down and abandoning module MessagingRpc (342)
[2017.10.07-22.02.49:665][205]LogModuleManager: Shutting down and abandoning module AIModule (340)
[2017.10.07-22.02.49:796][205]LogModuleManager: Shutting down and abandoning module GameplayDebugger (339)
[2017.10.07-22.02.49:810][205]LogModuleManager: Shutting down and abandoning module AITestSuite (337)
[2017.10.07-22.02.49:858][205]LogModuleManager: Shutting down and abandoning module ProfilerService (334)
[2017.10.07-22.02.50:465][205]LogModuleManager: Shutting down and abandoning module TaskGraph (332)
[2017.10.07-22.02.50:801][205]LogModuleManager: Shutting down and abandoning module SteamVRController (330)
[2017.10.07-22.02.50:801][205]LogModuleManager: Shutting down and abandoning module ProceduralMeshComponentEditor (328)
[2017.10.07-22.02.50:801][205]LogModuleManager: Shutting down and abandoning module ProceduralMeshComponent (326)
[2017.10.07-22.02.50:839][205]LogModuleManager: Shutting down and abandoning module OculusInput (324)
[2017.10.07-22.02.51:025][205]LogModuleManager: Shutting down and abandoning module MobilePatchingUtils (322)
[2017.10.07-22.02.51:026][205]LogModuleManager: Shutting down and abandoning module CustomMeshComponent (320)
[2017.10.07-22.02.51:026][205]LogModuleManager: Shutting down and abandoning module CableComponent (318)
[2017.10.07-22.02.51:407][205]LogModuleManager: Shutting down and abandoning module ArchVisCharacter (316)
[2017.10.07-22.02.51:407][205]LogModuleManager: Shutting down and abandoning module AndroidPermission (314)
[2017.10.07-22.02.51:407][205]LogModuleManager: Shutting down and abandoning module MediaPlayerEditor (310)
[2017.10.07-22.02.52:361][205]LogModuleManager: Shutting down and abandoning module HTML5Networking (308)
[2017.10.07-22.02.52:361][205]LogModuleManager: Shutting down and abandoning module AlembicImporter (306)
[2017.10.07-22.02.52:516][205]LogModuleManager: Shutting down and abandoning module AlembicLibrary (305)
[2017.10.07-22.02.52:517][205]LogModuleManager: Shutting down and abandoning module GeometryCache (304)
[2017.10.07-22.02.52:517][205]LogModuleManager: Shutting down and abandoning module GeometryCacheEd (303)
[2017.10.07-22.02.52:517][205]LogModuleManager: Shutting down and abandoning module SpeedTreeImporter (298)
[2017.10.07-22.02.52:517][205]LogModuleManager: Shutting down and abandoning module PluginBrowser (296)
[2017.10.07-22.02.53:483][205]LogModuleManager: Shutting down and abandoning module MobileLauncherProfileWizard (294)
[2017.10.07-22.02.53:781][205]LogModuleManager: Shutting down and abandoning module VisualStudioSourceCodeAccess (292)
[2017.10.07-22.02.53:782][205]LogModuleManager: Shutting down and abandoning module DesktopPlatform (291)
[2017.10.07-22.02.53:817][205]LogModuleManager: Shutting down and abandoning module UObjectPlugin (288)
[2017.10.07-22.02.53:817][205]LogModuleManager: Shutting down and abandoning module SubversionSourceControl (286)
[2017.10.07-22.02.53:919][205]LogModuleManager: Shutting down and abandoning module PerforceSourceControl (284)
[2017.10.07-22.02.54:427][205]LogModuleManager: Shutting down and abandoning module GitSourceControl (282)
[2017.10.07-22.02.54:526][205]LogModuleManager: Shutting down and abandoning module SourceControl (281)
[2017.10.07-22.02.54:670][205]LogModuleManager: Shutting down and abandoning module LightPropagationVolumeEditor (278)
[2017.10.07-22.02.54:671][205]LogModuleManager: Shutting down and abandoning module PaperTiledImporter (276)
[2017.10.07-22.02.54:671][205]LogModuleManager: Shutting down and abandoning module PaperSpriteSheetImporter (274)
[2017.10.07-22.02.54:671][205]LogModuleManager: Shutting down and abandoning module Paper2DEditor (272)
[2017.10.07-22.02.54:978][205]LogModuleManager: Shutting down and abandoning module MeshPaint (271)
[2017.10.07-22.02.55:106][205]LogModuleManager: Shutting down and abandoning module LevelEditor (269)
[2017.10.07-22.02.55:562][205]LogModuleManager: Shutting down and abandoning module PixelInspectorModule (268)
[2017.10.07-22.02.56:213][205]LogModuleManager: Shutting down and abandoning module MainFrame (266)
[2017.10.07-22.02.56:213][205]LogModuleManager: Shutting down and abandoning module HotReload (265)
[2017.10.07-22.02.56:650][205]LogModuleManager: Shutting down and abandoning module RuntimePhysXCooking (260)
[2017.10.07-22.02.56:650][205]LogModuleManager: Shutting down and abandoning module PhysXVehiclesEditor (258)
[2017.10.07-22.02.56:651][205]LogModuleManager: Shutting down and abandoning module PhysXVehicles (256)
[2017.10.07-22.02.56:651][205]LogModuleManager: Shutting down and abandoning module OculusEditor (254)
[2017.10.07-22.02.56:651][205]LogModuleManager: Shutting down and abandoning module LocationServicesBPLibrary (252)
[2017.10.07-22.02.56:651][205]LogModuleManager: Shutting down and abandoning module ImmediatePhysicsEditor (250)
[2017.10.07-22.02.56:651][205]LogModuleManager: Shutting down and abandoning module ImmediatePhysics (248)
[2017.10.07-22.02.56:709][205]LogModuleManager: Shutting down and abandoning module UdpMessaging (246)
[2017.10.07-22.02.56:811][205]LogModuleManager: Shutting down and abandoning module TcpMessaging (244)
[2017.10.07-22.02.56:945][205]LogModuleManager: Shutting down and abandoning module GameplayTagsEditor (242)
[2017.10.07-22.02.57:197][205]LogModuleManager: Shutting down and abandoning module FacialAnimationEditor (240)
[2017.10.07-22.02.57:302][205]LogModuleManager: Shutting down and abandoning module FacialAnimation (238)
[2017.10.07-22.02.57:302][205]LogModuleManager: Shutting down and abandoning module AssetManagerEditor (236)
[2017.10.07-22.02.57:549][205]LogModuleManager: Shutting down and abandoning module GraphEditor (235)
[2017.10.07-22.02.57:795][205]LogModuleManager: Shutting down and abandoning module ContentBrowser (233)
[2017.10.07-22.02.57:828][205]LogModuleManager: Shutting down and abandoning module LightPropagationVolumeRuntime (230)
[2017.10.07-22.02.57:828][205]LogModuleManager: Shutting down and abandoning module Paper2D (228)
[2017.10.07-22.02.57:845][205]LogModuleManager: Shutting down and abandoning module WindowsMoviePlayer (226)
[2017.10.07-22.02.57:885][205]LogModuleManager: Shutting down and abandoning module WmfMedia (224)
[2017.10.07-22.02.57:959][205]LogModuleManager: Shutting down and abandoning module PacketHandler (222)
[2017.10.07-22.02.57:960][205]LogModuleManager: Shutting down and abandoning module ClothingSystemEditor (220)
[2017.10.07-22.02.57:988][205]LogModuleManager: Shutting down and abandoning module ClothingSystemRuntime (218)
[2017.10.07-22.02.58:063][205]LogModuleManager: Shutting down and abandoning module Overlay (216)
[2017.10.07-22.02.58:063][205]LogModuleManager: Shutting down and abandoning module OverlayEditor (215)
[2017.10.07-22.02.58:063][205]LogModuleManager: Shutting down and abandoning module MediaAssets (212)
[2017.10.07-22.02.58:063][205]LogModuleManager: Shutting down and abandoning module VREditor (210)
[2017.10.07-22.02.58:123][205]LogModuleManager: Shutting down and abandoning module StringTableEditor (208)
[2017.10.07-22.02.58:200][205]LogModuleManager: Shutting down and abandoning module GameplayTasksEditor (206)
[2017.10.07-22.02.58:200][205]LogModuleManager: Shutting down and abandoning module BehaviorTreeEditor (204)
[2017.10.07-22.02.58:342][205]LogModuleManager: Shutting down and abandoning module FunctionalTesting (202)
[2017.10.07-22.02.58:342][205]LogModuleManager: Shutting down and abandoning module CollisionAnalyzer (200)
[2017.10.07-22.02.58:413][205]LogModuleManager: Shutting down and abandoning module WorkspaceMenuStructure (199)
[2017.10.07-22.02.58:413][205]LogModuleManager: Shutting down and abandoning module UMG (196)
[2017.10.07-22.02.58:492][205]LogModuleManager: Shutting down and abandoning module UMGEditor (195)
[2017.10.07-22.02.58:623][205]LogModuleManager: Shutting down and abandoning module Sequencer (194)
[2017.10.07-22.02.58:743][205]LogModuleManager: Shutting down and abandoning module MessageLog (191)
[2017.10.07-22.02.58:743][205]LogModuleManager: Shutting down and abandoning module SlateReflector (186)
[2017.10.07-22.02.58:878][205]LogModuleManager: Shutting down and abandoning module Slate (184)
[2017.10.07-22.02.58:879][205]LogModuleManager: Shutting down and abandoning module EditorStyle (182)
[2017.10.07-22.02.59:161][205]LogModuleManager: Shutting down and abandoning module MRMesh (180)
[2017.10.07-22.02.59:162][205]LogModuleManager: Shutting down and abandoning module SourceCodeAccess (178)
[2017.10.07-22.02.59:162][205]LogModuleManager: Shutting down and abandoning module HeadMountedDisplay (176)
[2017.10.07-22.02.59:177][205]LogModuleManager: Shutting down and abandoning module XAudio2 (174)
[2017.10.07-22.02.59:177][205]LogModuleManager: Shutting down and abandoning module Networking (172)
[2017.10.07-22.02.59:178][205]LogModuleManager: Shutting down and abandoning module Core (168)
[2017.10.07-22.02.59:178][205]LogModuleManager: Shutting down and abandoning module KismetCompiler (164)
[2017.10.07-22.02.59:178][205]LogModuleManager: Shutting down and abandoning module LevelSequence (162)
[2017.10.07-22.02.59:178][205]LogModuleManager: Shutting down and abandoning module MeshUtilities (160)
[2017.10.07-22.02.59:189][205]LogModuleManager: Shutting down and abandoning module MeshMergeUtilities (159)
[2017.10.07-22.02.59:197][205]LogModuleManager: Shutting down and abandoning module MeshReductionInterface (158)
[2017.10.07-22.02.59:197][205]LogModuleManager: Shutting down and abandoning module SimplygonSwarm (157)
[2017.10.07-22.02.59:208][205]LogModuleManager: Shutting down and abandoning module SimplygonMeshReduction (155)
[2017.10.07-22.02.59:209][205]LogModuleManager: Shutting down and abandoning module QuadricMeshReduction (153)
[2017.10.07-22.02.59:259][205]LogModuleManager: Shutting down and abandoning module MaterialBaking (149)
[2017.10.07-22.02.59:270][205]LogModuleManager: Shutting down and abandoning module DirectoryWatcher (146)
[2017.10.07-22.02.59:326][205]LogModuleManager: Shutting down and abandoning module DerivedDataCache (144)
[2017.10.07-22.02.59:362][205]LogDerivedDataCache: Shutdown
[2017.10.07-22.02.59:362][205]LogModuleManager: Shutting down and abandoning module TargetPlatform (142)
[2017.10.07-22.02.59:394][205]LogModuleManager: Shutting down and abandoning module VulkanShaderFormat (141)
[2017.10.07-22.02.59:432][205]LogModuleManager: Shutting down and abandoning module ShaderFormatVectorVM (139)
[2017.10.07-22.02.59:451][205]LogModuleManager: Shutting down and abandoning module ShaderFormatOpenGL (137)
[2017.10.07-22.02.59:455][205]LogModuleManager: Shutting down and abandoning module ShaderFormatD3D (135)
[2017.10.07-22.02.59:462][205]LogModuleManager: Shutting down and abandoning module MetalShaderFormat (133)
[2017.10.07-22.02.59:480][205]LogModuleManager: Shutting down and abandoning module TextureFormatUncompressed (131)
[2017.10.07-22.02.59:480][205]LogModuleManager: Shutting down and abandoning module TextureFormatPVR (129)
[2017.10.07-22.02.59:480][205]LogModuleManager: Shutting down and abandoning module TextureFormatDXT (127)
[2017.10.07-22.02.59:480][205]LogModuleManager: Shutting down and abandoning module TextureFormatIntelISPCTexComp (125)
[2017.10.07-22.02.59:529][205]LogModuleManager: Shutting down and abandoning module TextureFormatASTC (123)
[2017.10.07-22.02.59:529][205]LogModuleManager: Shutting down and abandoning module ImageWrapper (122)
[2017.10.07-22.02.59:529][205]LogModuleManager: Shutting down and abandoning module TextureFormatAndroid (119)
[2017.10.07-22.02.59:533][205]LogModuleManager: Shutting down and abandoning module AudioFormatOpus (117)
[2017.10.07-22.02.59:533][205]LogModuleManager: Shutting down and abandoning module AudioFormatOgg (115)
[2017.10.07-22.02.59:533][205]LogModuleManager: Shutting down and abandoning module AudioFormatADPCM (113)
[2017.10.07-22.02.59:534][205]LogModuleManager: Shutting down and abandoning module LinuxTargetPlatform (111)
[2017.10.07-22.02.59:551][205]LogModuleManager: Shutting down and abandoning module LinuxServerTargetPlatform (109)
[2017.10.07-22.02.59:551][205]LogModuleManager: Shutting down and abandoning module LinuxNoEditorTargetPlatform (107)
[2017.10.07-22.02.59:552][205]LogModuleManager: Shutting down and abandoning module LinuxClientTargetPlatform (105)
[2017.10.07-22.02.59:552][205]LogModuleManager: Shutting down and abandoning module TVOSTargetPlatform (103)
[2017.10.07-22.02.59:552][205]LogModuleManager: Shutting down and abandoning module Messaging (101)
[2017.10.07-22.02.59:560][205]LogModuleManager: Shutting down and abandoning module IOSTargetPlatform (99)
[2017.10.07-22.02.59:560][205]LogModuleManager: Shutting down and abandoning module HTML5TargetPlatform (97)
[2017.10.07-22.02.59:560][205]LogModuleManager: Shutting down and abandoning module Android_PVRTCTargetPlatform (95)
[2017.10.07-22.02.59:560][205]LogModuleManager: Shutting down and abandoning module Android_MultiTargetPlatform (93)
[2017.10.07-22.02.59:560][205]LogModuleManager: Shutting down and abandoning module Android_ETC2TargetPlatform (91)
[2017.10.07-22.02.59:560][205]LogModuleManager: Shutting down and abandoning module Android_ETC1TargetPlatform (89)
[2017.10.07-22.02.59:560][205]LogModuleManager: Shutting down and abandoning module Android_DXTTargetPlatform (87)
[2017.10.07-22.02.59:560][205]LogModuleManager: Shutting down and abandoning module Android_ATCTargetPlatform (85)
[2017.10.07-22.02.59:561][205]LogModuleManager: Shutting down and abandoning module Android_ASTCTargetPlatform (83)
[2017.10.07-22.02.59:561][205]LogModuleManager: Shutting down and abandoning module AndroidTargetPlatform (81)
[2017.10.07-22.02.59:561][205]LogModuleManager: Shutting down and abandoning module WindowsTargetPlatform (79)
[2017.10.07-22.02.59:561][205]LogModuleManager: Shutting down and abandoning module WindowsServerTargetPlatform (77)
[2017.10.07-22.02.59:561][205]LogModuleManager: Shutting down and abandoning module WindowsNoEditorTargetPlatform (75)
[2017.10.07-22.02.59:562][205]LogModuleManager: Shutting down and abandoning module WindowsClientTargetPlatform (73)
[2017.10.07-22.02.59:571][205]LogModuleManager: Shutting down and abandoning module MacTargetPlatform (71)
[2017.10.07-22.02.59:571][205]LogModuleManager: Shutting down and abandoning module MacServerTargetPlatform (69)
[2017.10.07-22.02.59:572][205]LogModuleManager: Shutting down and abandoning module MacNoEditorTargetPlatform (67)
[2017.10.07-22.02.59:572][205]LogModuleManager: Shutting down and abandoning module MacClientTargetPlatform (65)
[2017.10.07-22.02.59:572][205]LogModuleManager: Shutting down and abandoning module AllDesktopTargetPlatform (63)
[2017.10.07-22.02.59:572][205]LogModuleManager: Shutting down and abandoning module InputCore (60)
[2017.10.07-22.02.59:572][205]LogModuleManager: Shutting down and abandoning module Settings (58)
[2017.10.07-22.02.59:583][205]LogModuleManager: Shutting down and abandoning module PhysXCooking (56)
[2017.10.07-22.02.59:583][205]LogModuleManager: Shutting down and abandoning module SteamVR (54)
[2017.10.07-22.02.59:583][205]LogModuleManager: Shutting down and abandoning module OculusHMD (52)
[2017.10.07-22.02.59:602][205]LogModuleManager: Shutting down and abandoning module ExampleDeviceProfileSelector (50)
[2017.10.07-22.02.59:615][205]LogModuleManager: Shutting down and abandoning module OnlineBlueprintSupport (48)
[2017.10.07-22.02.59:615][205]LogModuleManager: Shutting down and abandoning module OnlineSubsystem (44)
[2017.10.07-22.02.59:615][205]LogOnline: Display: Unloading online subsystem: NULL
[2017.10.07-22.02.59:685][205]LogModuleManager: Shutting down and abandoning module XMPP (43)
[2017.10.07-22.02.59:726][205]LogModuleManager: Shutting down and abandoning module HTTP (41)
[2017.10.07-22.02.59:726][205]LogHttp: Display: Http module shutting down, but needs to wait on 1 outstanding Http requests:
[2017.10.07-22.02.59:737][205]LogHttp: Display: 	verb=[POST] url=[https://datarouter.ol.epicgames.com/datarouter/api/v1/public/data?SessionID=%7B14B3F629-4F32-5487-F270-14BB4EC086F6%7D&AppID=UEEditor.Rocket.Release&AppVersion=4.17.1-3586342%2B%2B%2BUE4%2BRelease-4.17&UserID=9c6edd15469635af902232b31d49d6d1%7C112b9139633d4feeb1a0a2d84be6e82d%7Ca1c907f8-41a3-485b-8e1a-175be3fb7e99&AppEnvironment=datacollector-binary&UploadType=eteventstream] status=Processing
[2017.10.07-22.02.59:863][205]LogModuleManager: Shutting down and abandoning module SSL (40)
[2017.10.07-22.03.00:030][205]LogModuleManager: Shutting down and abandoning module AnimationModifiers (36)
[2017.10.07-22.03.00:046][205]LogModuleManager: Shutting down and abandoning module PropertyEditor (35)
[2017.10.07-22.03.00:126][205]LogModuleManager: Shutting down and abandoning module AudioEditor (32)
[2017.10.07-22.03.00:154][205]LogModuleManager: Shutting down and abandoning module TextureCompressor (30)
[2017.10.07-22.03.00:171][205]LogModuleManager: Shutting down and abandoning module ShaderCore (28)
[2017.10.07-22.03.00:171][205]LogModuleManager: Shutting down and abandoning module Landscape (26)
[2017.10.07-22.03.00:171][205]LogModuleManager: Shutting down and abandoning module SlateRHIRenderer (24)
[2017.10.07-22.03.00:321][205]LogModuleManager: Shutting down and abandoning module OpenGLDrv (22)
[2017.10.07-22.03.00:341][205]LogModuleManager: Shutting down and abandoning module D3D11RHI (20)
[2017.10.07-22.03.00:341][205]LogModuleManager: Shutting down and abandoning module AnimGraphRuntime (18)
[2017.10.07-22.03.00:358][205]LogModuleManager: Shutting down and abandoning module Renderer (16)
[2017.10.07-22.03.00:359][205]LogModuleManager: Shutting down and abandoning module Engine (14)
[2017.10.07-22.03.00:359][205]LogModuleManager: Shutting down and abandoning module CoreUObject (12)
[2017.10.07-22.03.00:359][205]LogModuleManager: Shutting down and abandoning module NetworkFile (10)
[2017.10.07-22.03.00:370][205]LogModuleManager: Shutting down and abandoning module CookedIterativeFile (8)
[2017.10.07-22.03.00:370][205]LogModuleManager: Shutting down and abandoning module StreamingFile (6)
[2017.10.07-22.03.00:374][205]LogModuleManager: Shutting down and abandoning module SandboxFile (4)
[2017.10.07-22.03.00:384][205]LogModuleManager: Shutting down and abandoning module PakFile (2)
[2017.10.07-22.03.00:524][205]LogExit: Exiting.
[2017.10.07-22.03.00:885][205]Log file closed, 10/07/17 18:03:00
