Log file open, 09/22/17 16:40:30
LogWindows: LoadLibraryWithSearchPaths failed for file aqProf.dll. GetLastError=0
LogWindows: LoadLibraryWithSearchPaths failed for file VSPerf140.dll. GetLastError=0
LogWindows: LoadLibraryWithSearchPaths failed for file VtuneApi.dll. GetLastError=0
LogWindows: LoadLibraryWithSearchPaths failed for file VtuneApi32e.dll. GetLastError=0
LogInit: Display: Running engine for game: Matter
LogPlatformFile: Not using cached read wrapper
LogInit: Display: RandInit(-1163939919) SRandInit(-1163939919).
LogTaskGraph: Started task graph with 5 named threads and 14 total threads with 3 sets of task threads.
LogStats: Stats thread started at 0.216920
LogD3D11RHI: Aftermath initialized
LogPluginManager: Mounting plugin Paper2D
LogPluginManager: Mounting plugin LightPropagationVolume
LogPluginManager: Mounting plugin CodeLiteSourceCodeAccess
LogPluginManager: Mounting plugin GitSourceControl
LogPluginManager: Mounting plugin KDevelopSourceCodeAccess
LogPluginManager: Mounting plugin NullSourceCodeAccess
LogPluginManager: Mounting plugin PerforceSourceControl
LogPluginManager: Mounting plugin SubversionSourceControl
LogPluginManager: Mounting plugin UObjectPlugin
LogPluginManager: Mounting plugin VisualStudioSourceCodeAccess
LogPluginManager: Mounting plugin XCodeSourceCodeAccess
LogPluginManager: Mounting plugin AssetManagerEditor
LogPluginManager: Mounting plugin AudioCapture
LogPluginManager: Mounting plugin FacialAnimation
LogPluginManager: Mounting plugin GameplayTagsEditor
LogPluginManager: Mounting plugin MobileLauncherProfileWizard
LogPluginManager: Mounting plugin PluginBrowser
LogPluginManager: Mounting plugin SpeedTreeImporter
LogPluginManager: Mounting plugin AlembicImporter
LogPluginManager: Mounting plugin CharacterAI
LogPluginManager: Mounting plugin HTML5Networking
LogPluginManager: Mounting plugin AndroidMedia
LogPluginManager: Mounting plugin AvfMedia
LogPluginManager: Mounting plugin MediaPlayerEditor
LogPluginManager: Mounting plugin WmfMedia
LogPluginManager: Mounting plugin TcpMessaging
LogPluginManager: Mounting plugin UdpMessaging
LogPluginManager: Mounting plugin LevelSequenceEditor
LogPluginManager: Mounting plugin MatineeToLevelSequence
LogPluginManager: Mounting plugin OnlineSubsystemGooglePlay
LogPluginManager: Mounting plugin OnlineSubsystemIOS
LogPluginManager: Mounting plugin OnlineSubsystem
LogPluginManager: Mounting plugin OnlineSubsystemNull
LogPluginManager: Mounting plugin OnlineSubsystemUtils
LogPluginManager: Mounting plugin AndroidDeviceProfileSelector
LogPluginManager: Mounting plugin AndroidMoviePlayer
LogPluginManager: Mounting plugin AndroidPermission
LogPluginManager: Mounting plugin AppleMoviePlayer
LogPluginManager: Mounting plugin ArchVisCharacter
LogPluginManager: Mounting plugin CableComponent
LogPluginManager: Mounting plugin CustomMeshComponent
LogPluginManager: Mounting plugin ExampleDeviceProfileSelector
LogPluginManager: Mounting plugin GoogleCloudMessaging
LogPluginManager: Mounting plugin ImmediatePhysics
LogPluginManager: Mounting plugin IOSDeviceProfileSelector
LogPluginManager: Mounting plugin LinuxDeviceProfileSelector
LogPluginManager: Mounting plugin LocationServicesBPLibrary
LogPluginManager: Mounting plugin MobilePatchingUtils
LogPluginManager: Mounting plugin OculusVR
LogPluginManager: Mounting plugin PhysXVehicles
LogPluginManager: Mounting plugin ProceduralMeshComponent
LogPluginManager: Mounting plugin RuntimePhysXCooking
LogPluginManager: Mounting plugin SteamVR
LogPluginManager: Mounting plugin WindowsMoviePlayer
LogInit: Using libcurl 7.47.1
LogInit:  - built for x86_64-pc-win32
LogInit:  - supports SSL with OpenSSL/1.0.2g
LogInit:  - supports HTTP deflate (compression) using libz 1.2.8
LogInit:  - other features:
LogInit:      CURL_VERSION_SSL
LogInit:      CURL_VERSION_LIBZ
LogInit:      CURL_VERSION_IPV6
LogInit:      CURL_VERSION_ASYNCHDNS
LogInit:      CURL_VERSION_LARGEFILE
LogInit:      CURL_VERSION_IDN
LogInit:  CurlRequestOptions (configurable via config and command line):
LogInit:  - bVerifyPeer = false  - Libcurl will NOT verify peer certificate
LogInit:  - bUseHttpProxy = false  - Libcurl will NOT use HTTP proxy
LogInit:  - bDontReuseConnections = false  - Libcurl will reuse connections
LogInit:  - CertBundlePath = nullptr  - Libcurl will use whatever was configured at build time.
LogInit: Build: ++UE4+Release-4.17-CL-3586342
LogInit: Engine Version: 4.17.1-3586342+++UE4+Release-4.17
LogInit: Compatible Engine Version: 4.17.0-3573198+++UE4+Release-4.17
LogInit: Net CL: 3573198
LogDevObjectVersion: Number of dev versions registered: 16
LogDevObjectVersion:   Dev-Blueprints (B0D832E4-1F89-4F0D-ACCF-7EB736FD4AA2): 10
LogDevObjectVersion:   Dev-Build (E1C64328-A22C-4D53-A36C-8E866417BD8C): 0
LogDevObjectVersion:   Dev-Core (375EC13C-06E4-48FB-B500-84F0262A717E): 2
LogDevObjectVersion:   Dev-Editor (E4B068ED-F494-42E9-A231-DA0B2E46BB41): 20
LogDevObjectVersion:   Dev-Framework (CFFC743F-43B0-4480-9391-14DF171D2073): 28
LogDevObjectVersion:   Dev-Mobile (B02B49B5-BB20-44E9-A304-32B752E40360): 0
LogDevObjectVersion:   Dev-Networking (A4E4105C-59A1-49B5-A7C5-40C4547EDFEE): 0
LogDevObjectVersion:   Dev-Online (39C831C9-5AE6-47DC-9A44-9C173E1C8E7C): 0
LogDevObjectVersion:   Dev-Physics (78F01B33-EBEA-4F98-B9B4-84EACCB95AA2): 0
LogDevObjectVersion:   Dev-Platform (6631380F-2D4D-43E0-8009-CF276956A95A): 0
LogDevObjectVersion:   Dev-Rendering (12F88B9F-8875-4AFC-A67C-D90C383ABD29): 19
LogDevObjectVersion:   Dev-Sequencer (7B5AE74C-D270-4C10-A958-57980B212A5A): 4
LogDevObjectVersion:   Dev-VR (D7296918-1DD6-4BDD-9DE2-64A83CC13884): 0
LogDevObjectVersion:   Dev-LoadTimes (C2A15278-BFE7-4AFE-6C17-90FF531DF755): 1
LogDevObjectVersion:   Private-Geometry (6EACA3D4-40EC-4CC1-B786-8BED09428FC5): 1
LogDevObjectVersion:   Dev-AnimPhys (29E575DD-E0A3-4627-9D10-D276232CDCEA): 7
LogInit: Compiled (64-bit): Aug 15 2017 02:05:26
LogInit: Compiled with Visual C++: 19.00.24215.01
LogInit: Build Configuration: Development
LogInit: Branch Name: ++UE4+Release-4.17
LogInit: Command line: -EpicPortal 
LogInit: Base directory: D:/Program Files/Epic Games/UE_4.17/Engine/Binaries/Win64/
LogInit: Installed Engine Build: 1
LogInit: Presizing for max 8388607 objects, including 0 objects not considered by GC, pre-allocating 0 bytes for permanent pool.
LogInit: Object subsystem initialized
[2017.09.22-21.40.31:330][  0]LogInit: Selected Device Profile: [Windows]
[2017.09.22-21.40.31:330][  0]LogInit: Applying CVar settings loaded from the selected device profile: [Windows]
[2017.09.22-21.40.31:363][  0]LogInit: Computer: MSI
[2017.09.22-21.40.31:363][  0]LogInit: User: JarrettEarly
[2017.09.22-21.40.31:363][  0]LogInit: CPU Page size=4096, Cores=4
[2017.09.22-21.40.31:363][  0]LogInit: High frequency timer resolution =2.531250 MHz
[2017.09.22-21.40.31:364][  0]LogMemory: Memory total: Physical=15.9GB (16GB approx)
[2017.09.22-21.40.31:364][  0]LogMemory: Platform Memory Stats for Windows
[2017.09.22-21.40.31:364][  0]LogMemory: Process Physical Memory: 278.12 MB used, 278.12 MB peak
[2017.09.22-21.40.31:364][  0]LogMemory: Process Virtual Memory: 274.13 MB used, 274.13 MB peak
[2017.09.22-21.40.31:364][  0]LogMemory: Physical Memory: 6747.54 MB used,  9560.77 MB free, 16308.30 MB total
[2017.09.22-21.40.31:364][  0]LogMemory: Virtual Memory: 673.58 MB used,  9560.77 MB free, 134217728.00 MB total
[2017.09.22-21.40.31:598][  0]LogInit: Using OS detected language (en-US).
[2017.09.22-21.40.31:598][  0]LogInit: Using OS detected locale (en-US).
[2017.09.22-21.40.31:601][  0]LogTextLocalizationManager: No specific localization for 'en-US' exists, so the 'en' localization will be used.
[2017.09.22-21.40.33:908][  0]LogD3D11RHI: D3D11 adapters:
[2017.09.22-21.40.33:966][  0]LogD3D11RHI:    0. 'NVIDIA GeForce GTX 970M' (Feature Level 11_0)
[2017.09.22-21.40.33:966][  0]LogD3D11RHI:       3038/0/8154 MB DedicatedVideo/DedicatedSystem/SharedSystem, Outputs:1, VendorId:0x10de
[2017.09.22-21.40.33:967][  0]LogD3D11RHI:    1. 'Microsoft Basic Render Driver' (Feature Level 11_0)
[2017.09.22-21.40.33:967][  0]LogD3D11RHI:       0/0/8154 MB DedicatedVideo/DedicatedSystem/SharedSystem, Outputs:0, VendorId:0x1414
[2017.09.22-21.40.33:967][  0]LogD3D11RHI: Chosen D3D11 Adapter: 0
[2017.09.22-21.40.33:977][  0]LogD3D11RHI: Creating new Direct3DDevice
[2017.09.22-21.40.33:977][  0]LogD3D11RHI:     GPU DeviceId: 0x1618 (for the marketing name, search the web for "GPU Device Id")
[2017.09.22-21.40.33:977][  0]LogWindows: EnumDisplayDevices:
[2017.09.22-21.40.33:978][  0]LogWindows:    0. 'NVIDIA GeForce GTX 970M' (P:1 D:1)
[2017.09.22-21.40.33:978][  0]LogWindows:    1. 'NVIDIA GeForce GTX 970M' (P:0 D:0)
[2017.09.22-21.40.33:979][  0]LogWindows:    2. 'NVIDIA GeForce GTX 970M' (P:0 D:0)
[2017.09.22-21.40.33:979][  0]LogWindows:    3. 'NVIDIA GeForce GTX 970M' (P:0 D:0)
[2017.09.22-21.40.33:980][  0]LogWindows: DebugString: FoundDriverCount:4 
[2017.09.22-21.40.33:980][  0]LogD3D11RHI:     Adapter Name: NVIDIA GeForce GTX 970M
[2017.09.22-21.40.33:980][  0]LogD3D11RHI:   Driver Version: 382.05 (internal:22.21.13.8205, unified:382.05)
[2017.09.22-21.40.33:980][  0]LogD3D11RHI:      Driver Date: 5-1-2017
[2017.09.22-21.40.33:980][  0]LogRHI: Texture pool is 1361 MB (70% of 1945 MB)
[2017.09.22-21.40.34:018][  0]LogD3D11RHI: Async texture creation enabled
[2017.09.22-21.40.34:032][  0]LogD3D11RHI: GPU Timing Frequency: 1000.000000 (Debug: 2 1)
[2017.09.22-21.40.34:076][  0]LogShaderCompilers: Guid format shader working directory is -10 characters bigger than the processId version (../../../../../../Documents/StatesOfMatter/ProjectMatter/Matter/Intermediate/Shaders/WorkingDirectory/23576/).
[2017.09.22-21.40.34:076][  0]LogShaderCompilers: Cleaned the shader compiler working directory 'C:/Users/Jarrett Early/AppData/Local/Temp/UnrealShaderWorkingDir/1477F9F34BDA8455B3098E9AAC35F228/'.
[2017.09.22-21.40.34:076][  0]LogShaderCompilers: Display: Using Local Shader Compiler.
[2017.09.22-21.40.39:450][  0]LogTemp: Display: Loaded TP AllDesktopTargetPlatform
[2017.09.22-21.40.39:529][  0]LogTemp: Display: Loaded TP MacClientTargetPlatform
[2017.09.22-21.40.39:607][  0]LogTemp: Display: Loaded TP MacNoEditorTargetPlatform
[2017.09.22-21.40.39:685][  0]LogTemp: Display: Loaded TP MacServerTargetPlatform
[2017.09.22-21.40.39:768][  0]LogTemp: Display: Loaded TP MacTargetPlatform
[2017.09.22-21.40.39:846][  0]LogTemp: Display: Loaded TP WindowsClientTargetPlatform
[2017.09.22-21.40.39:926][  0]LogTemp: Display: Loaded TP WindowsNoEditorTargetPlatform
[2017.09.22-21.40.39:971][  0]LogTemp: Display: Loaded TP WindowsServerTargetPlatform
[2017.09.22-21.40.40:043][  0]LogTemp: Display: Loaded TP WindowsTargetPlatform
[2017.09.22-21.40.40:134][  0]LogTemp: Display: Loaded TP AndroidTargetPlatform
[2017.09.22-21.40.40:178][  0]LogTemp: Display: Loaded TP Android_ASTCTargetPlatform
[2017.09.22-21.40.40:257][  0]LogTemp: Display: Loaded TP Android_ATCTargetPlatform
[2017.09.22-21.40.40:307][  0]LogTemp: Display: Loaded TP Android_DXTTargetPlatform
[2017.09.22-21.40.40:393][  0]LogTemp: Display: Loaded TP Android_ETC1TargetPlatform
[2017.09.22-21.40.40:475][  0]LogTemp: Display: Loaded TP Android_ETC2TargetPlatform
[2017.09.22-21.40.40:613][  0]LogTemp: Display: Loaded TP Android_MultiTargetPlatform
[2017.09.22-21.40.40:613][  0]LogTemp: Display: Loaded TP Android_PVRTCTargetPlatform
[2017.09.22-21.40.40:685][  0]LogTemp: Display: Loaded TP HTML5TargetPlatform
[2017.09.22-21.40.40:848][  0]LogTemp: Display: Loaded TP IOSTargetPlatform
[2017.09.22-21.40.40:914][  0]LogTemp: Display: Loaded TP TVOSTargetPlatform
[2017.09.22-21.40.40:999][  0]LogTemp: Display: Loaded TP LinuxClientTargetPlatform
[2017.09.22-21.40.41:134][  0]LogTemp: Display: Loaded TP LinuxNoEditorTargetPlatform
[2017.09.22-21.40.41:182][  0]LogTemp: Display: Loaded TP LinuxServerTargetPlatform
[2017.09.22-21.40.41:239][  0]LogTemp: Display: Loaded TP LinuxTargetPlatform
[2017.09.22-21.40.41:239][  0]LogTargetPlatformManager: Display: Building Assets For Windows
[2017.09.22-21.40.42:565][  0]LogDerivedDataCache: Display: Max Cache Size: 512 MB
[2017.09.22-21.40.42:688][  0]LogDerivedDataCache: Loaded boot cache 0.12s 93MB C:/Users/Jarrett Early/AppData/Local/UnrealEngine/4.17/DerivedDataCache/Boot.ddc.
[2017.09.22-21.40.42:688][  0]LogDerivedDataCache: Display: Loaded Boot cache: C:/Users/Jarrett Early/AppData/Local/UnrealEngine/4.17/DerivedDataCache/Boot.ddc
[2017.09.22-21.40.42:688][  0]LogDerivedDataCache: FDerivedDataBackendGraph:  Pak pak cache file ../../../../../../Documents/StatesOfMatter/ProjectMatter/Matter/DerivedDataCache/DDC.ddp not found, will not use a pak cache.
[2017.09.22-21.40.42:688][  0]LogDerivedDataCache: Unable to find inner node Pak for hierarchical cache Hierarchy.
[2017.09.22-21.40.42:688][  0]LogDerivedDataCache: FDerivedDataBackendGraph:  CompressedPak pak cache file ../../../../../../Documents/StatesOfMatter/ProjectMatter/Matter/DerivedDataCache/Compressed.ddp not found, will not use a pak cache.
[2017.09.22-21.40.42:688][  0]LogDerivedDataCache: Unable to find inner node CompressedPak for hierarchical cache Hierarchy.
[2017.09.22-21.40.42:716][  0]LogDerivedDataCache: Display: Pak cache opened for reading ../../../Engine/DerivedDataCache/Compressed.ddp.
[2017.09.22-21.40.42:736][  0]LogDerivedDataCache: Using Local data cache path C:/Users/Jarrett Early/AppData/Local/UnrealEngine/Common/DerivedDataCache: Writable
[2017.09.22-21.40.42:750][  0]LogMaterial: Verifying Global Shaders for PCD3D_SM5
[2017.09.22-21.40.42:750][  0]LogSlate: Using Freetype 2.6.0
[2017.09.22-21.40.42:782][  0]LogSlate: SlateFontCache - WITH_FREETYPE: 1, WITH_HARFBUZZ: 1
[2017.09.22-21.40.42:782][  0]LogSlate: SlateFontCache - WITH_FREETYPE: 1, WITH_HARFBUZZ: 1
[2017.09.22-21.40.45:356][  0]LogAssetRegistry: FAssetRegistry took 0.0261 seconds to start up
[2017.09.22-21.40.45:480][  0]LogInit: Selected Device Profile: [Windows]
[2017.09.22-21.40.45:898][  0]LogContentStreaming: Texture pool size is 0.00 MB
[2017.09.22-21.40.46:474][  0]LogSimplygon: Simplygon DLL not present - disabling.
[2017.09.22-21.40.46:559][  0]LogMeshReduction: Using SimplygonSwarm for distributed automatic mesh merging
[2017.09.22-21.40.46:559][  0]LogMeshReduction: Using QuadricMeshReduction for automatic static mesh reduction
[2017.09.22-21.40.46:559][  0]LogMeshReduction: No automatic skeletal mesh reduction module available
[2017.09.22-21.40.46:559][  0]LogMeshReduction: No automatic mesh merging module available
[2017.09.22-21.40.46:559][  0]LogMeshMerging: No automatic mesh merging module available
[2017.09.22-21.40.47:275][  0]LogNetVersion: Matter , NetCL: 3573198, EngineNetVer: 2, GameNetVer: 0 (Checksum: 980240421)
[2017.09.22-21.40.47:979][  0]LogPackageLocalizationCache: Processed 5 localized package path(s) for 2 prioritized culture(s) in 0.159284 seconds
[2017.09.22-21.40.47:986][  0]LogUObjectArray: 35825 objects as part of root set at end of initial load.
[2017.09.22-21.40.47:986][  0]LogUObjectAllocator: 7529104 out of 0 bytes used by permanent object pool.
[2017.09.22-21.40.47:986][  0]LogUObjectArray: CloseDisregardForGC: 0/0 objects in disregard for GC pool
[2017.09.22-21.40.48:032][  0]LogInit: WinSock: version 1.1 (2.2), MaxSocks=32767, MaxUdp=65467
[2017.09.22-21.41.05:533][  0]LogTcpMessaging: Initializing TcpMessaging bridge
[2017.09.22-21.41.05:631][  0]LogUdpMessaging: Initializing bridge on interface 0.0.0.0:0 to multicast group 230.0.0.1:6666.
[2017.09.22-21.41.06:619][  0]LogMaterial: Uniform references updated for custom material expression Custom.
[2017.09.22-21.41.07:196][  0]SourceControl: Source control is disabled
[2017.09.22-21.41.07:197][  0]SourceControl: Source control is disabled
[2017.09.22-21.41.07:238][  0]SourceControl: Source control is disabled
[2017.09.22-21.41.07:333][  0]SourceControl: Source control is disabled
