Log file open, 10/04/17 18:09:27
LogWindows: LoadLibraryWithSearchPaths failed for file aqProf.dll. GetLastError=0
LogWindows: LoadLibraryWithSearchPaths failed for file VtuneApi.dll. GetLastError=0
LogWindows: LoadLibraryWithSearchPaths failed for file VtuneApi32e.dll. GetLastError=0
LogInit: Display: Running engine for game: Matter
LogPlatformFile: Not using cached read wrapper
LogInit: Display: RandInit(1851317718) SRandInit(1851317718).
LogTaskGraph: Started task graph with 5 named threads and 8 total threads with 3 sets of task threads.
LogStats: Stats thread started at 0.247253
LogD3D11RHI: Aftermath initialized
LogPluginManager: Mounting plugin Paper2D
LogPluginManager: Mounting plugin LightPropagationVolume
LogPluginManager: Mounting plugin CodeLiteSourceCodeAccess
LogPluginManager: Mounting plugin GitSourceControl
LogPluginManager: Mounting plugin KDevelopSourceCodeAccess
LogPluginManager: Mounting plugin NullSourceCodeAccess
LogPluginManager: Mounting plugin PerforceSourceControl
LogPluginManager: Mounting plugin SubversionSourceControl
LogPluginManager: Mounting plugin UObjectPlugin
LogPluginManager: Mounting plugin VisualStudioSourceCodeAccess
LogPluginManager: Mounting plugin XCodeSourceCodeAccess
LogPluginManager: Mounting plugin AssetManagerEditor
LogPluginManager: Mounting plugin AudioCapture
LogPluginManager: Mounting plugin FacialAnimation
LogPluginManager: Mounting plugin GameplayTagsEditor
LogPluginManager: Mounting plugin MobileLauncherProfileWizard
LogPluginManager: Mounting plugin PluginBrowser
LogPluginManager: Mounting plugin SpeedTreeImporter
LogPluginManager: Mounting plugin AlembicImporter
LogPluginManager: Mounting plugin CharacterAI
LogPluginManager: Mounting plugin HTML5Networking
LogPluginManager: Mounting plugin AndroidMedia
LogPluginManager: Mounting plugin AvfMedia
LogPluginManager: Mounting plugin MediaPlayerEditor
LogPluginManager: Mounting plugin WmfMedia
LogPluginManager: Mounting plugin TcpMessaging
LogPluginManager: Mounting plugin UdpMessaging
LogPluginManager: Mounting plugin LevelSequenceEditor
LogPluginManager: Mounting plugin MatineeToLevelSequence
LogPluginManager: Mounting plugin OnlineSubsystemGooglePlay
LogPluginManager: Mounting plugin OnlineSubsystemIOS
LogPluginManager: Mounting plugin OnlineSubsystem
LogPluginManager: Mounting plugin OnlineSubsystemNull
LogPluginManager: Mounting plugin OnlineSubsystemUtils
LogPluginManager: Mounting plugin AndroidDeviceProfileSelector
LogPluginManager: Mounting plugin AndroidMoviePlayer
LogPluginManager: Mounting plugin AndroidPermission
LogPluginManager: Mounting plugin AppleMoviePlayer
LogPluginManager: Mounting plugin ArchVisCharacter
LogPluginManager: Mounting plugin CableComponent
LogPluginManager: Mounting plugin CustomMeshComponent
LogPluginManager: Mounting plugin ExampleDeviceProfileSelector
LogPluginManager: Mounting plugin GoogleCloudMessaging
LogPluginManager: Mounting plugin ImmediatePhysics
LogPluginManager: Mounting plugin IOSDeviceProfileSelector
LogPluginManager: Mounting plugin LinuxDeviceProfileSelector
LogPluginManager: Mounting plugin LocationServicesBPLibrary
LogPluginManager: Mounting plugin MobilePatchingUtils
LogPluginManager: Mounting plugin OculusVR
LogPluginManager: Mounting plugin PhysXVehicles
LogPluginManager: Mounting plugin ProceduralMeshComponent
LogPluginManager: Mounting plugin RuntimePhysXCooking
LogPluginManager: Mounting plugin SteamVR
LogPluginManager: Mounting plugin WindowsMoviePlayer
LogInit: Using libcurl 7.47.1
LogInit:  - built for x86_64-pc-win32
LogInit:  - supports SSL with OpenSSL/1.0.2g
LogInit:  - supports HTTP deflate (compression) using libz 1.2.8
LogInit:  - other features:
LogInit:      CURL_VERSION_SSL
LogInit:      CURL_VERSION_LIBZ
LogInit:      CURL_VERSION_IPV6
LogInit:      CURL_VERSION_ASYNCHDNS
LogInit:      CURL_VERSION_LARGEFILE
LogInit:      CURL_VERSION_IDN
LogInit:  CurlRequestOptions (configurable via config and command line):
LogInit:  - bVerifyPeer = false  - Libcurl will NOT verify peer certificate
LogInit:  - bUseHttpProxy = false  - Libcurl will NOT use HTTP proxy
LogInit:  - bDontReuseConnections = false  - Libcurl will reuse connections
LogInit:  - CertBundlePath = nullptr  - Libcurl will use whatever was configured at build time.
LogInit: Build: ++UE4+Release-4.17-CL-3586342
LogInit: Engine Version: 4.17.1-3586342+++UE4+Release-4.17
LogInit: Compatible Engine Version: 4.17.0-3573198+++UE4+Release-4.17
LogInit: Net CL: 3573198
LogDevObjectVersion: Number of dev versions registered: 16
LogDevObjectVersion:   Dev-Blueprints (B0D832E4-1F89-4F0D-ACCF-7EB736FD4AA2): 10
LogDevObjectVersion:   Dev-Build (E1C64328-A22C-4D53-A36C-8E866417BD8C): 0
LogDevObjectVersion:   Dev-Core (375EC13C-06E4-48FB-B500-84F0262A717E): 2
LogDevObjectVersion:   Dev-Editor (E4B068ED-F494-42E9-A231-DA0B2E46BB41): 20
LogDevObjectVersion:   Dev-Framework (CFFC743F-43B0-4480-9391-14DF171D2073): 28
LogDevObjectVersion:   Dev-Mobile (B02B49B5-BB20-44E9-A304-32B752E40360): 0
LogDevObjectVersion:   Dev-Networking (A4E4105C-59A1-49B5-A7C5-40C4547EDFEE): 0
LogDevObjectVersion:   Dev-Online (39C831C9-5AE6-47DC-9A44-9C173E1C8E7C): 0
LogDevObjectVersion:   Dev-Physics (78F01B33-EBEA-4F98-B9B4-84EACCB95AA2): 0
LogDevObjectVersion:   Dev-Platform (6631380F-2D4D-43E0-8009-CF276956A95A): 0
LogDevObjectVersion:   Dev-Rendering (12F88B9F-8875-4AFC-A67C-D90C383ABD29): 19
LogDevObjectVersion:   Dev-Sequencer (7B5AE74C-D270-4C10-A958-57980B212A5A): 4
LogDevObjectVersion:   Dev-VR (D7296918-1DD6-4BDD-9DE2-64A83CC13884): 0
LogDevObjectVersion:   Dev-LoadTimes (C2A15278-BFE7-4AFE-6C17-90FF531DF755): 1
LogDevObjectVersion:   Private-Geometry (6EACA3D4-40EC-4CC1-B786-8BED09428FC5): 1
LogDevObjectVersion:   Dev-AnimPhys (29E575DD-E0A3-4627-9D10-D276232CDCEA): 7
LogInit: Compiled (64-bit): Aug 15 2017 02:05:26
LogInit: Compiled with Visual C++: 19.00.24215.01
LogInit: Build Configuration: Development
LogInit: Branch Name: ++UE4+Release-4.17
LogInit: Command line: -EpicPortal 
LogInit: Base directory: D:/UnrealEngine/UE_4.17/Engine/Binaries/Win64/
LogInit: Installed Engine Build: 1
LogInit: Presizing for max 8388607 objects, including 0 objects not considered by GC, pre-allocating 0 bytes for permanent pool.
LogInit: Object subsystem initialized
[2017.10.04-22.09.27:952][  0]LogInit: Selected Device Profile: [Windows]
[2017.10.04-22.09.27:952][  0]LogInit: Applying CVar settings loaded from the selected device profile: [Windows]
[2017.10.04-22.09.27:968][  0]LogInit: Computer: DESKTOP-E54LDI7
[2017.10.04-22.09.27:969][  0]LogInit: User: mack2
[2017.10.04-22.09.27:969][  0]LogInit: CPU Page size=4096, Cores=2
[2017.10.04-22.09.27:969][  0]LogInit: High frequency timer resolution =2.825502 MHz
[2017.10.04-22.09.27:969][  0]LogMemory: Memory total: Physical=7.9GB (8GB approx)
[2017.10.04-22.09.27:969][  0]LogMemory: Platform Memory Stats for Windows
[2017.10.04-22.09.27:969][  0]LogMemory: Process Physical Memory: 276.91 MB used, 276.91 MB peak
[2017.10.04-22.09.27:969][  0]LogMemory: Process Virtual Memory: 276.12 MB used, 276.12 MB peak
[2017.10.04-22.09.27:969][  0]LogMemory: Physical Memory: 5949.23 MB used,  2160.14 MB free, 8109.36 MB total
[2017.10.04-22.09.27:969][  0]LogMemory: Virtual Memory: 666.99 MB used,  2160.14 MB free, 134217728.00 MB total
[2017.10.04-22.09.28:137][  0]LogInit: Using OS detected language (en-US).
[2017.10.04-22.09.28:138][  0]LogInit: Using OS detected locale (en-US).
[2017.10.04-22.09.28:140][  0]LogTextLocalizationManager: No specific localization for 'en-US' exists, so the 'en' localization will be used.
[2017.10.04-22.09.29:021][  0]LogD3D11RHI: D3D11 adapters:
[2017.10.04-22.09.29:908][  0]LogD3D11RHI:    0. 'NVIDIA GeForce GTX 950M' (Feature Level 11_0)
[2017.10.04-22.09.29:908][  0]LogD3D11RHI:       2019/0/4054 MB DedicatedVideo/DedicatedSystem/SharedSystem, Outputs:1, VendorId:0x10de
[2017.10.04-22.09.29:914][  0]LogD3D11RHI:    1. 'Intel(R) HD Graphics 4600' (Feature Level 11_0)
[2017.10.04-22.09.29:914][  0]LogD3D11RHI:       112/0/2048 MB DedicatedVideo/DedicatedSystem/SharedSystem, Outputs:0, VendorId:0x8086
[2017.10.04-22.09.29:916][  0]LogD3D11RHI:    2. 'Microsoft Basic Render Driver' (Feature Level 11_0)
[2017.10.04-22.09.29:916][  0]LogD3D11RHI:       0/0/4054 MB DedicatedVideo/DedicatedSystem/SharedSystem, Outputs:0, VendorId:0x1414
[2017.10.04-22.09.29:916][  0]LogD3D11RHI: Chosen D3D11 Adapter: 0
[2017.10.04-22.09.29:922][  0]LogD3D11RHI: Creating new Direct3DDevice
[2017.10.04-22.09.29:922][  0]LogD3D11RHI:     GPU DeviceId: 0x139a (for the marketing name, search the web for "GPU Device Id")
[2017.10.04-22.09.29:922][  0]LogWindows: EnumDisplayDevices:
[2017.10.04-22.09.29:922][  0]LogWindows:    0. 'Intel(R) HD Graphics 4600' (P:1 D:1)
[2017.10.04-22.09.29:923][  0]LogWindows:    1. 'Intel(R) HD Graphics 4600' (P:0 D:0)
[2017.10.04-22.09.29:923][  0]LogWindows:    2. 'Intel(R) HD Graphics 4600' (P:0 D:0)
[2017.10.04-22.09.29:923][  0]LogWindows: DebugString: PrimaryIsNotTheChoosenAdapter PrimaryIsNotTheChoosenAdapter PrimaryIsNotTheChoosenAdapter FoundDriverCount:0 
[2017.10.04-22.09.29:923][  0]LogD3D11RHI:     Adapter Name: NVIDIA GeForce GTX 950M
[2017.10.04-22.09.29:923][  0]LogD3D11RHI:   Driver Version: Unknown (internal:Unknown, unified:Unknown)
[2017.10.04-22.09.29:923][  0]LogD3D11RHI:      Driver Date: Unknown
[2017.10.04-22.09.29:923][  0]LogRHI: Texture pool is 1361 MB (70% of 1945 MB)
[2017.10.04-22.09.30:750][  0]LogD3D11RHI: Async texture creation enabled
[2017.10.04-22.09.30:910][  0]LogD3D11RHI: GPU Timing Frequency: 1000.000000 (Debug: 2 1)
[2017.10.04-22.09.30:912][  0]LogShaderCompilers: Guid format shader working directory is -11 characters bigger than the processId version (C:/Users/mack2/OneDrive/UMBC/GameDev/ProjectMatter/Matter/Intermediate/Shaders/WorkingDirectory/7180/).
[2017.10.04-22.09.30:912][  0]LogShaderCompilers: Cleaned the shader compiler working directory 'C:/Users/mack2/AppData/Local/Temp/UnrealShaderWorkingDir/052CB979458E1182940E13AEB09AFE26/'.
[2017.10.04-22.09.30:912][  0]LogShaderCompilers: Display: Using Local Shader Compiler.
[2017.10.04-22.09.32:104][  0]LogTemp: Display: Loaded TP AllDesktopTargetPlatform
[2017.10.04-22.09.32:162][  0]LogTemp: Display: Loaded TP MacClientTargetPlatform
[2017.10.04-22.09.32:208][  0]LogTemp: Display: Loaded TP MacNoEditorTargetPlatform
[2017.10.04-22.09.32:254][  0]LogTemp: Display: Loaded TP MacServerTargetPlatform
[2017.10.04-22.09.32:302][  0]LogTemp: Display: Loaded TP MacTargetPlatform
[2017.10.04-22.09.32:351][  0]LogTemp: Display: Loaded TP WindowsClientTargetPlatform
[2017.10.04-22.09.32:406][  0]LogTemp: Display: Loaded TP WindowsNoEditorTargetPlatform
[2017.10.04-22.09.32:455][  0]LogTemp: Display: Loaded TP WindowsServerTargetPlatform
[2017.10.04-22.09.32:495][  0]LogTemp: Display: Loaded TP WindowsTargetPlatform
[2017.10.04-22.09.32:542][  0]LogTemp: Display: Loaded TP AndroidTargetPlatform
[2017.10.04-22.09.32:588][  0]LogTemp: Display: Loaded TP Android_ASTCTargetPlatform
[2017.10.04-22.09.32:634][  0]LogTemp: Display: Loaded TP Android_ATCTargetPlatform
[2017.10.04-22.09.32:681][  0]LogTemp: Display: Loaded TP Android_DXTTargetPlatform
[2017.10.04-22.09.32:726][  0]LogTemp: Display: Loaded TP Android_ETC1TargetPlatform
[2017.10.04-22.09.32:770][  0]LogTemp: Display: Loaded TP Android_ETC2TargetPlatform
[2017.10.04-22.09.32:862][  0]LogTemp: Display: Loaded TP Android_MultiTargetPlatform
[2017.10.04-22.09.32:862][  0]LogTemp: Display: Loaded TP Android_PVRTCTargetPlatform
[2017.10.04-22.09.32:896][  0]LogTemp: Display: Loaded TP HTML5TargetPlatform
[2017.10.04-22.09.32:983][  0]LogTemp: Display: Loaded TP IOSTargetPlatform
[2017.10.04-22.09.33:014][  0]LogTemp: Display: Loaded TP TVOSTargetPlatform
[2017.10.04-22.09.33:057][  0]LogTemp: Display: Loaded TP LinuxClientTargetPlatform
[2017.10.04-22.09.33:101][  0]LogTemp: Display: Loaded TP LinuxNoEditorTargetPlatform
[2017.10.04-22.09.33:156][  0]LogTemp: Display: Loaded TP LinuxServerTargetPlatform
[2017.10.04-22.09.33:200][  0]LogTemp: Display: Loaded TP LinuxTargetPlatform
[2017.10.04-22.09.33:200][  0]LogTargetPlatformManager: Display: Building Assets For Windows
[2017.10.04-22.09.33:635][  0]LogDerivedDataCache: Display: Max Cache Size: 512 MB
[2017.10.04-22.09.33:786][  0]LogDerivedDataCache: Loaded boot cache 0.15s 93MB C:/Users/mack2/AppData/Local/UnrealEngine/4.17/DerivedDataCache/Boot.ddc.
[2017.10.04-22.09.33:787][  0]LogDerivedDataCache: Display: Loaded Boot cache: C:/Users/mack2/AppData/Local/UnrealEngine/4.17/DerivedDataCache/Boot.ddc
[2017.10.04-22.09.33:787][  0]LogDerivedDataCache: FDerivedDataBackendGraph:  Pak pak cache file C:/Users/mack2/OneDrive/UMBC/GameDev/ProjectMatter/Matter/DerivedDataCache/DDC.ddp not found, will not use a pak cache.
[2017.10.04-22.09.33:787][  0]LogDerivedDataCache: Unable to find inner node Pak for hierarchical cache Hierarchy.
[2017.10.04-22.09.33:787][  0]LogDerivedDataCache: FDerivedDataBackendGraph:  CompressedPak pak cache file C:/Users/mack2/OneDrive/UMBC/GameDev/ProjectMatter/Matter/DerivedDataCache/Compressed.ddp not found, will not use a pak cache.
[2017.10.04-22.09.33:787][  0]LogDerivedDataCache: Unable to find inner node CompressedPak for hierarchical cache Hierarchy.
[2017.10.04-22.09.33:805][  0]LogDerivedDataCache: Display: Pak cache opened for reading ../../../Engine/DerivedDataCache/Compressed.ddp.
[2017.10.04-22.09.33:817][  0]LogDerivedDataCache: Using Local data cache path C:/Users/mack2/AppData/Local/UnrealEngine/Common/DerivedDataCache: Writable
[2017.10.04-22.09.33:828][  0]LogMaterial: Verifying Global Shaders for PCD3D_SM5
[2017.10.04-22.09.33:828][  0]LogSlate: Using Freetype 2.6.0
[2017.10.04-22.09.33:829][  0]LogSlate: SlateFontCache - WITH_FREETYPE: 1, WITH_HARFBUZZ: 1
[2017.10.04-22.09.33:829][  0]LogSlate: SlateFontCache - WITH_FREETYPE: 1, WITH_HARFBUZZ: 1
[2017.10.04-22.09.34:138][  0]LogAssetRegistry: FAssetRegistry took 0.0318 seconds to start up
[2017.10.04-22.09.34:301][  0]LogInit: Selected Device Profile: [Windows]
[2017.10.04-22.09.34:487][  0]LogContentStreaming: Texture pool size is 0.00 MB
[2017.10.04-22.09.34:789][  0]LogSimplygon: Simplygon DLL not present - disabling.
[2017.10.04-22.09.34:826][  0]LogMeshReduction: Using SimplygonSwarm for distributed automatic mesh merging
[2017.10.04-22.09.34:826][  0]LogMeshReduction: Using QuadricMeshReduction for automatic static mesh reduction
[2017.10.04-22.09.34:826][  0]LogMeshReduction: No automatic skeletal mesh reduction module available
[2017.10.04-22.09.34:826][  0]LogMeshReduction: No automatic mesh merging module available
[2017.10.04-22.09.34:826][  0]LogMeshMerging: No automatic mesh merging module available
[2017.10.04-22.09.35:268][  0]LogNetVersion: Matter , NetCL: 3573198, EngineNetVer: 2, GameNetVer: 0 (Checksum: 980240421)
[2017.10.04-22.09.35:534][  0]LogPackageLocalizationCache: Processed 5 localized package path(s) for 2 prioritized culture(s) in 0.071361 seconds
[2017.10.04-22.09.35:544][  0]LogUObjectArray: 35825 objects as part of root set at end of initial load.
[2017.10.04-22.09.35:545][  0]LogUObjectAllocator: 7529104 out of 0 bytes used by permanent object pool.
[2017.10.04-22.09.35:545][  0]LogUObjectArray: CloseDisregardForGC: 0/0 objects in disregard for GC pool
[2017.10.04-22.09.35:593][  0]LogInit: WinSock: version 1.1 (2.2), MaxSocks=32767, MaxUdp=65467
[2017.10.04-22.09.38:165][  0]LogTcpMessaging: Initializing TcpMessaging bridge
[2017.10.04-22.09.38:200][  0]LogUdpMessaging: Initializing bridge on interface 0.0.0.0:0 to multicast group 230.0.0.1:6666.
[2017.10.04-22.09.38:798][  0]LogMaterial: Uniform references updated for custom material expression Custom.
[2017.10.04-22.09.39:181][  0]SourceControl: Source control is disabled
[2017.10.04-22.09.39:181][  0]SourceControl: Source control is disabled
[2017.10.04-22.09.39:225][  0]SourceControl: Source control is disabled
[2017.10.04-22.09.39:264][  0]SourceControl: Source control is disabled
[2017.10.04-22.09.39:768][  0]LogAndroidPermission: UAndroidPermissionCallbackProxy::GetInstance
[2017.10.04-22.09.39:977][  0]LogOcInput: OculusInput pre-init called
[2017.10.04-22.09.40:218][  0]LogEngine: Initializing Engine...
[2017.10.04-22.09.40:220][  0]LogHMD: Failed to initialize OpenVR with code 110
[2017.10.04-22.09.40:520][  0]LogStats: UGameplayTagsManager::ConstructGameplayTagTree: Construct from data asset -  0.000 s
[2017.10.04-22.09.40:520][  0]LogStats: UGameplayTagsManager::ConstructGameplayTagTree: GameplayTagTreeChangedEvent.Broadcast -  0.000 s
[2017.10.04-22.09.40:642][  0]LogAIModule: Creating AISystem for world Untitled
[2017.10.04-22.09.40:650][  0]LogInit: XAudio2 using 'Speakers (High Definition Audio Device)' : 2 channels at 44.1 kHz using 16 bits per sample (channel mask 0x3)
[2017.10.04-22.09.40:667][  0]LogInit: FAudioDevice initialized.
[2017.10.04-22.09.40:965][  0]LogDerivedDataCache: Saved boot cache 0.30s 93MB C:/Users/mack2/AppData/Local/UnrealEngine/4.17/DerivedDataCache/Boot.ddc.
[2017.10.04-22.09.41:001][  0]LogInit: Texture streaming: Enabled
[2017.10.04-22.09.41:122][  0]LogEngineSessionManager: EngineSessionManager initialized
[2017.10.04-22.09.41:315][  0]LogInit: Transaction tracking system initialized
[2017.10.04-22.09.41:580][  0]BlueprintLog: New page: Editor Load
[2017.10.04-22.09.42:390][  0]LocalizationService: Localization service is disabled
[2017.10.04-22.09.43:013][  0]LogConsoleResponse: Display: 
[2017.10.04-22.09.43:266][  0]LogCook: Display: Max memory allowance for cook 16384mb min free memory 0mb
[2017.10.04-22.09.43:267][  0]LogCook: Display: Mobile HDR setting 1
[2017.10.04-22.09.43:267][  0]LogGameplayTags: Display: UGameplayTagsManager::DoneAddingNativeTags. DelegateIsBound: 0
[2017.10.04-22.09.43:483][  0]LogFileCache: Scanning file cache for directory 'C:/Users/mack2/OneDrive/UMBC/GameDev/ProjectMatter/Matter/Content/' took 0.02s
[2017.10.04-22.09.44:360][  0]SourceControl: Source control is disabled
[2017.10.04-22.09.44:360][  0]Cmd: MAP LOAD FILE="C:/Users/mack2/OneDrive/UMBC/GameDev/ProjectMatter/Matter/Content/ThirdPersonBP/Maps/ThirdPersonExampleMap.umap" TEMPLATE=0 SHOWPROGRESS=1 FEATURELEVEL=3
[2017.10.04-22.09.44:361][  0]LightingResults: New page: Lighting Build
[2017.10.04-22.09.44:416][  0]MapCheck: New page: Map Check
[2017.10.04-22.09.44:416][  0]LightingResults: New page: Lighting Build
[2017.10.04-22.09.45:378][  0]LogAIModule: Creating AISystem for world ThirdPersonExampleMap
[2017.10.04-22.09.45:418][  0]LogEditorServer: Finished looking for orphan Actors (0.000 secs)
[2017.10.04-22.09.45:467][  0]Cmd: MAP CHECKDEP NOCLEARLOG
[2017.10.04-22.09.45:534][  0]MapCheck: Map check complete: 0 Error(s), 0 Warning(s), took 66.625ms to complete.
[2017.10.04-22.09.45:534][  0]LogFileHelpers: Loading map 'ThirdPersonExampleMap' took 1.173
[2017.10.04-22.09.45:869][  0]LogCollectionManager: Loaded 0 collections in 0.002574 seconds
[2017.10.04-22.09.45:980][  0]LogFileCache: Scanning file cache for directory 'C:/Users/mack2/OneDrive/UMBC/GameDev/ProjectMatter/Matter/Saved/Collections/' took 0.02s
[2017.10.04-22.09.45:980][  0]LogFileCache: Scanning file cache for directory 'C:/Users/mack2/OneDrive/UMBC/GameDev/ProjectMatter/Matter/Content/Developers/mack2/Collections/' took 0.01s
[2017.10.04-22.09.45:980][  0]LogFileCache: Scanning file cache for directory 'C:/Users/mack2/OneDrive/UMBC/GameDev/ProjectMatter/Matter/Content/Collections/' took 0.01s
[2017.10.04-22.09.45:980][  0]LogCollectionManager: Rebuilt the GUID cache for 0 collections in 0.000000 seconds
[2017.10.04-22.09.45:997][  0]LogContentBrowser: Native class hierarchy populated in 0.0169 seconds. Added 2386 classes and 500 folders.
[2017.10.04-22.09.46:081][  0]LogContentBrowser: Native class hierarchy updated for 'WidgetCarousel' in 0.0007 seconds. Added 0 classes and 0 folders.
[2017.10.04-22.09.47:075][  0]LogContentBrowser: Native class hierarchy updated for 'AddContentDialog' in 0.0007 seconds. Added 0 classes and 0 folders.
[2017.10.04-22.09.47:111][  0]LogContentBrowser: Native class hierarchy updated for 'SceneOutliner' in 0.0007 seconds. Added 1 classes and 2 folders.
[2017.10.04-22.09.47:143][  0]LogSlate: Took 0.000217 seconds to synchronously load lazily loaded font '../../../Engine/Content/Slate/Fonts/Roboto-Regular.ttf' (155K)
[2017.10.04-22.09.47:146][  0]LogSlate: Took 0.000269 seconds to synchronously load lazily loaded font '../../../Engine/Content/Slate/Fonts/Roboto-Bold.ttf' (160K)
[2017.10.04-22.09.47:182][  0]LogSlate: Took 0.031362 seconds to synchronously load lazily loaded font '../../../Engine/Content/Editor/Slate/Fonts/FontAwesome.ttf' (139K)
[2017.10.04-22.09.47:323][  0]LogRenderer: Reallocating scene render targets to support 972x436 Format 10 NumSamples 1 (Frame:1).
[2017.10.04-22.09.47:398][  0]LogSlate: Took 0.000348 seconds to synchronously load lazily loaded font '../../../Engine/Content/Slate/Fonts/Roboto-Light.ttf' (159K)
[2017.10.04-22.09.47:611][  0]LogContentBrowser: Native class hierarchy updated for 'HierarchicalLODOutliner' in 0.0008 seconds. Added 1 classes and 2 folders.
[2017.10.04-22.09.47:611][  0]LogLoad: (Engine Initialization) Total time: 22.07 seconds
[2017.10.04-22.09.47:611][  0]LogLoad: (Engine Initialization) Total Blueprint compile time: 0.00 seconds
[2017.10.04-22.09.47:611][  0]LogExternalProfiler: Found external profiler: VSPerf
[2017.10.04-22.09.47:611][  0]LogExternalProfiler: Using external profiler: VSPerf
[2017.10.04-22.09.47:980][  0]LogContentStreaming: Texture pool size now 1000 MB
[2017.10.04-22.09.48:300][  1]LogAssetRegistry: Asset discovery search completed in 14.1846 seconds
[2017.10.04-22.09.48:303][  1]LogCollectionManager: Rebuilt the object cache for 0 collections in 0.000001 seconds (found 0 objects)
[2017.10.04-22.09.48:303][  1]LogCollectionManager: Fixed up redirectors for 0 collections in 0.000057 seconds (updated 0 objects)
[2017.10.04-22.09.48:956][  3]LogSlate: Took 0.000554 seconds to synchronously load lazily loaded font '../../../Engine/Content/Slate/Fonts/Roboto-Light.ttf' (159K)
[2017.10.04-22.10.20:884][671]LogSlate: Took 0.000258 seconds to synchronously load lazily loaded font '../../../Engine/Content/Slate/Fonts/Roboto-Light.ttf' (159K)
[2017.10.04-22.10.21:164][671]LogFactory: FactoryCreateFile: World with FbxSceneImportFactory (0 0 C:/Users/mack2/OneDrive/Documents/OBJ_Robot.obj)
[2017.10.04-22.10.21:739][671]LogFbx: Loading FBX Scene from C:/Users/mack2/OneDrive/Documents/OBJ_Robot.obj
[2017.10.04-22.10.34:829][671]LogFbx: FBX Scene Loaded Succesfully
[2017.10.04-22.10.34:873][671]LogFbx: =================================================
[2017.10.04-22.10.34:873][671]LogFbx: Dumping Node START [Robot] 
[2017.10.04-22.10.34:873][671]LogFbx: 	Total Deformer Count -1852803568.
[2017.10.04-22.10.34:873][671]LogFbx: 	Attribute () Type (4).
[2017.10.04-22.10.34:873][671]LogFbx: 		[Node Attribute Child 1] Robot (Type Mesh).
[2017.10.04-22.10.34:873][671]LogFbx: Dumping Node END [Robot]
[2017.10.04-22.10.34:873][671]LogFbx: =================================================
[2017.10.04-22.10.34:873][671]LogFbx: Dumping Node START [Robot_Head__Axis_1_] 
[2017.10.04-22.10.34:873][671]LogFbx: 	Total Deformer Count -1853064128.
[2017.10.04-22.10.34:873][671]LogFbx: 	Attribute () Type (4).
[2017.10.04-22.10.34:873][671]LogFbx: 		[Node Attribute Child 1] Robot_Head__Axis_1_ (Type Mesh).
[2017.10.04-22.10.34:873][671]LogFbx: Dumping Node END [Robot_Head__Axis_1_]
[2017.10.04-22.10.34:873][671]LogFbx: =================================================
[2017.10.04-22.10.34:873][671]LogFbx: Dumping Node START [Robot_Head__Axis_1__Arm_1__Axis_2_] 
[2017.10.04-22.10.34:873][671]LogFbx: 	Total Deformer Count -1008772352.
[2017.10.04-22.10.34:873][671]LogFbx: 	Attribute () Type (4).
[2017.10.04-22.10.34:873][671]LogFbx: 		[Node Attribute Child 1] Robot_Head__Axis_1__Arm_1__Axis_2_ (Type Mesh).
[2017.10.04-22.10.34:873][671]LogFbx: Dumping Node END [Robot_Head__Axis_1__Arm_1__Axis_2_]
[2017.10.04-22.10.34:873][671]LogFbx: =================================================
[2017.10.04-22.10.34:873][671]LogFbx: Dumping Node START [Robot_Head__Axis_1__Arm_1__Axis_2__Arm_2__Axis_3_] 
[2017.10.04-22.10.34:873][671]LogFbx: 	Total Deformer Count -1853269952.
[2017.10.04-22.10.34:873][671]LogFbx: 	Attribute () Type (4).
[2017.10.04-22.10.34:873][671]LogFbx: 		[Node Attribute Child 1] Robot_Head__Axis_1__Arm_1__Axis_2__Arm_2__Axis_3_ (Type Mesh).
[2017.10.04-22.10.34:873][671]LogFbx: Dumping Node END [Robot_Head__Axis_1__Arm_1__Axis_2__Arm_2__Axis_3_]
[2017.10.04-22.10.34:873][671]LogFbx: =================================================
[2017.10.04-22.10.34:873][671]LogFbx: Dumping Node START [Robot_Head__Axis_1__Arm_1__Axis_2__Arm_2__Axis_3__Arm_3__Axis_4_] 
[2017.10.04-22.10.34:873][671]LogFbx: 	Total Deformer Count -1159214656.
[2017.10.04-22.10.34:873][671]LogFbx: 	Attribute () Type (4).
[2017.10.04-22.10.34:873][671]LogFbx: 		[Node Attribute Child 1] Robot_Head__Axis_1__Arm_1__Axis_2__Arm_2__Axis_3__Arm_3__Axis_4_ (Type Mesh).
[2017.10.04-22.10.34:873][671]LogFbx: Dumping Node END [Robot_Head__Axis_1__Arm_1__Axis_2__Arm_2__Axis_3__Arm_3__Axis_4_]
[2017.10.04-22.10.34:873][671]LogFbx: =================================================
[2017.10.04-22.10.34:873][671]LogFbx: Dumping Node START [Robot_Head__Axis_1__Arm_1__Axis_2__Arm_2__Axis_3__Arm_3__Axis_4__Joint__Axis_5_] 
[2017.10.04-22.10.34:873][671]LogFbx: 	Total Deformer Count -1349921792.
[2017.10.04-22.10.34:873][671]LogFbx: 	Attribute () Type (4).
[2017.10.04-22.10.34:873][671]LogFbx: 		[Node Attribute Child 1] Robot_Head__Axis_1__Arm_1__Axis_2__Arm_2__Axis_3__Arm_3__Axis_4__Joint__Axis_5_ (Type Mesh).
[2017.10.04-22.10.34:873][671]LogFbx: Dumping Node END [Robot_Head__Axis_1__Arm_1__Axis_2__Arm_2__Axis_3__Arm_3__Axis_4__Joint__Axis_5_]
[2017.10.04-22.10.34:873][671]LogFbx: =================================================
[2017.10.04-22.10.34:873][671]LogFbx: Dumping Node START [Robot_Head__Axis_1__Arm_1__Axis_2__Arm_2__Axis_3__Arm_3__Axis_4__Joint__Axis_5__Grasper_base] 
[2017.10.04-22.10.34:873][671]LogFbx: 	Total Deformer Count -1853418112.
[2017.10.04-22.10.34:873][671]LogFbx: 	Attribute () Type (4).
[2017.10.04-22.10.34:873][671]LogFbx: 		[Node Attribute Child 1] Robot_Head__Axis_1__Arm_1__Axis_2__Arm_2__Axis_3__Arm_3__Axis_4__Joint__Axis_5__Grasper_base (Type Mesh).
[2017.10.04-22.10.34:873][671]LogFbx: Dumping Node END [Robot_Head__Axis_1__Arm_1__Axis_2__Arm_2__Axis_3__Arm_3__Axis_4__Joint__Axis_5__Grasper_base]
[2017.10.04-22.10.34:873][671]LogFbx: =================================================
[2017.10.04-22.10.34:873][671]LogFbx: Dumping Node START [Robot_Head__Axis_1__Arm_1__Axis_2__Arm_2__Axis_3__Arm_3__Axis_4__Joint__Axis_5__Grasper_base_grasper_L] 
[2017.10.04-22.10.34:873][671]LogFbx: 	Total Deformer Count -1853418112.
[2017.10.04-22.10.34:873][671]LogFbx: 	Attribute () Type (4).
[2017.10.04-22.10.34:873][671]LogFbx: 		[Node Attribute Child 1] Robot_Head__Axis_1__Arm_1__Axis_2__Arm_2__Axis_3__Arm_3__Axis_4__Joint__Axis_5__Grasper_base_grasper_L (Type Mesh).
[2017.10.04-22.10.34:873][671]LogFbx: Dumping Node END [Robot_Head__Axis_1__Arm_1__Axis_2__Arm_2__Axis_3__Arm_3__Axis_4__Joint__Axis_5__Grasper_base_grasper_L]
[2017.10.04-22.10.34:873][671]LogFbx: =================================================
[2017.10.04-22.10.34:873][671]LogFbx: Dumping Node START [Robot_Head__Axis_1__Arm_1__Axis_2__Arm_2__Axis_3__Arm_3__Axis_4__Joint__Axis_5__Grasper_base_grasper_R] 
[2017.10.04-22.10.34:873][671]LogFbx: 	Total Deformer Count -1853418112.
[2017.10.04-22.10.34:873][671]LogFbx: 	Attribute () Type (4).
[2017.10.04-22.10.34:874][671]LogFbx: 		[Node Attribute Child 1] Robot_Head__Axis_1__Arm_1__Axis_2__Arm_2__Axis_3__Arm_3__Axis_4__Joint__Axis_5__Grasper_base_grasper_R (Type Mesh).
[2017.10.04-22.10.34:874][671]LogFbx: Dumping Node END [Robot_Head__Axis_1__Arm_1__Axis_2__Arm_2__Axis_3__Arm_3__Axis_4__Joint__Axis_5__Grasper_base_grasper_R]
[2017.10.04-22.10.34:874][671]LogFbx: =================================================
[2017.10.04-22.10.34:874][671]LogFbx: Dumping Node START [Robot] 
[2017.10.04-22.10.34:874][671]LogFbx: 	Total Deformer Count -1852806160.
[2017.10.04-22.10.34:874][671]LogFbx: 	Attribute () Type (4).
[2017.10.04-22.10.34:874][671]LogFbx: 		[Node Attribute Child 1] Robot (Type Mesh).
[2017.10.04-22.10.34:874][671]LogFbx: Dumping Node END [Robot]
[2017.10.04-22.10.34:874][671]LogFbx: =================================================
[2017.10.04-22.10.34:874][671]LogFbx: Dumping Node START [Robot_Head__Axis_1_] 
[2017.10.04-22.10.34:874][671]LogFbx: 	Total Deformer Count -1853064704.
[2017.10.04-22.10.34:874][671]LogFbx: 	Attribute () Type (4).
[2017.10.04-22.10.34:874][671]LogFbx: 		[Node Attribute Child 1] Robot_Head__Axis_1_ (Type Mesh).
[2017.10.04-22.10.34:874][671]LogFbx: Dumping Node END [Robot_Head__Axis_1_]
[2017.10.04-22.10.34:874][671]LogFbx: =================================================
[2017.10.04-22.10.34:874][671]LogFbx: Dumping Node START [Robot_Head__Axis_1__Arm_1__Axis_2_] 
[2017.10.04-22.10.34:874][671]LogFbx: 	Total Deformer Count -1008773760.
[2017.10.04-22.10.34:874][671]LogFbx: 	Attribute () Type (4).
[2017.10.04-22.10.34:874][671]LogFbx: 		[Node Attribute Child 1] Robot_Head__Axis_1__Arm_1__Axis_2_ (Type Mesh).
[2017.10.04-22.10.34:874][671]LogFbx: Dumping Node END [Robot_Head__Axis_1__Arm_1__Axis_2_]
[2017.10.04-22.10.34:874][671]LogFbx: =================================================
[2017.10.04-22.10.34:874][671]LogFbx: Dumping Node START [Robot_Head__Axis_1__Arm_1__Axis_2__Arm_2__Axis_3_] 
[2017.10.04-22.10.34:874][671]LogFbx: 	Total Deformer Count -1853270912.
[2017.10.04-22.10.34:874][671]LogFbx: 	Attribute () Type (4).
[2017.10.04-22.10.34:874][671]LogFbx: 		[Node Attribute Child 1] Robot_Head__Axis_1__Arm_1__Axis_2__Arm_2__Axis_3_ (Type Mesh).
[2017.10.04-22.10.34:874][671]LogFbx: Dumping Node END [Robot_Head__Axis_1__Arm_1__Axis_2__Arm_2__Axis_3_]
[2017.10.04-22.10.34:874][671]LogFbx: =================================================
[2017.10.04-22.10.34:874][671]LogFbx: Dumping Node START [Robot_Head__Axis_1__Arm_1__Axis_2__Arm_2__Axis_3__Arm_3__Axis_4_] 
[2017.10.04-22.10.34:874][671]LogFbx: 	Total Deformer Count -1159215328.
[2017.10.04-22.10.34:874][671]LogFbx: 	Attribute () Type (4).
[2017.10.04-22.10.34:874][671]LogFbx: 		[Node Attribute Child 1] Robot_Head__Axis_1__Arm_1__Axis_2__Arm_2__Axis_3__Arm_3__Axis_4_ (Type Mesh).
[2017.10.04-22.10.34:874][671]LogFbx: Dumping Node END [Robot_Head__Axis_1__Arm_1__Axis_2__Arm_2__Axis_3__Arm_3__Axis_4_]
[2017.10.04-22.10.34:874][671]LogFbx: =================================================
[2017.10.04-22.10.34:874][671]LogFbx: Dumping Node START [Robot_Head__Axis_1__Arm_1__Axis_2__Arm_2__Axis_3__Arm_3__Axis_4__Joint__Axis_5_] 
[2017.10.04-22.10.34:874][671]LogFbx: 	Total Deformer Count 47577600.
[2017.10.04-22.10.34:874][671]LogFbx: 	Attribute () Type (4).
[2017.10.04-22.10.34:874][671]LogFbx: 		[Node Attribute Child 1] Robot_Head__Axis_1__Arm_1__Axis_2__Arm_2__Axis_3__Arm_3__Axis_4__Joint__Axis_5_ (Type Mesh).
[2017.10.04-22.10.34:874][671]LogFbx: Dumping Node END [Robot_Head__Axis_1__Arm_1__Axis_2__Arm_2__Axis_3__Arm_3__Axis_4__Joint__Axis_5_]
[2017.10.04-22.10.34:874][671]LogFbx: =================================================
[2017.10.04-22.10.34:874][671]LogFbx: Dumping Node START [Robot_Head__Axis_1__Arm_1__Axis_2__Arm_2__Axis_3__Arm_3__Axis_4__Joint__Axis_5__Grasper_base] 
[2017.10.04-22.10.34:874][671]LogFbx: 	Total Deformer Count -1853420672.
[2017.10.04-22.10.34:874][671]LogFbx: 	Attribute () Type (4).
[2017.10.04-22.10.34:874][671]LogFbx: 		[Node Attribute Child 1] Robot_Head__Axis_1__Arm_1__Axis_2__Arm_2__Axis_3__Arm_3__Axis_4__Joint__Axis_5__Grasper_base (Type Mesh).
[2017.10.04-22.10.34:874][671]LogFbx: Dumping Node END [Robot_Head__Axis_1__Arm_1__Axis_2__Arm_2__Axis_3__Arm_3__Axis_4__Joint__Axis_5__Grasper_base]
[2017.10.04-22.10.34:874][671]LogFbx: =================================================
[2017.10.04-22.10.34:874][671]LogFbx: Dumping Node START [Robot_Head__Axis_1__Arm_1__Axis_2__Arm_2__Axis_3__Arm_3__Axis_4__Joint__Axis_5__Grasper_base_grasper_L] 
[2017.10.04-22.10.34:874][671]LogFbx: 	Total Deformer Count -1853420672.
[2017.10.04-22.10.34:874][671]LogFbx: 	Attribute () Type (4).
[2017.10.04-22.10.34:874][671]LogFbx: 		[Node Attribute Child 1] Robot_Head__Axis_1__Arm_1__Axis_2__Arm_2__Axis_3__Arm_3__Axis_4__Joint__Axis_5__Grasper_base_grasper_L (Type Mesh).
[2017.10.04-22.10.34:874][671]LogFbx: Dumping Node END [Robot_Head__Axis_1__Arm_1__Axis_2__Arm_2__Axis_3__Arm_3__Axis_4__Joint__Axis_5__Grasper_base_grasper_L]
[2017.10.04-22.10.34:874][671]LogFbx: =================================================
[2017.10.04-22.10.34:874][671]LogFbx: Dumping Node START [Robot_Head__Axis_1__Arm_1__Axis_2__Arm_2__Axis_3__Arm_3__Axis_4__Joint__Axis_5__Grasper_base_grasper_R] 
[2017.10.04-22.10.34:874][671]LogFbx: 	Total Deformer Count -1853420672.
[2017.10.04-22.10.34:874][671]LogFbx: 	Attribute () Type (4).
[2017.10.04-22.10.34:874][671]LogFbx: 		[Node Attribute Child 1] Robot_Head__Axis_1__Arm_1__Axis_2__Arm_2__Axis_3__Arm_3__Axis_4__Joint__Axis_5__Grasper_base_grasper_R (Type Mesh).
[2017.10.04-22.10.34:874][671]LogFbx: Dumping Node END [Robot_Head__Axis_1__Arm_1__Axis_2__Arm_2__Axis_3__Arm_3__Axis_4__Joint__Axis_5__Grasper_base_grasper_R]
[2017.10.04-22.10.34:874][671]LogFbx: =================================================
[2017.10.04-22.10.34:874][671]LogFbx: Dumping Node START [Robot] 
[2017.10.04-22.10.34:874][671]LogFbx: 	Total Deformer Count -1852808752.
[2017.10.04-22.10.34:874][671]LogFbx: 	Attribute () Type (4).
[2017.10.04-22.10.34:874][671]LogFbx: 		[Node Attribute Child 1] Robot (Type Mesh).
[2017.10.04-22.10.34:874][671]LogFbx: Dumping Node END [Robot]
[2017.10.04-22.10.34:874][671]LogFbx: =================================================
[2017.10.04-22.10.34:874][671]LogFbx: Dumping Node START [Robot_Head__Axis_1_] 
[2017.10.04-22.10.34:874][671]LogFbx: 	Total Deformer Count -1853069312.
[2017.10.04-22.10.34:874][671]LogFbx: 	Attribute () Type (4).
[2017.10.04-22.10.34:874][671]LogFbx: 		[Node Attribute Child 1] Robot_Head__Axis_1_ (Type Mesh).
[2017.10.04-22.10.34:874][671]LogFbx: Dumping Node END [Robot_Head__Axis_1_]
[2017.10.04-22.10.34:874][671]LogFbx: =================================================
[2017.10.04-22.10.34:874][671]LogFbx: Dumping Node START [Robot_Head__Axis_1__Arm_1__Axis_2_] 
[2017.10.04-22.10.34:874][671]LogFbx: 	Total Deformer Count -1008775168.
[2017.10.04-22.10.34:874][671]LogFbx: 	Attribute () Type (4).
[2017.10.04-22.10.34:874][671]LogFbx: 		[Node Attribute Child 1] Robot_Head__Axis_1__Arm_1__Axis_2_ (Type Mesh).
[2017.10.04-22.10.34:874][671]LogFbx: Dumping Node END [Robot_Head__Axis_1__Arm_1__Axis_2_]
[2017.10.04-22.10.34:874][671]LogFbx: =================================================
[2017.10.04-22.10.34:875][671]LogFbx: Dumping Node START [Robot_Head__Axis_1__Arm_1__Axis_2__Arm_2__Axis_3_] 
[2017.10.04-22.10.34:875][671]LogFbx: 	Total Deformer Count -1853271680.
[2017.10.04-22.10.34:875][671]LogFbx: 	Attribute () Type (4).
[2017.10.04-22.10.34:875][671]LogFbx: 		[Node Attribute Child 1] Robot_Head__Axis_1__Arm_1__Axis_2__Arm_2__Axis_3_ (Type Mesh).
[2017.10.04-22.10.34:875][671]LogFbx: Dumping Node END [Robot_Head__Axis_1__Arm_1__Axis_2__Arm_2__Axis_3_]
[2017.10.04-22.10.34:875][671]LogFbx: =================================================
[2017.10.04-22.10.34:875][671]LogFbx: Dumping Node START [Robot_Head__Axis_1__Arm_1__Axis_2__Arm_2__Axis_3__Arm_3__Axis_4_] 
[2017.10.04-22.10.34:875][671]LogFbx: 	Total Deformer Count -1159216000.
[2017.10.04-22.10.34:875][671]LogFbx: 	Attribute () Type (4).
[2017.10.04-22.10.34:875][671]LogFbx: 		[Node Attribute Child 1] Robot_Head__Axis_1__Arm_1__Axis_2__Arm_2__Axis_3__Arm_3__Axis_4_ (Type Mesh).
[2017.10.04-22.10.34:875][671]LogFbx: Dumping Node END [Robot_Head__Axis_1__Arm_1__Axis_2__Arm_2__Axis_3__Arm_3__Axis_4_]
[2017.10.04-22.10.34:875][671]LogFbx: =================================================
[2017.10.04-22.10.34:875][671]LogFbx: Dumping Node START [Robot_Head__Axis_1__Arm_1__Axis_2__Arm_2__Axis_3__Arm_3__Axis_4__Joint__Axis_5_] 
[2017.10.04-22.10.34:875][671]LogFbx: 	Total Deformer Count 47576832.
[2017.10.04-22.10.34:875][671]LogFbx: 	Attribute () Type (4).
[2017.10.04-22.10.34:875][671]LogFbx: 		[Node Attribute Child 1] Robot_Head__Axis_1__Arm_1__Axis_2__Arm_2__Axis_3__Arm_3__Axis_4__Joint__Axis_5_ (Type Mesh).
[2017.10.04-22.10.34:875][671]LogFbx: Dumping Node END [Robot_Head__Axis_1__Arm_1__Axis_2__Arm_2__Axis_3__Arm_3__Axis_4__Joint__Axis_5_]
[2017.10.04-22.10.34:875][671]LogFbx: =================================================
[2017.10.04-22.10.34:875][671]LogFbx: Dumping Node START [Robot_Head__Axis_1__Arm_1__Axis_2__Arm_2__Axis_3__Arm_3__Axis_4__Joint__Axis_5__Grasper_base] 
[2017.10.04-22.10.34:875][671]LogFbx: 	Total Deformer Count -1853423232.
[2017.10.04-22.10.34:875][671]LogFbx: 	Attribute () Type (4).
[2017.10.04-22.10.34:875][671]LogFbx: 		[Node Attribute Child 1] Robot_Head__Axis_1__Arm_1__Axis_2__Arm_2__Axis_3__Arm_3__Axis_4__Joint__Axis_5__Grasper_base (Type Mesh).
[2017.10.04-22.10.34:875][671]LogFbx: Dumping Node END [Robot_Head__Axis_1__Arm_1__Axis_2__Arm_2__Axis_3__Arm_3__Axis_4__Joint__Axis_5__Grasper_base]
[2017.10.04-22.10.34:875][671]LogFbx: =================================================
[2017.10.04-22.10.34:875][671]LogFbx: Dumping Node START [Robot_Head__Axis_1__Arm_1__Axis_2__Arm_2__Axis_3__Arm_3__Axis_4__Joint__Axis_5__Grasper_base_grasper_L] 
[2017.10.04-22.10.34:875][671]LogFbx: 	Total Deformer Count -1853423232.
[2017.10.04-22.10.34:875][671]LogFbx: 	Attribute () Type (4).
[2017.10.04-22.10.34:875][671]LogFbx: 		[Node Attribute Child 1] Robot_Head__Axis_1__Arm_1__Axis_2__Arm_2__Axis_3__Arm_3__Axis_4__Joint__Axis_5__Grasper_base_grasper_L (Type Mesh).
[2017.10.04-22.10.34:875][671]LogFbx: Dumping Node END [Robot_Head__Axis_1__Arm_1__Axis_2__Arm_2__Axis_3__Arm_3__Axis_4__Joint__Axis_5__Grasper_base_grasper_L]
[2017.10.04-22.10.34:875][671]LogFbx: =================================================
[2017.10.04-22.10.34:875][671]LogFbx: Dumping Node START [Robot_Head__Axis_1__Arm_1__Axis_2__Arm_2__Axis_3__Arm_3__Axis_4__Joint__Axis_5__Grasper_base_grasper_R] 
[2017.10.04-22.10.34:875][671]LogFbx: 	Total Deformer Count -1163654272.
[2017.10.04-22.10.34:875][671]LogFbx: 	Attribute () Type (4).
[2017.10.04-22.10.34:875][671]LogFbx: 		[Node Attribute Child 1] Robot_Head__Axis_1__Arm_1__Axis_2__Arm_2__Axis_3__Arm_3__Axis_4__Joint__Axis_5__Grasper_base_grasper_R (Type Mesh).
[2017.10.04-22.10.34:875][671]LogFbx: Dumping Node END [Robot_Head__Axis_1__Arm_1__Axis_2__Arm_2__Axis_3__Arm_3__Axis_4__Joint__Axis_5__Grasper_base_grasper_R]
[2017.10.04-22.10.42:928][671]LogLinker: Can't find file '/Game/Mannequin/Character/RobotMat'
[2017.10.04-22.10.42:928][671]LogLinker: Can't find file '/Game/Mannequin/Character/RobotMat'
[2017.10.04-22.10.42:929][671]LogLinker: Can't find file '/Game/Mannequin/Character/RobotMat'
[2017.10.04-22.10.42:930][671]LogLinker: Can't find file '/Game/Mannequin/Character/Robot_Head__Axis_1_Mat'
[2017.10.04-22.10.42:930][671]LogLinker: Can't find file '/Game/Mannequin/Character/Robot_Head__Axis_1_Mat'
[2017.10.04-22.10.42:930][671]LogLinker: Can't find file '/Game/Mannequin/Character/Robot_Head__Axis_1_Mat'
[2017.10.04-22.10.42:931][671]LogLinker: Can't find file '/Game/Mannequin/Character/Robot_Head__Axis_1__Arm_1__Axis_2_Mat'
[2017.10.04-22.10.42:931][671]LogLinker: Can't find file '/Game/Mannequin/Character/Robot_Head__Axis_1__Arm_1__Axis_2_Mat'
[2017.10.04-22.10.42:931][671]LogLinker: Can't find file '/Game/Mannequin/Character/Robot_Head__Axis_1__Arm_1__Axis_2_Mat'
[2017.10.04-22.10.42:931][671]LogLinker: Can't find file '/Game/Mannequin/Character/Robot_Head__Axis_1__Arm_1__Axis_2__Arm_2__Axis_3_Mat'
[2017.10.04-22.10.42:932][671]LogLinker: Can't find file '/Game/Mannequin/Character/Robot_Head__Axis_1__Arm_1__Axis_2__Arm_2__Axis_3_Mat'
[2017.10.04-22.10.42:932][671]LogLinker: Can't find file '/Game/Mannequin/Character/Robot_Head__Axis_1__Arm_1__Axis_2__Arm_2__Axis_3_Mat'
[2017.10.04-22.10.42:932][671]LogLinker: Can't find file '/Game/Mannequin/Character/Robot_Head__Axis_1__Arm_1__Axis_2__Arm_2__Axis_3__Arm_3__Axis_4_Mat'
[2017.10.04-22.10.42:932][671]LogLinker: Can't find file '/Game/Mannequin/Character/Robot_Head__Axis_1__Arm_1__Axis_2__Arm_2__Axis_3__Arm_3__Axis_4_Mat'
[2017.10.04-22.10.42:933][671]LogLinker: Can't find file '/Game/Mannequin/Character/Robot_Head__Axis_1__Arm_1__Axis_2__Arm_2__Axis_3__Arm_3__Axis_4_Mat'
[2017.10.04-22.10.42:933][671]LogLinker: Can't find file '/Game/Mannequin/Character/Robot_Head__Axis_1__Arm_1__Axis_2__Arm_2__Axis_3__Arm_3__Axis_4__Joint__Axis_5_Mat'
[2017.10.04-22.10.42:933][671]LogLinker: Can't find file '/Game/Mannequin/Character/Robot_Head__Axis_1__Arm_1__Axis_2__Arm_2__Axis_3__Arm_3__Axis_4__Joint__Axis_5_Mat'
[2017.10.04-22.10.42:933][671]LogLinker: Can't find file '/Game/Mannequin/Character/Robot_Head__Axis_1__Arm_1__Axis_2__Arm_2__Axis_3__Arm_3__Axis_4__Joint__Axis_5_Mat'
[2017.10.04-22.10.42:934][671]LogLinker: Can't find file '/Game/Mannequin/Character/Robot_Head__Axis_1__Arm_1__Axis_2__Arm_2__Axis_3__Arm_3__Axis_4__Joint__Axis_5__Grasper_baseMat'
[2017.10.04-22.10.42:934][671]LogLinker: Can't find file '/Game/Mannequin/Character/Robot_Head__Axis_1__Arm_1__Axis_2__Arm_2__Axis_3__Arm_3__Axis_4__Joint__Axis_5__Grasper_baseMat'
[2017.10.04-22.10.42:935][671]LogLinker: Can't find file '/Game/Mannequin/Character/Robot_Head__Axis_1__Arm_1__Axis_2__Arm_2__Axis_3__Arm_3__Axis_4__Joint__Axis_5__Grasper_baseMat'
[2017.10.04-22.10.42:936][671]LogLinker: Can't find file '/Game/Mannequin/Character/Robot_Head__Axis_1__Arm_1__Axis_2__Arm_2__Axis_3__Arm_3__Axis_4__Joint__Axis_5__Grasper_base_grasper_LMat'
[2017.10.04-22.10.42:936][671]LogLinker: Can't find file '/Game/Mannequin/Character/Robot_Head__Axis_1__Arm_1__Axis_2__Arm_2__Axis_3__Arm_3__Axis_4__Joint__Axis_5__Grasper_base_grasper_LMat'
[2017.10.04-22.10.42:936][671]LogLinker: Can't find file '/Game/Mannequin/Character/Robot_Head__Axis_1__Arm_1__Axis_2__Arm_2__Axis_3__Arm_3__Axis_4__Joint__Axis_5__Grasper_base_grasper_LMat'
[2017.10.04-22.10.42:937][671]LogLinker: Can't find file '/Game/Mannequin/Character/Robot_Head__Axis_1__Arm_1__Axis_2__Arm_2__Axis_3__Arm_3__Axis_4__Joint__Axis_5__Grasper_base_grasper_RMat'
[2017.10.04-22.10.42:937][671]LogLinker: Can't find file '/Game/Mannequin/Character/Robot_Head__Axis_1__Arm_1__Axis_2__Arm_2__Axis_3__Arm_3__Axis_4__Joint__Axis_5__Grasper_base_grasper_RMat'
[2017.10.04-22.10.42:937][671]LogLinker: Can't find file '/Game/Mannequin/Character/Robot_Head__Axis_1__Arm_1__Axis_2__Arm_2__Axis_3__Arm_3__Axis_4__Joint__Axis_5__Grasper_base_grasper_RMat'
[2017.10.04-22.10.51:309][671]LogFbx: =================================================
[2017.10.04-22.10.51:309][671]LogFbx: Dumping Node START [Robot] 
[2017.10.04-22.10.51:309][671]LogFbx: 	Total Deformer Count 49617392.
[2017.10.04-22.10.51:309][671]LogFbx: 	Attribute () Type (4).
[2017.10.04-22.10.51:309][671]LogFbx: 		[Node Attribute Child 1] Robot (Type Mesh).
[2017.10.04-22.10.51:309][671]LogFbx: Dumping Node END [Robot]
[2017.10.04-22.10.51:309][671]LogFbx: =================================================
[2017.10.04-22.10.51:309][671]LogFbx: Dumping Node START [Robot_Head__Axis_1_] 
[2017.10.04-22.10.51:309][671]LogFbx: 	Total Deformer Count -2058161920.
[2017.10.04-22.10.51:309][671]LogFbx: 	Attribute () Type (4).
[2017.10.04-22.10.51:309][671]LogFbx: 		[Node Attribute Child 1] Robot_Head__Axis_1_ (Type Mesh).
[2017.10.04-22.10.51:309][671]LogFbx: Dumping Node END [Robot_Head__Axis_1_]
[2017.10.04-22.10.51:309][671]LogFbx: =================================================
[2017.10.04-22.10.51:309][671]LogFbx: Dumping Node START [Robot_Head__Axis_1__Arm_1__Axis_2_] 
[2017.10.04-22.10.51:309][671]LogFbx: 	Total Deformer Count -2058929152.
[2017.10.04-22.10.51:309][671]LogFbx: 	Attribute () Type (4).
[2017.10.04-22.10.51:309][671]LogFbx: 		[Node Attribute Child 1] Robot_Head__Axis_1__Arm_1__Axis_2_ (Type Mesh).
[2017.10.04-22.10.51:309][671]LogFbx: Dumping Node END [Robot_Head__Axis_1__Arm_1__Axis_2_]
[2017.10.04-22.10.51:309][671]LogFbx: =================================================
[2017.10.04-22.10.51:309][671]LogFbx: Dumping Node START [Robot_Head__Axis_1__Arm_1__Axis_2__Arm_2__Axis_3_] 
[2017.10.04-22.10.51:309][671]LogFbx: 	Total Deformer Count 50035776.
[2017.10.04-22.10.51:309][671]LogFbx: 	Attribute () Type (4).
[2017.10.04-22.10.51:309][671]LogFbx: 		[Node Attribute Child 1] Robot_Head__Axis_1__Arm_1__Axis_2__Arm_2__Axis_3_ (Type Mesh).
[2017.10.04-22.10.51:309][671]LogFbx: Dumping Node END [Robot_Head__Axis_1__Arm_1__Axis_2__Arm_2__Axis_3_]
[2017.10.04-22.10.51:309][671]LogFbx: =================================================
[2017.10.04-22.10.51:309][671]LogFbx: Dumping Node START [Robot_Head__Axis_1__Arm_1__Axis_2__Arm_2__Axis_3__Arm_3__Axis_4_] 
[2017.10.04-22.10.51:309][671]LogFbx: 	Total Deformer Count -1349476224.
[2017.10.04-22.10.51:309][671]LogFbx: 	Attribute () Type (4).
[2017.10.04-22.10.51:309][671]LogFbx: 		[Node Attribute Child 1] Robot_Head__Axis_1__Arm_1__Axis_2__Arm_2__Axis_3__Arm_3__Axis_4_ (Type Mesh).
[2017.10.04-22.10.51:309][671]LogFbx: Dumping Node END [Robot_Head__Axis_1__Arm_1__Axis_2__Arm_2__Axis_3__Arm_3__Axis_4_]
[2017.10.04-22.10.51:309][671]LogFbx: =================================================
[2017.10.04-22.10.51:309][671]LogFbx: Dumping Node START [Robot_Head__Axis_1__Arm_1__Axis_2__Arm_2__Axis_3__Arm_3__Axis_4__Joint__Axis_5_] 
[2017.10.04-22.10.51:309][671]LogFbx: 	Total Deformer Count -1005965056.
[2017.10.04-22.10.51:309][671]LogFbx: 	Attribute () Type (4).
[2017.10.04-22.10.51:309][671]LogFbx: 		[Node Attribute Child 1] Robot_Head__Axis_1__Arm_1__Axis_2__Arm_2__Axis_3__Arm_3__Axis_4__Joint__Axis_5_ (Type Mesh).
[2017.10.04-22.10.51:309][671]LogFbx: Dumping Node END [Robot_Head__Axis_1__Arm_1__Axis_2__Arm_2__Axis_3__Arm_3__Axis_4__Joint__Axis_5_]
[2017.10.04-22.10.51:309][671]LogFbx: =================================================
[2017.10.04-22.10.51:309][671]LogFbx: Dumping Node START [Robot_Head__Axis_1__Arm_1__Axis_2__Arm_2__Axis_3__Arm_3__Axis_4__Joint__Axis_5__Grasper_base] 
[2017.10.04-22.10.51:309][671]LogFbx: 	Total Deformer Count -2058021504.
[2017.10.04-22.10.51:309][671]LogFbx: 	Attribute () Type (4).
[2017.10.04-22.10.51:309][671]LogFbx: 		[Node Attribute Child 1] Robot_Head__Axis_1__Arm_1__Axis_2__Arm_2__Axis_3__Arm_3__Axis_4__Joint__Axis_5__Grasper_base (Type Mesh).
[2017.10.04-22.10.51:309][671]LogFbx: Dumping Node END [Robot_Head__Axis_1__Arm_1__Axis_2__Arm_2__Axis_3__Arm_3__Axis_4__Joint__Axis_5__Grasper_base]
[2017.10.04-22.10.51:309][671]LogFbx: =================================================
[2017.10.04-22.10.51:309][671]LogFbx: Dumping Node START [Robot_Head__Axis_1__Arm_1__Axis_2__Arm_2__Axis_3__Arm_3__Axis_4__Joint__Axis_5__Grasper_base_grasper_L] 
[2017.10.04-22.10.51:310][671]LogFbx: 	Total Deformer Count -2058021504.
[2017.10.04-22.10.51:310][671]LogFbx: 	Attribute () Type (4).
[2017.10.04-22.10.51:310][671]LogFbx: 		[Node Attribute Child 1] Robot_Head__Axis_1__Arm_1__Axis_2__Arm_2__Axis_3__Arm_3__Axis_4__Joint__Axis_5__Grasper_base_grasper_L (Type Mesh).
[2017.10.04-22.10.51:310][671]LogFbx: Dumping Node END [Robot_Head__Axis_1__Arm_1__Axis_2__Arm_2__Axis_3__Arm_3__Axis_4__Joint__Axis_5__Grasper_base_grasper_L]
[2017.10.04-22.10.51:310][671]LogFbx: =================================================
[2017.10.04-22.10.51:310][671]LogFbx: Dumping Node START [Robot_Head__Axis_1__Arm_1__Axis_2__Arm_2__Axis_3__Arm_3__Axis_4__Joint__Axis_5__Grasper_base_grasper_R] 
[2017.10.04-22.10.51:310][671]LogFbx: 	Total Deformer Count -2058021504.
[2017.10.04-22.10.51:310][671]LogFbx: 	Attribute () Type (4).
[2017.10.04-22.10.51:310][671]LogFbx: 		[Node Attribute Child 1] Robot_Head__Axis_1__Arm_1__Axis_2__Arm_2__Axis_3__Arm_3__Axis_4__Joint__Axis_5__Grasper_base_grasper_R (Type Mesh).
[2017.10.04-22.10.51:310][671]LogFbx: Dumping Node END [Robot_Head__Axis_1__Arm_1__Axis_2__Arm_2__Axis_3__Arm_3__Axis_4__Joint__Axis_5__Grasper_base_grasper_R]
[2017.10.04-22.10.51:310][671]LogFbx: =================================================
[2017.10.04-22.10.51:310][671]LogFbx: Dumping Node START [Robot] 
[2017.10.04-22.10.51:310][671]LogFbx: 	Total Deformer Count 49620752.
[2017.10.04-22.10.51:310][671]LogFbx: 	Attribute () Type (4).
[2017.10.04-22.10.51:310][671]LogFbx: 		[Node Attribute Child 1] Robot (Type Mesh).
[2017.10.04-22.10.51:310][671]LogFbx: Dumping Node END [Robot]
[2017.10.04-22.10.51:310][671]LogFbx: =================================================
[2017.10.04-22.10.51:310][671]LogFbx: Dumping Node START [Robot_Head__Axis_1_] 
[2017.10.04-22.10.51:310][671]LogFbx: 	Total Deformer Count -2058160288.
[2017.10.04-22.10.51:310][671]LogFbx: 	Attribute () Type (4).
[2017.10.04-22.10.51:310][671]LogFbx: 		[Node Attribute Child 1] Robot_Head__Axis_1_ (Type Mesh).
[2017.10.04-22.10.51:310][671]LogFbx: Dumping Node END [Robot_Head__Axis_1_]
[2017.10.04-22.10.51:310][671]LogFbx: =================================================
[2017.10.04-22.10.51:310][671]LogFbx: Dumping Node START [Robot_Head__Axis_1__Arm_1__Axis_2_] 
[2017.10.04-22.10.51:310][671]LogFbx: 	Total Deformer Count -2058930560.
[2017.10.04-22.10.51:310][671]LogFbx: 	Attribute () Type (4).
[2017.10.04-22.10.51:310][671]LogFbx: 		[Node Attribute Child 1] Robot_Head__Axis_1__Arm_1__Axis_2_ (Type Mesh).
[2017.10.04-22.10.51:310][671]LogFbx: Dumping Node END [Robot_Head__Axis_1__Arm_1__Axis_2_]
[2017.10.04-22.10.51:310][671]LogFbx: =================================================
[2017.10.04-22.10.51:310][671]LogFbx: Dumping Node START [Robot_Head__Axis_1__Arm_1__Axis_2__Arm_2__Axis_3_] 
[2017.10.04-22.10.51:310][671]LogFbx: 	Total Deformer Count 50035200.
[2017.10.04-22.10.51:310][671]LogFbx: 	Attribute () Type (4).
[2017.10.04-22.10.51:310][671]LogFbx: 		[Node Attribute Child 1] Robot_Head__Axis_1__Arm_1__Axis_2__Arm_2__Axis_3_ (Type Mesh).
[2017.10.04-22.10.51:310][671]LogFbx: Dumping Node END [Robot_Head__Axis_1__Arm_1__Axis_2__Arm_2__Axis_3_]
[2017.10.04-22.10.51:310][671]LogFbx: =================================================
[2017.10.04-22.10.51:310][671]LogFbx: Dumping Node START [Robot_Head__Axis_1__Arm_1__Axis_2__Arm_2__Axis_3__Arm_3__Axis_4_] 
[2017.10.04-22.10.51:310][671]LogFbx: 	Total Deformer Count -1349474880.
[2017.10.04-22.10.51:310][671]LogFbx: 	Attribute () Type (4).
[2017.10.04-22.10.51:310][671]LogFbx: 		[Node Attribute Child 1] Robot_Head__Axis_1__Arm_1__Axis_2__Arm_2__Axis_3__Arm_3__Axis_4_ (Type Mesh).
[2017.10.04-22.10.51:310][671]LogFbx: Dumping Node END [Robot_Head__Axis_1__Arm_1__Axis_2__Arm_2__Axis_3__Arm_3__Axis_4_]
[2017.10.04-22.10.51:310][671]LogFbx: =================================================
[2017.10.04-22.10.51:310][671]LogFbx: Dumping Node START [Robot_Head__Axis_1__Arm_1__Axis_2__Arm_2__Axis_3__Arm_3__Axis_4__Joint__Axis_5_] 
[2017.10.04-22.10.51:310][671]LogFbx: 	Total Deformer Count -1005964800.
[2017.10.04-22.10.51:310][671]LogFbx: 	Attribute () Type (4).
[2017.10.04-22.10.51:310][671]LogFbx: 		[Node Attribute Child 1] Robot_Head__Axis_1__Arm_1__Axis_2__Arm_2__Axis_3__Arm_3__Axis_4__Joint__Axis_5_ (Type Mesh).
[2017.10.04-22.10.51:310][671]LogFbx: Dumping Node END [Robot_Head__Axis_1__Arm_1__Axis_2__Arm_2__Axis_3__Arm_3__Axis_4__Joint__Axis_5_]
[2017.10.04-22.10.51:310][671]LogFbx: =================================================
[2017.10.04-22.10.51:310][671]LogFbx: Dumping Node START [Robot_Head__Axis_1__Arm_1__Axis_2__Arm_2__Axis_3__Arm_3__Axis_4__Joint__Axis_5__Grasper_base] 
[2017.10.04-22.10.51:310][671]LogFbx: 	Total Deformer Count -2058019264.
[2017.10.04-22.10.51:310][671]LogFbx: 	Attribute () Type (4).
[2017.10.04-22.10.51:310][671]LogFbx: 		[Node Attribute Child 1] Robot_Head__Axis_1__Arm_1__Axis_2__Arm_2__Axis_3__Arm_3__Axis_4__Joint__Axis_5__Grasper_base (Type Mesh).
[2017.10.04-22.10.51:310][671]LogFbx: Dumping Node END [Robot_Head__Axis_1__Arm_1__Axis_2__Arm_2__Axis_3__Arm_3__Axis_4__Joint__Axis_5__Grasper_base]
[2017.10.04-22.10.51:310][671]LogFbx: =================================================
[2017.10.04-22.10.51:310][671]LogFbx: Dumping Node START [Robot_Head__Axis_1__Arm_1__Axis_2__Arm_2__Axis_3__Arm_3__Axis_4__Joint__Axis_5__Grasper_base_grasper_L] 
[2017.10.04-22.10.51:310][671]LogFbx: 	Total Deformer Count -2058019264.
[2017.10.04-22.10.51:310][671]LogFbx: 	Attribute () Type (4).
[2017.10.04-22.10.51:310][671]LogFbx: 		[Node Attribute Child 1] Robot_Head__Axis_1__Arm_1__Axis_2__Arm_2__Axis_3__Arm_3__Axis_4__Joint__Axis_5__Grasper_base_grasper_L (Type Mesh).
[2017.10.04-22.10.51:310][671]LogFbx: Dumping Node END [Robot_Head__Axis_1__Arm_1__Axis_2__Arm_2__Axis_3__Arm_3__Axis_4__Joint__Axis_5__Grasper_base_grasper_L]
[2017.10.04-22.10.51:311][671]LogFbx: =================================================
[2017.10.04-22.10.51:311][671]LogFbx: Dumping Node START [Robot_Head__Axis_1__Arm_1__Axis_2__Arm_2__Axis_3__Arm_3__Axis_4__Joint__Axis_5__Grasper_base_grasper_R] 
[2017.10.04-22.10.51:311][671]LogFbx: 	Total Deformer Count -2058019264.
[2017.10.04-22.10.51:311][671]LogFbx: 	Attribute () Type (4).
[2017.10.04-22.10.51:311][671]LogFbx: 		[Node Attribute Child 1] Robot_Head__Axis_1__Arm_1__Axis_2__Arm_2__Axis_3__Arm_3__Axis_4__Joint__Axis_5__Grasper_base_grasper_R (Type Mesh).
[2017.10.04-22.10.51:311][671]LogFbx: Dumping Node END [Robot_Head__Axis_1__Arm_1__Axis_2__Arm_2__Axis_3__Arm_3__Axis_4__Joint__Axis_5__Grasper_base_grasper_R]
[2017.10.04-22.10.51:311][671]LogFbx: =================================================
[2017.10.04-22.10.51:311][671]LogFbx: Dumping Node START [Robot] 
[2017.10.04-22.10.51:311][671]LogFbx: 	Total Deformer Count 49618400.
[2017.10.04-22.10.51:311][671]LogFbx: 	Attribute () Type (4).
[2017.10.04-22.10.51:311][671]LogFbx: 		[Node Attribute Child 1] Robot (Type Mesh).
[2017.10.04-22.10.51:311][671]LogFbx: Dumping Node END [Robot]
[2017.10.04-22.10.51:311][671]LogFbx: =================================================
[2017.10.04-22.10.51:311][671]LogFbx: Dumping Node START [Robot_Head__Axis_1_] 
[2017.10.04-22.10.51:311][671]LogFbx: 	Total Deformer Count -2058158848.
[2017.10.04-22.10.51:311][671]LogFbx: 	Attribute () Type (4).
[2017.10.04-22.10.51:311][671]LogFbx: 		[Node Attribute Child 1] Robot_Head__Axis_1_ (Type Mesh).
[2017.10.04-22.10.51:311][671]LogFbx: Dumping Node END [Robot_Head__Axis_1_]
[2017.10.04-22.10.51:311][671]LogFbx: =================================================
[2017.10.04-22.10.51:311][671]LogFbx: Dumping Node START [Robot_Head__Axis_1__Arm_1__Axis_2_] 
[2017.10.04-22.10.51:311][671]LogFbx: 	Total Deformer Count -2058931968.
[2017.10.04-22.10.51:311][671]LogFbx: 	Attribute () Type (4).
[2017.10.04-22.10.51:311][671]LogFbx: 		[Node Attribute Child 1] Robot_Head__Axis_1__Arm_1__Axis_2_ (Type Mesh).
[2017.10.04-22.10.51:311][671]LogFbx: Dumping Node END [Robot_Head__Axis_1__Arm_1__Axis_2_]
[2017.10.04-22.10.51:311][671]LogFbx: =================================================
[2017.10.04-22.10.51:311][671]LogFbx: Dumping Node START [Robot_Head__Axis_1__Arm_1__Axis_2__Arm_2__Axis_3_] 
[2017.10.04-22.10.51:311][671]LogFbx: 	Total Deformer Count 50034624.
[2017.10.04-22.10.51:311][671]LogFbx: 	Attribute () Type (4).
[2017.10.04-22.10.51:311][671]LogFbx: 		[Node Attribute Child 1] Robot_Head__Axis_1__Arm_1__Axis_2__Arm_2__Axis_3_ (Type Mesh).
[2017.10.04-22.10.51:311][671]LogFbx: Dumping Node END [Robot_Head__Axis_1__Arm_1__Axis_2__Arm_2__Axis_3_]
[2017.10.04-22.10.51:311][671]LogFbx: =================================================
[2017.10.04-22.10.51:311][671]LogFbx: Dumping Node START [Robot_Head__Axis_1__Arm_1__Axis_2__Arm_2__Axis_3__Arm_3__Axis_4_] 
[2017.10.04-22.10.51:311][671]LogFbx: 	Total Deformer Count -1349472640.
[2017.10.04-22.10.51:311][671]LogFbx: 	Attribute () Type (4).
[2017.10.04-22.10.51:311][671]LogFbx: 		[Node Attribute Child 1] Robot_Head__Axis_1__Arm_1__Axis_2__Arm_2__Axis_3__Arm_3__Axis_4_ (Type Mesh).
[2017.10.04-22.10.51:311][671]LogFbx: Dumping Node END [Robot_Head__Axis_1__Arm_1__Axis_2__Arm_2__Axis_3__Arm_3__Axis_4_]
[2017.10.04-22.10.51:311][671]LogFbx: =================================================
[2017.10.04-22.10.51:311][671]LogFbx: Dumping Node START [Robot_Head__Axis_1__Arm_1__Axis_2__Arm_2__Axis_3__Arm_3__Axis_4__Joint__Axis_5_] 
[2017.10.04-22.10.51:311][671]LogFbx: 	Total Deformer Count -1005963520.
[2017.10.04-22.10.51:311][671]LogFbx: 	Attribute () Type (4).
[2017.10.04-22.10.51:311][671]LogFbx: 		[Node Attribute Child 1] Robot_Head__Axis_1__Arm_1__Axis_2__Arm_2__Axis_3__Arm_3__Axis_4__Joint__Axis_5_ (Type Mesh).
[2017.10.04-22.10.51:311][671]LogFbx: Dumping Node END [Robot_Head__Axis_1__Arm_1__Axis_2__Arm_2__Axis_3__Arm_3__Axis_4__Joint__Axis_5_]
[2017.10.04-22.10.51:311][671]LogFbx: =================================================
[2017.10.04-22.10.51:311][671]LogFbx: Dumping Node START [Robot_Head__Axis_1__Arm_1__Axis_2__Arm_2__Axis_3__Arm_3__Axis_4__Joint__Axis_5__Grasper_base] 
[2017.10.04-22.10.51:311][671]LogFbx: 	Total Deformer Count -2058015424.
[2017.10.04-22.10.51:311][671]LogFbx: 	Attribute () Type (4).
[2017.10.04-22.10.51:311][671]LogFbx: 		[Node Attribute Child 1] Robot_Head__Axis_1__Arm_1__Axis_2__Arm_2__Axis_3__Arm_3__Axis_4__Joint__Axis_5__Grasper_base (Type Mesh).
[2017.10.04-22.10.51:311][671]LogFbx: Dumping Node END [Robot_Head__Axis_1__Arm_1__Axis_2__Arm_2__Axis_3__Arm_3__Axis_4__Joint__Axis_5__Grasper_base]
[2017.10.04-22.10.51:311][671]LogFbx: =================================================
[2017.10.04-22.10.51:311][671]LogFbx: Dumping Node START [Robot_Head__Axis_1__Arm_1__Axis_2__Arm_2__Axis_3__Arm_3__Axis_4__Joint__Axis_5__Grasper_base_grasper_L] 
[2017.10.04-22.10.51:311][671]LogFbx: 	Total Deformer Count -2058015424.
[2017.10.04-22.10.51:311][671]LogFbx: 	Attribute () Type (4).
[2017.10.04-22.10.51:311][671]LogFbx: 		[Node Attribute Child 1] Robot_Head__Axis_1__Arm_1__Axis_2__Arm_2__Axis_3__Arm_3__Axis_4__Joint__Axis_5__Grasper_base_grasper_L (Type Mesh).
[2017.10.04-22.10.51:311][671]LogFbx: Dumping Node END [Robot_Head__Axis_1__Arm_1__Axis_2__Arm_2__Axis_3__Arm_3__Axis_4__Joint__Axis_5__Grasper_base_grasper_L]
[2017.10.04-22.10.51:311][671]LogFbx: =================================================
[2017.10.04-22.10.51:311][671]LogFbx: Dumping Node START [Robot_Head__Axis_1__Arm_1__Axis_2__Arm_2__Axis_3__Arm_3__Axis_4__Joint__Axis_5__Grasper_base_grasper_R] 
[2017.10.04-22.10.51:311][671]LogFbx: 	Total Deformer Count -2058015424.
[2017.10.04-22.10.51:311][671]LogFbx: 	Attribute () Type (4).
[2017.10.04-22.10.51:312][671]LogFbx: 		[Node Attribute Child 1] Robot_Head__Axis_1__Arm_1__Axis_2__Arm_2__Axis_3__Arm_3__Axis_4__Joint__Axis_5__Grasper_base_grasper_R (Type Mesh).
[2017.10.04-22.10.51:312][671]LogFbx: Dumping Node END [Robot_Head__Axis_1__Arm_1__Axis_2__Arm_2__Axis_3__Arm_3__Axis_4__Joint__Axis_5__Grasper_base_grasper_R]
[2017.10.04-22.10.51:460][671]LogSlate: Took 0.000178 seconds to synchronously load lazily loaded font '../../../Engine/Content/Slate/Fonts/Roboto-Regular.ttf' (155K)
[2017.10.04-22.10.51:500][671]LogMaterial: Missing cached shader map for material RobotMat, compiling. 
[2017.10.04-22.10.53:473][671]LogStaticMesh: Building static mesh Robot...
